running egg_info
writing ../../build/yolov5_bytetrack_ros/yolov5_bytetrack_ros.egg-info/PKG-INFO
writing dependency_links to ../../build/yolov5_bytetrack_ros/yolov5_bytetrack_ros.egg-info/dependency_links.txt
writing entry points to ../../build/yolov5_bytetrack_ros/yolov5_bytetrack_ros.egg-info/entry_points.txt
writing requirements to ../../build/yolov5_bytetrack_ros/yolov5_bytetrack_ros.egg-info/requires.txt
writing top-level names to ../../build/yolov5_bytetrack_ros/yolov5_bytetrack_ros.egg-info/top_level.txt
reading manifest file '../../build/yolov5_bytetrack_ros/yolov5_bytetrack_ros.egg-info/SOURCES.txt'
writing manifest file '../../build/yolov5_bytetrack_ros/yolov5_bytetrack_ros.egg-info/SOURCES.txt'
running build
running build_py
copying yolov5_bytetrack_ros/tracker_node.py -> /home/jf/tello_tracking_ws/build/yolov5_bytetrack_ros/build/lib/yolov5_bytetrack_ros
creating /home/jf/tello_tracking_ws/build/yolov5_bytetrack_ros/build/lib/yolox
copying yolox/__init__.py -> /home/jf/tello_tracking_ws/build/yolov5_bytetrack_ros/build/lib/yolox
creating /home/jf/tello_tracking_ws/build/yolov5_bytetrack_ros/build/lib/yolox/tracker
copying yolox/tracker/__init__.py -> /home/jf/tello_tracking_ws/build/yolov5_bytetrack_ros/build/lib/yolox/tracker
copying yolox/tracker/kalman_filter.py -> /home/jf/tello_tracking_ws/build/yolov5_bytetrack_ros/build/lib/yolox/tracker
copying yolox/tracker/matching.py -> /home/jf/tello_tracking_ws/build/yolov5_bytetrack_ros/build/lib/yolox/tracker
copying yolox/tracker/byte_tracker.py -> /home/jf/tello_tracking_ws/build/yolov5_bytetrack_ros/build/lib/yolox/tracker
copying yolox/tracker/basetrack.py -> /home/jf/tello_tracking_ws/build/yolov5_bytetrack_ros/build/lib/yolox/tracker
running install
running install_lib
copying /home/jf/tello_tracking_ws/build/yolov5_bytetrack_ros/build/lib/yolov5_bytetrack_ros/tracker_node.py -> /home/jf/tello_tracking_ws/install/yolov5_bytetrack_ros/lib/python3.10/site-packages/yolov5_bytetrack_ros
creating /home/jf/tello_tracking_ws/install/yolov5_bytetrack_ros/lib/python3.10/site-packages/yolox
copying /home/jf/tello_tracking_ws/build/yolov5_bytetrack_ros/build/lib/yolox/__init__.py -> /home/jf/tello_tracking_ws/install/yolov5_bytetrack_ros/lib/python3.10/site-packages/yolox
creating /home/jf/tello_tracking_ws/install/yolov5_bytetrack_ros/lib/python3.10/site-packages/yolox/tracker
copying /home/jf/tello_tracking_ws/build/yolov5_bytetrack_ros/build/lib/yolox/tracker/__init__.py -> /home/jf/tello_tracking_ws/install/yolov5_bytetrack_ros/lib/python3.10/site-packages/yolox/tracker
copying /home/jf/tello_tracking_ws/build/yolov5_bytetrack_ros/build/lib/yolox/tracker/kalman_filter.py -> /home/jf/tello_tracking_ws/install/yolov5_bytetrack_ros/lib/python3.10/site-packages/yolox/tracker
copying /home/jf/tello_tracking_ws/build/yolov5_bytetrack_ros/build/lib/yolox/tracker/matching.py -> /home/jf/tello_tracking_ws/install/yolov5_bytetrack_ros/lib/python3.10/site-packages/yolox/tracker
copying /home/jf/tello_tracking_ws/build/yolov5_bytetrack_ros/build/lib/yolox/tracker/byte_tracker.py -> /home/jf/tello_tracking_ws/install/yolov5_bytetrack_ros/lib/python3.10/site-packages/yolox/tracker
copying /home/jf/tello_tracking_ws/build/yolov5_bytetrack_ros/build/lib/yolox/tracker/basetrack.py -> /home/jf/tello_tracking_ws/install/yolov5_bytetrack_ros/lib/python3.10/site-packages/yolox/tracker
byte-compiling /home/jf/tello_tracking_ws/install/yolov5_bytetrack_ros/lib/python3.10/site-packages/yolov5_bytetrack_ros/tracker_node.py to tracker_node.cpython-310.pyc
byte-compiling /home/jf/tello_tracking_ws/install/yolov5_bytetrack_ros/lib/python3.10/site-packages/yolox/__init__.py to __init__.cpython-310.pyc
byte-compiling /home/jf/tello_tracking_ws/install/yolov5_bytetrack_ros/lib/python3.10/site-packages/yolox/tracker/__init__.py to __init__.cpython-310.pyc
byte-compiling /home/jf/tello_tracking_ws/install/yolov5_bytetrack_ros/lib/python3.10/site-packages/yolox/tracker/kalman_filter.py to kalman_filter.cpython-310.pyc
byte-compiling /home/jf/tello_tracking_ws/install/yolov5_bytetrack_ros/lib/python3.10/site-packages/yolox/tracker/matching.py to matching.cpython-310.pyc
byte-compiling /home/jf/tello_tracking_ws/install/yolov5_bytetrack_ros/lib/python3.10/site-packages/yolox/tracker/byte_tracker.py to byte_tracker.cpython-310.pyc
byte-compiling /home/jf/tello_tracking_ws/install/yolov5_bytetrack_ros/lib/python3.10/site-packages/yolox/tracker/basetrack.py to basetrack.cpython-310.pyc
running install_data
running install_egg_info
removing '/home/jf/tello_tracking_ws/install/yolov5_bytetrack_ros/lib/python3.10/site-packages/yolov5_bytetrack_ros-0.0.0-py3.10.egg-info' (and everything under it)
Copying ../../build/yolov5_bytetrack_ros/yolov5_bytetrack_ros.egg-info to /home/jf/tello_tracking_ws/install/yolov5_bytetrack_ros/lib/python3.10/site-packages/yolov5_bytetrack_ros-0.0.0-py3.10.egg-info
running install_scripts
Installing tello_image_publisher script to /home/jf/tello_tracking_ws/install/yolov5_bytetrack_ros/lib/yolov5_bytetrack_ros
Installing tello_video_subscriber script to /home/jf/tello_tracking_ws/install/yolov5_bytetrack_ros/lib/yolov5_bytetrack_ros
Installing tracker_node script to /home/jf/tello_tracking_ws/install/yolov5_bytetrack_ros/lib/yolov5_bytetrack_ros
writing list of installed files to '/home/jf/tello_tracking_ws/build/yolov5_bytetrack_ros/install.log'
