[0.110s] DEBUG:colcon:Command line arguments: ['/usr/bin/colcon', 'build']
[0.110s] DEBUG:colcon:Parsed command line arguments: Namespace(log_base=None, log_level=None, verb_name='build', build_base='build', install_base='install', merge_install=False, symlink_install=False, test_result_base=None, continue_on_error=False, executor='parallel', parallel_workers=16, event_handlers=None, ignore_user_meta=False, metas=['./colcon.meta'], base_paths=['.'], packages_ignore=None, packages_ignore_regex=None, paths=None, packages_up_to=None, packages_up_to_regex=None, packages_above=None, packages_above_and_dependencies=None, packages_above_depth=None, packages_select_by_dep=None, packages_skip_by_dep=None, packages_skip_up_to=None, packages_select_build_failed=False, packages_skip_build_finished=False, packages_select_test_failures=False, packages_skip_test_passed=False, packages_select=None, packages_skip=None, packages_select_regex=None, packages_skip_regex=None, packages_start=None, packages_end=None, allow_overriding=[], cmake_args=None, cmake_target=None, cmake_target_skip_unavailable=False, cmake_clean_cache=False, cmake_clean_first=False, cmake_force_configure=False, ament_cmake_args=None, catkin_cmake_args=None, catkin_skip_building_tests=False, mixin_files=None, mixin=None, verb_parser=<colcon_mixin.mixin.mixin_argument.MixinArgumentDecorator object at 0x71d04536b190>, verb_extension=<colcon_core.verb.build.BuildVerb object at 0x71d04536ace0>, main=<bound method BuildVerb.main of <colcon_core.verb.build.BuildVerb object at 0x71d04536ace0>>, mixin_verb=('build',))
[0.357s] Level 1:colcon.colcon_core.package_discovery:discover_packages(colcon_meta) check parameters
[0.357s] Level 1:colcon.colcon_core.package_discovery:discover_packages(recursive) check parameters
[0.357s] Level 1:colcon.colcon_core.package_discovery:discover_packages(ignore) check parameters
[0.357s] Level 1:colcon.colcon_core.package_discovery:discover_packages(path) check parameters
[0.357s] Level 1:colcon.colcon_core.package_discovery:discover_packages(colcon_meta) discover
[0.357s] Level 1:colcon.colcon_core.package_discovery:discover_packages(recursive) discover
[0.357s] INFO:colcon.colcon_core.package_discovery:Crawling recursively for packages in '/home/jf/tello_tracking_ws'
[0.357s] Level 1:colcon.colcon_core.package_identification:_identify(.) by extensions ['ignore', 'ignore_ament_install']
[0.357s] Level 1:colcon.colcon_core.package_identification:_identify(.) by extension 'ignore'
[0.357s] Level 1:colcon.colcon_core.package_identification:_identify(.) by extension 'ignore_ament_install'
[0.357s] Level 1:colcon.colcon_core.package_identification:_identify(.) by extensions ['colcon_pkg']
[0.357s] Level 1:colcon.colcon_core.package_identification:_identify(.) by extension 'colcon_pkg'
[0.357s] Level 1:colcon.colcon_core.package_identification:_identify(.) by extensions ['colcon_meta']
[0.357s] Level 1:colcon.colcon_core.package_identification:_identify(.) by extension 'colcon_meta'
[0.358s] Level 1:colcon.colcon_core.package_identification:_identify(.) by extensions ['ros']
[0.358s] Level 1:colcon.colcon_core.package_identification:_identify(.) by extension 'ros'
[0.375s] Level 1:colcon.colcon_core.package_identification:_identify(.) by extensions ['cmake', 'python']
[0.375s] Level 1:colcon.colcon_core.package_identification:_identify(.) by extension 'cmake'
[0.375s] Level 1:colcon.colcon_core.package_identification:_identify(.) by extension 'python'
[0.375s] Level 1:colcon.colcon_core.package_identification:_identify(.) by extensions ['python_setup_py']
[0.375s] Level 1:colcon.colcon_core.package_identification:_identify(.) by extension 'python_setup_py'
[0.375s] Level 1:colcon.colcon_core.package_identification:_identify(build) by extensions ['ignore', 'ignore_ament_install']
[0.375s] Level 1:colcon.colcon_core.package_identification:_identify(build) by extension 'ignore'
[0.375s] Level 1:colcon.colcon_core.package_identification:_identify(build) ignored
[0.375s] Level 1:colcon.colcon_core.package_identification:_identify(install) by extensions ['ignore', 'ignore_ament_install']
[0.375s] Level 1:colcon.colcon_core.package_identification:_identify(install) by extension 'ignore'
[0.376s] Level 1:colcon.colcon_core.package_identification:_identify(install) ignored
[0.376s] Level 1:colcon.colcon_core.package_identification:_identify(log) by extensions ['ignore', 'ignore_ament_install']
[0.376s] Level 1:colcon.colcon_core.package_identification:_identify(log) by extension 'ignore'
[0.376s] Level 1:colcon.colcon_core.package_identification:_identify(log) ignored
[0.376s] Level 1:colcon.colcon_core.package_identification:_identify(src) by extensions ['ignore', 'ignore_ament_install']
[0.376s] Level 1:colcon.colcon_core.package_identification:_identify(src) by extension 'ignore'
[0.376s] Level 1:colcon.colcon_core.package_identification:_identify(src) by extension 'ignore_ament_install'
[0.376s] Level 1:colcon.colcon_core.package_identification:_identify(src) by extensions ['colcon_pkg']
[0.376s] Level 1:colcon.colcon_core.package_identification:_identify(src) by extension 'colcon_pkg'
[0.376s] Level 1:colcon.colcon_core.package_identification:_identify(src) by extensions ['colcon_meta']
[0.376s] Level 1:colcon.colcon_core.package_identification:_identify(src) by extension 'colcon_meta'
[0.376s] Level 1:colcon.colcon_core.package_identification:_identify(src) by extensions ['ros']
[0.376s] Level 1:colcon.colcon_core.package_identification:_identify(src) by extension 'ros'
[0.376s] Level 1:colcon.colcon_core.package_identification:_identify(src) by extensions ['cmake', 'python']
[0.376s] Level 1:colcon.colcon_core.package_identification:_identify(src) by extension 'cmake'
[0.376s] Level 1:colcon.colcon_core.package_identification:_identify(src) by extension 'python'
[0.376s] Level 1:colcon.colcon_core.package_identification:_identify(src) by extensions ['python_setup_py']
[0.376s] Level 1:colcon.colcon_core.package_identification:_identify(src) by extension 'python_setup_py'
[0.376s] Level 1:colcon.colcon_core.package_identification:_identify(src/ByteTrack) by extensions ['ignore', 'ignore_ament_install']
[0.376s] Level 1:colcon.colcon_core.package_identification:_identify(src/ByteTrack) by extension 'ignore'
[0.376s] Level 1:colcon.colcon_core.package_identification:_identify(src/ByteTrack) by extension 'ignore_ament_install'
[0.376s] Level 1:colcon.colcon_core.package_identification:_identify(src/ByteTrack) by extensions ['colcon_pkg']
[0.376s] Level 1:colcon.colcon_core.package_identification:_identify(src/ByteTrack) by extension 'colcon_pkg'
[0.376s] Level 1:colcon.colcon_core.package_identification:_identify(src/ByteTrack) by extensions ['colcon_meta']
[0.376s] Level 1:colcon.colcon_core.package_identification:_identify(src/ByteTrack) by extension 'colcon_meta'
[0.377s] Level 1:colcon.colcon_core.package_identification:_identify(src/ByteTrack) by extensions ['ros']
[0.377s] Level 1:colcon.colcon_core.package_identification:_identify(src/ByteTrack) by extension 'ros'
[0.377s] Level 1:colcon.colcon_core.package_identification:_identify(src/ByteTrack) by extensions ['cmake', 'python']
[0.377s] Level 1:colcon.colcon_core.package_identification:_identify(src/ByteTrack) by extension 'cmake'
[0.377s] Level 1:colcon.colcon_core.package_identification:_identify(src/ByteTrack) by extension 'python'
[0.377s] DEBUG:colcon.colcon_core.package_identification:Python package in 'src/ByteTrack' passes arguments to the setup() function which requires a different identification extension than 'python'
[0.377s] Level 1:colcon.colcon_core.package_identification:_identify(src/ByteTrack) by extensions ['python_setup_py']
[0.377s] Level 1:colcon.colcon_core.package_identification:_identify(src/ByteTrack) by extension 'python_setup_py'
[2.665s] DEBUG:colcon.colcon_core.package_identification:Package 'src/ByteTrack' with type 'python' and name 'yolox'
[2.665s] Level 1:colcon.colcon_core.package_identification:_identify(src/yolov5) by extensions ['ignore', 'ignore_ament_install']
[2.665s] Level 1:colcon.colcon_core.package_identification:_identify(src/yolov5) by extension 'ignore'
[2.665s] Level 1:colcon.colcon_core.package_identification:_identify(src/yolov5) by extension 'ignore_ament_install'
[2.665s] Level 1:colcon.colcon_core.package_identification:_identify(src/yolov5) by extensions ['colcon_pkg']
[2.665s] Level 1:colcon.colcon_core.package_identification:_identify(src/yolov5) by extension 'colcon_pkg'
[2.665s] Level 1:colcon.colcon_core.package_identification:_identify(src/yolov5) by extensions ['colcon_meta']
[2.665s] Level 1:colcon.colcon_core.package_identification:_identify(src/yolov5) by extension 'colcon_meta'
[2.665s] Level 1:colcon.colcon_core.package_identification:_identify(src/yolov5) by extensions ['ros']
[2.665s] Level 1:colcon.colcon_core.package_identification:_identify(src/yolov5) by extension 'ros'
[2.665s] Level 1:colcon.colcon_core.package_identification:_identify(src/yolov5) by extensions ['cmake', 'python']
[2.665s] Level 1:colcon.colcon_core.package_identification:_identify(src/yolov5) by extension 'cmake'
[2.665s] Level 1:colcon.colcon_core.package_identification:_identify(src/yolov5) by extension 'python'
[2.665s] Level 1:colcon.colcon_core.package_identification:_identify(src/yolov5) by extensions ['python_setup_py']
[2.665s] Level 1:colcon.colcon_core.package_identification:_identify(src/yolov5) by extension 'python_setup_py'
[2.665s] Level 1:colcon.colcon_core.package_identification:_identify(src/yolov5/classify) by extensions ['ignore', 'ignore_ament_install']
[2.665s] Level 1:colcon.colcon_core.package_identification:_identify(src/yolov5/classify) by extension 'ignore'
[2.665s] Level 1:colcon.colcon_core.package_identification:_identify(src/yolov5/classify) by extension 'ignore_ament_install'
[2.666s] Level 1:colcon.colcon_core.package_identification:_identify(src/yolov5/classify) by extensions ['colcon_pkg']
[2.666s] Level 1:colcon.colcon_core.package_identification:_identify(src/yolov5/classify) by extension 'colcon_pkg'
[2.666s] Level 1:colcon.colcon_core.package_identification:_identify(src/yolov5/classify) by extensions ['colcon_meta']
[2.666s] Level 1:colcon.colcon_core.package_identification:_identify(src/yolov5/classify) by extension 'colcon_meta'
[2.666s] Level 1:colcon.colcon_core.package_identification:_identify(src/yolov5/classify) by extensions ['ros']
[2.666s] Level 1:colcon.colcon_core.package_identification:_identify(src/yolov5/classify) by extension 'ros'
[2.666s] Level 1:colcon.colcon_core.package_identification:_identify(src/yolov5/classify) by extensions ['cmake', 'python']
[2.666s] Level 1:colcon.colcon_core.package_identification:_identify(src/yolov5/classify) by extension 'cmake'
[2.666s] Level 1:colcon.colcon_core.package_identification:_identify(src/yolov5/classify) by extension 'python'
[2.666s] Level 1:colcon.colcon_core.package_identification:_identify(src/yolov5/classify) by extensions ['python_setup_py']
[2.666s] Level 1:colcon.colcon_core.package_identification:_identify(src/yolov5/classify) by extension 'python_setup_py'
[2.666s] Level 1:colcon.colcon_core.package_identification:_identify(src/yolov5/data) by extensions ['ignore', 'ignore_ament_install']
[2.666s] Level 1:colcon.colcon_core.package_identification:_identify(src/yolov5/data) by extension 'ignore'
[2.666s] Level 1:colcon.colcon_core.package_identification:_identify(src/yolov5/data) by extension 'ignore_ament_install'
[2.666s] Level 1:colcon.colcon_core.package_identification:_identify(src/yolov5/data) by extensions ['colcon_pkg']
[2.666s] Level 1:colcon.colcon_core.package_identification:_identify(src/yolov5/data) by extension 'colcon_pkg'
[2.666s] Level 1:colcon.colcon_core.package_identification:_identify(src/yolov5/data) by extensions ['colcon_meta']
[2.666s] Level 1:colcon.colcon_core.package_identification:_identify(src/yolov5/data) by extension 'colcon_meta'
[2.666s] Level 1:colcon.colcon_core.package_identification:_identify(src/yolov5/data) by extensions ['ros']
[2.666s] Level 1:colcon.colcon_core.package_identification:_identify(src/yolov5/data) by extension 'ros'
[2.666s] Level 1:colcon.colcon_core.package_identification:_identify(src/yolov5/data) by extensions ['cmake', 'python']
[2.666s] Level 1:colcon.colcon_core.package_identification:_identify(src/yolov5/data) by extension 'cmake'
[2.666s] Level 1:colcon.colcon_core.package_identification:_identify(src/yolov5/data) by extension 'python'
[2.666s] Level 1:colcon.colcon_core.package_identification:_identify(src/yolov5/data) by extensions ['python_setup_py']
[2.666s] Level 1:colcon.colcon_core.package_identification:_identify(src/yolov5/data) by extension 'python_setup_py'
[2.667s] Level 1:colcon.colcon_core.package_identification:_identify(src/yolov5/data/hyps) by extensions ['ignore', 'ignore_ament_install']
[2.667s] Level 1:colcon.colcon_core.package_identification:_identify(src/yolov5/data/hyps) by extension 'ignore'
[2.667s] Level 1:colcon.colcon_core.package_identification:_identify(src/yolov5/data/hyps) by extension 'ignore_ament_install'
[2.667s] Level 1:colcon.colcon_core.package_identification:_identify(src/yolov5/data/hyps) by extensions ['colcon_pkg']
[2.667s] Level 1:colcon.colcon_core.package_identification:_identify(src/yolov5/data/hyps) by extension 'colcon_pkg'
[2.667s] Level 1:colcon.colcon_core.package_identification:_identify(src/yolov5/data/hyps) by extensions ['colcon_meta']
[2.667s] Level 1:colcon.colcon_core.package_identification:_identify(src/yolov5/data/hyps) by extension 'colcon_meta'
[2.667s] Level 1:colcon.colcon_core.package_identification:_identify(src/yolov5/data/hyps) by extensions ['ros']
[2.667s] Level 1:colcon.colcon_core.package_identification:_identify(src/yolov5/data/hyps) by extension 'ros'
[2.667s] Level 1:colcon.colcon_core.package_identification:_identify(src/yolov5/data/hyps) by extensions ['cmake', 'python']
[2.667s] Level 1:colcon.colcon_core.package_identification:_identify(src/yolov5/data/hyps) by extension 'cmake'
[2.667s] Level 1:colcon.colcon_core.package_identification:_identify(src/yolov5/data/hyps) by extension 'python'
[2.667s] Level 1:colcon.colcon_core.package_identification:_identify(src/yolov5/data/hyps) by extensions ['python_setup_py']
[2.667s] Level 1:colcon.colcon_core.package_identification:_identify(src/yolov5/data/hyps) by extension 'python_setup_py'
[2.667s] Level 1:colcon.colcon_core.package_identification:_identify(src/yolov5/data/images) by extensions ['ignore', 'ignore_ament_install']
[2.667s] Level 1:colcon.colcon_core.package_identification:_identify(src/yolov5/data/images) by extension 'ignore'
[2.667s] Level 1:colcon.colcon_core.package_identification:_identify(src/yolov5/data/images) by extension 'ignore_ament_install'
[2.667s] Level 1:colcon.colcon_core.package_identification:_identify(src/yolov5/data/images) by extensions ['colcon_pkg']
[2.667s] Level 1:colcon.colcon_core.package_identification:_identify(src/yolov5/data/images) by extension 'colcon_pkg'
[2.667s] Level 1:colcon.colcon_core.package_identification:_identify(src/yolov5/data/images) by extensions ['colcon_meta']
[2.667s] Level 1:colcon.colcon_core.package_identification:_identify(src/yolov5/data/images) by extension 'colcon_meta'
[2.667s] Level 1:colcon.colcon_core.package_identification:_identify(src/yolov5/data/images) by extensions ['ros']
[2.667s] Level 1:colcon.colcon_core.package_identification:_identify(src/yolov5/data/images) by extension 'ros'
[2.667s] Level 1:colcon.colcon_core.package_identification:_identify(src/yolov5/data/images) by extensions ['cmake', 'python']
[2.667s] Level 1:colcon.colcon_core.package_identification:_identify(src/yolov5/data/images) by extension 'cmake'
[2.667s] Level 1:colcon.colcon_core.package_identification:_identify(src/yolov5/data/images) by extension 'python'
[2.667s] Level 1:colcon.colcon_core.package_identification:_identify(src/yolov5/data/images) by extensions ['python_setup_py']
[2.668s] Level 1:colcon.colcon_core.package_identification:_identify(src/yolov5/data/images) by extension 'python_setup_py'
[2.668s] Level 1:colcon.colcon_core.package_identification:_identify(src/yolov5/data/scripts) by extensions ['ignore', 'ignore_ament_install']
[2.668s] Level 1:colcon.colcon_core.package_identification:_identify(src/yolov5/data/scripts) by extension 'ignore'
[2.668s] Level 1:colcon.colcon_core.package_identification:_identify(src/yolov5/data/scripts) by extension 'ignore_ament_install'
[2.668s] Level 1:colcon.colcon_core.package_identification:_identify(src/yolov5/data/scripts) by extensions ['colcon_pkg']
[2.668s] Level 1:colcon.colcon_core.package_identification:_identify(src/yolov5/data/scripts) by extension 'colcon_pkg'
[2.668s] Level 1:colcon.colcon_core.package_identification:_identify(src/yolov5/data/scripts) by extensions ['colcon_meta']
[2.668s] Level 1:colcon.colcon_core.package_identification:_identify(src/yolov5/data/scripts) by extension 'colcon_meta'
[2.668s] Level 1:colcon.colcon_core.package_identification:_identify(src/yolov5/data/scripts) by extensions ['ros']
[2.668s] Level 1:colcon.colcon_core.package_identification:_identify(src/yolov5/data/scripts) by extension 'ros'
[2.668s] Level 1:colcon.colcon_core.package_identification:_identify(src/yolov5/data/scripts) by extensions ['cmake', 'python']
[2.668s] Level 1:colcon.colcon_core.package_identification:_identify(src/yolov5/data/scripts) by extension 'cmake'
[2.668s] Level 1:colcon.colcon_core.package_identification:_identify(src/yolov5/data/scripts) by extension 'python'
[2.668s] Level 1:colcon.colcon_core.package_identification:_identify(src/yolov5/data/scripts) by extensions ['python_setup_py']
[2.668s] Level 1:colcon.colcon_core.package_identification:_identify(src/yolov5/data/scripts) by extension 'python_setup_py'
[2.668s] Level 1:colcon.colcon_core.package_identification:_identify(src/yolov5/models) by extensions ['ignore', 'ignore_ament_install']
[2.668s] Level 1:colcon.colcon_core.package_identification:_identify(src/yolov5/models) by extension 'ignore'
[2.668s] Level 1:colcon.colcon_core.package_identification:_identify(src/yolov5/models) by extension 'ignore_ament_install'
[2.668s] Level 1:colcon.colcon_core.package_identification:_identify(src/yolov5/models) by extensions ['colcon_pkg']
[2.668s] Level 1:colcon.colcon_core.package_identification:_identify(src/yolov5/models) by extension 'colcon_pkg'
[2.668s] Level 1:colcon.colcon_core.package_identification:_identify(src/yolov5/models) by extensions ['colcon_meta']
[2.668s] Level 1:colcon.colcon_core.package_identification:_identify(src/yolov5/models) by extension 'colcon_meta'
[2.668s] Level 1:colcon.colcon_core.package_identification:_identify(src/yolov5/models) by extensions ['ros']
[2.668s] Level 1:colcon.colcon_core.package_identification:_identify(src/yolov5/models) by extension 'ros'
[2.669s] Level 1:colcon.colcon_core.package_identification:_identify(src/yolov5/models) by extensions ['cmake', 'python']
[2.669s] Level 1:colcon.colcon_core.package_identification:_identify(src/yolov5/models) by extension 'cmake'
[2.669s] Level 1:colcon.colcon_core.package_identification:_identify(src/yolov5/models) by extension 'python'
[2.669s] Level 1:colcon.colcon_core.package_identification:_identify(src/yolov5/models) by extensions ['python_setup_py']
[2.669s] Level 1:colcon.colcon_core.package_identification:_identify(src/yolov5/models) by extension 'python_setup_py'
[2.669s] Level 1:colcon.colcon_core.package_identification:_identify(src/yolov5/models/hub) by extensions ['ignore', 'ignore_ament_install']
[2.669s] Level 1:colcon.colcon_core.package_identification:_identify(src/yolov5/models/hub) by extension 'ignore'
[2.669s] Level 1:colcon.colcon_core.package_identification:_identify(src/yolov5/models/hub) by extension 'ignore_ament_install'
[2.669s] Level 1:colcon.colcon_core.package_identification:_identify(src/yolov5/models/hub) by extensions ['colcon_pkg']
[2.669s] Level 1:colcon.colcon_core.package_identification:_identify(src/yolov5/models/hub) by extension 'colcon_pkg'
[2.669s] Level 1:colcon.colcon_core.package_identification:_identify(src/yolov5/models/hub) by extensions ['colcon_meta']
[2.669s] Level 1:colcon.colcon_core.package_identification:_identify(src/yolov5/models/hub) by extension 'colcon_meta'
[2.669s] Level 1:colcon.colcon_core.package_identification:_identify(src/yolov5/models/hub) by extensions ['ros']
[2.669s] Level 1:colcon.colcon_core.package_identification:_identify(src/yolov5/models/hub) by extension 'ros'
[2.669s] Level 1:colcon.colcon_core.package_identification:_identify(src/yolov5/models/hub) by extensions ['cmake', 'python']
[2.669s] Level 1:colcon.colcon_core.package_identification:_identify(src/yolov5/models/hub) by extension 'cmake'
[2.669s] Level 1:colcon.colcon_core.package_identification:_identify(src/yolov5/models/hub) by extension 'python'
[2.669s] Level 1:colcon.colcon_core.package_identification:_identify(src/yolov5/models/hub) by extensions ['python_setup_py']
[2.669s] Level 1:colcon.colcon_core.package_identification:_identify(src/yolov5/models/hub) by extension 'python_setup_py'
[2.669s] Level 1:colcon.colcon_core.package_identification:_identify(src/yolov5/models/segment) by extensions ['ignore', 'ignore_ament_install']
[2.669s] Level 1:colcon.colcon_core.package_identification:_identify(src/yolov5/models/segment) by extension 'ignore'
[2.669s] Level 1:colcon.colcon_core.package_identification:_identify(src/yolov5/models/segment) by extension 'ignore_ament_install'
[2.669s] Level 1:colcon.colcon_core.package_identification:_identify(src/yolov5/models/segment) by extensions ['colcon_pkg']
[2.669s] Level 1:colcon.colcon_core.package_identification:_identify(src/yolov5/models/segment) by extension 'colcon_pkg'
[2.669s] Level 1:colcon.colcon_core.package_identification:_identify(src/yolov5/models/segment) by extensions ['colcon_meta']
[2.670s] Level 1:colcon.colcon_core.package_identification:_identify(src/yolov5/models/segment) by extension 'colcon_meta'
[2.670s] Level 1:colcon.colcon_core.package_identification:_identify(src/yolov5/models/segment) by extensions ['ros']
[2.670s] Level 1:colcon.colcon_core.package_identification:_identify(src/yolov5/models/segment) by extension 'ros'
[2.670s] Level 1:colcon.colcon_core.package_identification:_identify(src/yolov5/models/segment) by extensions ['cmake', 'python']
[2.670s] Level 1:colcon.colcon_core.package_identification:_identify(src/yolov5/models/segment) by extension 'cmake'
[2.670s] Level 1:colcon.colcon_core.package_identification:_identify(src/yolov5/models/segment) by extension 'python'
[2.670s] Level 1:colcon.colcon_core.package_identification:_identify(src/yolov5/models/segment) by extensions ['python_setup_py']
[2.670s] Level 1:colcon.colcon_core.package_identification:_identify(src/yolov5/models/segment) by extension 'python_setup_py'
[2.670s] Level 1:colcon.colcon_core.package_identification:_identify(src/yolov5/segment) by extensions ['ignore', 'ignore_ament_install']
[2.670s] Level 1:colcon.colcon_core.package_identification:_identify(src/yolov5/segment) by extension 'ignore'
[2.670s] Level 1:colcon.colcon_core.package_identification:_identify(src/yolov5/segment) by extension 'ignore_ament_install'
[2.670s] Level 1:colcon.colcon_core.package_identification:_identify(src/yolov5/segment) by extensions ['colcon_pkg']
[2.670s] Level 1:colcon.colcon_core.package_identification:_identify(src/yolov5/segment) by extension 'colcon_pkg'
[2.670s] Level 1:colcon.colcon_core.package_identification:_identify(src/yolov5/segment) by extensions ['colcon_meta']
[2.670s] Level 1:colcon.colcon_core.package_identification:_identify(src/yolov5/segment) by extension 'colcon_meta'
[2.670s] Level 1:colcon.colcon_core.package_identification:_identify(src/yolov5/segment) by extensions ['ros']
[2.670s] Level 1:colcon.colcon_core.package_identification:_identify(src/yolov5/segment) by extension 'ros'
[2.670s] Level 1:colcon.colcon_core.package_identification:_identify(src/yolov5/segment) by extensions ['cmake', 'python']
[2.670s] Level 1:colcon.colcon_core.package_identification:_identify(src/yolov5/segment) by extension 'cmake'
[2.670s] Level 1:colcon.colcon_core.package_identification:_identify(src/yolov5/segment) by extension 'python'
[2.670s] Level 1:colcon.colcon_core.package_identification:_identify(src/yolov5/segment) by extensions ['python_setup_py']
[2.670s] Level 1:colcon.colcon_core.package_identification:_identify(src/yolov5/segment) by extension 'python_setup_py'
[2.670s] Level 1:colcon.colcon_core.package_identification:_identify(src/yolov5/utils) by extensions ['ignore', 'ignore_ament_install']
[2.670s] Level 1:colcon.colcon_core.package_identification:_identify(src/yolov5/utils) by extension 'ignore'
[2.671s] Level 1:colcon.colcon_core.package_identification:_identify(src/yolov5/utils) by extension 'ignore_ament_install'
[2.671s] Level 1:colcon.colcon_core.package_identification:_identify(src/yolov5/utils) by extensions ['colcon_pkg']
[2.671s] Level 1:colcon.colcon_core.package_identification:_identify(src/yolov5/utils) by extension 'colcon_pkg'
[2.671s] Level 1:colcon.colcon_core.package_identification:_identify(src/yolov5/utils) by extensions ['colcon_meta']
[2.671s] Level 1:colcon.colcon_core.package_identification:_identify(src/yolov5/utils) by extension 'colcon_meta'
[2.671s] Level 1:colcon.colcon_core.package_identification:_identify(src/yolov5/utils) by extensions ['ros']
[2.671s] Level 1:colcon.colcon_core.package_identification:_identify(src/yolov5/utils) by extension 'ros'
[2.671s] Level 1:colcon.colcon_core.package_identification:_identify(src/yolov5/utils) by extensions ['cmake', 'python']
[2.671s] Level 1:colcon.colcon_core.package_identification:_identify(src/yolov5/utils) by extension 'cmake'
[2.671s] Level 1:colcon.colcon_core.package_identification:_identify(src/yolov5/utils) by extension 'python'
[2.671s] Level 1:colcon.colcon_core.package_identification:_identify(src/yolov5/utils) by extensions ['python_setup_py']
[2.671s] Level 1:colcon.colcon_core.package_identification:_identify(src/yolov5/utils) by extension 'python_setup_py'
[2.671s] Level 1:colcon.colcon_core.package_identification:_identify(src/yolov5/utils/aws) by extensions ['ignore', 'ignore_ament_install']
[2.671s] Level 1:colcon.colcon_core.package_identification:_identify(src/yolov5/utils/aws) by extension 'ignore'
[2.671s] Level 1:colcon.colcon_core.package_identification:_identify(src/yolov5/utils/aws) by extension 'ignore_ament_install'
[2.671s] Level 1:colcon.colcon_core.package_identification:_identify(src/yolov5/utils/aws) by extensions ['colcon_pkg']
[2.671s] Level 1:colcon.colcon_core.package_identification:_identify(src/yolov5/utils/aws) by extension 'colcon_pkg'
[2.671s] Level 1:colcon.colcon_core.package_identification:_identify(src/yolov5/utils/aws) by extensions ['colcon_meta']
[2.671s] Level 1:colcon.colcon_core.package_identification:_identify(src/yolov5/utils/aws) by extension 'colcon_meta'
[2.671s] Level 1:colcon.colcon_core.package_identification:_identify(src/yolov5/utils/aws) by extensions ['ros']
[2.671s] Level 1:colcon.colcon_core.package_identification:_identify(src/yolov5/utils/aws) by extension 'ros'
[2.671s] Level 1:colcon.colcon_core.package_identification:_identify(src/yolov5/utils/aws) by extensions ['cmake', 'python']
[2.671s] Level 1:colcon.colcon_core.package_identification:_identify(src/yolov5/utils/aws) by extension 'cmake'
[2.671s] Level 1:colcon.colcon_core.package_identification:_identify(src/yolov5/utils/aws) by extension 'python'
[2.671s] Level 1:colcon.colcon_core.package_identification:_identify(src/yolov5/utils/aws) by extensions ['python_setup_py']
[2.671s] Level 1:colcon.colcon_core.package_identification:_identify(src/yolov5/utils/aws) by extension 'python_setup_py'
[2.672s] Level 1:colcon.colcon_core.package_identification:_identify(src/yolov5/utils/docker) by extensions ['ignore', 'ignore_ament_install']
[2.672s] Level 1:colcon.colcon_core.package_identification:_identify(src/yolov5/utils/docker) by extension 'ignore'
[2.672s] Level 1:colcon.colcon_core.package_identification:_identify(src/yolov5/utils/docker) by extension 'ignore_ament_install'
[2.672s] Level 1:colcon.colcon_core.package_identification:_identify(src/yolov5/utils/docker) by extensions ['colcon_pkg']
[2.672s] Level 1:colcon.colcon_core.package_identification:_identify(src/yolov5/utils/docker) by extension 'colcon_pkg'
[2.672s] Level 1:colcon.colcon_core.package_identification:_identify(src/yolov5/utils/docker) by extensions ['colcon_meta']
[2.672s] Level 1:colcon.colcon_core.package_identification:_identify(src/yolov5/utils/docker) by extension 'colcon_meta'
[2.672s] Level 1:colcon.colcon_core.package_identification:_identify(src/yolov5/utils/docker) by extensions ['ros']
[2.672s] Level 1:colcon.colcon_core.package_identification:_identify(src/yolov5/utils/docker) by extension 'ros'
[2.672s] Level 1:colcon.colcon_core.package_identification:_identify(src/yolov5/utils/docker) by extensions ['cmake', 'python']
[2.672s] Level 1:colcon.colcon_core.package_identification:_identify(src/yolov5/utils/docker) by extension 'cmake'
[2.672s] Level 1:colcon.colcon_core.package_identification:_identify(src/yolov5/utils/docker) by extension 'python'
[2.672s] Level 1:colcon.colcon_core.package_identification:_identify(src/yolov5/utils/docker) by extensions ['python_setup_py']
[2.672s] Level 1:colcon.colcon_core.package_identification:_identify(src/yolov5/utils/docker) by extension 'python_setup_py'
[2.672s] Level 1:colcon.colcon_core.package_identification:_identify(src/yolov5/utils/flask_rest_api) by extensions ['ignore', 'ignore_ament_install']
[2.672s] Level 1:colcon.colcon_core.package_identification:_identify(src/yolov5/utils/flask_rest_api) by extension 'ignore'
[2.672s] Level 1:colcon.colcon_core.package_identification:_identify(src/yolov5/utils/flask_rest_api) by extension 'ignore_ament_install'
[2.672s] Level 1:colcon.colcon_core.package_identification:_identify(src/yolov5/utils/flask_rest_api) by extensions ['colcon_pkg']
[2.672s] Level 1:colcon.colcon_core.package_identification:_identify(src/yolov5/utils/flask_rest_api) by extension 'colcon_pkg'
[2.672s] Level 1:colcon.colcon_core.package_identification:_identify(src/yolov5/utils/flask_rest_api) by extensions ['colcon_meta']
[2.672s] Level 1:colcon.colcon_core.package_identification:_identify(src/yolov5/utils/flask_rest_api) by extension 'colcon_meta'
[2.672s] Level 1:colcon.colcon_core.package_identification:_identify(src/yolov5/utils/flask_rest_api) by extensions ['ros']
[2.672s] Level 1:colcon.colcon_core.package_identification:_identify(src/yolov5/utils/flask_rest_api) by extension 'ros'
[2.672s] Level 1:colcon.colcon_core.package_identification:_identify(src/yolov5/utils/flask_rest_api) by extensions ['cmake', 'python']
[2.672s] Level 1:colcon.colcon_core.package_identification:_identify(src/yolov5/utils/flask_rest_api) by extension 'cmake'
[2.672s] Level 1:colcon.colcon_core.package_identification:_identify(src/yolov5/utils/flask_rest_api) by extension 'python'
[2.673s] Level 1:colcon.colcon_core.package_identification:_identify(src/yolov5/utils/flask_rest_api) by extensions ['python_setup_py']
[2.673s] Level 1:colcon.colcon_core.package_identification:_identify(src/yolov5/utils/flask_rest_api) by extension 'python_setup_py'
[2.673s] Level 1:colcon.colcon_core.package_identification:_identify(src/yolov5/utils/google_app_engine) by extensions ['ignore', 'ignore_ament_install']
[2.673s] Level 1:colcon.colcon_core.package_identification:_identify(src/yolov5/utils/google_app_engine) by extension 'ignore'
[2.673s] Level 1:colcon.colcon_core.package_identification:_identify(src/yolov5/utils/google_app_engine) by extension 'ignore_ament_install'
[2.673s] Level 1:colcon.colcon_core.package_identification:_identify(src/yolov5/utils/google_app_engine) by extensions ['colcon_pkg']
[2.673s] Level 1:colcon.colcon_core.package_identification:_identify(src/yolov5/utils/google_app_engine) by extension 'colcon_pkg'
[2.673s] Level 1:colcon.colcon_core.package_identification:_identify(src/yolov5/utils/google_app_engine) by extensions ['colcon_meta']
[2.673s] Level 1:colcon.colcon_core.package_identification:_identify(src/yolov5/utils/google_app_engine) by extension 'colcon_meta'
[2.673s] Level 1:colcon.colcon_core.package_identification:_identify(src/yolov5/utils/google_app_engine) by extensions ['ros']
[2.673s] Level 1:colcon.colcon_core.package_identification:_identify(src/yolov5/utils/google_app_engine) by extension 'ros'
[2.673s] Level 1:colcon.colcon_core.package_identification:_identify(src/yolov5/utils/google_app_engine) by extensions ['cmake', 'python']
[2.673s] Level 1:colcon.colcon_core.package_identification:_identify(src/yolov5/utils/google_app_engine) by extension 'cmake'
[2.673s] Level 1:colcon.colcon_core.package_identification:_identify(src/yolov5/utils/google_app_engine) by extension 'python'
[2.673s] Level 1:colcon.colcon_core.package_identification:_identify(src/yolov5/utils/google_app_engine) by extensions ['python_setup_py']
[2.673s] Level 1:colcon.colcon_core.package_identification:_identify(src/yolov5/utils/google_app_engine) by extension 'python_setup_py'
[2.673s] Level 1:colcon.colcon_core.package_identification:_identify(src/yolov5/utils/loggers) by extensions ['ignore', 'ignore_ament_install']
[2.673s] Level 1:colcon.colcon_core.package_identification:_identify(src/yolov5/utils/loggers) by extension 'ignore'
[2.673s] Level 1:colcon.colcon_core.package_identification:_identify(src/yolov5/utils/loggers) by extension 'ignore_ament_install'
[2.673s] Level 1:colcon.colcon_core.package_identification:_identify(src/yolov5/utils/loggers) by extensions ['colcon_pkg']
[2.673s] Level 1:colcon.colcon_core.package_identification:_identify(src/yolov5/utils/loggers) by extension 'colcon_pkg'
[2.673s] Level 1:colcon.colcon_core.package_identification:_identify(src/yolov5/utils/loggers) by extensions ['colcon_meta']
[2.673s] Level 1:colcon.colcon_core.package_identification:_identify(src/yolov5/utils/loggers) by extension 'colcon_meta'
[2.673s] Level 1:colcon.colcon_core.package_identification:_identify(src/yolov5/utils/loggers) by extensions ['ros']
[2.673s] Level 1:colcon.colcon_core.package_identification:_identify(src/yolov5/utils/loggers) by extension 'ros'
[2.674s] Level 1:colcon.colcon_core.package_identification:_identify(src/yolov5/utils/loggers) by extensions ['cmake', 'python']
[2.674s] Level 1:colcon.colcon_core.package_identification:_identify(src/yolov5/utils/loggers) by extension 'cmake'
[2.674s] Level 1:colcon.colcon_core.package_identification:_identify(src/yolov5/utils/loggers) by extension 'python'
[2.674s] Level 1:colcon.colcon_core.package_identification:_identify(src/yolov5/utils/loggers) by extensions ['python_setup_py']
[2.674s] Level 1:colcon.colcon_core.package_identification:_identify(src/yolov5/utils/loggers) by extension 'python_setup_py'
[2.674s] Level 1:colcon.colcon_core.package_identification:_identify(src/yolov5/utils/loggers/clearml) by extensions ['ignore', 'ignore_ament_install']
[2.674s] Level 1:colcon.colcon_core.package_identification:_identify(src/yolov5/utils/loggers/clearml) by extension 'ignore'
[2.674s] Level 1:colcon.colcon_core.package_identification:_identify(src/yolov5/utils/loggers/clearml) by extension 'ignore_ament_install'
[2.674s] Level 1:colcon.colcon_core.package_identification:_identify(src/yolov5/utils/loggers/clearml) by extensions ['colcon_pkg']
[2.674s] Level 1:colcon.colcon_core.package_identification:_identify(src/yolov5/utils/loggers/clearml) by extension 'colcon_pkg'
[2.674s] Level 1:colcon.colcon_core.package_identification:_identify(src/yolov5/utils/loggers/clearml) by extensions ['colcon_meta']
[2.674s] Level 1:colcon.colcon_core.package_identification:_identify(src/yolov5/utils/loggers/clearml) by extension 'colcon_meta'
[2.674s] Level 1:colcon.colcon_core.package_identification:_identify(src/yolov5/utils/loggers/clearml) by extensions ['ros']
[2.674s] Level 1:colcon.colcon_core.package_identification:_identify(src/yolov5/utils/loggers/clearml) by extension 'ros'
[2.674s] Level 1:colcon.colcon_core.package_identification:_identify(src/yolov5/utils/loggers/clearml) by extensions ['cmake', 'python']
[2.674s] Level 1:colcon.colcon_core.package_identification:_identify(src/yolov5/utils/loggers/clearml) by extension 'cmake'
[2.674s] Level 1:colcon.colcon_core.package_identification:_identify(src/yolov5/utils/loggers/clearml) by extension 'python'
[2.674s] Level 1:colcon.colcon_core.package_identification:_identify(src/yolov5/utils/loggers/clearml) by extensions ['python_setup_py']
[2.674s] Level 1:colcon.colcon_core.package_identification:_identify(src/yolov5/utils/loggers/clearml) by extension 'python_setup_py'
[2.674s] Level 1:colcon.colcon_core.package_identification:_identify(src/yolov5/utils/loggers/comet) by extensions ['ignore', 'ignore_ament_install']
[2.674s] Level 1:colcon.colcon_core.package_identification:_identify(src/yolov5/utils/loggers/comet) by extension 'ignore'
[2.674s] Level 1:colcon.colcon_core.package_identification:_identify(src/yolov5/utils/loggers/comet) by extension 'ignore_ament_install'
[2.674s] Level 1:colcon.colcon_core.package_identification:_identify(src/yolov5/utils/loggers/comet) by extensions ['colcon_pkg']
[2.674s] Level 1:colcon.colcon_core.package_identification:_identify(src/yolov5/utils/loggers/comet) by extension 'colcon_pkg'
[2.674s] Level 1:colcon.colcon_core.package_identification:_identify(src/yolov5/utils/loggers/comet) by extensions ['colcon_meta']
[2.675s] Level 1:colcon.colcon_core.package_identification:_identify(src/yolov5/utils/loggers/comet) by extension 'colcon_meta'
[2.675s] Level 1:colcon.colcon_core.package_identification:_identify(src/yolov5/utils/loggers/comet) by extensions ['ros']
[2.675s] Level 1:colcon.colcon_core.package_identification:_identify(src/yolov5/utils/loggers/comet) by extension 'ros'
[2.675s] Level 1:colcon.colcon_core.package_identification:_identify(src/yolov5/utils/loggers/comet) by extensions ['cmake', 'python']
[2.675s] Level 1:colcon.colcon_core.package_identification:_identify(src/yolov5/utils/loggers/comet) by extension 'cmake'
[2.675s] Level 1:colcon.colcon_core.package_identification:_identify(src/yolov5/utils/loggers/comet) by extension 'python'
[2.675s] Level 1:colcon.colcon_core.package_identification:_identify(src/yolov5/utils/loggers/comet) by extensions ['python_setup_py']
[2.675s] Level 1:colcon.colcon_core.package_identification:_identify(src/yolov5/utils/loggers/comet) by extension 'python_setup_py'
[2.675s] Level 1:colcon.colcon_core.package_identification:_identify(src/yolov5/utils/loggers/wandb) by extensions ['ignore', 'ignore_ament_install']
[2.675s] Level 1:colcon.colcon_core.package_identification:_identify(src/yolov5/utils/loggers/wandb) by extension 'ignore'
[2.675s] Level 1:colcon.colcon_core.package_identification:_identify(src/yolov5/utils/loggers/wandb) by extension 'ignore_ament_install'
[2.675s] Level 1:colcon.colcon_core.package_identification:_identify(src/yolov5/utils/loggers/wandb) by extensions ['colcon_pkg']
[2.675s] Level 1:colcon.colcon_core.package_identification:_identify(src/yolov5/utils/loggers/wandb) by extension 'colcon_pkg'
[2.675s] Level 1:colcon.colcon_core.package_identification:_identify(src/yolov5/utils/loggers/wandb) by extensions ['colcon_meta']
[2.675s] Level 1:colcon.colcon_core.package_identification:_identify(src/yolov5/utils/loggers/wandb) by extension 'colcon_meta'
[2.675s] Level 1:colcon.colcon_core.package_identification:_identify(src/yolov5/utils/loggers/wandb) by extensions ['ros']
[2.675s] Level 1:colcon.colcon_core.package_identification:_identify(src/yolov5/utils/loggers/wandb) by extension 'ros'
[2.675s] Level 1:colcon.colcon_core.package_identification:_identify(src/yolov5/utils/loggers/wandb) by extensions ['cmake', 'python']
[2.675s] Level 1:colcon.colcon_core.package_identification:_identify(src/yolov5/utils/loggers/wandb) by extension 'cmake'
[2.675s] Level 1:colcon.colcon_core.package_identification:_identify(src/yolov5/utils/loggers/wandb) by extension 'python'
[2.675s] Level 1:colcon.colcon_core.package_identification:_identify(src/yolov5/utils/loggers/wandb) by extensions ['python_setup_py']
[2.675s] Level 1:colcon.colcon_core.package_identification:_identify(src/yolov5/utils/loggers/wandb) by extension 'python_setup_py'
[2.675s] Level 1:colcon.colcon_core.package_identification:_identify(src/yolov5/utils/segment) by extensions ['ignore', 'ignore_ament_install']
[2.675s] Level 1:colcon.colcon_core.package_identification:_identify(src/yolov5/utils/segment) by extension 'ignore'
[2.676s] Level 1:colcon.colcon_core.package_identification:_identify(src/yolov5/utils/segment) by extension 'ignore_ament_install'
[2.676s] Level 1:colcon.colcon_core.package_identification:_identify(src/yolov5/utils/segment) by extensions ['colcon_pkg']
[2.676s] Level 1:colcon.colcon_core.package_identification:_identify(src/yolov5/utils/segment) by extension 'colcon_pkg'
[2.676s] Level 1:colcon.colcon_core.package_identification:_identify(src/yolov5/utils/segment) by extensions ['colcon_meta']
[2.676s] Level 1:colcon.colcon_core.package_identification:_identify(src/yolov5/utils/segment) by extension 'colcon_meta'
[2.676s] Level 1:colcon.colcon_core.package_identification:_identify(src/yolov5/utils/segment) by extensions ['ros']
[2.676s] Level 1:colcon.colcon_core.package_identification:_identify(src/yolov5/utils/segment) by extension 'ros'
[2.676s] Level 1:colcon.colcon_core.package_identification:_identify(src/yolov5/utils/segment) by extensions ['cmake', 'python']
[2.676s] Level 1:colcon.colcon_core.package_identification:_identify(src/yolov5/utils/segment) by extension 'cmake'
[2.676s] Level 1:colcon.colcon_core.package_identification:_identify(src/yolov5/utils/segment) by extension 'python'
[2.676s] Level 1:colcon.colcon_core.package_identification:_identify(src/yolov5/utils/segment) by extensions ['python_setup_py']
[2.676s] Level 1:colcon.colcon_core.package_identification:_identify(src/yolov5/utils/segment) by extension 'python_setup_py'
[2.676s] Level 1:colcon.colcon_core.package_identification:_identify(src/yolov5_bytetrack_ros) by extensions ['ignore', 'ignore_ament_install']
[2.676s] Level 1:colcon.colcon_core.package_identification:_identify(src/yolov5_bytetrack_ros) by extension 'ignore'
[2.676s] Level 1:colcon.colcon_core.package_identification:_identify(src/yolov5_bytetrack_ros) by extension 'ignore_ament_install'
[2.676s] Level 1:colcon.colcon_core.package_identification:_identify(src/yolov5_bytetrack_ros) by extensions ['colcon_pkg']
[2.676s] Level 1:colcon.colcon_core.package_identification:_identify(src/yolov5_bytetrack_ros) by extension 'colcon_pkg'
[2.676s] Level 1:colcon.colcon_core.package_identification:_identify(src/yolov5_bytetrack_ros) by extensions ['colcon_meta']
[2.676s] Level 1:colcon.colcon_core.package_identification:_identify(src/yolov5_bytetrack_ros) by extension 'colcon_meta'
[2.676s] Level 1:colcon.colcon_core.package_identification:_identify(src/yolov5_bytetrack_ros) by extensions ['ros']
[2.676s] Level 1:colcon.colcon_core.package_identification:_identify(src/yolov5_bytetrack_ros) by extension 'ros'
[2.679s] DEBUG:colcon.colcon_core.package_identification:Package 'src/yolov5_bytetrack_ros' with type 'ros.ament_python' and name 'yolov5_bytetrack_ros'
[2.679s] Level 1:colcon.colcon_core.package_discovery:discover_packages(recursive) using defaults
[2.679s] Level 1:colcon.colcon_core.package_discovery:discover_packages(ignore) discover
[2.679s] Level 1:colcon.colcon_core.package_discovery:discover_packages(ignore) using defaults
[2.679s] Level 1:colcon.colcon_core.package_discovery:discover_packages(path) discover
[2.679s] Level 1:colcon.colcon_core.package_discovery:discover_packages(path) using defaults
[2.697s] Level 1:colcon.colcon_core.package_discovery:discover_packages(prefix_path) check parameters
[2.697s] Level 1:colcon.colcon_core.package_discovery:discover_packages(prefix_path) discover
[2.699s] DEBUG:colcon.colcon_installed_package_information.package_discovery:Found 0 installed packages in /home/jf/tello_tracking_ws/install
[2.700s] DEBUG:colcon.colcon_installed_package_information.package_discovery:Found 272 installed packages in /opt/ros/humble
[2.701s] Level 1:colcon.colcon_core.package_discovery:discover_packages(prefix_path) using defaults
[2.729s] Level 5:colcon.colcon_core.verb:set package 'yolov5_bytetrack_ros' build argument 'cmake_args' from command line to 'None'
[2.729s] Level 5:colcon.colcon_core.verb:set package 'yolov5_bytetrack_ros' build argument 'cmake_target' from command line to 'None'
[2.729s] Level 5:colcon.colcon_core.verb:set package 'yolov5_bytetrack_ros' build argument 'cmake_target_skip_unavailable' from command line to 'False'
[2.729s] Level 5:colcon.colcon_core.verb:set package 'yolov5_bytetrack_ros' build argument 'cmake_clean_cache' from command line to 'False'
[2.729s] Level 5:colcon.colcon_core.verb:set package 'yolov5_bytetrack_ros' build argument 'cmake_clean_first' from command line to 'False'
[2.729s] Level 5:colcon.colcon_core.verb:set package 'yolov5_bytetrack_ros' build argument 'cmake_force_configure' from command line to 'False'
[2.729s] Level 5:colcon.colcon_core.verb:set package 'yolov5_bytetrack_ros' build argument 'ament_cmake_args' from command line to 'None'
[2.729s] Level 5:colcon.colcon_core.verb:set package 'yolov5_bytetrack_ros' build argument 'catkin_cmake_args' from command line to 'None'
[2.729s] Level 5:colcon.colcon_core.verb:set package 'yolov5_bytetrack_ros' build argument 'catkin_skip_building_tests' from command line to 'False'
[2.729s] DEBUG:colcon.colcon_core.verb:Building package 'yolov5_bytetrack_ros' with the following arguments: {'ament_cmake_args': None, 'build_base': '/home/jf/tello_tracking_ws/build/yolov5_bytetrack_ros', 'catkin_cmake_args': None, 'catkin_skip_building_tests': False, 'cmake_args': None, 'cmake_clean_cache': False, 'cmake_clean_first': False, 'cmake_force_configure': False, 'cmake_target': None, 'cmake_target_skip_unavailable': False, 'install_base': '/home/jf/tello_tracking_ws/install/yolov5_bytetrack_ros', 'merge_install': False, 'path': '/home/jf/tello_tracking_ws/src/yolov5_bytetrack_ros', 'symlink_install': False, 'test_result_base': None}
[2.729s] Level 5:colcon.colcon_core.verb:set package 'yolox' build argument 'cmake_args' from command line to 'None'
[2.729s] Level 5:colcon.colcon_core.verb:set package 'yolox' build argument 'cmake_target' from command line to 'None'
[2.729s] Level 5:colcon.colcon_core.verb:set package 'yolox' build argument 'cmake_target_skip_unavailable' from command line to 'False'
[2.729s] Level 5:colcon.colcon_core.verb:set package 'yolox' build argument 'cmake_clean_cache' from command line to 'False'
[2.729s] Level 5:colcon.colcon_core.verb:set package 'yolox' build argument 'cmake_clean_first' from command line to 'False'
[2.729s] Level 5:colcon.colcon_core.verb:set package 'yolox' build argument 'cmake_force_configure' from command line to 'False'
[2.729s] Level 5:colcon.colcon_core.verb:set package 'yolox' build argument 'ament_cmake_args' from command line to 'None'
[2.729s] Level 5:colcon.colcon_core.verb:set package 'yolox' build argument 'catkin_cmake_args' from command line to 'None'
[2.729s] Level 5:colcon.colcon_core.verb:set package 'yolox' build argument 'catkin_skip_building_tests' from command line to 'False'
[2.729s] DEBUG:colcon.colcon_core.verb:Building package 'yolox' with the following arguments: {'ament_cmake_args': None, 'build_base': '/home/jf/tello_tracking_ws/build/yolox', 'catkin_cmake_args': None, 'catkin_skip_building_tests': False, 'cmake_args': None, 'cmake_clean_cache': False, 'cmake_clean_first': False, 'cmake_force_configure': False, 'cmake_target': None, 'cmake_target_skip_unavailable': False, 'install_base': '/home/jf/tello_tracking_ws/install/yolox', 'merge_install': False, 'path': '/home/jf/tello_tracking_ws/src/ByteTrack', 'symlink_install': False, 'test_result_base': None}
[2.730s] INFO:colcon.colcon_core.executor:Executing jobs using 'parallel' executor
[2.731s] DEBUG:colcon.colcon_parallel_executor.executor.parallel:run_until_complete
[2.731s] INFO:colcon.colcon_ros.task.ament_python.build:Building ROS package in '/home/jf/tello_tracking_ws/src/yolov5_bytetrack_ros' with build type 'ament_python'
[2.731s] Level 1:colcon.colcon_core.shell:create_environment_hook('yolov5_bytetrack_ros', 'ament_prefix_path')
[2.734s] INFO:colcon.colcon_core.plugin_system:Skipping extension 'colcon_core.shell.bat': Not used on non-Windows systems
[2.734s] INFO:colcon.colcon_core.shell:Creating environment hook '/home/jf/tello_tracking_ws/install/yolov5_bytetrack_ros/share/yolov5_bytetrack_ros/hook/ament_prefix_path.ps1'
[2.735s] INFO:colcon.colcon_core.shell:Creating environment descriptor '/home/jf/tello_tracking_ws/install/yolov5_bytetrack_ros/share/yolov5_bytetrack_ros/hook/ament_prefix_path.dsv'
[2.736s] INFO:colcon.colcon_core.shell:Creating environment hook '/home/jf/tello_tracking_ws/install/yolov5_bytetrack_ros/share/yolov5_bytetrack_ros/hook/ament_prefix_path.sh'
[2.737s] INFO:colcon.colcon_core.shell:Skip shell extension 'powershell' for command environment: Not usable outside of PowerShell
[2.737s] DEBUG:colcon.colcon_core.shell:Skip shell extension 'dsv' for command environment
[2.740s] INFO:colcon.colcon_core.task.python.build:Building Python package in '/home/jf/tello_tracking_ws/src/ByteTrack'
[2.740s] INFO:colcon.colcon_core.shell:Skip shell extension 'powershell' for command environment: Not usable outside of PowerShell
[2.740s] DEBUG:colcon.colcon_core.shell:Skip shell extension 'dsv' for command environment
[3.063s] INFO:colcon.colcon_core.task.python.build:Building Python package in '/home/jf/tello_tracking_ws/src/yolov5_bytetrack_ros'
[3.064s] INFO:colcon.colcon_core.shell:Skip shell extension 'powershell' for command environment: Not usable outside of PowerShell
[3.064s] DEBUG:colcon.colcon_core.shell:Skip shell extension 'dsv' for command environment
[5.729s] DEBUG:colcon.colcon_core.event_handler.log_command:Invoking command in '/home/jf/tello_tracking_ws/src/yolov5_bytetrack_ros': PYTHONPATH=/home/jf/tello_tracking_ws/build/yolov5_bytetrack_ros/prefix_override:/usr/lib/python3/dist-packages/colcon_core/task/python/colcon_distutils_commands:/home/jf/tello_tracking_ws/install/yolov5_bytetrack_ros/lib/python3.10/site-packages:${PYTHONPATH} /usr/bin/python3 -W ignore:setup.py install is deprecated -W ignore:easy_install command is deprecated setup.py egg_info --egg-base ../../build/yolov5_bytetrack_ros build --build-base /home/jf/tello_tracking_ws/build/yolov5_bytetrack_ros/build install --record /home/jf/tello_tracking_ws/build/yolov5_bytetrack_ros/install.log --single-version-externally-managed install_data
[6.272s] DEBUG:colcon.colcon_core.event_handler.log_command:Invoked command in '/home/jf/tello_tracking_ws/src/yolov5_bytetrack_ros' returned '0': PYTHONPATH=/home/jf/tello_tracking_ws/build/yolov5_bytetrack_ros/prefix_override:/usr/lib/python3/dist-packages/colcon_core/task/python/colcon_distutils_commands:/home/jf/tello_tracking_ws/install/yolov5_bytetrack_ros/lib/python3.10/site-packages:${PYTHONPATH} /usr/bin/python3 -W ignore:setup.py install is deprecated -W ignore:easy_install command is deprecated setup.py egg_info --egg-base ../../build/yolov5_bytetrack_ros build --build-base /home/jf/tello_tracking_ws/build/yolov5_bytetrack_ros/build install --record /home/jf/tello_tracking_ws/build/yolov5_bytetrack_ros/install.log --single-version-externally-managed install_data
[6.280s] Level 1:colcon.colcon_core.environment:checking '/home/jf/tello_tracking_ws/install/yolov5_bytetrack_ros' for CMake module files
[6.280s] Level 1:colcon.colcon_core.environment:checking '/home/jf/tello_tracking_ws/install/yolov5_bytetrack_ros' for CMake config files
[6.281s] Level 1:colcon.colcon_core.environment:checking '/home/jf/tello_tracking_ws/install/yolov5_bytetrack_ros/lib'
[6.281s] Level 1:colcon.colcon_core.environment:checking '/home/jf/tello_tracking_ws/install/yolov5_bytetrack_ros/bin'
[6.281s] Level 1:colcon.colcon_core.environment:checking '/home/jf/tello_tracking_ws/install/yolov5_bytetrack_ros/lib/pkgconfig/yolov5_bytetrack_ros.pc'
[6.281s] Level 1:colcon.colcon_core.environment:checking '/home/jf/tello_tracking_ws/install/yolov5_bytetrack_ros/lib/python3.10/site-packages'
[6.281s] Level 1:colcon.colcon_core.shell:create_environment_hook('yolov5_bytetrack_ros', 'pythonpath')
[6.281s] INFO:colcon.colcon_core.shell:Creating environment hook '/home/jf/tello_tracking_ws/install/yolov5_bytetrack_ros/share/yolov5_bytetrack_ros/hook/pythonpath.ps1'
[6.282s] INFO:colcon.colcon_core.shell:Creating environment descriptor '/home/jf/tello_tracking_ws/install/yolov5_bytetrack_ros/share/yolov5_bytetrack_ros/hook/pythonpath.dsv'
[6.282s] INFO:colcon.colcon_core.shell:Creating environment hook '/home/jf/tello_tracking_ws/install/yolov5_bytetrack_ros/share/yolov5_bytetrack_ros/hook/pythonpath.sh'
[6.282s] Level 1:colcon.colcon_core.environment:checking '/home/jf/tello_tracking_ws/install/yolov5_bytetrack_ros/bin'
[6.282s] Level 1:colcon.colcon_core.environment:create_environment_scripts_only(yolov5_bytetrack_ros)
[6.283s] INFO:colcon.colcon_core.shell:Creating package script '/home/jf/tello_tracking_ws/install/yolov5_bytetrack_ros/share/yolov5_bytetrack_ros/package.ps1'
[6.283s] INFO:colcon.colcon_core.shell:Creating package descriptor '/home/jf/tello_tracking_ws/install/yolov5_bytetrack_ros/share/yolov5_bytetrack_ros/package.dsv'
[6.285s] INFO:colcon.colcon_core.shell:Creating package script '/home/jf/tello_tracking_ws/install/yolov5_bytetrack_ros/share/yolov5_bytetrack_ros/package.sh'
[6.287s] INFO:colcon.colcon_core.shell:Creating package script '/home/jf/tello_tracking_ws/install/yolov5_bytetrack_ros/share/yolov5_bytetrack_ros/package.bash'
[6.289s] INFO:colcon.colcon_core.shell:Creating package script '/home/jf/tello_tracking_ws/install/yolov5_bytetrack_ros/share/yolov5_bytetrack_ros/package.zsh'
[6.291s] Level 1:colcon.colcon_core.environment:create_file_with_runtime_dependencies(/home/jf/tello_tracking_ws/install/yolov5_bytetrack_ros/share/colcon-core/packages/yolov5_bytetrack_ros)
[7.574s] DEBUG:colcon.colcon_core.event_handler.log_command:Invoking command in '/home/jf/tello_tracking_ws/src/ByteTrack': PYTHONPATH=/home/jf/tello_tracking_ws/build/yolox/prefix_override:/usr/lib/python3/dist-packages/colcon_core/task/python/colcon_distutils_commands:/home/jf/tello_tracking_ws/install/yolox/lib/python3.10/site-packages:${PYTHONPATH} /usr/bin/python3 -W ignore:setup.py install is deprecated -W ignore:easy_install command is deprecated setup.py egg_info --egg-base ../../build/yolox build --build-base /home/jf/tello_tracking_ws/build/yolox/build install --record /home/jf/tello_tracking_ws/build/yolox/install.log --single-version-externally-managed
[17.477s] Level 1:colcon.colcon_core.environment:checking '/home/jf/tello_tracking_ws/install/yolox' for CMake module files
[17.478s] DEBUG:colcon.colcon_core.event_handler.log_command:Invoked command in '/home/jf/tello_tracking_ws/src/ByteTrack' returned '0': PYTHONPATH=/home/jf/tello_tracking_ws/build/yolox/prefix_override:/usr/lib/python3/dist-packages/colcon_core/task/python/colcon_distutils_commands:/home/jf/tello_tracking_ws/install/yolox/lib/python3.10/site-packages:${PYTHONPATH} /usr/bin/python3 -W ignore:setup.py install is deprecated -W ignore:easy_install command is deprecated setup.py egg_info --egg-base ../../build/yolox build --build-base /home/jf/tello_tracking_ws/build/yolox/build install --record /home/jf/tello_tracking_ws/build/yolox/install.log --single-version-externally-managed
[17.478s] Level 1:colcon.colcon_core.environment:checking '/home/jf/tello_tracking_ws/install/yolox' for CMake config files
[17.480s] Level 1:colcon.colcon_core.environment:checking '/home/jf/tello_tracking_ws/install/yolox/lib'
[17.480s] Level 1:colcon.colcon_core.environment:checking '/home/jf/tello_tracking_ws/install/yolox/bin'
[17.480s] Level 1:colcon.colcon_core.environment:checking '/home/jf/tello_tracking_ws/install/yolox/lib/pkgconfig/yolox.pc'
[17.480s] Level 1:colcon.colcon_core.environment:checking '/home/jf/tello_tracking_ws/install/yolox/lib/python3.10/site-packages'
[17.480s] Level 1:colcon.colcon_core.shell:create_environment_hook('yolox', 'pythonpath')
[17.480s] INFO:colcon.colcon_core.shell:Creating environment hook '/home/jf/tello_tracking_ws/install/yolox/share/yolox/hook/pythonpath.ps1'
[17.481s] INFO:colcon.colcon_core.shell:Creating environment descriptor '/home/jf/tello_tracking_ws/install/yolox/share/yolox/hook/pythonpath.dsv'
[17.481s] INFO:colcon.colcon_core.shell:Creating environment hook '/home/jf/tello_tracking_ws/install/yolox/share/yolox/hook/pythonpath.sh'
[17.481s] Level 1:colcon.colcon_core.environment:checking '/home/jf/tello_tracking_ws/install/yolox/bin'
[17.481s] Level 1:colcon.colcon_core.environment:create_environment_scripts_only(yolox)
[17.482s] INFO:colcon.colcon_core.shell:Creating package script '/home/jf/tello_tracking_ws/install/yolox/share/yolox/package.ps1'
[17.482s] INFO:colcon.colcon_core.shell:Creating package descriptor '/home/jf/tello_tracking_ws/install/yolox/share/yolox/package.dsv'
[17.482s] INFO:colcon.colcon_core.shell:Creating package script '/home/jf/tello_tracking_ws/install/yolox/share/yolox/package.sh'
[17.482s] INFO:colcon.colcon_core.shell:Creating package script '/home/jf/tello_tracking_ws/install/yolox/share/yolox/package.bash'
[17.483s] INFO:colcon.colcon_core.shell:Creating package script '/home/jf/tello_tracking_ws/install/yolox/share/yolox/package.zsh'
[17.483s] Level 1:colcon.colcon_core.environment:create_file_with_runtime_dependencies(/home/jf/tello_tracking_ws/install/yolox/share/colcon-core/packages/yolox)
[17.483s] DEBUG:colcon.colcon_parallel_executor.executor.parallel:closing loop
[17.483s] DEBUG:colcon.colcon_parallel_executor.executor.parallel:loop closed
[17.483s] DEBUG:colcon.colcon_parallel_executor.executor.parallel:run_until_complete finished with '0'
[17.483s] DEBUG:colcon.colcon_core.event_reactor:joining thread
[17.497s] INFO:colcon.colcon_core.plugin_system:Skipping extension 'colcon_notification.desktop_notification.terminal_notifier': Not used on non-Darwin systems
[17.497s] INFO:colcon.colcon_core.plugin_system:Skipping extension 'colcon_notification.desktop_notification.win32': Not used on non-Windows systems
[17.497s] INFO:colcon.colcon_notification.desktop_notification:Sending desktop notification using 'notify2'
[17.515s] DEBUG:colcon.colcon_core.event_reactor:joined thread
[17.516s] INFO:colcon.colcon_core.shell:Creating prefix script '/home/jf/tello_tracking_ws/install/local_setup.ps1'
[17.517s] INFO:colcon.colcon_core.shell:Creating prefix util module '/home/jf/tello_tracking_ws/install/_local_setup_util_ps1.py'
[17.520s] INFO:colcon.colcon_core.shell:Creating prefix chain script '/home/jf/tello_tracking_ws/install/setup.ps1'
[17.522s] INFO:colcon.colcon_core.shell:Creating prefix script '/home/jf/tello_tracking_ws/install/local_setup.sh'
[17.523s] INFO:colcon.colcon_core.shell:Creating prefix util module '/home/jf/tello_tracking_ws/install/_local_setup_util_sh.py'
[17.524s] INFO:colcon.colcon_core.shell:Creating prefix chain script '/home/jf/tello_tracking_ws/install/setup.sh'
[17.526s] INFO:colcon.colcon_core.shell:Creating prefix script '/home/jf/tello_tracking_ws/install/local_setup.bash'
[17.527s] INFO:colcon.colcon_core.shell:Creating prefix chain script '/home/jf/tello_tracking_ws/install/setup.bash'
[17.529s] INFO:colcon.colcon_core.shell:Creating prefix script '/home/jf/tello_tracking_ws/install/local_setup.zsh'
[17.530s] INFO:colcon.colcon_core.shell:Creating prefix chain script '/home/jf/tello_tracking_ws/install/setup.zsh'
