/home/jf/tello_tracking_ws/install/yolox/lib/python3.10/site-packages/tools/track_deepsort.py
/home/jf/tello_tracking_ws/install/yolox/lib/python3.10/site-packages/tools/convert_mot17_to_coco.py
/home/jf/tello_tracking_ws/install/yolox/lib/python3.10/site-packages/tools/mix_data_test_mot17.py
/home/jf/tello_tracking_ws/install/yolox/lib/python3.10/site-packages/tools/convert_video.py
/home/jf/tello_tracking_ws/install/yolox/lib/python3.10/site-packages/tools/convert_ethz_to_coco.py
/home/jf/tello_tracking_ws/install/yolox/lib/python3.10/site-packages/tools/mix_data_ablation.py
/home/jf/tello_tracking_ws/install/yolox/lib/python3.10/site-packages/tools/train.py
/home/jf/tello_tracking_ws/install/yolox/lib/python3.10/site-packages/tools/convert_mot20_to_coco.py
/home/jf/tello_tracking_ws/install/yolox/lib/python3.10/site-packages/tools/track_sort.py
/home/jf/tello_tracking_ws/install/yolox/lib/python3.10/site-packages/tools/convert_cityperson_to_coco.py
/home/jf/tello_tracking_ws/install/yolox/lib/python3.10/site-packages/tools/mota.py
/home/jf/tello_tracking_ws/install/yolox/lib/python3.10/site-packages/tools/track.py
/home/jf/tello_tracking_ws/install/yolox/lib/python3.10/site-packages/tools/mix_data_test_mot20.py
/home/jf/tello_tracking_ws/install/yolox/lib/python3.10/site-packages/tools/export_onnx.py
/home/jf/tello_tracking_ws/install/yolox/lib/python3.10/site-packages/tools/convert_crowdhuman_to_coco.py
/home/jf/tello_tracking_ws/install/yolox/lib/python3.10/site-packages/tools/interpolation.py
/home/jf/tello_tracking_ws/install/yolox/lib/python3.10/site-packages/tools/track_motdt.py
/home/jf/tello_tracking_ws/install/yolox/lib/python3.10/site-packages/tools/trt.py
/home/jf/tello_tracking_ws/install/yolox/lib/python3.10/site-packages/tools/demo_track.py
/home/jf/tello_tracking_ws/install/yolox/lib/python3.10/site-packages/tools/txt2video.py
/home/jf/tello_tracking_ws/install/yolox/lib/python3.10/site-packages/yolox/__init__.py
/home/jf/tello_tracking_ws/install/yolox/lib/python3.10/site-packages/tutorials/qdtrack/tracker_reid_motion.py
/home/jf/tello_tracking_ws/install/yolox/lib/python3.10/site-packages/tutorials/qdtrack/byte_tracker.py
/home/jf/tello_tracking_ws/install/yolox/lib/python3.10/site-packages/tutorials/qdtrack/qdtrack.py
/home/jf/tello_tracking_ws/install/yolox/lib/python3.10/site-packages/tutorials/transtrack/tracker.py
/home/jf/tello_tracking_ws/install/yolox/lib/python3.10/site-packages/tutorials/transtrack/engine_track.py
/home/jf/tello_tracking_ws/install/yolox/lib/python3.10/site-packages/tutorials/transtrack/save_track.py
/home/jf/tello_tracking_ws/install/yolox/lib/python3.10/site-packages/tutorials/transtrack/main_track.py
/home/jf/tello_tracking_ws/install/yolox/lib/python3.10/site-packages/tutorials/centertrack/tracker.py
/home/jf/tello_tracking_ws/install/yolox/lib/python3.10/site-packages/tutorials/centertrack/opts.py
/home/jf/tello_tracking_ws/install/yolox/lib/python3.10/site-packages/tutorials/centertrack/byte_tracker.py
/home/jf/tello_tracking_ws/install/yolox/lib/python3.10/site-packages/tutorials/ctracker/test_byte.py
/home/jf/tello_tracking_ws/install/yolox/lib/python3.10/site-packages/tutorials/ctracker/eval_motchallenge.py
/home/jf/tello_tracking_ws/install/yolox/lib/python3.10/site-packages/tutorials/ctracker/byte_tracker.py
/home/jf/tello_tracking_ws/install/yolox/lib/python3.10/site-packages/tutorials/ctracker/test.py
/home/jf/tello_tracking_ws/install/yolox/lib/python3.10/site-packages/tutorials/ctracker/generate_half_csv.py
/home/jf/tello_tracking_ws/install/yolox/lib/python3.10/site-packages/tutorials/motr/eval.py
/home/jf/tello_tracking_ws/install/yolox/lib/python3.10/site-packages/tutorials/motr/joint.py
/home/jf/tello_tracking_ws/install/yolox/lib/python3.10/site-packages/tutorials/motr/evaluation.py
/home/jf/tello_tracking_ws/install/yolox/lib/python3.10/site-packages/tutorials/motr/byte_tracker.py
/home/jf/tello_tracking_ws/install/yolox/lib/python3.10/site-packages/tutorials/motr/motr_det.py
/home/jf/tello_tracking_ws/install/yolox/lib/python3.10/site-packages/tutorials/motr/transforms.py
/home/jf/tello_tracking_ws/install/yolox/lib/python3.10/site-packages/tutorials/motr/motr.py
/home/jf/tello_tracking_ws/install/yolox/lib/python3.10/site-packages/tutorials/jde/tracker.py
/home/jf/tello_tracking_ws/install/yolox/lib/python3.10/site-packages/tutorials/jde/track_half.py
/home/jf/tello_tracking_ws/install/yolox/lib/python3.10/site-packages/tutorials/jde/evaluation.py
/home/jf/tello_tracking_ws/install/yolox/lib/python3.10/site-packages/tutorials/jde/byte_tracker.py
/home/jf/tello_tracking_ws/install/yolox/lib/python3.10/site-packages/tutorials/trades/tracker.py
/home/jf/tello_tracking_ws/install/yolox/lib/python3.10/site-packages/tutorials/trades/opts.py
/home/jf/tello_tracking_ws/install/yolox/lib/python3.10/site-packages/tutorials/trades/byte_tracker.py
/home/jf/tello_tracking_ws/install/yolox/lib/python3.10/site-packages/tutorials/cstrack/tracker.py
/home/jf/tello_tracking_ws/install/yolox/lib/python3.10/site-packages/tutorials/cstrack/byte_tracker.py
/home/jf/tello_tracking_ws/install/yolox/lib/python3.10/site-packages/tutorials/fairmot/tracker.py
/home/jf/tello_tracking_ws/install/yolox/lib/python3.10/site-packages/tutorials/fairmot/byte_tracker.py
/home/jf/tello_tracking_ws/install/yolox/lib/python3.10/site-packages/tutorials/qdtrack/mot_online/kalman_filter.py
/home/jf/tello_tracking_ws/install/yolox/lib/python3.10/site-packages/tutorials/qdtrack/mot_online/matching.py
/home/jf/tello_tracking_ws/install/yolox/lib/python3.10/site-packages/tutorials/qdtrack/mot_online/basetrack.py
/home/jf/tello_tracking_ws/install/yolox/lib/python3.10/site-packages/tutorials/transtrack/mot_online/kalman_filter.py
/home/jf/tello_tracking_ws/install/yolox/lib/python3.10/site-packages/tutorials/transtrack/mot_online/matching.py
/home/jf/tello_tracking_ws/install/yolox/lib/python3.10/site-packages/tutorials/transtrack/mot_online/byte_tracker.py
/home/jf/tello_tracking_ws/install/yolox/lib/python3.10/site-packages/tutorials/transtrack/mot_online/basetrack.py
/home/jf/tello_tracking_ws/install/yolox/lib/python3.10/site-packages/tutorials/centertrack/mot_online/kalman_filter.py
/home/jf/tello_tracking_ws/install/yolox/lib/python3.10/site-packages/tutorials/centertrack/mot_online/matching.py
/home/jf/tello_tracking_ws/install/yolox/lib/python3.10/site-packages/tutorials/centertrack/mot_online/basetrack.py
/home/jf/tello_tracking_ws/install/yolox/lib/python3.10/site-packages/tutorials/ctracker/mot_online/kalman_filter.py
/home/jf/tello_tracking_ws/install/yolox/lib/python3.10/site-packages/tutorials/ctracker/mot_online/matching.py
/home/jf/tello_tracking_ws/install/yolox/lib/python3.10/site-packages/tutorials/ctracker/mot_online/basetrack.py
/home/jf/tello_tracking_ws/install/yolox/lib/python3.10/site-packages/tutorials/motr/mot_online/kalman_filter.py
/home/jf/tello_tracking_ws/install/yolox/lib/python3.10/site-packages/tutorials/motr/mot_online/matching.py
/home/jf/tello_tracking_ws/install/yolox/lib/python3.10/site-packages/tutorials/motr/mot_online/basetrack.py
/home/jf/tello_tracking_ws/install/yolox/lib/python3.10/site-packages/tutorials/trades/mot_online/kalman_filter.py
/home/jf/tello_tracking_ws/install/yolox/lib/python3.10/site-packages/tutorials/trades/mot_online/matching.py
/home/jf/tello_tracking_ws/install/yolox/lib/python3.10/site-packages/tutorials/trades/mot_online/basetrack.py
/home/jf/tello_tracking_ws/install/yolox/lib/python3.10/site-packages/yolox/data/__init__.py
/home/jf/tello_tracking_ws/install/yolox/lib/python3.10/site-packages/yolox/data/samplers.py
/home/jf/tello_tracking_ws/install/yolox/lib/python3.10/site-packages/yolox/data/data_augment.py
/home/jf/tello_tracking_ws/install/yolox/lib/python3.10/site-packages/yolox/data/data_prefetcher.py
/home/jf/tello_tracking_ws/install/yolox/lib/python3.10/site-packages/yolox/data/dataloading.py
/home/jf/tello_tracking_ws/install/yolox/lib/python3.10/site-packages/yolox/core/__init__.py
/home/jf/tello_tracking_ws/install/yolox/lib/python3.10/site-packages/yolox/core/trainer.py
/home/jf/tello_tracking_ws/install/yolox/lib/python3.10/site-packages/yolox/core/launch.py
/home/jf/tello_tracking_ws/install/yolox/lib/python3.10/site-packages/yolox/evaluators/__init__.py
/home/jf/tello_tracking_ws/install/yolox/lib/python3.10/site-packages/yolox/evaluators/mot_evaluator.py
/home/jf/tello_tracking_ws/install/yolox/lib/python3.10/site-packages/yolox/evaluators/evaluation.py
/home/jf/tello_tracking_ws/install/yolox/lib/python3.10/site-packages/yolox/evaluators/coco_evaluator.py
/home/jf/tello_tracking_ws/install/yolox/lib/python3.10/site-packages/yolox/tracker/kalman_filter.py
/home/jf/tello_tracking_ws/install/yolox/lib/python3.10/site-packages/yolox/tracker/matching.py
/home/jf/tello_tracking_ws/install/yolox/lib/python3.10/site-packages/yolox/tracker/byte_tracker.py
/home/jf/tello_tracking_ws/install/yolox/lib/python3.10/site-packages/yolox/tracker/basetrack.py
/home/jf/tello_tracking_ws/install/yolox/lib/python3.10/site-packages/yolox/models/yolo_pafpn.py
/home/jf/tello_tracking_ws/install/yolox/lib/python3.10/site-packages/yolox/models/__init__.py
/home/jf/tello_tracking_ws/install/yolox/lib/python3.10/site-packages/yolox/models/yolo_head.py
/home/jf/tello_tracking_ws/install/yolox/lib/python3.10/site-packages/yolox/models/losses.py
/home/jf/tello_tracking_ws/install/yolox/lib/python3.10/site-packages/yolox/models/darknet.py
/home/jf/tello_tracking_ws/install/yolox/lib/python3.10/site-packages/yolox/models/network_blocks.py
/home/jf/tello_tracking_ws/install/yolox/lib/python3.10/site-packages/yolox/models/yolo_fpn.py
/home/jf/tello_tracking_ws/install/yolox/lib/python3.10/site-packages/yolox/models/yolox.py
/home/jf/tello_tracking_ws/install/yolox/lib/python3.10/site-packages/yolox/motdt_tracker/motdt_tracker.py
/home/jf/tello_tracking_ws/install/yolox/lib/python3.10/site-packages/yolox/motdt_tracker/reid_model.py
/home/jf/tello_tracking_ws/install/yolox/lib/python3.10/site-packages/yolox/motdt_tracker/kalman_filter.py
/home/jf/tello_tracking_ws/install/yolox/lib/python3.10/site-packages/yolox/motdt_tracker/matching.py
/home/jf/tello_tracking_ws/install/yolox/lib/python3.10/site-packages/yolox/motdt_tracker/basetrack.py
/home/jf/tello_tracking_ws/install/yolox/lib/python3.10/site-packages/yolox/utils/lr_scheduler.py
/home/jf/tello_tracking_ws/install/yolox/lib/python3.10/site-packages/yolox/utils/__init__.py
/home/jf/tello_tracking_ws/install/yolox/lib/python3.10/site-packages/yolox/utils/checkpoint.py
/home/jf/tello_tracking_ws/install/yolox/lib/python3.10/site-packages/yolox/utils/ema.py
/home/jf/tello_tracking_ws/install/yolox/lib/python3.10/site-packages/yolox/utils/logger.py
/home/jf/tello_tracking_ws/install/yolox/lib/python3.10/site-packages/yolox/utils/boxes.py
/home/jf/tello_tracking_ws/install/yolox/lib/python3.10/site-packages/yolox/utils/visualize.py
/home/jf/tello_tracking_ws/install/yolox/lib/python3.10/site-packages/yolox/utils/setup_env.py
/home/jf/tello_tracking_ws/install/yolox/lib/python3.10/site-packages/yolox/utils/demo_utils.py
/home/jf/tello_tracking_ws/install/yolox/lib/python3.10/site-packages/yolox/utils/allreduce_norm.py
/home/jf/tello_tracking_ws/install/yolox/lib/python3.10/site-packages/yolox/utils/metric.py
/home/jf/tello_tracking_ws/install/yolox/lib/python3.10/site-packages/yolox/utils/model_utils.py
/home/jf/tello_tracking_ws/install/yolox/lib/python3.10/site-packages/yolox/utils/dist.py
/home/jf/tello_tracking_ws/install/yolox/lib/python3.10/site-packages/yolox/deepsort_tracker/reid_model.py
/home/jf/tello_tracking_ws/install/yolox/lib/python3.10/site-packages/yolox/deepsort_tracker/kalman_filter.py
/home/jf/tello_tracking_ws/install/yolox/lib/python3.10/site-packages/yolox/deepsort_tracker/detection.py
/home/jf/tello_tracking_ws/install/yolox/lib/python3.10/site-packages/yolox/deepsort_tracker/iou_matching.py
/home/jf/tello_tracking_ws/install/yolox/lib/python3.10/site-packages/yolox/deepsort_tracker/linear_assignment.py
/home/jf/tello_tracking_ws/install/yolox/lib/python3.10/site-packages/yolox/deepsort_tracker/track.py
/home/jf/tello_tracking_ws/install/yolox/lib/python3.10/site-packages/yolox/deepsort_tracker/deepsort.py
/home/jf/tello_tracking_ws/install/yolox/lib/python3.10/site-packages/yolox/tracking_utils/timer.py
/home/jf/tello_tracking_ws/install/yolox/lib/python3.10/site-packages/yolox/tracking_utils/io.py
/home/jf/tello_tracking_ws/install/yolox/lib/python3.10/site-packages/yolox/tracking_utils/evaluation.py
/home/jf/tello_tracking_ws/install/yolox/lib/python3.10/site-packages/yolox/sort_tracker/sort.py
/home/jf/tello_tracking_ws/install/yolox/lib/python3.10/site-packages/yolox/layers/__init__.py
/home/jf/tello_tracking_ws/install/yolox/lib/python3.10/site-packages/yolox/layers/fast_coco_eval_api.py
/home/jf/tello_tracking_ws/install/yolox/lib/python3.10/site-packages/yolox/exp/__init__.py
/home/jf/tello_tracking_ws/install/yolox/lib/python3.10/site-packages/yolox/exp/yolox_base.py
/home/jf/tello_tracking_ws/install/yolox/lib/python3.10/site-packages/yolox/exp/build.py
/home/jf/tello_tracking_ws/install/yolox/lib/python3.10/site-packages/yolox/exp/base_exp.py
/home/jf/tello_tracking_ws/install/yolox/lib/python3.10/site-packages/yolox/data/datasets/__init__.py
/home/jf/tello_tracking_ws/install/yolox/lib/python3.10/site-packages/yolox/data/datasets/mosaicdetection.py
/home/jf/tello_tracking_ws/install/yolox/lib/python3.10/site-packages/yolox/data/datasets/datasets_wrapper.py
/home/jf/tello_tracking_ws/install/yolox/lib/python3.10/site-packages/yolox/data/datasets/mot.py
/home/jf/tello_tracking_ws/install/yolox/lib/python3.10/site-packages/exps/default/yolox_m.py
/home/jf/tello_tracking_ws/install/yolox/lib/python3.10/site-packages/exps/default/nano.py
/home/jf/tello_tracking_ws/install/yolox/lib/python3.10/site-packages/exps/default/yolox_l.py
/home/jf/tello_tracking_ws/install/yolox/lib/python3.10/site-packages/exps/default/yolox_tiny.py
/home/jf/tello_tracking_ws/install/yolox/lib/python3.10/site-packages/exps/default/yolov3.py
/home/jf/tello_tracking_ws/install/yolox/lib/python3.10/site-packages/exps/default/yolox_x.py
/home/jf/tello_tracking_ws/install/yolox/lib/python3.10/site-packages/exps/default/yolox_s.py
/home/jf/tello_tracking_ws/install/yolox/lib/python3.10/site-packages/exps/example/mot/yolox_x_ablation.py
/home/jf/tello_tracking_ws/install/yolox/lib/python3.10/site-packages/exps/example/mot/yolox_x_mix_det.py
/home/jf/tello_tracking_ws/install/yolox/lib/python3.10/site-packages/exps/example/mot/yolox_nano_mix_det.py
/home/jf/tello_tracking_ws/install/yolox/lib/python3.10/site-packages/exps/example/mot/yolox_m_mix_det.py
/home/jf/tello_tracking_ws/install/yolox/lib/python3.10/site-packages/exps/example/mot/yolox_s_mix_det.py
/home/jf/tello_tracking_ws/install/yolox/lib/python3.10/site-packages/exps/example/mot/yolox_l_mix_det.py
/home/jf/tello_tracking_ws/install/yolox/lib/python3.10/site-packages/exps/example/mot/yolox_tiny_mix_det.py
/home/jf/tello_tracking_ws/install/yolox/lib/python3.10/site-packages/exps/example/mot/yolox_x_mix_mot20_ch.py
/home/jf/tello_tracking_ws/install/yolox/lib/python3.10/site-packages/exps/example/mot/yolox_x_ch.py
/home/jf/tello_tracking_ws/install/yolox/lib/python3.10/site-packages/exps/example/mot/yolox_x_mot17_half.py
/home/jf/tello_tracking_ws/install/yolox/lib/python3.10/site-packages/deploy/ONNXRuntime/onnx_inference.py
/home/jf/tello_tracking_ws/install/yolox/lib/python3.10/site-packages/tools/__pycache__/track_deepsort.cpython-310.pyc
/home/jf/tello_tracking_ws/install/yolox/lib/python3.10/site-packages/tools/__pycache__/convert_mot17_to_coco.cpython-310.pyc
/home/jf/tello_tracking_ws/install/yolox/lib/python3.10/site-packages/tools/__pycache__/mix_data_test_mot17.cpython-310.pyc
/home/jf/tello_tracking_ws/install/yolox/lib/python3.10/site-packages/tools/__pycache__/convert_video.cpython-310.pyc
/home/jf/tello_tracking_ws/install/yolox/lib/python3.10/site-packages/tools/__pycache__/convert_ethz_to_coco.cpython-310.pyc
/home/jf/tello_tracking_ws/install/yolox/lib/python3.10/site-packages/tools/__pycache__/mix_data_ablation.cpython-310.pyc
/home/jf/tello_tracking_ws/install/yolox/lib/python3.10/site-packages/tools/__pycache__/train.cpython-310.pyc
/home/jf/tello_tracking_ws/install/yolox/lib/python3.10/site-packages/tools/__pycache__/convert_mot20_to_coco.cpython-310.pyc
/home/jf/tello_tracking_ws/install/yolox/lib/python3.10/site-packages/tools/__pycache__/track_sort.cpython-310.pyc
/home/jf/tello_tracking_ws/install/yolox/lib/python3.10/site-packages/tools/__pycache__/convert_cityperson_to_coco.cpython-310.pyc
/home/jf/tello_tracking_ws/install/yolox/lib/python3.10/site-packages/tools/__pycache__/mota.cpython-310.pyc
/home/jf/tello_tracking_ws/install/yolox/lib/python3.10/site-packages/tools/__pycache__/track.cpython-310.pyc
/home/jf/tello_tracking_ws/install/yolox/lib/python3.10/site-packages/tools/__pycache__/mix_data_test_mot20.cpython-310.pyc
/home/jf/tello_tracking_ws/install/yolox/lib/python3.10/site-packages/tools/__pycache__/export_onnx.cpython-310.pyc
/home/jf/tello_tracking_ws/install/yolox/lib/python3.10/site-packages/tools/__pycache__/convert_crowdhuman_to_coco.cpython-310.pyc
/home/jf/tello_tracking_ws/install/yolox/lib/python3.10/site-packages/tools/__pycache__/interpolation.cpython-310.pyc
/home/jf/tello_tracking_ws/install/yolox/lib/python3.10/site-packages/tools/__pycache__/track_motdt.cpython-310.pyc
/home/jf/tello_tracking_ws/install/yolox/lib/python3.10/site-packages/tools/__pycache__/trt.cpython-310.pyc
/home/jf/tello_tracking_ws/install/yolox/lib/python3.10/site-packages/tools/__pycache__/demo_track.cpython-310.pyc
/home/jf/tello_tracking_ws/install/yolox/lib/python3.10/site-packages/tools/__pycache__/txt2video.cpython-310.pyc
/home/jf/tello_tracking_ws/install/yolox/lib/python3.10/site-packages/yolox/__pycache__/__init__.cpython-310.pyc
/home/jf/tello_tracking_ws/install/yolox/lib/python3.10/site-packages/tutorials/qdtrack/__pycache__/tracker_reid_motion.cpython-310.pyc
/home/jf/tello_tracking_ws/install/yolox/lib/python3.10/site-packages/tutorials/qdtrack/__pycache__/byte_tracker.cpython-310.pyc
/home/jf/tello_tracking_ws/install/yolox/lib/python3.10/site-packages/tutorials/qdtrack/__pycache__/qdtrack.cpython-310.pyc
/home/jf/tello_tracking_ws/install/yolox/lib/python3.10/site-packages/tutorials/transtrack/__pycache__/tracker.cpython-310.pyc
/home/jf/tello_tracking_ws/install/yolox/lib/python3.10/site-packages/tutorials/transtrack/__pycache__/engine_track.cpython-310.pyc
/home/jf/tello_tracking_ws/install/yolox/lib/python3.10/site-packages/tutorials/transtrack/__pycache__/save_track.cpython-310.pyc
/home/jf/tello_tracking_ws/install/yolox/lib/python3.10/site-packages/tutorials/transtrack/__pycache__/main_track.cpython-310.pyc
/home/jf/tello_tracking_ws/install/yolox/lib/python3.10/site-packages/tutorials/centertrack/__pycache__/tracker.cpython-310.pyc
/home/jf/tello_tracking_ws/install/yolox/lib/python3.10/site-packages/tutorials/centertrack/__pycache__/opts.cpython-310.pyc
/home/jf/tello_tracking_ws/install/yolox/lib/python3.10/site-packages/tutorials/centertrack/__pycache__/byte_tracker.cpython-310.pyc
/home/jf/tello_tracking_ws/install/yolox/lib/python3.10/site-packages/tutorials/ctracker/__pycache__/test_byte.cpython-310.pyc
/home/jf/tello_tracking_ws/install/yolox/lib/python3.10/site-packages/tutorials/ctracker/__pycache__/eval_motchallenge.cpython-310.pyc
/home/jf/tello_tracking_ws/install/yolox/lib/python3.10/site-packages/tutorials/ctracker/__pycache__/byte_tracker.cpython-310.pyc
/home/jf/tello_tracking_ws/install/yolox/lib/python3.10/site-packages/tutorials/ctracker/__pycache__/test.cpython-310.pyc
/home/jf/tello_tracking_ws/install/yolox/lib/python3.10/site-packages/tutorials/ctracker/__pycache__/generate_half_csv.cpython-310.pyc
/home/jf/tello_tracking_ws/install/yolox/lib/python3.10/site-packages/tutorials/motr/__pycache__/eval.cpython-310.pyc
/home/jf/tello_tracking_ws/install/yolox/lib/python3.10/site-packages/tutorials/motr/__pycache__/joint.cpython-310.pyc
/home/jf/tello_tracking_ws/install/yolox/lib/python3.10/site-packages/tutorials/motr/__pycache__/evaluation.cpython-310.pyc
/home/jf/tello_tracking_ws/install/yolox/lib/python3.10/site-packages/tutorials/motr/__pycache__/byte_tracker.cpython-310.pyc
/home/jf/tello_tracking_ws/install/yolox/lib/python3.10/site-packages/tutorials/motr/__pycache__/motr_det.cpython-310.pyc
/home/jf/tello_tracking_ws/install/yolox/lib/python3.10/site-packages/tutorials/motr/__pycache__/transforms.cpython-310.pyc
/home/jf/tello_tracking_ws/install/yolox/lib/python3.10/site-packages/tutorials/motr/__pycache__/motr.cpython-310.pyc
/home/jf/tello_tracking_ws/install/yolox/lib/python3.10/site-packages/tutorials/jde/__pycache__/tracker.cpython-310.pyc
/home/jf/tello_tracking_ws/install/yolox/lib/python3.10/site-packages/tutorials/jde/__pycache__/track_half.cpython-310.pyc
/home/jf/tello_tracking_ws/install/yolox/lib/python3.10/site-packages/tutorials/jde/__pycache__/evaluation.cpython-310.pyc
/home/jf/tello_tracking_ws/install/yolox/lib/python3.10/site-packages/tutorials/jde/__pycache__/byte_tracker.cpython-310.pyc
/home/jf/tello_tracking_ws/install/yolox/lib/python3.10/site-packages/tutorials/trades/__pycache__/tracker.cpython-310.pyc
/home/jf/tello_tracking_ws/install/yolox/lib/python3.10/site-packages/tutorials/trades/__pycache__/opts.cpython-310.pyc
/home/jf/tello_tracking_ws/install/yolox/lib/python3.10/site-packages/tutorials/trades/__pycache__/byte_tracker.cpython-310.pyc
/home/jf/tello_tracking_ws/install/yolox/lib/python3.10/site-packages/tutorials/cstrack/__pycache__/tracker.cpython-310.pyc
/home/jf/tello_tracking_ws/install/yolox/lib/python3.10/site-packages/tutorials/cstrack/__pycache__/byte_tracker.cpython-310.pyc
/home/jf/tello_tracking_ws/install/yolox/lib/python3.10/site-packages/tutorials/fairmot/__pycache__/tracker.cpython-310.pyc
/home/jf/tello_tracking_ws/install/yolox/lib/python3.10/site-packages/tutorials/fairmot/__pycache__/byte_tracker.cpython-310.pyc
/home/jf/tello_tracking_ws/install/yolox/lib/python3.10/site-packages/tutorials/qdtrack/mot_online/__pycache__/kalman_filter.cpython-310.pyc
/home/jf/tello_tracking_ws/install/yolox/lib/python3.10/site-packages/tutorials/qdtrack/mot_online/__pycache__/matching.cpython-310.pyc
/home/jf/tello_tracking_ws/install/yolox/lib/python3.10/site-packages/tutorials/qdtrack/mot_online/__pycache__/basetrack.cpython-310.pyc
/home/jf/tello_tracking_ws/install/yolox/lib/python3.10/site-packages/tutorials/transtrack/mot_online/__pycache__/kalman_filter.cpython-310.pyc
/home/jf/tello_tracking_ws/install/yolox/lib/python3.10/site-packages/tutorials/transtrack/mot_online/__pycache__/matching.cpython-310.pyc
/home/jf/tello_tracking_ws/install/yolox/lib/python3.10/site-packages/tutorials/transtrack/mot_online/__pycache__/byte_tracker.cpython-310.pyc
/home/jf/tello_tracking_ws/install/yolox/lib/python3.10/site-packages/tutorials/transtrack/mot_online/__pycache__/basetrack.cpython-310.pyc
/home/jf/tello_tracking_ws/install/yolox/lib/python3.10/site-packages/tutorials/centertrack/mot_online/__pycache__/kalman_filter.cpython-310.pyc
/home/jf/tello_tracking_ws/install/yolox/lib/python3.10/site-packages/tutorials/centertrack/mot_online/__pycache__/matching.cpython-310.pyc
/home/jf/tello_tracking_ws/install/yolox/lib/python3.10/site-packages/tutorials/centertrack/mot_online/__pycache__/basetrack.cpython-310.pyc
/home/jf/tello_tracking_ws/install/yolox/lib/python3.10/site-packages/tutorials/ctracker/mot_online/__pycache__/kalman_filter.cpython-310.pyc
/home/jf/tello_tracking_ws/install/yolox/lib/python3.10/site-packages/tutorials/ctracker/mot_online/__pycache__/matching.cpython-310.pyc
/home/jf/tello_tracking_ws/install/yolox/lib/python3.10/site-packages/tutorials/ctracker/mot_online/__pycache__/basetrack.cpython-310.pyc
/home/jf/tello_tracking_ws/install/yolox/lib/python3.10/site-packages/tutorials/motr/mot_online/__pycache__/kalman_filter.cpython-310.pyc
/home/jf/tello_tracking_ws/install/yolox/lib/python3.10/site-packages/tutorials/motr/mot_online/__pycache__/matching.cpython-310.pyc
/home/jf/tello_tracking_ws/install/yolox/lib/python3.10/site-packages/tutorials/motr/mot_online/__pycache__/basetrack.cpython-310.pyc
/home/jf/tello_tracking_ws/install/yolox/lib/python3.10/site-packages/tutorials/trades/mot_online/__pycache__/kalman_filter.cpython-310.pyc
/home/jf/tello_tracking_ws/install/yolox/lib/python3.10/site-packages/tutorials/trades/mot_online/__pycache__/matching.cpython-310.pyc
/home/jf/tello_tracking_ws/install/yolox/lib/python3.10/site-packages/tutorials/trades/mot_online/__pycache__/basetrack.cpython-310.pyc
/home/jf/tello_tracking_ws/install/yolox/lib/python3.10/site-packages/yolox/data/__pycache__/__init__.cpython-310.pyc
/home/jf/tello_tracking_ws/install/yolox/lib/python3.10/site-packages/yolox/data/__pycache__/samplers.cpython-310.pyc
/home/jf/tello_tracking_ws/install/yolox/lib/python3.10/site-packages/yolox/data/__pycache__/data_augment.cpython-310.pyc
/home/jf/tello_tracking_ws/install/yolox/lib/python3.10/site-packages/yolox/data/__pycache__/data_prefetcher.cpython-310.pyc
/home/jf/tello_tracking_ws/install/yolox/lib/python3.10/site-packages/yolox/data/__pycache__/dataloading.cpython-310.pyc
/home/jf/tello_tracking_ws/install/yolox/lib/python3.10/site-packages/yolox/core/__pycache__/__init__.cpython-310.pyc
/home/jf/tello_tracking_ws/install/yolox/lib/python3.10/site-packages/yolox/core/__pycache__/trainer.cpython-310.pyc
/home/jf/tello_tracking_ws/install/yolox/lib/python3.10/site-packages/yolox/core/__pycache__/launch.cpython-310.pyc
/home/jf/tello_tracking_ws/install/yolox/lib/python3.10/site-packages/yolox/evaluators/__pycache__/__init__.cpython-310.pyc
/home/jf/tello_tracking_ws/install/yolox/lib/python3.10/site-packages/yolox/evaluators/__pycache__/mot_evaluator.cpython-310.pyc
/home/jf/tello_tracking_ws/install/yolox/lib/python3.10/site-packages/yolox/evaluators/__pycache__/evaluation.cpython-310.pyc
/home/jf/tello_tracking_ws/install/yolox/lib/python3.10/site-packages/yolox/evaluators/__pycache__/coco_evaluator.cpython-310.pyc
/home/jf/tello_tracking_ws/install/yolox/lib/python3.10/site-packages/yolox/tracker/__pycache__/kalman_filter.cpython-310.pyc
/home/jf/tello_tracking_ws/install/yolox/lib/python3.10/site-packages/yolox/tracker/__pycache__/matching.cpython-310.pyc
/home/jf/tello_tracking_ws/install/yolox/lib/python3.10/site-packages/yolox/tracker/__pycache__/byte_tracker.cpython-310.pyc
/home/jf/tello_tracking_ws/install/yolox/lib/python3.10/site-packages/yolox/tracker/__pycache__/basetrack.cpython-310.pyc
/home/jf/tello_tracking_ws/install/yolox/lib/python3.10/site-packages/yolox/models/__pycache__/yolo_pafpn.cpython-310.pyc
/home/jf/tello_tracking_ws/install/yolox/lib/python3.10/site-packages/yolox/models/__pycache__/__init__.cpython-310.pyc
/home/jf/tello_tracking_ws/install/yolox/lib/python3.10/site-packages/yolox/models/__pycache__/yolo_head.cpython-310.pyc
/home/jf/tello_tracking_ws/install/yolox/lib/python3.10/site-packages/yolox/models/__pycache__/losses.cpython-310.pyc
/home/jf/tello_tracking_ws/install/yolox/lib/python3.10/site-packages/yolox/models/__pycache__/darknet.cpython-310.pyc
/home/jf/tello_tracking_ws/install/yolox/lib/python3.10/site-packages/yolox/models/__pycache__/network_blocks.cpython-310.pyc
/home/jf/tello_tracking_ws/install/yolox/lib/python3.10/site-packages/yolox/models/__pycache__/yolo_fpn.cpython-310.pyc
/home/jf/tello_tracking_ws/install/yolox/lib/python3.10/site-packages/yolox/models/__pycache__/yolox.cpython-310.pyc
/home/jf/tello_tracking_ws/install/yolox/lib/python3.10/site-packages/yolox/motdt_tracker/__pycache__/motdt_tracker.cpython-310.pyc
/home/jf/tello_tracking_ws/install/yolox/lib/python3.10/site-packages/yolox/motdt_tracker/__pycache__/reid_model.cpython-310.pyc
/home/jf/tello_tracking_ws/install/yolox/lib/python3.10/site-packages/yolox/motdt_tracker/__pycache__/kalman_filter.cpython-310.pyc
/home/jf/tello_tracking_ws/install/yolox/lib/python3.10/site-packages/yolox/motdt_tracker/__pycache__/matching.cpython-310.pyc
/home/jf/tello_tracking_ws/install/yolox/lib/python3.10/site-packages/yolox/motdt_tracker/__pycache__/basetrack.cpython-310.pyc
/home/jf/tello_tracking_ws/install/yolox/lib/python3.10/site-packages/yolox/utils/__pycache__/lr_scheduler.cpython-310.pyc
/home/jf/tello_tracking_ws/install/yolox/lib/python3.10/site-packages/yolox/utils/__pycache__/__init__.cpython-310.pyc
/home/jf/tello_tracking_ws/install/yolox/lib/python3.10/site-packages/yolox/utils/__pycache__/checkpoint.cpython-310.pyc
/home/jf/tello_tracking_ws/install/yolox/lib/python3.10/site-packages/yolox/utils/__pycache__/ema.cpython-310.pyc
/home/jf/tello_tracking_ws/install/yolox/lib/python3.10/site-packages/yolox/utils/__pycache__/logger.cpython-310.pyc
/home/jf/tello_tracking_ws/install/yolox/lib/python3.10/site-packages/yolox/utils/__pycache__/boxes.cpython-310.pyc
/home/jf/tello_tracking_ws/install/yolox/lib/python3.10/site-packages/yolox/utils/__pycache__/visualize.cpython-310.pyc
/home/jf/tello_tracking_ws/install/yolox/lib/python3.10/site-packages/yolox/utils/__pycache__/setup_env.cpython-310.pyc
/home/jf/tello_tracking_ws/install/yolox/lib/python3.10/site-packages/yolox/utils/__pycache__/demo_utils.cpython-310.pyc
/home/jf/tello_tracking_ws/install/yolox/lib/python3.10/site-packages/yolox/utils/__pycache__/allreduce_norm.cpython-310.pyc
/home/jf/tello_tracking_ws/install/yolox/lib/python3.10/site-packages/yolox/utils/__pycache__/metric.cpython-310.pyc
/home/jf/tello_tracking_ws/install/yolox/lib/python3.10/site-packages/yolox/utils/__pycache__/model_utils.cpython-310.pyc
/home/jf/tello_tracking_ws/install/yolox/lib/python3.10/site-packages/yolox/utils/__pycache__/dist.cpython-310.pyc
/home/jf/tello_tracking_ws/install/yolox/lib/python3.10/site-packages/yolox/deepsort_tracker/__pycache__/reid_model.cpython-310.pyc
/home/jf/tello_tracking_ws/install/yolox/lib/python3.10/site-packages/yolox/deepsort_tracker/__pycache__/kalman_filter.cpython-310.pyc
/home/jf/tello_tracking_ws/install/yolox/lib/python3.10/site-packages/yolox/deepsort_tracker/__pycache__/detection.cpython-310.pyc
/home/jf/tello_tracking_ws/install/yolox/lib/python3.10/site-packages/yolox/deepsort_tracker/__pycache__/iou_matching.cpython-310.pyc
/home/jf/tello_tracking_ws/install/yolox/lib/python3.10/site-packages/yolox/deepsort_tracker/__pycache__/linear_assignment.cpython-310.pyc
/home/jf/tello_tracking_ws/install/yolox/lib/python3.10/site-packages/yolox/deepsort_tracker/__pycache__/track.cpython-310.pyc
/home/jf/tello_tracking_ws/install/yolox/lib/python3.10/site-packages/yolox/deepsort_tracker/__pycache__/deepsort.cpython-310.pyc
/home/jf/tello_tracking_ws/install/yolox/lib/python3.10/site-packages/yolox/tracking_utils/__pycache__/timer.cpython-310.pyc
/home/jf/tello_tracking_ws/install/yolox/lib/python3.10/site-packages/yolox/tracking_utils/__pycache__/io.cpython-310.pyc
/home/jf/tello_tracking_ws/install/yolox/lib/python3.10/site-packages/yolox/tracking_utils/__pycache__/evaluation.cpython-310.pyc
/home/jf/tello_tracking_ws/install/yolox/lib/python3.10/site-packages/yolox/sort_tracker/__pycache__/sort.cpython-310.pyc
/home/jf/tello_tracking_ws/install/yolox/lib/python3.10/site-packages/yolox/layers/__pycache__/__init__.cpython-310.pyc
/home/jf/tello_tracking_ws/install/yolox/lib/python3.10/site-packages/yolox/layers/__pycache__/fast_coco_eval_api.cpython-310.pyc
/home/jf/tello_tracking_ws/install/yolox/lib/python3.10/site-packages/yolox/exp/__pycache__/__init__.cpython-310.pyc
/home/jf/tello_tracking_ws/install/yolox/lib/python3.10/site-packages/yolox/exp/__pycache__/yolox_base.cpython-310.pyc
/home/jf/tello_tracking_ws/install/yolox/lib/python3.10/site-packages/yolox/exp/__pycache__/build.cpython-310.pyc
/home/jf/tello_tracking_ws/install/yolox/lib/python3.10/site-packages/yolox/exp/__pycache__/base_exp.cpython-310.pyc
/home/jf/tello_tracking_ws/install/yolox/lib/python3.10/site-packages/yolox/data/datasets/__pycache__/__init__.cpython-310.pyc
/home/jf/tello_tracking_ws/install/yolox/lib/python3.10/site-packages/yolox/data/datasets/__pycache__/mosaicdetection.cpython-310.pyc
/home/jf/tello_tracking_ws/install/yolox/lib/python3.10/site-packages/yolox/data/datasets/__pycache__/datasets_wrapper.cpython-310.pyc
/home/jf/tello_tracking_ws/install/yolox/lib/python3.10/site-packages/yolox/data/datasets/__pycache__/mot.cpython-310.pyc
/home/jf/tello_tracking_ws/install/yolox/lib/python3.10/site-packages/exps/default/__pycache__/yolox_m.cpython-310.pyc
/home/jf/tello_tracking_ws/install/yolox/lib/python3.10/site-packages/exps/default/__pycache__/nano.cpython-310.pyc
/home/jf/tello_tracking_ws/install/yolox/lib/python3.10/site-packages/exps/default/__pycache__/yolox_l.cpython-310.pyc
/home/jf/tello_tracking_ws/install/yolox/lib/python3.10/site-packages/exps/default/__pycache__/yolox_tiny.cpython-310.pyc
/home/jf/tello_tracking_ws/install/yolox/lib/python3.10/site-packages/exps/default/__pycache__/yolov3.cpython-310.pyc
/home/jf/tello_tracking_ws/install/yolox/lib/python3.10/site-packages/exps/default/__pycache__/yolox_x.cpython-310.pyc
/home/jf/tello_tracking_ws/install/yolox/lib/python3.10/site-packages/exps/default/__pycache__/yolox_s.cpython-310.pyc
/home/jf/tello_tracking_ws/install/yolox/lib/python3.10/site-packages/exps/example/mot/__pycache__/yolox_x_ablation.cpython-310.pyc
/home/jf/tello_tracking_ws/install/yolox/lib/python3.10/site-packages/exps/example/mot/__pycache__/yolox_x_mix_det.cpython-310.pyc
/home/jf/tello_tracking_ws/install/yolox/lib/python3.10/site-packages/exps/example/mot/__pycache__/yolox_nano_mix_det.cpython-310.pyc
/home/jf/tello_tracking_ws/install/yolox/lib/python3.10/site-packages/exps/example/mot/__pycache__/yolox_m_mix_det.cpython-310.pyc
/home/jf/tello_tracking_ws/install/yolox/lib/python3.10/site-packages/exps/example/mot/__pycache__/yolox_s_mix_det.cpython-310.pyc
/home/jf/tello_tracking_ws/install/yolox/lib/python3.10/site-packages/exps/example/mot/__pycache__/yolox_l_mix_det.cpython-310.pyc
/home/jf/tello_tracking_ws/install/yolox/lib/python3.10/site-packages/exps/example/mot/__pycache__/yolox_tiny_mix_det.cpython-310.pyc
/home/jf/tello_tracking_ws/install/yolox/lib/python3.10/site-packages/exps/example/mot/__pycache__/yolox_x_mix_mot20_ch.cpython-310.pyc
/home/jf/tello_tracking_ws/install/yolox/lib/python3.10/site-packages/exps/example/mot/__pycache__/yolox_x_ch.cpython-310.pyc
/home/jf/tello_tracking_ws/install/yolox/lib/python3.10/site-packages/exps/example/mot/__pycache__/yolox_x_mot17_half.cpython-310.pyc
/home/jf/tello_tracking_ws/install/yolox/lib/python3.10/site-packages/deploy/ONNXRuntime/__pycache__/onnx_inference.cpython-310.pyc
/home/jf/tello_tracking_ws/install/yolox/lib/python3.10/site-packages/yolox/_C.cpython-310-x86_64-linux-gnu.so
/home/jf/tello_tracking_ws/install/yolox/lib/python3.10/site-packages/yolox-0.1.0-py3.10.egg-info/top_level.txt
/home/jf/tello_tracking_ws/install/yolox/lib/python3.10/site-packages/yolox-0.1.0-py3.10.egg-info/SOURCES.txt
/home/jf/tello_tracking_ws/install/yolox/lib/python3.10/site-packages/yolox-0.1.0-py3.10.egg-info/PKG-INFO
/home/jf/tello_tracking_ws/install/yolox/lib/python3.10/site-packages/yolox-0.1.0-py3.10.egg-info/dependency_links.txt
