[2.997s] Invoking command in '/home/jf/tello_tracking_ws/src/yolov5_bytetrack_ros': PYTHONPATH=/home/jf/tello_tracking_ws/build/yolov5_bytetrack_ros/prefix_override:/usr/lib/python3/dist-packages/colcon_core/task/python/colcon_distutils_commands:/home/jf/tello_tracking_ws/install/yolov5_bytetrack_ros/lib/python3.10/site-packages:${PYTHONPATH} /usr/bin/python3 -W ignore:setup.py install is deprecated -W ignore:easy_install command is deprecated setup.py egg_info --egg-base ../../build/yolov5_bytetrack_ros build --build-base /home/jf/tello_tracking_ws/build/yolov5_bytetrack_ros/build install --record /home/jf/tello_tracking_ws/build/yolov5_bytetrack_ros/install.log --single-version-externally-managed install_data
[3.349s] running egg_info
[3.349s] creating ../../build/yolov5_bytetrack_ros/yolov5_bytetrack_ros.egg-info
[3.362s] writing ../../build/yolov5_bytetrack_ros/yolov5_bytetrack_ros.egg-info/PKG-INFO
[3.362s] writing dependency_links to ../../build/yolov5_bytetrack_ros/yolov5_bytetrack_ros.egg-info/dependency_links.txt
[3.363s] writing entry points to ../../build/yolov5_bytetrack_ros/yolov5_bytetrack_ros.egg-info/entry_points.txt
[3.363s] writing requirements to ../../build/yolov5_bytetrack_ros/yolov5_bytetrack_ros.egg-info/requires.txt
[3.363s] writing top-level names to ../../build/yolov5_bytetrack_ros/yolov5_bytetrack_ros.egg-info/top_level.txt
[3.363s] writing manifest file '../../build/yolov5_bytetrack_ros/yolov5_bytetrack_ros.egg-info/SOURCES.txt'
[3.399s] reading manifest file '../../build/yolov5_bytetrack_ros/yolov5_bytetrack_ros.egg-info/SOURCES.txt'
[3.399s] writing manifest file '../../build/yolov5_bytetrack_ros/yolov5_bytetrack_ros.egg-info/SOURCES.txt'
[3.400s] running build
[3.400s] running build_py
[3.400s] creating /home/jf/tello_tracking_ws/build/yolov5_bytetrack_ros/build
[3.400s] creating /home/jf/tello_tracking_ws/build/yolov5_bytetrack_ros/build/lib
[3.400s] creating /home/jf/tello_tracking_ws/build/yolov5_bytetrack_ros/build/lib/yolov5_bytetrack_ros
[3.401s] copying yolov5_bytetrack_ros/__init__.py -> /home/jf/tello_tracking_ws/build/yolov5_bytetrack_ros/build/lib/yolov5_bytetrack_ros
[3.401s] copying yolov5_bytetrack_ros/tracker_node.py -> /home/jf/tello_tracking_ws/build/yolov5_bytetrack_ros/build/lib/yolov5_bytetrack_ros
[3.401s] running install
[3.404s] running install_lib
[3.418s] creating /home/jf/tello_tracking_ws/install/yolov5_bytetrack_ros/lib/python3.10/site-packages/yolov5_bytetrack_ros
[3.418s] copying /home/jf/tello_tracking_ws/build/yolov5_bytetrack_ros/build/lib/yolov5_bytetrack_ros/__init__.py -> /home/jf/tello_tracking_ws/install/yolov5_bytetrack_ros/lib/python3.10/site-packages/yolov5_bytetrack_ros
[3.418s] copying /home/jf/tello_tracking_ws/build/yolov5_bytetrack_ros/build/lib/yolov5_bytetrack_ros/tracker_node.py -> /home/jf/tello_tracking_ws/install/yolov5_bytetrack_ros/lib/python3.10/site-packages/yolov5_bytetrack_ros
[3.418s] byte-compiling /home/jf/tello_tracking_ws/install/yolov5_bytetrack_ros/lib/python3.10/site-packages/yolov5_bytetrack_ros/__init__.py to __init__.cpython-310.pyc
[3.418s] byte-compiling /home/jf/tello_tracking_ws/install/yolov5_bytetrack_ros/lib/python3.10/site-packages/yolov5_bytetrack_ros/tracker_node.py to tracker_node.cpython-310.pyc
[3.419s] running install_data
[3.419s] creating /home/jf/tello_tracking_ws/install/yolov5_bytetrack_ros/share/ament_index
[3.419s] creating /home/jf/tello_tracking_ws/install/yolov5_bytetrack_ros/share/ament_index/resource_index
[3.419s] creating /home/jf/tello_tracking_ws/install/yolov5_bytetrack_ros/share/ament_index/resource_index/packages
[3.419s] copying resource/yolov5_bytetrack_ros -> /home/jf/tello_tracking_ws/install/yolov5_bytetrack_ros/share/ament_index/resource_index/packages
[3.419s] copying package.xml -> /home/jf/tello_tracking_ws/install/yolov5_bytetrack_ros/share/yolov5_bytetrack_ros
[3.419s] running install_egg_info
[3.433s] Copying ../../build/yolov5_bytetrack_ros/yolov5_bytetrack_ros.egg-info to /home/jf/tello_tracking_ws/install/yolov5_bytetrack_ros/lib/python3.10/site-packages/yolov5_bytetrack_ros-0.0.0-py3.10.egg-info
[3.434s] running install_scripts
[3.487s] Installing tracker_node script to /home/jf/tello_tracking_ws/install/yolov5_bytetrack_ros/lib/yolov5_bytetrack_ros
[3.487s] writing list of installed files to '/home/jf/tello_tracking_ws/build/yolov5_bytetrack_ros/install.log'
[3.540s] Invoked command in '/home/jf/tello_tracking_ws/src/yolov5_bytetrack_ros' returned '0': PYTHONPATH=/home/jf/tello_tracking_ws/build/yolov5_bytetrack_ros/prefix_override:/usr/lib/python3/dist-packages/colcon_core/task/python/colcon_distutils_commands:/home/jf/tello_tracking_ws/install/yolov5_bytetrack_ros/lib/python3.10/site-packages:${PYTHONPATH} /usr/bin/python3 -W ignore:setup.py install is deprecated -W ignore:easy_install command is deprecated setup.py egg_info --egg-base ../../build/yolov5_bytetrack_ros build --build-base /home/jf/tello_tracking_ws/build/yolov5_bytetrack_ros/build install --record /home/jf/tello_tracking_ws/build/yolov5_bytetrack_ros/install.log --single-version-externally-managed install_data
