[1.467s] Invoking command in '/home/jf/tello_tracking_ws/src/yolov5_bytetrack_ros': PYTHONPATH=/home/jf/tello_tracking_ws/build/yolov5_bytetrack_ros/prefix_override:/usr/lib/python3/dist-packages/colcon_core/task/python/colcon_distutils_commands:/home/jf/tello_tracking_ws/install/yolov5_bytetrack_ros/lib/python3.10/site-packages:${PYTHONPATH} /usr/bin/python3 -W ignore:setup.py install is deprecated -W ignore:easy_install command is deprecated setup.py egg_info --egg-base ../../build/yolov5_bytetrack_ros build --build-base /home/jf/tello_tracking_ws/build/yolov5_bytetrack_ros/build install --record /home/jf/tello_tracking_ws/build/yolov5_bytetrack_ros/install.log --single-version-externally-managed install_data
[2.060s] running egg_info
[2.094s] writing ../../build/yolov5_bytetrack_ros/yolov5_bytetrack_ros.egg-info/PKG-INFO
[2.094s] writing dependency_links to ../../build/yolov5_bytetrack_ros/yolov5_bytetrack_ros.egg-info/dependency_links.txt
[2.094s] writing entry points to ../../build/yolov5_bytetrack_ros/yolov5_bytetrack_ros.egg-info/entry_points.txt
[2.095s] writing requirements to ../../build/yolov5_bytetrack_ros/yolov5_bytetrack_ros.egg-info/requires.txt
[2.095s] writing top-level names to ../../build/yolov5_bytetrack_ros/yolov5_bytetrack_ros.egg-info/top_level.txt
[2.139s] reading manifest file '../../build/yolov5_bytetrack_ros/yolov5_bytetrack_ros.egg-info/SOURCES.txt'
[2.141s] writing manifest file '../../build/yolov5_bytetrack_ros/yolov5_bytetrack_ros.egg-info/SOURCES.txt'
[2.141s] running build
[2.142s] running build_py
[2.142s] copying yolov5_bytetrack_ros/tracker_node.py -> /home/jf/tello_tracking_ws/build/yolov5_bytetrack_ros/build/lib/yolov5_bytetrack_ros
[2.143s] running install
[2.150s] running install_lib
[2.173s] copying /home/jf/tello_tracking_ws/build/yolov5_bytetrack_ros/build/lib/yolov5_bytetrack_ros/tracker_node.py -> /home/jf/tello_tracking_ws/install/yolov5_bytetrack_ros/lib/python3.10/site-packages/yolov5_bytetrack_ros
[2.174s] byte-compiling /home/jf/tello_tracking_ws/install/yolov5_bytetrack_ros/lib/python3.10/site-packages/yolov5_bytetrack_ros/tracker_node.py to tracker_node.cpython-310.pyc
[2.176s] running install_data
[2.177s] running install_egg_info
[2.200s] removing '/home/jf/tello_tracking_ws/install/yolov5_bytetrack_ros/lib/python3.10/site-packages/yolov5_bytetrack_ros-0.0.0-py3.10.egg-info' (and everything under it)
[2.200s] Copying ../../build/yolov5_bytetrack_ros/yolov5_bytetrack_ros.egg-info to /home/jf/tello_tracking_ws/install/yolov5_bytetrack_ros/lib/python3.10/site-packages/yolov5_bytetrack_ros-0.0.0-py3.10.egg-info
[2.201s] running install_scripts
[2.289s] Installing tello_image_publisher script to /home/jf/tello_tracking_ws/install/yolov5_bytetrack_ros/lib/yolov5_bytetrack_ros
[2.289s] Installing tello_video_bridge script to /home/jf/tello_tracking_ws/install/yolov5_bytetrack_ros/lib/yolov5_bytetrack_ros
[2.289s] Installing tello_video_subscriber script to /home/jf/tello_tracking_ws/install/yolov5_bytetrack_ros/lib/yolov5_bytetrack_ros
[2.289s] Installing tracker_node script to /home/jf/tello_tracking_ws/install/yolov5_bytetrack_ros/lib/yolov5_bytetrack_ros
[2.290s] writing list of installed files to '/home/jf/tello_tracking_ws/build/yolov5_bytetrack_ros/install.log'
[2.349s] Invoked command in '/home/jf/tello_tracking_ws/src/yolov5_bytetrack_ros' returned '0': PYTHONPATH=/home/jf/tello_tracking_ws/build/yolov5_bytetrack_ros/prefix_override:/usr/lib/python3/dist-packages/colcon_core/task/python/colcon_distutils_commands:/home/jf/tello_tracking_ws/install/yolov5_bytetrack_ros/lib/python3.10/site-packages:${PYTHONPATH} /usr/bin/python3 -W ignore:setup.py install is deprecated -W ignore:easy_install command is deprecated setup.py egg_info --egg-base ../../build/yolov5_bytetrack_ros build --build-base /home/jf/tello_tracking_ws/build/yolov5_bytetrack_ros/build install --record /home/jf/tello_tracking_ws/build/yolov5_bytetrack_ros/install.log --single-version-externally-managed install_data
