[0.096s] [34mcolcon[0m [1;30mDEBUG[0m [32mCommand line arguments: ['/usr/bin/colcon', 'build'][0m
[0.096s] [34mcolcon[0m [1;30mDEBUG[0m [32mParsed command line arguments: Namespace(log_base=None, log_level=None, verb_name='build', build_base='build', install_base='install', merge_install=False, symlink_install=False, test_result_base=None, continue_on_error=False, executor='parallel', parallel_workers=16, event_handlers=None, ignore_user_meta=False, metas=['./colcon.meta'], base_paths=['.'], packages_ignore=None, packages_ignore_regex=None, paths=None, packages_up_to=None, packages_up_to_regex=None, packages_above=None, packages_above_and_dependencies=None, packages_above_depth=None, packages_select_by_dep=None, packages_skip_by_dep=None, packages_skip_up_to=None, packages_select_build_failed=False, packages_skip_build_finished=False, packages_select_test_failures=False, packages_skip_test_passed=False, packages_select=None, packages_skip=None, packages_select_regex=None, packages_skip_regex=None, packages_start=None, packages_end=None, allow_overriding=[], cmake_args=None, cmake_target=None, cmake_target_skip_unavailable=False, cmake_clean_cache=False, cmake_clean_first=False, cmake_force_configure=False, ament_cmake_args=None, catkin_cmake_args=None, catkin_skip_building_tests=False, mixin_files=None, mixin=None, verb_parser=<colcon_mixin.mixin.mixin_argument.MixinArgumentDecorator object at 0x7b39e9621d20>, verb_extension=<colcon_core.verb.build.BuildVerb object at 0x7b39e9621870>, main=<bound method BuildVerb.main of <colcon_core.verb.build.BuildVerb object at 0x7b39e9621870>>, mixin_verb=('build',))[0m
[0.298s] [34mcolcon.colcon_core.package_discovery[0m [1;30mLevel 1[0m discover_packages(colcon_meta) check parameters
[0.299s] [34mcolcon.colcon_core.package_discovery[0m [1;30mLevel 1[0m discover_packages(recursive) check parameters
[0.299s] [34mcolcon.colcon_core.package_discovery[0m [1;30mLevel 1[0m discover_packages(ignore) check parameters
[0.299s] [34mcolcon.colcon_core.package_discovery[0m [1;30mLevel 1[0m discover_packages(path) check parameters
[0.299s] [34mcolcon.colcon_core.package_discovery[0m [1;30mLevel 1[0m discover_packages(colcon_meta) discover
[0.299s] [34mcolcon.colcon_core.package_discovery[0m [1;30mLevel 1[0m discover_packages(recursive) discover
[0.299s] [34mcolcon.colcon_core.package_discovery[0m [1;30mINFO[0m Crawling recursively for packages in '/home/jf/tello_tracking_ws'
[0.299s] [34mcolcon.colcon_core.package_identification[0m [1;30mLevel 1[0m _identify(.) by extensions ['ignore', 'ignore_ament_install']
[0.299s] [34mcolcon.colcon_core.package_identification[0m [1;30mLevel 1[0m _identify(.) by extension 'ignore'
[0.299s] [34mcolcon.colcon_core.package_identification[0m [1;30mLevel 1[0m _identify(.) by extension 'ignore_ament_install'
[0.299s] [34mcolcon.colcon_core.package_identification[0m [1;30mLevel 1[0m _identify(.) by extensions ['colcon_pkg']
[0.299s] [34mcolcon.colcon_core.package_identification[0m [1;30mLevel 1[0m _identify(.) by extension 'colcon_pkg'
[0.299s] [34mcolcon.colcon_core.package_identification[0m [1;30mLevel 1[0m _identify(.) by extensions ['colcon_meta']
[0.299s] [34mcolcon.colcon_core.package_identification[0m [1;30mLevel 1[0m _identify(.) by extension 'colcon_meta'
[0.299s] [34mcolcon.colcon_core.package_identification[0m [1;30mLevel 1[0m _identify(.) by extensions ['ros']
[0.299s] [34mcolcon.colcon_core.package_identification[0m [1;30mLevel 1[0m _identify(.) by extension 'ros'
[0.317s] [34mcolcon.colcon_core.package_identification[0m [1;30mLevel 1[0m _identify(.) by extensions ['cmake', 'python']
[0.317s] [34mcolcon.colcon_core.package_identification[0m [1;30mLevel 1[0m _identify(.) by extension 'cmake'
[0.317s] [34mcolcon.colcon_core.package_identification[0m [1;30mLevel 1[0m _identify(.) by extension 'python'
[0.317s] [34mcolcon.colcon_core.package_identification[0m [1;30mLevel 1[0m _identify(.) by extensions ['python_setup_py']
[0.317s] [34mcolcon.colcon_core.package_identification[0m [1;30mLevel 1[0m _identify(.) by extension 'python_setup_py'
[0.317s] [34mcolcon.colcon_core.package_identification[0m [1;30mLevel 1[0m _identify(build) by extensions ['ignore', 'ignore_ament_install']
[0.317s] [34mcolcon.colcon_core.package_identification[0m [1;30mLevel 1[0m _identify(build) by extension 'ignore'
[0.317s] [34mcolcon.colcon_core.package_identification[0m [1;30mLevel 1[0m _identify(build) ignored
[0.317s] [34mcolcon.colcon_core.package_identification[0m [1;30mLevel 1[0m _identify(install) by extensions ['ignore', 'ignore_ament_install']
[0.317s] [34mcolcon.colcon_core.package_identification[0m [1;30mLevel 1[0m _identify(install) by extension 'ignore'
[0.317s] [34mcolcon.colcon_core.package_identification[0m [1;30mLevel 1[0m _identify(install) ignored
[0.317s] [34mcolcon.colcon_core.package_identification[0m [1;30mLevel 1[0m _identify(log) by extensions ['ignore', 'ignore_ament_install']
[0.317s] [34mcolcon.colcon_core.package_identification[0m [1;30mLevel 1[0m _identify(log) by extension 'ignore'
[0.317s] [34mcolcon.colcon_core.package_identification[0m [1;30mLevel 1[0m _identify(log) ignored
[0.317s] [34mcolcon.colcon_core.package_identification[0m [1;30mLevel 1[0m _identify(src) by extensions ['ignore', 'ignore_ament_install']
[0.317s] [34mcolcon.colcon_core.package_identification[0m [1;30mLevel 1[0m _identify(src) by extension 'ignore'
[0.317s] [34mcolcon.colcon_core.package_identification[0m [1;30mLevel 1[0m _identify(src) by extension 'ignore_ament_install'
[0.318s] [34mcolcon.colcon_core.package_identification[0m [1;30mLevel 1[0m _identify(src) by extensions ['colcon_pkg']
[0.318s] [34mcolcon.colcon_core.package_identification[0m [1;30mLevel 1[0m _identify(src) by extension 'colcon_pkg'
[0.318s] [34mcolcon.colcon_core.package_identification[0m [1;30mLevel 1[0m _identify(src) by extensions ['colcon_meta']
[0.318s] [34mcolcon.colcon_core.package_identification[0m [1;30mLevel 1[0m _identify(src) by extension 'colcon_meta'
[0.318s] [34mcolcon.colcon_core.package_identification[0m [1;30mLevel 1[0m _identify(src) by extensions ['ros']
[0.318s] [34mcolcon.colcon_core.package_identification[0m [1;30mLevel 1[0m _identify(src) by extension 'ros'
[0.318s] [34mcolcon.colcon_core.package_identification[0m [1;30mLevel 1[0m _identify(src) by extensions ['cmake', 'python']
[0.318s] [34mcolcon.colcon_core.package_identification[0m [1;30mLevel 1[0m _identify(src) by extension 'cmake'
[0.318s] [34mcolcon.colcon_core.package_identification[0m [1;30mLevel 1[0m _identify(src) by extension 'python'
[0.318s] [34mcolcon.colcon_core.package_identification[0m [1;30mLevel 1[0m _identify(src) by extensions ['python_setup_py']
[0.318s] [34mcolcon.colcon_core.package_identification[0m [1;30mLevel 1[0m _identify(src) by extension 'python_setup_py'
[0.318s] [34mcolcon.colcon_core.package_identification[0m [1;30mLevel 1[0m _identify(src/ByteTrack) by extensions ['ignore', 'ignore_ament_install']
[0.318s] [34mcolcon.colcon_core.package_identification[0m [1;30mLevel 1[0m _identify(src/ByteTrack) by extension 'ignore'
[0.318s] [34mcolcon.colcon_core.package_identification[0m [1;30mLevel 1[0m _identify(src/ByteTrack) by extension 'ignore_ament_install'
[0.318s] [34mcolcon.colcon_core.package_identification[0m [1;30mLevel 1[0m _identify(src/ByteTrack) by extensions ['colcon_pkg']
[0.318s] [34mcolcon.colcon_core.package_identification[0m [1;30mLevel 1[0m _identify(src/ByteTrack) by extension 'colcon_pkg'
[0.318s] [34mcolcon.colcon_core.package_identification[0m [1;30mLevel 1[0m _identify(src/ByteTrack) by extensions ['colcon_meta']
[0.318s] [34mcolcon.colcon_core.package_identification[0m [1;30mLevel 1[0m _identify(src/ByteTrack) by extension 'colcon_meta'
[0.318s] [34mcolcon.colcon_core.package_identification[0m [1;30mLevel 1[0m _identify(src/ByteTrack) by extensions ['ros']
[0.318s] [34mcolcon.colcon_core.package_identification[0m [1;30mLevel 1[0m _identify(src/ByteTrack) by extension 'ros'
[0.318s] [34mcolcon.colcon_core.package_identification[0m [1;30mLevel 1[0m _identify(src/ByteTrack) by extensions ['cmake', 'python']
[0.318s] [34mcolcon.colcon_core.package_identification[0m [1;30mLevel 1[0m _identify(src/ByteTrack) by extension 'cmake'
[0.318s] [34mcolcon.colcon_core.package_identification[0m [1;30mLevel 1[0m _identify(src/ByteTrack) by extension 'python'
[0.318s] [34mcolcon.colcon_core.package_identification[0m [1;30mDEBUG[0m [32mPython package in 'src/ByteTrack' passes arguments to the setup() function which requires a different identification extension than 'python'[0m
[0.318s] [34mcolcon.colcon_core.package_identification[0m [1;30mLevel 1[0m _identify(src/ByteTrack) by extensions ['python_setup_py']
[0.319s] [34mcolcon.colcon_core.package_identification[0m [1;30mLevel 1[0m _identify(src/ByteTrack) by extension 'python_setup_py'
[2.493s] [34mcolcon.colcon_core.package_identification[0m [1;30mDEBUG[0m [32mPackage 'src/ByteTrack' with type 'python' and name 'yolox'[0m
[2.493s] [34mcolcon.colcon_core.package_identification[0m [1;30mLevel 1[0m _identify(src/yolov5) by extensions ['ignore', 'ignore_ament_install']
[2.500s] [34mcolcon.colcon_core.package_identification[0m [1;30mLevel 1[0m _identify(src/yolov5) by extension 'ignore'
[2.501s] [34mcolcon.colcon_core.package_identification[0m [1;30mLevel 1[0m _identify(src/yolov5) by extension 'ignore_ament_install'
[2.501s] [34mcolcon.colcon_core.package_identification[0m [1;30mLevel 1[0m _identify(src/yolov5) by extensions ['colcon_pkg']
[2.501s] [34mcolcon.colcon_core.package_identification[0m [1;30mLevel 1[0m _identify(src/yolov5) by extension 'colcon_pkg'
[2.501s] [34mcolcon.colcon_core.package_identification[0m [1;30mLevel 1[0m _identify(src/yolov5) by extensions ['colcon_meta']
[2.501s] [34mcolcon.colcon_core.package_identification[0m [1;30mLevel 1[0m _identify(src/yolov5) by extension 'colcon_meta'
[2.501s] [34mcolcon.colcon_core.package_identification[0m [1;30mLevel 1[0m _identify(src/yolov5) by extensions ['ros']
[2.501s] [34mcolcon.colcon_core.package_identification[0m [1;30mLevel 1[0m _identify(src/yolov5) by extension 'ros'
[2.501s] [34mcolcon.colcon_core.package_identification[0m [1;30mLevel 1[0m _identify(src/yolov5) by extensions ['cmake', 'python']
[2.501s] [34mcolcon.colcon_core.package_identification[0m [1;30mLevel 1[0m _identify(src/yolov5) by extension 'cmake'
[2.502s] [34mcolcon.colcon_core.package_identification[0m [1;30mLevel 1[0m _identify(src/yolov5) by extension 'python'
[2.502s] [34mcolcon.colcon_core.package_identification[0m [1;30mLevel 1[0m _identify(src/yolov5) by extensions ['python_setup_py']
[2.502s] [34mcolcon.colcon_core.package_identification[0m [1;30mLevel 1[0m _identify(src/yolov5) by extension 'python_setup_py'
[2.502s] [34mcolcon.colcon_core.package_identification[0m [1;30mLevel 1[0m _identify(src/yolov5/classify) by extensions ['ignore', 'ignore_ament_install']
[2.502s] [34mcolcon.colcon_core.package_identification[0m [1;30mLevel 1[0m _identify(src/yolov5/classify) by extension 'ignore'
[2.502s] [34mcolcon.colcon_core.package_identification[0m [1;30mLevel 1[0m _identify(src/yolov5/classify) by extension 'ignore_ament_install'
[2.502s] [34mcolcon.colcon_core.package_identification[0m [1;30mLevel 1[0m _identify(src/yolov5/classify) by extensions ['colcon_pkg']
[2.502s] [34mcolcon.colcon_core.package_identification[0m [1;30mLevel 1[0m _identify(src/yolov5/classify) by extension 'colcon_pkg'
[2.502s] [34mcolcon.colcon_core.package_identification[0m [1;30mLevel 1[0m _identify(src/yolov5/classify) by extensions ['colcon_meta']
[2.502s] [34mcolcon.colcon_core.package_identification[0m [1;30mLevel 1[0m _identify(src/yolov5/classify) by extension 'colcon_meta'
[2.502s] [34mcolcon.colcon_core.package_identification[0m [1;30mLevel 1[0m _identify(src/yolov5/classify) by extensions ['ros']
[2.502s] [34mcolcon.colcon_core.package_identification[0m [1;30mLevel 1[0m _identify(src/yolov5/classify) by extension 'ros'
[2.503s] [34mcolcon.colcon_core.package_identification[0m [1;30mLevel 1[0m _identify(src/yolov5/classify) by extensions ['cmake', 'python']
[2.503s] [34mcolcon.colcon_core.package_identification[0m [1;30mLevel 1[0m _identify(src/yolov5/classify) by extension 'cmake'
[2.503s] [34mcolcon.colcon_core.package_identification[0m [1;30mLevel 1[0m _identify(src/yolov5/classify) by extension 'python'
[2.503s] [34mcolcon.colcon_core.package_identification[0m [1;30mLevel 1[0m _identify(src/yolov5/classify) by extensions ['python_setup_py']
[2.503s] [34mcolcon.colcon_core.package_identification[0m [1;30mLevel 1[0m _identify(src/yolov5/classify) by extension 'python_setup_py'
[2.503s] [34mcolcon.colcon_core.package_identification[0m [1;30mLevel 1[0m _identify(src/yolov5/data) by extensions ['ignore', 'ignore_ament_install']
[2.503s] [34mcolcon.colcon_core.package_identification[0m [1;30mLevel 1[0m _identify(src/yolov5/data) by extension 'ignore'
[2.503s] [34mcolcon.colcon_core.package_identification[0m [1;30mLevel 1[0m _identify(src/yolov5/data) by extension 'ignore_ament_install'
[2.503s] [34mcolcon.colcon_core.package_identification[0m [1;30mLevel 1[0m _identify(src/yolov5/data) by extensions ['colcon_pkg']
[2.503s] [34mcolcon.colcon_core.package_identification[0m [1;30mLevel 1[0m _identify(src/yolov5/data) by extension 'colcon_pkg'
[2.503s] [34mcolcon.colcon_core.package_identification[0m [1;30mLevel 1[0m _identify(src/yolov5/data) by extensions ['colcon_meta']
[2.503s] [34mcolcon.colcon_core.package_identification[0m [1;30mLevel 1[0m _identify(src/yolov5/data) by extension 'colcon_meta'
[2.503s] [34mcolcon.colcon_core.package_identification[0m [1;30mLevel 1[0m _identify(src/yolov5/data) by extensions ['ros']
[2.503s] [34mcolcon.colcon_core.package_identification[0m [1;30mLevel 1[0m _identify(src/yolov5/data) by extension 'ros'
[2.503s] [34mcolcon.colcon_core.package_identification[0m [1;30mLevel 1[0m _identify(src/yolov5/data) by extensions ['cmake', 'python']
[2.503s] [34mcolcon.colcon_core.package_identification[0m [1;30mLevel 1[0m _identify(src/yolov5/data) by extension 'cmake'
[2.503s] [34mcolcon.colcon_core.package_identification[0m [1;30mLevel 1[0m _identify(src/yolov5/data) by extension 'python'
[2.503s] [34mcolcon.colcon_core.package_identification[0m [1;30mLevel 1[0m _identify(src/yolov5/data) by extensions ['python_setup_py']
[2.503s] [34mcolcon.colcon_core.package_identification[0m [1;30mLevel 1[0m _identify(src/yolov5/data) by extension 'python_setup_py'
[2.503s] [34mcolcon.colcon_core.package_identification[0m [1;30mLevel 1[0m _identify(src/yolov5/data/hyps) by extensions ['ignore', 'ignore_ament_install']
[2.503s] [34mcolcon.colcon_core.package_identification[0m [1;30mLevel 1[0m _identify(src/yolov5/data/hyps) by extension 'ignore'
[2.503s] [34mcolcon.colcon_core.package_identification[0m [1;30mLevel 1[0m _identify(src/yolov5/data/hyps) by extension 'ignore_ament_install'
[2.503s] [34mcolcon.colcon_core.package_identification[0m [1;30mLevel 1[0m _identify(src/yolov5/data/hyps) by extensions ['colcon_pkg']
[2.503s] [34mcolcon.colcon_core.package_identification[0m [1;30mLevel 1[0m _identify(src/yolov5/data/hyps) by extension 'colcon_pkg'
[2.503s] [34mcolcon.colcon_core.package_identification[0m [1;30mLevel 1[0m _identify(src/yolov5/data/hyps) by extensions ['colcon_meta']
[2.503s] [34mcolcon.colcon_core.package_identification[0m [1;30mLevel 1[0m _identify(src/yolov5/data/hyps) by extension 'colcon_meta'
[2.504s] [34mcolcon.colcon_core.package_identification[0m [1;30mLevel 1[0m _identify(src/yolov5/data/hyps) by extensions ['ros']
[2.504s] [34mcolcon.colcon_core.package_identification[0m [1;30mLevel 1[0m _identify(src/yolov5/data/hyps) by extension 'ros'
[2.504s] [34mcolcon.colcon_core.package_identification[0m [1;30mLevel 1[0m _identify(src/yolov5/data/hyps) by extensions ['cmake', 'python']
[2.504s] [34mcolcon.colcon_core.package_identification[0m [1;30mLevel 1[0m _identify(src/yolov5/data/hyps) by extension 'cmake'
[2.504s] [34mcolcon.colcon_core.package_identification[0m [1;30mLevel 1[0m _identify(src/yolov5/data/hyps) by extension 'python'
[2.504s] [34mcolcon.colcon_core.package_identification[0m [1;30mLevel 1[0m _identify(src/yolov5/data/hyps) by extensions ['python_setup_py']
[2.504s] [34mcolcon.colcon_core.package_identification[0m [1;30mLevel 1[0m _identify(src/yolov5/data/hyps) by extension 'python_setup_py'
[2.504s] [34mcolcon.colcon_core.package_identification[0m [1;30mLevel 1[0m _identify(src/yolov5/data/images) by extensions ['ignore', 'ignore_ament_install']
[2.504s] [34mcolcon.colcon_core.package_identification[0m [1;30mLevel 1[0m _identify(src/yolov5/data/images) by extension 'ignore'
[2.504s] [34mcolcon.colcon_core.package_identification[0m [1;30mLevel 1[0m _identify(src/yolov5/data/images) by extension 'ignore_ament_install'
[2.504s] [34mcolcon.colcon_core.package_identification[0m [1;30mLevel 1[0m _identify(src/yolov5/data/images) by extensions ['colcon_pkg']
[2.504s] [34mcolcon.colcon_core.package_identification[0m [1;30mLevel 1[0m _identify(src/yolov5/data/images) by extension 'colcon_pkg'
[2.504s] [34mcolcon.colcon_core.package_identification[0m [1;30mLevel 1[0m _identify(src/yolov5/data/images) by extensions ['colcon_meta']
[2.504s] [34mcolcon.colcon_core.package_identification[0m [1;30mLevel 1[0m _identify(src/yolov5/data/images) by extension 'colcon_meta'
[2.504s] [34mcolcon.colcon_core.package_identification[0m [1;30mLevel 1[0m _identify(src/yolov5/data/images) by extensions ['ros']
[2.504s] [34mcolcon.colcon_core.package_identification[0m [1;30mLevel 1[0m _identify(src/yolov5/data/images) by extension 'ros'
[2.504s] [34mcolcon.colcon_core.package_identification[0m [1;30mLevel 1[0m _identify(src/yolov5/data/images) by extensions ['cmake', 'python']
[2.504s] [34mcolcon.colcon_core.package_identification[0m [1;30mLevel 1[0m _identify(src/yolov5/data/images) by extension 'cmake'
[2.504s] [34mcolcon.colcon_core.package_identification[0m [1;30mLevel 1[0m _identify(src/yolov5/data/images) by extension 'python'
[2.504s] [34mcolcon.colcon_core.package_identification[0m [1;30mLevel 1[0m _identify(src/yolov5/data/images) by extensions ['python_setup_py']
[2.504s] [34mcolcon.colcon_core.package_identification[0m [1;30mLevel 1[0m _identify(src/yolov5/data/images) by extension 'python_setup_py'
[2.504s] [34mcolcon.colcon_core.package_identification[0m [1;30mLevel 1[0m _identify(src/yolov5/data/scripts) by extensions ['ignore', 'ignore_ament_install']
[2.504s] [34mcolcon.colcon_core.package_identification[0m [1;30mLevel 1[0m _identify(src/yolov5/data/scripts) by extension 'ignore'
[2.504s] [34mcolcon.colcon_core.package_identification[0m [1;30mLevel 1[0m _identify(src/yolov5/data/scripts) by extension 'ignore_ament_install'
[2.504s] [34mcolcon.colcon_core.package_identification[0m [1;30mLevel 1[0m _identify(src/yolov5/data/scripts) by extensions ['colcon_pkg']
[2.505s] [34mcolcon.colcon_core.package_identification[0m [1;30mLevel 1[0m _identify(src/yolov5/data/scripts) by extension 'colcon_pkg'
[2.505s] [34mcolcon.colcon_core.package_identification[0m [1;30mLevel 1[0m _identify(src/yolov5/data/scripts) by extensions ['colcon_meta']
[2.505s] [34mcolcon.colcon_core.package_identification[0m [1;30mLevel 1[0m _identify(src/yolov5/data/scripts) by extension 'colcon_meta'
[2.505s] [34mcolcon.colcon_core.package_identification[0m [1;30mLevel 1[0m _identify(src/yolov5/data/scripts) by extensions ['ros']
[2.505s] [34mcolcon.colcon_core.package_identification[0m [1;30mLevel 1[0m _identify(src/yolov5/data/scripts) by extension 'ros'
[2.505s] [34mcolcon.colcon_core.package_identification[0m [1;30mLevel 1[0m _identify(src/yolov5/data/scripts) by extensions ['cmake', 'python']
[2.505s] [34mcolcon.colcon_core.package_identification[0m [1;30mLevel 1[0m _identify(src/yolov5/data/scripts) by extension 'cmake'
[2.505s] [34mcolcon.colcon_core.package_identification[0m [1;30mLevel 1[0m _identify(src/yolov5/data/scripts) by extension 'python'
[2.505s] [34mcolcon.colcon_core.package_identification[0m [1;30mLevel 1[0m _identify(src/yolov5/data/scripts) by extensions ['python_setup_py']
[2.505s] [34mcolcon.colcon_core.package_identification[0m [1;30mLevel 1[0m _identify(src/yolov5/data/scripts) by extension 'python_setup_py'
[2.505s] [34mcolcon.colcon_core.package_identification[0m [1;30mLevel 1[0m _identify(src/yolov5/models) by extensions ['ignore', 'ignore_ament_install']
[2.505s] [34mcolcon.colcon_core.package_identification[0m [1;30mLevel 1[0m _identify(src/yolov5/models) by extension 'ignore'
[2.505s] [34mcolcon.colcon_core.package_identification[0m [1;30mLevel 1[0m _identify(src/yolov5/models) by extension 'ignore_ament_install'
[2.505s] [34mcolcon.colcon_core.package_identification[0m [1;30mLevel 1[0m _identify(src/yolov5/models) by extensions ['colcon_pkg']
[2.505s] [34mcolcon.colcon_core.package_identification[0m [1;30mLevel 1[0m _identify(src/yolov5/models) by extension 'colcon_pkg'
[2.505s] [34mcolcon.colcon_core.package_identification[0m [1;30mLevel 1[0m _identify(src/yolov5/models) by extensions ['colcon_meta']
[2.505s] [34mcolcon.colcon_core.package_identification[0m [1;30mLevel 1[0m _identify(src/yolov5/models) by extension 'colcon_meta'
[2.505s] [34mcolcon.colcon_core.package_identification[0m [1;30mLevel 1[0m _identify(src/yolov5/models) by extensions ['ros']
[2.505s] [34mcolcon.colcon_core.package_identification[0m [1;30mLevel 1[0m _identify(src/yolov5/models) by extension 'ros'
[2.505s] [34mcolcon.colcon_core.package_identification[0m [1;30mLevel 1[0m _identify(src/yolov5/models) by extensions ['cmake', 'python']
[2.505s] [34mcolcon.colcon_core.package_identification[0m [1;30mLevel 1[0m _identify(src/yolov5/models) by extension 'cmake'
[2.505s] [34mcolcon.colcon_core.package_identification[0m [1;30mLevel 1[0m _identify(src/yolov5/models) by extension 'python'
[2.505s] [34mcolcon.colcon_core.package_identification[0m [1;30mLevel 1[0m _identify(src/yolov5/models) by extensions ['python_setup_py']
[2.505s] [34mcolcon.colcon_core.package_identification[0m [1;30mLevel 1[0m _identify(src/yolov5/models) by extension 'python_setup_py'
[2.505s] [34mcolcon.colcon_core.package_identification[0m [1;30mLevel 1[0m _identify(src/yolov5/models/hub) by extensions ['ignore', 'ignore_ament_install']
[2.505s] [34mcolcon.colcon_core.package_identification[0m [1;30mLevel 1[0m _identify(src/yolov5/models/hub) by extension 'ignore'
[2.506s] [34mcolcon.colcon_core.package_identification[0m [1;30mLevel 1[0m _identify(src/yolov5/models/hub) by extension 'ignore_ament_install'
[2.506s] [34mcolcon.colcon_core.package_identification[0m [1;30mLevel 1[0m _identify(src/yolov5/models/hub) by extensions ['colcon_pkg']
[2.506s] [34mcolcon.colcon_core.package_identification[0m [1;30mLevel 1[0m _identify(src/yolov5/models/hub) by extension 'colcon_pkg'
[2.506s] [34mcolcon.colcon_core.package_identification[0m [1;30mLevel 1[0m _identify(src/yolov5/models/hub) by extensions ['colcon_meta']
[2.506s] [34mcolcon.colcon_core.package_identification[0m [1;30mLevel 1[0m _identify(src/yolov5/models/hub) by extension 'colcon_meta'
[2.506s] [34mcolcon.colcon_core.package_identification[0m [1;30mLevel 1[0m _identify(src/yolov5/models/hub) by extensions ['ros']
[2.506s] [34mcolcon.colcon_core.package_identification[0m [1;30mLevel 1[0m _identify(src/yolov5/models/hub) by extension 'ros'
[2.506s] [34mcolcon.colcon_core.package_identification[0m [1;30mLevel 1[0m _identify(src/yolov5/models/hub) by extensions ['cmake', 'python']
[2.506s] [34mcolcon.colcon_core.package_identification[0m [1;30mLevel 1[0m _identify(src/yolov5/models/hub) by extension 'cmake'
[2.506s] [34mcolcon.colcon_core.package_identification[0m [1;30mLevel 1[0m _identify(src/yolov5/models/hub) by extension 'python'
[2.506s] [34mcolcon.colcon_core.package_identification[0m [1;30mLevel 1[0m _identify(src/yolov5/models/hub) by extensions ['python_setup_py']
[2.506s] [34mcolcon.colcon_core.package_identification[0m [1;30mLevel 1[0m _identify(src/yolov5/models/hub) by extension 'python_setup_py'
[2.506s] [34mcolcon.colcon_core.package_identification[0m [1;30mLevel 1[0m _identify(src/yolov5/models/segment) by extensions ['ignore', 'ignore_ament_install']
[2.506s] [34mcolcon.colcon_core.package_identification[0m [1;30mLevel 1[0m _identify(src/yolov5/models/segment) by extension 'ignore'
[2.506s] [34mcolcon.colcon_core.package_identification[0m [1;30mLevel 1[0m _identify(src/yolov5/models/segment) by extension 'ignore_ament_install'
[2.506s] [34mcolcon.colcon_core.package_identification[0m [1;30mLevel 1[0m _identify(src/yolov5/models/segment) by extensions ['colcon_pkg']
[2.506s] [34mcolcon.colcon_core.package_identification[0m [1;30mLevel 1[0m _identify(src/yolov5/models/segment) by extension 'colcon_pkg'
[2.506s] [34mcolcon.colcon_core.package_identification[0m [1;30mLevel 1[0m _identify(src/yolov5/models/segment) by extensions ['colcon_meta']
[2.506s] [34mcolcon.colcon_core.package_identification[0m [1;30mLevel 1[0m _identify(src/yolov5/models/segment) by extension 'colcon_meta'
[2.506s] [34mcolcon.colcon_core.package_identification[0m [1;30mLevel 1[0m _identify(src/yolov5/models/segment) by extensions ['ros']
[2.506s] [34mcolcon.colcon_core.package_identification[0m [1;30mLevel 1[0m _identify(src/yolov5/models/segment) by extension 'ros'
[2.506s] [34mcolcon.colcon_core.package_identification[0m [1;30mLevel 1[0m _identify(src/yolov5/models/segment) by extensions ['cmake', 'python']
[2.506s] [34mcolcon.colcon_core.package_identification[0m [1;30mLevel 1[0m _identify(src/yolov5/models/segment) by extension 'cmake'
[2.506s] [34mcolcon.colcon_core.package_identification[0m [1;30mLevel 1[0m _identify(src/yolov5/models/segment) by extension 'python'
[2.506s] [34mcolcon.colcon_core.package_identification[0m [1;30mLevel 1[0m _identify(src/yolov5/models/segment) by extensions ['python_setup_py']
[2.506s] [34mcolcon.colcon_core.package_identification[0m [1;30mLevel 1[0m _identify(src/yolov5/models/segment) by extension 'python_setup_py'
[2.506s] [34mcolcon.colcon_core.package_identification[0m [1;30mLevel 1[0m _identify(src/yolov5/segment) by extensions ['ignore', 'ignore_ament_install']
[2.507s] [34mcolcon.colcon_core.package_identification[0m [1;30mLevel 1[0m _identify(src/yolov5/segment) by extension 'ignore'
[2.507s] [34mcolcon.colcon_core.package_identification[0m [1;30mLevel 1[0m _identify(src/yolov5/segment) by extension 'ignore_ament_install'
[2.507s] [34mcolcon.colcon_core.package_identification[0m [1;30mLevel 1[0m _identify(src/yolov5/segment) by extensions ['colcon_pkg']
[2.507s] [34mcolcon.colcon_core.package_identification[0m [1;30mLevel 1[0m _identify(src/yolov5/segment) by extension 'colcon_pkg'
[2.507s] [34mcolcon.colcon_core.package_identification[0m [1;30mLevel 1[0m _identify(src/yolov5/segment) by extensions ['colcon_meta']
[2.507s] [34mcolcon.colcon_core.package_identification[0m [1;30mLevel 1[0m _identify(src/yolov5/segment) by extension 'colcon_meta'
[2.507s] [34mcolcon.colcon_core.package_identification[0m [1;30mLevel 1[0m _identify(src/yolov5/segment) by extensions ['ros']
[2.507s] [34mcolcon.colcon_core.package_identification[0m [1;30mLevel 1[0m _identify(src/yolov5/segment) by extension 'ros'
[2.507s] [34mcolcon.colcon_core.package_identification[0m [1;30mLevel 1[0m _identify(src/yolov5/segment) by extensions ['cmake', 'python']
[2.507s] [34mcolcon.colcon_core.package_identification[0m [1;30mLevel 1[0m _identify(src/yolov5/segment) by extension 'cmake'
[2.507s] [34mcolcon.colcon_core.package_identification[0m [1;30mLevel 1[0m _identify(src/yolov5/segment) by extension 'python'
[2.507s] [34mcolcon.colcon_core.package_identification[0m [1;30mLevel 1[0m _identify(src/yolov5/segment) by extensions ['python_setup_py']
[2.507s] [34mcolcon.colcon_core.package_identification[0m [1;30mLevel 1[0m _identify(src/yolov5/segment) by extension 'python_setup_py'
[2.507s] [34mcolcon.colcon_core.package_identification[0m [1;30mLevel 1[0m _identify(src/yolov5/utils) by extensions ['ignore', 'ignore_ament_install']
[2.507s] [34mcolcon.colcon_core.package_identification[0m [1;30mLevel 1[0m _identify(src/yolov5/utils) by extension 'ignore'
[2.507s] [34mcolcon.colcon_core.package_identification[0m [1;30mLevel 1[0m _identify(src/yolov5/utils) by extension 'ignore_ament_install'
[2.507s] [34mcolcon.colcon_core.package_identification[0m [1;30mLevel 1[0m _identify(src/yolov5/utils) by extensions ['colcon_pkg']
[2.507s] [34mcolcon.colcon_core.package_identification[0m [1;30mLevel 1[0m _identify(src/yolov5/utils) by extension 'colcon_pkg'
[2.507s] [34mcolcon.colcon_core.package_identification[0m [1;30mLevel 1[0m _identify(src/yolov5/utils) by extensions ['colcon_meta']
[2.507s] [34mcolcon.colcon_core.package_identification[0m [1;30mLevel 1[0m _identify(src/yolov5/utils) by extension 'colcon_meta'
[2.507s] [34mcolcon.colcon_core.package_identification[0m [1;30mLevel 1[0m _identify(src/yolov5/utils) by extensions ['ros']
[2.507s] [34mcolcon.colcon_core.package_identification[0m [1;30mLevel 1[0m _identify(src/yolov5/utils) by extension 'ros'
[2.507s] [34mcolcon.colcon_core.package_identification[0m [1;30mLevel 1[0m _identify(src/yolov5/utils) by extensions ['cmake', 'python']
[2.507s] [34mcolcon.colcon_core.package_identification[0m [1;30mLevel 1[0m _identify(src/yolov5/utils) by extension 'cmake'
[2.507s] [34mcolcon.colcon_core.package_identification[0m [1;30mLevel 1[0m _identify(src/yolov5/utils) by extension 'python'
[2.507s] [34mcolcon.colcon_core.package_identification[0m [1;30mLevel 1[0m _identify(src/yolov5/utils) by extensions ['python_setup_py']
[2.507s] [34mcolcon.colcon_core.package_identification[0m [1;30mLevel 1[0m _identify(src/yolov5/utils) by extension 'python_setup_py'
[2.508s] [34mcolcon.colcon_core.package_identification[0m [1;30mLevel 1[0m _identify(src/yolov5/utils/aws) by extensions ['ignore', 'ignore_ament_install']
[2.508s] [34mcolcon.colcon_core.package_identification[0m [1;30mLevel 1[0m _identify(src/yolov5/utils/aws) by extension 'ignore'
[2.508s] [34mcolcon.colcon_core.package_identification[0m [1;30mLevel 1[0m _identify(src/yolov5/utils/aws) by extension 'ignore_ament_install'
[2.508s] [34mcolcon.colcon_core.package_identification[0m [1;30mLevel 1[0m _identify(src/yolov5/utils/aws) by extensions ['colcon_pkg']
[2.508s] [34mcolcon.colcon_core.package_identification[0m [1;30mLevel 1[0m _identify(src/yolov5/utils/aws) by extension 'colcon_pkg'
[2.508s] [34mcolcon.colcon_core.package_identification[0m [1;30mLevel 1[0m _identify(src/yolov5/utils/aws) by extensions ['colcon_meta']
[2.508s] [34mcolcon.colcon_core.package_identification[0m [1;30mLevel 1[0m _identify(src/yolov5/utils/aws) by extension 'colcon_meta'
[2.508s] [34mcolcon.colcon_core.package_identification[0m [1;30mLevel 1[0m _identify(src/yolov5/utils/aws) by extensions ['ros']
[2.508s] [34mcolcon.colcon_core.package_identification[0m [1;30mLevel 1[0m _identify(src/yolov5/utils/aws) by extension 'ros'
[2.508s] [34mcolcon.colcon_core.package_identification[0m [1;30mLevel 1[0m _identify(src/yolov5/utils/aws) by extensions ['cmake', 'python']
[2.508s] [34mcolcon.colcon_core.package_identification[0m [1;30mLevel 1[0m _identify(src/yolov5/utils/aws) by extension 'cmake'
[2.508s] [34mcolcon.colcon_core.package_identification[0m [1;30mLevel 1[0m _identify(src/yolov5/utils/aws) by extension 'python'
[2.508s] [34mcolcon.colcon_core.package_identification[0m [1;30mLevel 1[0m _identify(src/yolov5/utils/aws) by extensions ['python_setup_py']
[2.508s] [34mcolcon.colcon_core.package_identification[0m [1;30mLevel 1[0m _identify(src/yolov5/utils/aws) by extension 'python_setup_py'
[2.508s] [34mcolcon.colcon_core.package_identification[0m [1;30mLevel 1[0m _identify(src/yolov5/utils/docker) by extensions ['ignore', 'ignore_ament_install']
[2.508s] [34mcolcon.colcon_core.package_identification[0m [1;30mLevel 1[0m _identify(src/yolov5/utils/docker) by extension 'ignore'
[2.508s] [34mcolcon.colcon_core.package_identification[0m [1;30mLevel 1[0m _identify(src/yolov5/utils/docker) by extension 'ignore_ament_install'
[2.508s] [34mcolcon.colcon_core.package_identification[0m [1;30mLevel 1[0m _identify(src/yolov5/utils/docker) by extensions ['colcon_pkg']
[2.508s] [34mcolcon.colcon_core.package_identification[0m [1;30mLevel 1[0m _identify(src/yolov5/utils/docker) by extension 'colcon_pkg'
[2.508s] [34mcolcon.colcon_core.package_identification[0m [1;30mLevel 1[0m _identify(src/yolov5/utils/docker) by extensions ['colcon_meta']
[2.508s] [34mcolcon.colcon_core.package_identification[0m [1;30mLevel 1[0m _identify(src/yolov5/utils/docker) by extension 'colcon_meta'
[2.508s] [34mcolcon.colcon_core.package_identification[0m [1;30mLevel 1[0m _identify(src/yolov5/utils/docker) by extensions ['ros']
[2.508s] [34mcolcon.colcon_core.package_identification[0m [1;30mLevel 1[0m _identify(src/yolov5/utils/docker) by extension 'ros'
[2.508s] [34mcolcon.colcon_core.package_identification[0m [1;30mLevel 1[0m _identify(src/yolov5/utils/docker) by extensions ['cmake', 'python']
[2.508s] [34mcolcon.colcon_core.package_identification[0m [1;30mLevel 1[0m _identify(src/yolov5/utils/docker) by extension 'cmake'
[2.508s] [34mcolcon.colcon_core.package_identification[0m [1;30mLevel 1[0m _identify(src/yolov5/utils/docker) by extension 'python'
[2.508s] [34mcolcon.colcon_core.package_identification[0m [1;30mLevel 1[0m _identify(src/yolov5/utils/docker) by extensions ['python_setup_py']
[2.508s] [34mcolcon.colcon_core.package_identification[0m [1;30mLevel 1[0m _identify(src/yolov5/utils/docker) by extension 'python_setup_py'
[2.509s] [34mcolcon.colcon_core.package_identification[0m [1;30mLevel 1[0m _identify(src/yolov5/utils/flask_rest_api) by extensions ['ignore', 'ignore_ament_install']
[2.509s] [34mcolcon.colcon_core.package_identification[0m [1;30mLevel 1[0m _identify(src/yolov5/utils/flask_rest_api) by extension 'ignore'
[2.509s] [34mcolcon.colcon_core.package_identification[0m [1;30mLevel 1[0m _identify(src/yolov5/utils/flask_rest_api) by extension 'ignore_ament_install'
[2.509s] [34mcolcon.colcon_core.package_identification[0m [1;30mLevel 1[0m _identify(src/yolov5/utils/flask_rest_api) by extensions ['colcon_pkg']
[2.509s] [34mcolcon.colcon_core.package_identification[0m [1;30mLevel 1[0m _identify(src/yolov5/utils/flask_rest_api) by extension 'colcon_pkg'
[2.509s] [34mcolcon.colcon_core.package_identification[0m [1;30mLevel 1[0m _identify(src/yolov5/utils/flask_rest_api) by extensions ['colcon_meta']
[2.509s] [34mcolcon.colcon_core.package_identification[0m [1;30mLevel 1[0m _identify(src/yolov5/utils/flask_rest_api) by extension 'colcon_meta'
[2.509s] [34mcolcon.colcon_core.package_identification[0m [1;30mLevel 1[0m _identify(src/yolov5/utils/flask_rest_api) by extensions ['ros']
[2.509s] [34mcolcon.colcon_core.package_identification[0m [1;30mLevel 1[0m _identify(src/yolov5/utils/flask_rest_api) by extension 'ros'
[2.509s] [34mcolcon.colcon_core.package_identification[0m [1;30mLevel 1[0m _identify(src/yolov5/utils/flask_rest_api) by extensions ['cmake', 'python']
[2.509s] [34mcolcon.colcon_core.package_identification[0m [1;30mLevel 1[0m _identify(src/yolov5/utils/flask_rest_api) by extension 'cmake'
[2.509s] [34mcolcon.colcon_core.package_identification[0m [1;30mLevel 1[0m _identify(src/yolov5/utils/flask_rest_api) by extension 'python'
[2.509s] [34mcolcon.colcon_core.package_identification[0m [1;30mLevel 1[0m _identify(src/yolov5/utils/flask_rest_api) by extensions ['python_setup_py']
[2.509s] [34mcolcon.colcon_core.package_identification[0m [1;30mLevel 1[0m _identify(src/yolov5/utils/flask_rest_api) by extension 'python_setup_py'
[2.509s] [34mcolcon.colcon_core.package_identification[0m [1;30mLevel 1[0m _identify(src/yolov5/utils/google_app_engine) by extensions ['ignore', 'ignore_ament_install']
[2.509s] [34mcolcon.colcon_core.package_identification[0m [1;30mLevel 1[0m _identify(src/yolov5/utils/google_app_engine) by extension 'ignore'
[2.509s] [34mcolcon.colcon_core.package_identification[0m [1;30mLevel 1[0m _identify(src/yolov5/utils/google_app_engine) by extension 'ignore_ament_install'
[2.509s] [34mcolcon.colcon_core.package_identification[0m [1;30mLevel 1[0m _identify(src/yolov5/utils/google_app_engine) by extensions ['colcon_pkg']
[2.509s] [34mcolcon.colcon_core.package_identification[0m [1;30mLevel 1[0m _identify(src/yolov5/utils/google_app_engine) by extension 'colcon_pkg'
[2.509s] [34mcolcon.colcon_core.package_identification[0m [1;30mLevel 1[0m _identify(src/yolov5/utils/google_app_engine) by extensions ['colcon_meta']
[2.509s] [34mcolcon.colcon_core.package_identification[0m [1;30mLevel 1[0m _identify(src/yolov5/utils/google_app_engine) by extension 'colcon_meta'
[2.509s] [34mcolcon.colcon_core.package_identification[0m [1;30mLevel 1[0m _identify(src/yolov5/utils/google_app_engine) by extensions ['ros']
[2.509s] [34mcolcon.colcon_core.package_identification[0m [1;30mLevel 1[0m _identify(src/yolov5/utils/google_app_engine) by extension 'ros'
[2.509s] [34mcolcon.colcon_core.package_identification[0m [1;30mLevel 1[0m _identify(src/yolov5/utils/google_app_engine) by extensions ['cmake', 'python']
[2.509s] [34mcolcon.colcon_core.package_identification[0m [1;30mLevel 1[0m _identify(src/yolov5/utils/google_app_engine) by extension 'cmake'
[2.509s] [34mcolcon.colcon_core.package_identification[0m [1;30mLevel 1[0m _identify(src/yolov5/utils/google_app_engine) by extension 'python'
[2.510s] [34mcolcon.colcon_core.package_identification[0m [1;30mLevel 1[0m _identify(src/yolov5/utils/google_app_engine) by extensions ['python_setup_py']
[2.510s] [34mcolcon.colcon_core.package_identification[0m [1;30mLevel 1[0m _identify(src/yolov5/utils/google_app_engine) by extension 'python_setup_py'
[2.510s] [34mcolcon.colcon_core.package_identification[0m [1;30mLevel 1[0m _identify(src/yolov5/utils/loggers) by extensions ['ignore', 'ignore_ament_install']
[2.510s] [34mcolcon.colcon_core.package_identification[0m [1;30mLevel 1[0m _identify(src/yolov5/utils/loggers) by extension 'ignore'
[2.510s] [34mcolcon.colcon_core.package_identification[0m [1;30mLevel 1[0m _identify(src/yolov5/utils/loggers) by extension 'ignore_ament_install'
[2.510s] [34mcolcon.colcon_core.package_identification[0m [1;30mLevel 1[0m _identify(src/yolov5/utils/loggers) by extensions ['colcon_pkg']
[2.510s] [34mcolcon.colcon_core.package_identification[0m [1;30mLevel 1[0m _identify(src/yolov5/utils/loggers) by extension 'colcon_pkg'
[2.510s] [34mcolcon.colcon_core.package_identification[0m [1;30mLevel 1[0m _identify(src/yolov5/utils/loggers) by extensions ['colcon_meta']
[2.510s] [34mcolcon.colcon_core.package_identification[0m [1;30mLevel 1[0m _identify(src/yolov5/utils/loggers) by extension 'colcon_meta'
[2.510s] [34mcolcon.colcon_core.package_identification[0m [1;30mLevel 1[0m _identify(src/yolov5/utils/loggers) by extensions ['ros']
[2.510s] [34mcolcon.colcon_core.package_identification[0m [1;30mLevel 1[0m _identify(src/yolov5/utils/loggers) by extension 'ros'
[2.510s] [34mcolcon.colcon_core.package_identification[0m [1;30mLevel 1[0m _identify(src/yolov5/utils/loggers) by extensions ['cmake', 'python']
[2.510s] [34mcolcon.colcon_core.package_identification[0m [1;30mLevel 1[0m _identify(src/yolov5/utils/loggers) by extension 'cmake'
[2.510s] [34mcolcon.colcon_core.package_identification[0m [1;30mLevel 1[0m _identify(src/yolov5/utils/loggers) by extension 'python'
[2.510s] [34mcolcon.colcon_core.package_identification[0m [1;30mLevel 1[0m _identify(src/yolov5/utils/loggers) by extensions ['python_setup_py']
[2.510s] [34mcolcon.colcon_core.package_identification[0m [1;30mLevel 1[0m _identify(src/yolov5/utils/loggers) by extension 'python_setup_py'
[2.510s] [34mcolcon.colcon_core.package_identification[0m [1;30mLevel 1[0m _identify(src/yolov5/utils/loggers/clearml) by extensions ['ignore', 'ignore_ament_install']
[2.510s] [34mcolcon.colcon_core.package_identification[0m [1;30mLevel 1[0m _identify(src/yolov5/utils/loggers/clearml) by extension 'ignore'
[2.510s] [34mcolcon.colcon_core.package_identification[0m [1;30mLevel 1[0m _identify(src/yolov5/utils/loggers/clearml) by extension 'ignore_ament_install'
[2.510s] [34mcolcon.colcon_core.package_identification[0m [1;30mLevel 1[0m _identify(src/yolov5/utils/loggers/clearml) by extensions ['colcon_pkg']
[2.510s] [34mcolcon.colcon_core.package_identification[0m [1;30mLevel 1[0m _identify(src/yolov5/utils/loggers/clearml) by extension 'colcon_pkg'
[2.510s] [34mcolcon.colcon_core.package_identification[0m [1;30mLevel 1[0m _identify(src/yolov5/utils/loggers/clearml) by extensions ['colcon_meta']
[2.510s] [34mcolcon.colcon_core.package_identification[0m [1;30mLevel 1[0m _identify(src/yolov5/utils/loggers/clearml) by extension 'colcon_meta'
[2.510s] [34mcolcon.colcon_core.package_identification[0m [1;30mLevel 1[0m _identify(src/yolov5/utils/loggers/clearml) by extensions ['ros']
[2.510s] [34mcolcon.colcon_core.package_identification[0m [1;30mLevel 1[0m _identify(src/yolov5/utils/loggers/clearml) by extension 'ros'
[2.510s] [34mcolcon.colcon_core.package_identification[0m [1;30mLevel 1[0m _identify(src/yolov5/utils/loggers/clearml) by extensions ['cmake', 'python']
[2.510s] [34mcolcon.colcon_core.package_identification[0m [1;30mLevel 1[0m _identify(src/yolov5/utils/loggers/clearml) by extension 'cmake'
[2.511s] [34mcolcon.colcon_core.package_identification[0m [1;30mLevel 1[0m _identify(src/yolov5/utils/loggers/clearml) by extension 'python'
[2.511s] [34mcolcon.colcon_core.package_identification[0m [1;30mLevel 1[0m _identify(src/yolov5/utils/loggers/clearml) by extensions ['python_setup_py']
[2.511s] [34mcolcon.colcon_core.package_identification[0m [1;30mLevel 1[0m _identify(src/yolov5/utils/loggers/clearml) by extension 'python_setup_py'
[2.511s] [34mcolcon.colcon_core.package_identification[0m [1;30mLevel 1[0m _identify(src/yolov5/utils/loggers/comet) by extensions ['ignore', 'ignore_ament_install']
[2.511s] [34mcolcon.colcon_core.package_identification[0m [1;30mLevel 1[0m _identify(src/yolov5/utils/loggers/comet) by extension 'ignore'
[2.511s] [34mcolcon.colcon_core.package_identification[0m [1;30mLevel 1[0m _identify(src/yolov5/utils/loggers/comet) by extension 'ignore_ament_install'
[2.511s] [34mcolcon.colcon_core.package_identification[0m [1;30mLevel 1[0m _identify(src/yolov5/utils/loggers/comet) by extensions ['colcon_pkg']
[2.511s] [34mcolcon.colcon_core.package_identification[0m [1;30mLevel 1[0m _identify(src/yolov5/utils/loggers/comet) by extension 'colcon_pkg'
[2.511s] [34mcolcon.colcon_core.package_identification[0m [1;30mLevel 1[0m _identify(src/yolov5/utils/loggers/comet) by extensions ['colcon_meta']
[2.511s] [34mcolcon.colcon_core.package_identification[0m [1;30mLevel 1[0m _identify(src/yolov5/utils/loggers/comet) by extension 'colcon_meta'
[2.511s] [34mcolcon.colcon_core.package_identification[0m [1;30mLevel 1[0m _identify(src/yolov5/utils/loggers/comet) by extensions ['ros']
[2.511s] [34mcolcon.colcon_core.package_identification[0m [1;30mLevel 1[0m _identify(src/yolov5/utils/loggers/comet) by extension 'ros'
[2.511s] [34mcolcon.colcon_core.package_identification[0m [1;30mLevel 1[0m _identify(src/yolov5/utils/loggers/comet) by extensions ['cmake', 'python']
[2.511s] [34mcolcon.colcon_core.package_identification[0m [1;30mLevel 1[0m _identify(src/yolov5/utils/loggers/comet) by extension 'cmake'
[2.511s] [34mcolcon.colcon_core.package_identification[0m [1;30mLevel 1[0m _identify(src/yolov5/utils/loggers/comet) by extension 'python'
[2.511s] [34mcolcon.colcon_core.package_identification[0m [1;30mLevel 1[0m _identify(src/yolov5/utils/loggers/comet) by extensions ['python_setup_py']
[2.511s] [34mcolcon.colcon_core.package_identification[0m [1;30mLevel 1[0m _identify(src/yolov5/utils/loggers/comet) by extension 'python_setup_py'
[2.511s] [34mcolcon.colcon_core.package_identification[0m [1;30mLevel 1[0m _identify(src/yolov5/utils/loggers/wandb) by extensions ['ignore', 'ignore_ament_install']
[2.511s] [34mcolcon.colcon_core.package_identification[0m [1;30mLevel 1[0m _identify(src/yolov5/utils/loggers/wandb) by extension 'ignore'
[2.511s] [34mcolcon.colcon_core.package_identification[0m [1;30mLevel 1[0m _identify(src/yolov5/utils/loggers/wandb) by extension 'ignore_ament_install'
[2.511s] [34mcolcon.colcon_core.package_identification[0m [1;30mLevel 1[0m _identify(src/yolov5/utils/loggers/wandb) by extensions ['colcon_pkg']
[2.511s] [34mcolcon.colcon_core.package_identification[0m [1;30mLevel 1[0m _identify(src/yolov5/utils/loggers/wandb) by extension 'colcon_pkg'
[2.511s] [34mcolcon.colcon_core.package_identification[0m [1;30mLevel 1[0m _identify(src/yolov5/utils/loggers/wandb) by extensions ['colcon_meta']
[2.511s] [34mcolcon.colcon_core.package_identification[0m [1;30mLevel 1[0m _identify(src/yolov5/utils/loggers/wandb) by extension 'colcon_meta'
[2.511s] [34mcolcon.colcon_core.package_identification[0m [1;30mLevel 1[0m _identify(src/yolov5/utils/loggers/wandb) by extensions ['ros']
[2.511s] [34mcolcon.colcon_core.package_identification[0m [1;30mLevel 1[0m _identify(src/yolov5/utils/loggers/wandb) by extension 'ros'
[2.512s] [34mcolcon.colcon_core.package_identification[0m [1;30mLevel 1[0m _identify(src/yolov5/utils/loggers/wandb) by extensions ['cmake', 'python']
[2.512s] [34mcolcon.colcon_core.package_identification[0m [1;30mLevel 1[0m _identify(src/yolov5/utils/loggers/wandb) by extension 'cmake'
[2.512s] [34mcolcon.colcon_core.package_identification[0m [1;30mLevel 1[0m _identify(src/yolov5/utils/loggers/wandb) by extension 'python'
[2.512s] [34mcolcon.colcon_core.package_identification[0m [1;30mLevel 1[0m _identify(src/yolov5/utils/loggers/wandb) by extensions ['python_setup_py']
[2.512s] [34mcolcon.colcon_core.package_identification[0m [1;30mLevel 1[0m _identify(src/yolov5/utils/loggers/wandb) by extension 'python_setup_py'
[2.512s] [34mcolcon.colcon_core.package_identification[0m [1;30mLevel 1[0m _identify(src/yolov5/utils/segment) by extensions ['ignore', 'ignore_ament_install']
[2.512s] [34mcolcon.colcon_core.package_identification[0m [1;30mLevel 1[0m _identify(src/yolov5/utils/segment) by extension 'ignore'
[2.512s] [34mcolcon.colcon_core.package_identification[0m [1;30mLevel 1[0m _identify(src/yolov5/utils/segment) by extension 'ignore_ament_install'
[2.512s] [34mcolcon.colcon_core.package_identification[0m [1;30mLevel 1[0m _identify(src/yolov5/utils/segment) by extensions ['colcon_pkg']
[2.512s] [34mcolcon.colcon_core.package_identification[0m [1;30mLevel 1[0m _identify(src/yolov5/utils/segment) by extension 'colcon_pkg'
[2.512s] [34mcolcon.colcon_core.package_identification[0m [1;30mLevel 1[0m _identify(src/yolov5/utils/segment) by extensions ['colcon_meta']
[2.512s] [34mcolcon.colcon_core.package_identification[0m [1;30mLevel 1[0m _identify(src/yolov5/utils/segment) by extension 'colcon_meta'
[2.512s] [34mcolcon.colcon_core.package_identification[0m [1;30mLevel 1[0m _identify(src/yolov5/utils/segment) by extensions ['ros']
[2.512s] [34mcolcon.colcon_core.package_identification[0m [1;30mLevel 1[0m _identify(src/yolov5/utils/segment) by extension 'ros'
[2.512s] [34mcolcon.colcon_core.package_identification[0m [1;30mLevel 1[0m _identify(src/yolov5/utils/segment) by extensions ['cmake', 'python']
[2.512s] [34mcolcon.colcon_core.package_identification[0m [1;30mLevel 1[0m _identify(src/yolov5/utils/segment) by extension 'cmake'
[2.512s] [34mcolcon.colcon_core.package_identification[0m [1;30mLevel 1[0m _identify(src/yolov5/utils/segment) by extension 'python'
[2.512s] [34mcolcon.colcon_core.package_identification[0m [1;30mLevel 1[0m _identify(src/yolov5/utils/segment) by extensions ['python_setup_py']
[2.512s] [34mcolcon.colcon_core.package_identification[0m [1;30mLevel 1[0m _identify(src/yolov5/utils/segment) by extension 'python_setup_py'
[2.512s] [34mcolcon.colcon_core.package_identification[0m [1;30mLevel 1[0m _identify(src/yolov5_bytetrack_ros) by extensions ['ignore', 'ignore_ament_install']
[2.512s] [34mcolcon.colcon_core.package_identification[0m [1;30mLevel 1[0m _identify(src/yolov5_bytetrack_ros) by extension 'ignore'
[2.512s] [34mcolcon.colcon_core.package_identification[0m [1;30mLevel 1[0m _identify(src/yolov5_bytetrack_ros) by extension 'ignore_ament_install'
[2.512s] [34mcolcon.colcon_core.package_identification[0m [1;30mLevel 1[0m _identify(src/yolov5_bytetrack_ros) by extensions ['colcon_pkg']
[2.512s] [34mcolcon.colcon_core.package_identification[0m [1;30mLevel 1[0m _identify(src/yolov5_bytetrack_ros) by extension 'colcon_pkg'
[2.512s] [34mcolcon.colcon_core.package_identification[0m [1;30mLevel 1[0m _identify(src/yolov5_bytetrack_ros) by extensions ['colcon_meta']
[2.512s] [34mcolcon.colcon_core.package_identification[0m [1;30mLevel 1[0m _identify(src/yolov5_bytetrack_ros) by extension 'colcon_meta'
[2.513s] [34mcolcon.colcon_core.package_identification[0m [1;30mLevel 1[0m _identify(src/yolov5_bytetrack_ros) by extensions ['ros']
[2.513s] [34mcolcon.colcon_core.package_identification[0m [1;30mLevel 1[0m _identify(src/yolov5_bytetrack_ros) by extension 'ros'
[2.514s] [34mcolcon.colcon_core.package_identification[0m [1;30mDEBUG[0m [32mPackage 'src/yolov5_bytetrack_ros' with type 'ros.ament_python' and name 'yolov5_bytetrack_ros'[0m
[2.514s] [34mcolcon.colcon_core.package_discovery[0m [1;30mLevel 1[0m discover_packages(recursive) using defaults
[2.515s] [34mcolcon.colcon_core.package_discovery[0m [1;30mLevel 1[0m discover_packages(ignore) discover
[2.515s] [34mcolcon.colcon_core.package_discovery[0m [1;30mLevel 1[0m discover_packages(ignore) using defaults
[2.515s] [34mcolcon.colcon_core.package_discovery[0m [1;30mLevel 1[0m discover_packages(path) discover
[2.515s] [34mcolcon.colcon_core.package_discovery[0m [1;30mLevel 1[0m discover_packages(path) using defaults
[2.527s] [34mcolcon.colcon_core.package_discovery[0m [1;30mLevel 1[0m discover_packages(prefix_path) check parameters
[2.527s] [34mcolcon.colcon_core.package_discovery[0m [1;30mLevel 1[0m discover_packages(prefix_path) discover
[2.528s] [34mcolcon.colcon_installed_package_information.package_discovery[0m [1;30mDEBUG[0m [32mFound 2 installed packages in /home/jf/tello_tracking_ws/install[0m
[2.530s] [34mcolcon.colcon_installed_package_information.package_discovery[0m [1;30mDEBUG[0m [32mFound 272 installed packages in /opt/ros/humble[0m
[2.531s] [34mcolcon.colcon_core.package_discovery[0m [1;30mLevel 1[0m discover_packages(prefix_path) using defaults
[2.558s] [34mcolcon.colcon_core.verb[0m [1;30mLevel 5[0m set package 'yolov5_bytetrack_ros' build argument 'cmake_args' from command line to 'None'
[2.558s] [34mcolcon.colcon_core.verb[0m [1;30mLevel 5[0m set package 'yolov5_bytetrack_ros' build argument 'cmake_target' from command line to 'None'
[2.558s] [34mcolcon.colcon_core.verb[0m [1;30mLevel 5[0m set package 'yolov5_bytetrack_ros' build argument 'cmake_target_skip_unavailable' from command line to 'False'
[2.558s] [34mcolcon.colcon_core.verb[0m [1;30mLevel 5[0m set package 'yolov5_bytetrack_ros' build argument 'cmake_clean_cache' from command line to 'False'
[2.558s] [34mcolcon.colcon_core.verb[0m [1;30mLevel 5[0m set package 'yolov5_bytetrack_ros' build argument 'cmake_clean_first' from command line to 'False'
[2.558s] [34mcolcon.colcon_core.verb[0m [1;30mLevel 5[0m set package 'yolov5_bytetrack_ros' build argument 'cmake_force_configure' from command line to 'False'
[2.558s] [34mcolcon.colcon_core.verb[0m [1;30mLevel 5[0m set package 'yolov5_bytetrack_ros' build argument 'ament_cmake_args' from command line to 'None'
[2.558s] [34mcolcon.colcon_core.verb[0m [1;30mLevel 5[0m set package 'yolov5_bytetrack_ros' build argument 'catkin_cmake_args' from command line to 'None'
[2.558s] [34mcolcon.colcon_core.verb[0m [1;30mLevel 5[0m set package 'yolov5_bytetrack_ros' build argument 'catkin_skip_building_tests' from command line to 'False'
[2.558s] [34mcolcon.colcon_core.verb[0m [1;30mDEBUG[0m [32mBuilding package 'yolov5_bytetrack_ros' with the following arguments: {'ament_cmake_args': None, 'build_base': '/home/jf/tello_tracking_ws/build/yolov5_bytetrack_ros', 'catkin_cmake_args': None, 'catkin_skip_building_tests': False, 'cmake_args': None, 'cmake_clean_cache': False, 'cmake_clean_first': False, 'cmake_force_configure': False, 'cmake_target': None, 'cmake_target_skip_unavailable': False, 'install_base': '/home/jf/tello_tracking_ws/install/yolov5_bytetrack_ros', 'merge_install': False, 'path': '/home/jf/tello_tracking_ws/src/yolov5_bytetrack_ros', 'symlink_install': False, 'test_result_base': None}[0m
[2.558s] [34mcolcon.colcon_core.verb[0m [1;30mLevel 5[0m set package 'yolox' build argument 'cmake_args' from command line to 'None'
[2.558s] [34mcolcon.colcon_core.verb[0m [1;30mLevel 5[0m set package 'yolox' build argument 'cmake_target' from command line to 'None'
[2.558s] [34mcolcon.colcon_core.verb[0m [1;30mLevel 5[0m set package 'yolox' build argument 'cmake_target_skip_unavailable' from command line to 'False'
[2.558s] [34mcolcon.colcon_core.verb[0m [1;30mLevel 5[0m set package 'yolox' build argument 'cmake_clean_cache' from command line to 'False'
[2.558s] [34mcolcon.colcon_core.verb[0m [1;30mLevel 5[0m set package 'yolox' build argument 'cmake_clean_first' from command line to 'False'
[2.558s] [34mcolcon.colcon_core.verb[0m [1;30mLevel 5[0m set package 'yolox' build argument 'cmake_force_configure' from command line to 'False'
[2.558s] [34mcolcon.colcon_core.verb[0m [1;30mLevel 5[0m set package 'yolox' build argument 'ament_cmake_args' from command line to 'None'
[2.558s] [34mcolcon.colcon_core.verb[0m [1;30mLevel 5[0m set package 'yolox' build argument 'catkin_cmake_args' from command line to 'None'
[2.558s] [34mcolcon.colcon_core.verb[0m [1;30mLevel 5[0m set package 'yolox' build argument 'catkin_skip_building_tests' from command line to 'False'
[2.558s] [34mcolcon.colcon_core.verb[0m [1;30mDEBUG[0m [32mBuilding package 'yolox' with the following arguments: {'ament_cmake_args': None, 'build_base': '/home/jf/tello_tracking_ws/build/yolox', 'catkin_cmake_args': None, 'catkin_skip_building_tests': False, 'cmake_args': None, 'cmake_clean_cache': False, 'cmake_clean_first': False, 'cmake_force_configure': False, 'cmake_target': None, 'cmake_target_skip_unavailable': False, 'install_base': '/home/jf/tello_tracking_ws/install/yolox', 'merge_install': False, 'path': '/home/jf/tello_tracking_ws/src/ByteTrack', 'symlink_install': False, 'test_result_base': None}[0m
[2.558s] [34mcolcon.colcon_core.executor[0m [1;30mINFO[0m Executing jobs using 'parallel' executor
[2.560s] [34mcolcon.colcon_parallel_executor.executor.parallel[0m [1;30mDEBUG[0m [32mrun_until_complete[0m
[2.560s] [34mcolcon.colcon_ros.task.ament_python.build[0m [1;30mINFO[0m Building ROS package in '/home/jf/tello_tracking_ws/src/yolov5_bytetrack_ros' with build type 'ament_python'
[2.560s] [34mcolcon.colcon_core.shell[0m [1;30mLevel 1[0m create_environment_hook('yolov5_bytetrack_ros', 'ament_prefix_path')
[2.562s] [34mcolcon.colcon_core.plugin_system[0m [1;30mINFO[0m Skipping extension 'colcon_core.shell.bat': Not used on non-Windows systems
[2.562s] [34mcolcon.colcon_core.shell[0m [1;30mINFO[0m Creating environment hook '/home/jf/tello_tracking_ws/install/yolov5_bytetrack_ros/share/yolov5_bytetrack_ros/hook/ament_prefix_path.ps1'
[2.563s] [34mcolcon.colcon_core.shell[0m [1;30mINFO[0m Creating environment descriptor '/home/jf/tello_tracking_ws/install/yolov5_bytetrack_ros/share/yolov5_bytetrack_ros/hook/ament_prefix_path.dsv'
[2.563s] [34mcolcon.colcon_core.shell[0m [1;30mINFO[0m Creating environment hook '/home/jf/tello_tracking_ws/install/yolov5_bytetrack_ros/share/yolov5_bytetrack_ros/hook/ament_prefix_path.sh'
[2.564s] [34mcolcon.colcon_core.shell[0m [1;30mINFO[0m Skip shell extension 'powershell' for command environment: Not usable outside of PowerShell
[2.564s] [34mcolcon.colcon_core.shell[0m [1;30mDEBUG[0m [32mSkip shell extension 'dsv' for command environment[0m
[2.566s] [34mcolcon.colcon_core.task.python.build[0m [1;30mINFO[0m Building Python package in '/home/jf/tello_tracking_ws/src/ByteTrack'
[2.567s] [34mcolcon.colcon_core.shell[0m [1;30mINFO[0m Skip shell extension 'powershell' for command environment: Not usable outside of PowerShell
[2.567s] [34mcolcon.colcon_core.shell[0m [1;30mDEBUG[0m [32mSkip shell extension 'dsv' for command environment[0m
[2.885s] [34mcolcon.colcon_core.task.python.build[0m [1;30mINFO[0m Building Python package in '/home/jf/tello_tracking_ws/src/yolov5_bytetrack_ros'
[2.886s] [34mcolcon.colcon_core.shell[0m [1;30mINFO[0m Skip shell extension 'powershell' for command environment: Not usable outside of PowerShell
[2.886s] [34mcolcon.colcon_core.shell[0m [1;30mDEBUG[0m [32mSkip shell extension 'dsv' for command environment[0m
[5.633s] [34mcolcon.colcon_core.event_handler.log_command[0m [1;30mDEBUG[0m [32mInvoking command in '/home/jf/tello_tracking_ws/src/yolov5_bytetrack_ros': PYTHONPATH=/home/jf/tello_tracking_ws/build/yolov5_bytetrack_ros/prefix_override:/usr/lib/python3/dist-packages/colcon_core/task/python/colcon_distutils_commands:/home/jf/tello_tracking_ws/install/yolov5_bytetrack_ros/lib/python3.10/site-packages:${PYTHONPATH} /usr/bin/python3 -W ignore:setup.py install is deprecated -W ignore:easy_install command is deprecated setup.py egg_info --egg-base ../../build/yolov5_bytetrack_ros build --build-base /home/jf/tello_tracking_ws/build/yolov5_bytetrack_ros/build install --record /home/jf/tello_tracking_ws/build/yolov5_bytetrack_ros/install.log --single-version-externally-managed install_data[0m
[6.169s] [34mcolcon.colcon_core.event_handler.log_command[0m [1;30mDEBUG[0m [32mInvoked command in '/home/jf/tello_tracking_ws/src/yolov5_bytetrack_ros' returned '0': PYTHONPATH=/home/jf/tello_tracking_ws/build/yolov5_bytetrack_ros/prefix_override:/usr/lib/python3/dist-packages/colcon_core/task/python/colcon_distutils_commands:/home/jf/tello_tracking_ws/install/yolov5_bytetrack_ros/lib/python3.10/site-packages:${PYTHONPATH} /usr/bin/python3 -W ignore:setup.py install is deprecated -W ignore:easy_install command is deprecated setup.py egg_info --egg-base ../../build/yolov5_bytetrack_ros build --build-base /home/jf/tello_tracking_ws/build/yolov5_bytetrack_ros/build install --record /home/jf/tello_tracking_ws/build/yolov5_bytetrack_ros/install.log --single-version-externally-managed install_data[0m
[6.171s] [34mcolcon.colcon_core.environment[0m [1;30mLevel 1[0m checking '/home/jf/tello_tracking_ws/install/yolov5_bytetrack_ros' for CMake module files
[6.172s] [34mcolcon.colcon_core.environment[0m [1;30mLevel 1[0m checking '/home/jf/tello_tracking_ws/install/yolov5_bytetrack_ros' for CMake config files
[6.173s] [34mcolcon.colcon_core.environment[0m [1;30mLevel 1[0m checking '/home/jf/tello_tracking_ws/install/yolov5_bytetrack_ros/lib'
[6.173s] [34mcolcon.colcon_core.environment[0m [1;30mLevel 1[0m checking '/home/jf/tello_tracking_ws/install/yolov5_bytetrack_ros/bin'
[6.173s] [34mcolcon.colcon_core.environment[0m [1;30mLevel 1[0m checking '/home/jf/tello_tracking_ws/install/yolov5_bytetrack_ros/lib/pkgconfig/yolov5_bytetrack_ros.pc'
[6.173s] [34mcolcon.colcon_core.environment[0m [1;30mLevel 1[0m checking '/home/jf/tello_tracking_ws/install/yolov5_bytetrack_ros/lib/python3.10/site-packages'
[6.173s] [34mcolcon.colcon_core.shell[0m [1;30mLevel 1[0m create_environment_hook('yolov5_bytetrack_ros', 'pythonpath')
[6.174s] [34mcolcon.colcon_core.shell[0m [1;30mINFO[0m Creating environment hook '/home/jf/tello_tracking_ws/install/yolov5_bytetrack_ros/share/yolov5_bytetrack_ros/hook/pythonpath.ps1'
[6.174s] [34mcolcon.colcon_core.shell[0m [1;30mINFO[0m Creating environment descriptor '/home/jf/tello_tracking_ws/install/yolov5_bytetrack_ros/share/yolov5_bytetrack_ros/hook/pythonpath.dsv'
[6.175s] [34mcolcon.colcon_core.shell[0m [1;30mINFO[0m Creating environment hook '/home/jf/tello_tracking_ws/install/yolov5_bytetrack_ros/share/yolov5_bytetrack_ros/hook/pythonpath.sh'
[6.175s] [34mcolcon.colcon_core.environment[0m [1;30mLevel 1[0m checking '/home/jf/tello_tracking_ws/install/yolov5_bytetrack_ros/bin'
[6.175s] [34mcolcon.colcon_core.environment[0m [1;30mLevel 1[0m create_environment_scripts_only(yolov5_bytetrack_ros)
[6.176s] [34mcolcon.colcon_core.shell[0m [1;30mINFO[0m Creating package script '/home/jf/tello_tracking_ws/install/yolov5_bytetrack_ros/share/yolov5_bytetrack_ros/package.ps1'
[6.177s] [34mcolcon.colcon_core.shell[0m [1;30mINFO[0m Creating package descriptor '/home/jf/tello_tracking_ws/install/yolov5_bytetrack_ros/share/yolov5_bytetrack_ros/package.dsv'
[6.178s] [34mcolcon.colcon_core.shell[0m [1;30mINFO[0m Creating package script '/home/jf/tello_tracking_ws/install/yolov5_bytetrack_ros/share/yolov5_bytetrack_ros/package.sh'
[6.178s] [34mcolcon.colcon_core.shell[0m [1;30mINFO[0m Creating package script '/home/jf/tello_tracking_ws/install/yolov5_bytetrack_ros/share/yolov5_bytetrack_ros/package.bash'
[6.179s] [34mcolcon.colcon_core.shell[0m [1;30mINFO[0m Creating package script '/home/jf/tello_tracking_ws/install/yolov5_bytetrack_ros/share/yolov5_bytetrack_ros/package.zsh'
[6.180s] [34mcolcon.colcon_core.environment[0m [1;30mLevel 1[0m create_file_with_runtime_dependencies(/home/jf/tello_tracking_ws/install/yolov5_bytetrack_ros/share/colcon-core/packages/yolov5_bytetrack_ros)
[7.506s] [34mcolcon.colcon_core.event_handler.log_command[0m [1;30mDEBUG[0m [32mInvoking command in '/home/jf/tello_tracking_ws/src/ByteTrack': PYTHONPATH=/home/jf/tello_tracking_ws/build/yolox/prefix_override:/usr/lib/python3/dist-packages/colcon_core/task/python/colcon_distutils_commands:/home/jf/tello_tracking_ws/install/yolox/lib/python3.10/site-packages:${PYTHONPATH} /usr/bin/python3 -W ignore:setup.py install is deprecated -W ignore:easy_install command is deprecated setup.py egg_info --egg-base ../../build/yolox build --build-base /home/jf/tello_tracking_ws/build/yolox/build install --record /home/jf/tello_tracking_ws/build/yolox/install.log --single-version-externally-managed[0m
[10.252s] [34mcolcon.colcon_core.environment[0m [1;30mLevel 1[0m checking '/home/jf/tello_tracking_ws/install/yolox' for CMake module files
[10.252s] [34mcolcon.colcon_core.event_handler.log_command[0m [1;30mDEBUG[0m [32mInvoked command in '/home/jf/tello_tracking_ws/src/ByteTrack' returned '0': PYTHONPATH=/home/jf/tello_tracking_ws/build/yolox/prefix_override:/usr/lib/python3/dist-packages/colcon_core/task/python/colcon_distutils_commands:/home/jf/tello_tracking_ws/install/yolox/lib/python3.10/site-packages:${PYTHONPATH} /usr/bin/python3 -W ignore:setup.py install is deprecated -W ignore:easy_install command is deprecated setup.py egg_info --egg-base ../../build/yolox build --build-base /home/jf/tello_tracking_ws/build/yolox/build install --record /home/jf/tello_tracking_ws/build/yolox/install.log --single-version-externally-managed[0m
[10.253s] [34mcolcon.colcon_core.environment[0m [1;30mLevel 1[0m checking '/home/jf/tello_tracking_ws/install/yolox' for CMake config files
[10.254s] [34mcolcon.colcon_core.environment[0m [1;30mLevel 1[0m checking '/home/jf/tello_tracking_ws/install/yolox/lib'
[10.254s] [34mcolcon.colcon_core.environment[0m [1;30mLevel 1[0m checking '/home/jf/tello_tracking_ws/install/yolox/bin'
[10.254s] [34mcolcon.colcon_core.environment[0m [1;30mLevel 1[0m checking '/home/jf/tello_tracking_ws/install/yolox/lib/pkgconfig/yolox.pc'
[10.254s] [34mcolcon.colcon_core.environment[0m [1;30mLevel 1[0m checking '/home/jf/tello_tracking_ws/install/yolox/lib/python3.10/site-packages'
[10.254s] [34mcolcon.colcon_core.shell[0m [1;30mLevel 1[0m create_environment_hook('yolox', 'pythonpath')
[10.255s] [34mcolcon.colcon_core.shell[0m [1;30mINFO[0m Creating environment hook '/home/jf/tello_tracking_ws/install/yolox/share/yolox/hook/pythonpath.ps1'
[10.255s] [34mcolcon.colcon_core.shell[0m [1;30mINFO[0m Creating environment descriptor '/home/jf/tello_tracking_ws/install/yolox/share/yolox/hook/pythonpath.dsv'
[10.255s] [34mcolcon.colcon_core.shell[0m [1;30mINFO[0m Creating environment hook '/home/jf/tello_tracking_ws/install/yolox/share/yolox/hook/pythonpath.sh'
[10.256s] [34mcolcon.colcon_core.environment[0m [1;30mLevel 1[0m checking '/home/jf/tello_tracking_ws/install/yolox/bin'
[10.256s] [34mcolcon.colcon_core.environment[0m [1;30mLevel 1[0m create_environment_scripts_only(yolox)
[10.256s] [34mcolcon.colcon_core.shell[0m [1;30mINFO[0m Creating package script '/home/jf/tello_tracking_ws/install/yolox/share/yolox/package.ps1'
[10.256s] [34mcolcon.colcon_core.shell[0m [1;30mINFO[0m Creating package descriptor '/home/jf/tello_tracking_ws/install/yolox/share/yolox/package.dsv'
[10.256s] [34mcolcon.colcon_core.shell[0m [1;30mINFO[0m Creating package script '/home/jf/tello_tracking_ws/install/yolox/share/yolox/package.sh'
[10.257s] [34mcolcon.colcon_core.shell[0m [1;30mINFO[0m Creating package script '/home/jf/tello_tracking_ws/install/yolox/share/yolox/package.bash'
[10.257s] [34mcolcon.colcon_core.shell[0m [1;30mINFO[0m Creating package script '/home/jf/tello_tracking_ws/install/yolox/share/yolox/package.zsh'
[10.257s] [34mcolcon.colcon_core.environment[0m [1;30mLevel 1[0m create_file_with_runtime_dependencies(/home/jf/tello_tracking_ws/install/yolox/share/colcon-core/packages/yolox)
[10.257s] [34mcolcon.colcon_parallel_executor.executor.parallel[0m [1;30mDEBUG[0m [32mclosing loop[0m
[10.258s] [34mcolcon.colcon_parallel_executor.executor.parallel[0m [1;30mDEBUG[0m [32mloop closed[0m
[10.258s] [34mcolcon.colcon_parallel_executor.executor.parallel[0m [1;30mDEBUG[0m [32mrun_until_complete finished with '0'[0m
[10.258s] [34mcolcon.colcon_core.event_reactor[0m [1;30mDEBUG[0m [32mjoining thread[0m
[10.262s] [34mcolcon.colcon_core.plugin_system[0m [1;30mINFO[0m Skipping extension 'colcon_notification.desktop_notification.terminal_notifier': Not used on non-Darwin systems
[10.263s] [34mcolcon.colcon_core.plugin_system[0m [1;30mINFO[0m Skipping extension 'colcon_notification.desktop_notification.win32': Not used on non-Windows systems
[10.263s] [34mcolcon.colcon_notification.desktop_notification[0m [1;30mINFO[0m Sending desktop notification using 'notify2'
[10.289s] [34mcolcon.colcon_core.event_reactor[0m [1;30mDEBUG[0m [32mjoined thread[0m
[10.290s] [34mcolcon.colcon_core.shell[0m [1;30mINFO[0m Creating prefix script '/home/jf/tello_tracking_ws/install/local_setup.ps1'
[10.291s] [34mcolcon.colcon_core.shell[0m [1;30mINFO[0m Creating prefix util module '/home/jf/tello_tracking_ws/install/_local_setup_util_ps1.py'
[10.292s] [34mcolcon.colcon_core.shell[0m [1;30mINFO[0m Creating prefix chain script '/home/jf/tello_tracking_ws/install/setup.ps1'
[10.293s] [34mcolcon.colcon_core.shell[0m [1;30mINFO[0m Creating prefix script '/home/jf/tello_tracking_ws/install/local_setup.sh'
[10.293s] [34mcolcon.colcon_core.shell[0m [1;30mINFO[0m Creating prefix util module '/home/jf/tello_tracking_ws/install/_local_setup_util_sh.py'
[10.294s] [34mcolcon.colcon_core.shell[0m [1;30mINFO[0m Creating prefix chain script '/home/jf/tello_tracking_ws/install/setup.sh'
[10.294s] [34mcolcon.colcon_core.shell[0m [1;30mINFO[0m Creating prefix script '/home/jf/tello_tracking_ws/install/local_setup.bash'
[10.295s] [34mcolcon.colcon_core.shell[0m [1;30mINFO[0m Creating prefix chain script '/home/jf/tello_tracking_ws/install/setup.bash'
[10.295s] [34mcolcon.colcon_core.shell[0m [1;30mINFO[0m Creating prefix script '/home/jf/tello_tracking_ws/install/local_setup.zsh'
[10.296s] [34mcolcon.colcon_core.shell[0m [1;30mINFO[0m Creating prefix chain script '/home/jf/tello_tracking_ws/install/setup.zsh'
