[1.437s] Invoking command in '/home/jf/tello_tracking_ws/src/yolov5_bytetrack_ros': PYTHONPATH=/home/jf/tello_tracking_ws/build/yolov5_bytetrack_ros/prefix_override:/usr/lib/python3/dist-packages/colcon_core/task/python/colcon_distutils_commands:/home/jf/tello_tracking_ws/install/yolov5_bytetrack_ros/lib/python3.10/site-packages:${PYTHONPATH} /usr/bin/python3 -W ignore:setup.py install is deprecated -W ignore:easy_install command is deprecated setup.py egg_info --egg-base ../../build/yolov5_bytetrack_ros build --build-base /home/jf/tello_tracking_ws/build/yolov5_bytetrack_ros/build install --record /home/jf/tello_tracking_ws/build/yolov5_bytetrack_ros/install.log --single-version-externally-managed install_data
[1.963s] running egg_info
[1.996s] writing ../../build/yolov5_bytetrack_ros/yolov5_bytetrack_ros.egg-info/PKG-INFO
[1.996s] writing dependency_links to ../../build/yolov5_bytetrack_ros/yolov5_bytetrack_ros.egg-info/dependency_links.txt
[1.997s] writing entry points to ../../build/yolov5_bytetrack_ros/yolov5_bytetrack_ros.egg-info/entry_points.txt
[1.997s] writing requirements to ../../build/yolov5_bytetrack_ros/yolov5_bytetrack_ros.egg-info/requires.txt
[1.997s] writing top-level names to ../../build/yolov5_bytetrack_ros/yolov5_bytetrack_ros.egg-info/top_level.txt
[2.041s] reading manifest file '../../build/yolov5_bytetrack_ros/yolov5_bytetrack_ros.egg-info/SOURCES.txt'
[2.042s] writing manifest file '../../build/yolov5_bytetrack_ros/yolov5_bytetrack_ros.egg-info/SOURCES.txt'
[2.042s] running build
[2.042s] running build_py
[2.044s] running install
[2.051s] running install_lib
[2.074s] running install_data
[2.074s] running install_egg_info
[2.097s] removing '/home/jf/tello_tracking_ws/install/yolov5_bytetrack_ros/lib/python3.10/site-packages/yolov5_bytetrack_ros-0.0.0-py3.10.egg-info' (and everything under it)
[2.097s] Copying ../../build/yolov5_bytetrack_ros/yolov5_bytetrack_ros.egg-info to /home/jf/tello_tracking_ws/install/yolov5_bytetrack_ros/lib/python3.10/site-packages/yolov5_bytetrack_ros-0.0.0-py3.10.egg-info
[2.098s] running install_scripts
[2.183s] Installing tello_image_publisher script to /home/jf/tello_tracking_ws/install/yolov5_bytetrack_ros/lib/yolov5_bytetrack_ros
[2.183s] Installing tello_video_bridge script to /home/jf/tello_tracking_ws/install/yolov5_bytetrack_ros/lib/yolov5_bytetrack_ros
[2.183s] Installing tello_video_subscriber script to /home/jf/tello_tracking_ws/install/yolov5_bytetrack_ros/lib/yolov5_bytetrack_ros
[2.184s] Installing tracker_node script to /home/jf/tello_tracking_ws/install/yolov5_bytetrack_ros/lib/yolov5_bytetrack_ros
[2.184s] writing list of installed files to '/home/jf/tello_tracking_ws/build/yolov5_bytetrack_ros/install.log'
[2.243s] Invoked command in '/home/jf/tello_tracking_ws/src/yolov5_bytetrack_ros' returned '0': PYTHONPATH=/home/jf/tello_tracking_ws/build/yolov5_bytetrack_ros/prefix_override:/usr/lib/python3/dist-packages/colcon_core/task/python/colcon_distutils_commands:/home/jf/tello_tracking_ws/install/yolov5_bytetrack_ros/lib/python3.10/site-packages:${PYTHONPATH} /usr/bin/python3 -W ignore:setup.py install is deprecated -W ignore:easy_install command is deprecated setup.py egg_info --egg-base ../../build/yolov5_bytetrack_ros build --build-base /home/jf/tello_tracking_ws/build/yolov5_bytetrack_ros/build install --record /home/jf/tello_tracking_ws/build/yolov5_bytetrack_ros/install.log --single-version-externally-managed install_data
