running egg_info
writing ../../build/yolox/yolox.egg-info/PKG-INFO
writing dependency_links to ../../build/yolox/yolox.egg-info/dependency_links.txt
writing top-level names to ../../build/yolox/yolox.egg-info/top_level.txt
reading manifest file '../../build/yolox/yolox.egg-info/SOURCES.txt'
adding license file 'LICENSE'
writing manifest file '../../build/yolox/yolox.egg-info/SOURCES.txt'
running build
running build_py
running build_ext
building 'yolox._C' extension
Emitting ninja build file /home/jf/tello_tracking_ws/build/yolox/build/temp.linux-x86_64-cpython-310/build.ninja...
Compiling objects...
Allowing ninja to set a default number of workers... (overridable by setting the environment variable MAX_JOBS=N)
ninja: no work to do.
x86_64-linux-gnu-g++ -shared -Wl,-O1 -Wl,-Bsymbolic-functions -Wl,-Bsymbolic-functions -g -fwrapv -O2 /home/jf/tello_tracking_ws/build/yolox/build/temp.linux-x86_64-cpython-310/home/jf/tello_tracking_ws/src/ByteTrack/yolox/layers/csrc/cocoeval/cocoeval.o /home/jf/tello_tracking_ws/build/yolox/build/temp.linux-x86_64-cpython-310/home/jf/tello_tracking_ws/src/ByteTrack/yolox/layers/csrc/vision.o -L/home/jf/.local/lib/python3.10/site-packages/torch/lib -L/usr/lib/x86_64-linux-gnu -lc10 -ltorch -ltorch_cpu -ltorch_python -o /home/jf/tello_tracking_ws/build/yolox/build/lib.linux-x86_64-cpython-310/yolox/_C.cpython-310-x86_64-linux-gnu.so
running install
running install_lib
copying /home/jf/tello_tracking_ws/build/yolox/build/lib.linux-x86_64-cpython-310/yolox/_C.cpython-310-x86_64-linux-gnu.so -> /home/jf/tello_tracking_ws/install/yolox/lib/python3.10/site-packages/yolox
running install_egg_info
removing '/home/jf/tello_tracking_ws/install/yolox/lib/python3.10/site-packages/yolox-0.1.0-py3.10.egg-info' (and everything under it)
Copying ../../build/yolox/yolox.egg-info to /home/jf/tello_tracking_ws/install/yolox/lib/python3.10/site-packages/yolox-0.1.0-py3.10.egg-info
running install_scripts
writing list of installed files to '/home/jf/tello_tracking_ws/build/yolox/install.log'
