[4.834s] Invoking command in '/home/jf/tello_tracking_ws/src/ByteTrack': PYTHONPATH=/home/jf/tello_tracking_ws/build/yolox/prefix_override:/usr/lib/python3/dist-packages/colcon_core/task/python/colcon_distutils_commands:/home/jf/tello_tracking_ws/install/yolox/lib/python3.10/site-packages:${PYTHONPATH} /usr/bin/python3 -W ignore:setup.py install is deprecated -W ignore:easy_install command is deprecated setup.py egg_info --egg-base ../../build/yolox build --build-base /home/jf/tello_tracking_ws/build/yolox/build install --record /home/jf/tello_tracking_ws/build/yolox/install.log --single-version-externally-managed
[6.566s] running egg_info
[6.566s] creating ../../build/yolox/yolox.egg-info
[6.578s] writing ../../build/yolox/yolox.egg-info/PKG-INFO
[6.579s] writing dependency_links to ../../build/yolox/yolox.egg-info/dependency_links.txt
[6.579s] writing top-level names to ../../build/yolox/yolox.egg-info/top_level.txt
[6.579s] writing manifest file '../../build/yolox/yolox.egg-info/SOURCES.txt'
[6.613s] reading manifest file '../../build/yolox/yolox.egg-info/SOURCES.txt'
[6.613s] adding license file 'LICENSE'
[6.614s] writing manifest file '../../build/yolox/yolox.egg-info/SOURCES.txt'
[6.614s] running build
[6.614s] running build_py
[6.614s] creating /home/jf/tello_tracking_ws/build/yolox/build
[6.615s] creating /home/jf/tello_tracking_ws/build/yolox/build/lib.linux-x86_64-cpython-310
[6.615s] creating /home/jf/tello_tracking_ws/build/yolox/build/lib.linux-x86_64-cpython-310/tools
[6.615s] copying tools/track_deepsort.py -> /home/jf/tello_tracking_ws/build/yolox/build/lib.linux-x86_64-cpython-310/tools
[6.615s] copying tools/convert_mot17_to_coco.py -> /home/jf/tello_tracking_ws/build/yolox/build/lib.linux-x86_64-cpython-310/tools
[6.615s] copying tools/mix_data_test_mot17.py -> /home/jf/tello_tracking_ws/build/yolox/build/lib.linux-x86_64-cpython-310/tools
[6.615s] copying tools/convert_video.py -> /home/jf/tello_tracking_ws/build/yolox/build/lib.linux-x86_64-cpython-310/tools
[6.615s] copying tools/convert_ethz_to_coco.py -> /home/jf/tello_tracking_ws/build/yolox/build/lib.linux-x86_64-cpython-310/tools
[6.615s] copying tools/mix_data_ablation.py -> /home/jf/tello_tracking_ws/build/yolox/build/lib.linux-x86_64-cpython-310/tools
[6.616s] copying tools/train.py -> /home/jf/tello_tracking_ws/build/yolox/build/lib.linux-x86_64-cpython-310/tools
[6.616s] copying tools/convert_mot20_to_coco.py -> /home/jf/tello_tracking_ws/build/yolox/build/lib.linux-x86_64-cpython-310/tools
[6.616s] copying tools/track_sort.py -> /home/jf/tello_tracking_ws/build/yolox/build/lib.linux-x86_64-cpython-310/tools
[6.616s] copying tools/convert_cityperson_to_coco.py -> /home/jf/tello_tracking_ws/build/yolox/build/lib.linux-x86_64-cpython-310/tools
[6.616s] copying tools/mota.py -> /home/jf/tello_tracking_ws/build/yolox/build/lib.linux-x86_64-cpython-310/tools
[6.616s] copying tools/track.py -> /home/jf/tello_tracking_ws/build/yolox/build/lib.linux-x86_64-cpython-310/tools
[6.616s] copying tools/mix_data_test_mot20.py -> /home/jf/tello_tracking_ws/build/yolox/build/lib.linux-x86_64-cpython-310/tools
[6.616s] copying tools/export_onnx.py -> /home/jf/tello_tracking_ws/build/yolox/build/lib.linux-x86_64-cpython-310/tools
[6.616s] copying tools/convert_crowdhuman_to_coco.py -> /home/jf/tello_tracking_ws/build/yolox/build/lib.linux-x86_64-cpython-310/tools
[6.617s] copying tools/interpolation.py -> /home/jf/tello_tracking_ws/build/yolox/build/lib.linux-x86_64-cpython-310/tools
[6.617s] copying tools/track_motdt.py -> /home/jf/tello_tracking_ws/build/yolox/build/lib.linux-x86_64-cpython-310/tools
[6.617s] copying tools/trt.py -> /home/jf/tello_tracking_ws/build/yolox/build/lib.linux-x86_64-cpython-310/tools
[6.617s] copying tools/demo_track.py -> /home/jf/tello_tracking_ws/build/yolox/build/lib.linux-x86_64-cpython-310/tools
[6.617s] copying tools/txt2video.py -> /home/jf/tello_tracking_ws/build/yolox/build/lib.linux-x86_64-cpython-310/tools
[6.617s] creating /home/jf/tello_tracking_ws/build/yolox/build/lib.linux-x86_64-cpython-310/yolox
[6.617s] copying yolox/__init__.py -> /home/jf/tello_tracking_ws/build/yolox/build/lib.linux-x86_64-cpython-310/yolox
[6.618s] creating /home/jf/tello_tracking_ws/build/yolox/build/lib.linux-x86_64-cpython-310/tutorials
[6.618s] creating /home/jf/tello_tracking_ws/build/yolox/build/lib.linux-x86_64-cpython-310/tutorials/qdtrack
[6.618s] copying tutorials/qdtrack/tracker_reid_motion.py -> /home/jf/tello_tracking_ws/build/yolox/build/lib.linux-x86_64-cpython-310/tutorials/qdtrack
[6.618s] copying tutorials/qdtrack/byte_tracker.py -> /home/jf/tello_tracking_ws/build/yolox/build/lib.linux-x86_64-cpython-310/tutorials/qdtrack
[6.618s] copying tutorials/qdtrack/qdtrack.py -> /home/jf/tello_tracking_ws/build/yolox/build/lib.linux-x86_64-cpython-310/tutorials/qdtrack
[6.618s] creating /home/jf/tello_tracking_ws/build/yolox/build/lib.linux-x86_64-cpython-310/tutorials/transtrack
[6.619s] copying tutorials/transtrack/tracker.py -> /home/jf/tello_tracking_ws/build/yolox/build/lib.linux-x86_64-cpython-310/tutorials/transtrack
[6.619s] copying tutorials/transtrack/engine_track.py -> /home/jf/tello_tracking_ws/build/yolox/build/lib.linux-x86_64-cpython-310/tutorials/transtrack
[6.619s] copying tutorials/transtrack/save_track.py -> /home/jf/tello_tracking_ws/build/yolox/build/lib.linux-x86_64-cpython-310/tutorials/transtrack
[6.619s] copying tutorials/transtrack/main_track.py -> /home/jf/tello_tracking_ws/build/yolox/build/lib.linux-x86_64-cpython-310/tutorials/transtrack
[6.619s] creating /home/jf/tello_tracking_ws/build/yolox/build/lib.linux-x86_64-cpython-310/tutorials/centertrack
[6.619s] copying tutorials/centertrack/tracker.py -> /home/jf/tello_tracking_ws/build/yolox/build/lib.linux-x86_64-cpython-310/tutorials/centertrack
[6.619s] copying tutorials/centertrack/opts.py -> /home/jf/tello_tracking_ws/build/yolox/build/lib.linux-x86_64-cpython-310/tutorials/centertrack
[6.619s] copying tutorials/centertrack/byte_tracker.py -> /home/jf/tello_tracking_ws/build/yolox/build/lib.linux-x86_64-cpython-310/tutorials/centertrack
[6.620s] creating /home/jf/tello_tracking_ws/build/yolox/build/lib.linux-x86_64-cpython-310/tutorials/ctracker
[6.620s] copying tutorials/ctracker/test_byte.py -> /home/jf/tello_tracking_ws/build/yolox/build/lib.linux-x86_64-cpython-310/tutorials/ctracker
[6.620s] copying tutorials/ctracker/eval_motchallenge.py -> /home/jf/tello_tracking_ws/build/yolox/build/lib.linux-x86_64-cpython-310/tutorials/ctracker
[6.620s] copying tutorials/ctracker/byte_tracker.py -> /home/jf/tello_tracking_ws/build/yolox/build/lib.linux-x86_64-cpython-310/tutorials/ctracker
[6.620s] copying tutorials/ctracker/test.py -> /home/jf/tello_tracking_ws/build/yolox/build/lib.linux-x86_64-cpython-310/tutorials/ctracker
[6.620s] copying tutorials/ctracker/generate_half_csv.py -> /home/jf/tello_tracking_ws/build/yolox/build/lib.linux-x86_64-cpython-310/tutorials/ctracker
[6.620s] creating /home/jf/tello_tracking_ws/build/yolox/build/lib.linux-x86_64-cpython-310/tutorials/motr
[6.620s] copying tutorials/motr/eval.py -> /home/jf/tello_tracking_ws/build/yolox/build/lib.linux-x86_64-cpython-310/tutorials/motr
[6.621s] copying tutorials/motr/joint.py -> /home/jf/tello_tracking_ws/build/yolox/build/lib.linux-x86_64-cpython-310/tutorials/motr
[6.621s] copying tutorials/motr/evaluation.py -> /home/jf/tello_tracking_ws/build/yolox/build/lib.linux-x86_64-cpython-310/tutorials/motr
[6.621s] copying tutorials/motr/byte_tracker.py -> /home/jf/tello_tracking_ws/build/yolox/build/lib.linux-x86_64-cpython-310/tutorials/motr
[6.621s] copying tutorials/motr/motr_det.py -> /home/jf/tello_tracking_ws/build/yolox/build/lib.linux-x86_64-cpython-310/tutorials/motr
[6.621s] copying tutorials/motr/transforms.py -> /home/jf/tello_tracking_ws/build/yolox/build/lib.linux-x86_64-cpython-310/tutorials/motr
[6.621s] copying tutorials/motr/motr.py -> /home/jf/tello_tracking_ws/build/yolox/build/lib.linux-x86_64-cpython-310/tutorials/motr
[6.621s] creating /home/jf/tello_tracking_ws/build/yolox/build/lib.linux-x86_64-cpython-310/tutorials/jde
[6.621s] copying tutorials/jde/tracker.py -> /home/jf/tello_tracking_ws/build/yolox/build/lib.linux-x86_64-cpython-310/tutorials/jde
[6.622s] copying tutorials/jde/track_half.py -> /home/jf/tello_tracking_ws/build/yolox/build/lib.linux-x86_64-cpython-310/tutorials/jde
[6.622s] copying tutorials/jde/evaluation.py -> /home/jf/tello_tracking_ws/build/yolox/build/lib.linux-x86_64-cpython-310/tutorials/jde
[6.622s] copying tutorials/jde/byte_tracker.py -> /home/jf/tello_tracking_ws/build/yolox/build/lib.linux-x86_64-cpython-310/tutorials/jde
[6.622s] creating /home/jf/tello_tracking_ws/build/yolox/build/lib.linux-x86_64-cpython-310/tutorials/trades
[6.622s] copying tutorials/trades/tracker.py -> /home/jf/tello_tracking_ws/build/yolox/build/lib.linux-x86_64-cpython-310/tutorials/trades
[6.622s] copying tutorials/trades/opts.py -> /home/jf/tello_tracking_ws/build/yolox/build/lib.linux-x86_64-cpython-310/tutorials/trades
[6.622s] copying tutorials/trades/byte_tracker.py -> /home/jf/tello_tracking_ws/build/yolox/build/lib.linux-x86_64-cpython-310/tutorials/trades
[6.622s] creating /home/jf/tello_tracking_ws/build/yolox/build/lib.linux-x86_64-cpython-310/tutorials/cstrack
[6.622s] copying tutorials/cstrack/tracker.py -> /home/jf/tello_tracking_ws/build/yolox/build/lib.linux-x86_64-cpython-310/tutorials/cstrack
[6.623s] copying tutorials/cstrack/byte_tracker.py -> /home/jf/tello_tracking_ws/build/yolox/build/lib.linux-x86_64-cpython-310/tutorials/cstrack
[6.623s] creating /home/jf/tello_tracking_ws/build/yolox/build/lib.linux-x86_64-cpython-310/tutorials/fairmot
[6.623s] copying tutorials/fairmot/tracker.py -> /home/jf/tello_tracking_ws/build/yolox/build/lib.linux-x86_64-cpython-310/tutorials/fairmot
[6.623s] copying tutorials/fairmot/byte_tracker.py -> /home/jf/tello_tracking_ws/build/yolox/build/lib.linux-x86_64-cpython-310/tutorials/fairmot
[6.623s] creating /home/jf/tello_tracking_ws/build/yolox/build/lib.linux-x86_64-cpython-310/tutorials/qdtrack/mot_online
[6.623s] copying tutorials/qdtrack/mot_online/kalman_filter.py -> /home/jf/tello_tracking_ws/build/yolox/build/lib.linux-x86_64-cpython-310/tutorials/qdtrack/mot_online
[6.623s] copying tutorials/qdtrack/mot_online/matching.py -> /home/jf/tello_tracking_ws/build/yolox/build/lib.linux-x86_64-cpython-310/tutorials/qdtrack/mot_online
[6.623s] copying tutorials/qdtrack/mot_online/basetrack.py -> /home/jf/tello_tracking_ws/build/yolox/build/lib.linux-x86_64-cpython-310/tutorials/qdtrack/mot_online
[6.624s] creating /home/jf/tello_tracking_ws/build/yolox/build/lib.linux-x86_64-cpython-310/tutorials/transtrack/mot_online
[6.624s] copying tutorials/transtrack/mot_online/kalman_filter.py -> /home/jf/tello_tracking_ws/build/yolox/build/lib.linux-x86_64-cpython-310/tutorials/transtrack/mot_online
[6.624s] copying tutorials/transtrack/mot_online/matching.py -> /home/jf/tello_tracking_ws/build/yolox/build/lib.linux-x86_64-cpython-310/tutorials/transtrack/mot_online
[6.624s] copying tutorials/transtrack/mot_online/byte_tracker.py -> /home/jf/tello_tracking_ws/build/yolox/build/lib.linux-x86_64-cpython-310/tutorials/transtrack/mot_online
[6.624s] copying tutorials/transtrack/mot_online/basetrack.py -> /home/jf/tello_tracking_ws/build/yolox/build/lib.linux-x86_64-cpython-310/tutorials/transtrack/mot_online
[6.624s] creating /home/jf/tello_tracking_ws/build/yolox/build/lib.linux-x86_64-cpython-310/tutorials/centertrack/mot_online
[6.624s] copying tutorials/centertrack/mot_online/kalman_filter.py -> /home/jf/tello_tracking_ws/build/yolox/build/lib.linux-x86_64-cpython-310/tutorials/centertrack/mot_online
[6.625s] copying tutorials/centertrack/mot_online/matching.py -> /home/jf/tello_tracking_ws/build/yolox/build/lib.linux-x86_64-cpython-310/tutorials/centertrack/mot_online
[6.625s] copying tutorials/centertrack/mot_online/basetrack.py -> /home/jf/tello_tracking_ws/build/yolox/build/lib.linux-x86_64-cpython-310/tutorials/centertrack/mot_online
[6.625s] creating /home/jf/tello_tracking_ws/build/yolox/build/lib.linux-x86_64-cpython-310/tutorials/ctracker/mot_online
[6.625s] copying tutorials/ctracker/mot_online/kalman_filter.py -> /home/jf/tello_tracking_ws/build/yolox/build/lib.linux-x86_64-cpython-310/tutorials/ctracker/mot_online
[6.625s] copying tutorials/ctracker/mot_online/matching.py -> /home/jf/tello_tracking_ws/build/yolox/build/lib.linux-x86_64-cpython-310/tutorials/ctracker/mot_online
[6.625s] copying tutorials/ctracker/mot_online/basetrack.py -> /home/jf/tello_tracking_ws/build/yolox/build/lib.linux-x86_64-cpython-310/tutorials/ctracker/mot_online
[6.625s] creating /home/jf/tello_tracking_ws/build/yolox/build/lib.linux-x86_64-cpython-310/tutorials/motr/mot_online
[6.626s] copying tutorials/motr/mot_online/kalman_filter.py -> /home/jf/tello_tracking_ws/build/yolox/build/lib.linux-x86_64-cpython-310/tutorials/motr/mot_online
[6.626s] copying tutorials/motr/mot_online/matching.py -> /home/jf/tello_tracking_ws/build/yolox/build/lib.linux-x86_64-cpython-310/tutorials/motr/mot_online
[6.626s] copying tutorials/motr/mot_online/basetrack.py -> /home/jf/tello_tracking_ws/build/yolox/build/lib.linux-x86_64-cpython-310/tutorials/motr/mot_online
[6.626s] creating /home/jf/tello_tracking_ws/build/yolox/build/lib.linux-x86_64-cpython-310/tutorials/trades/mot_online
[6.626s] copying tutorials/trades/mot_online/kalman_filter.py -> /home/jf/tello_tracking_ws/build/yolox/build/lib.linux-x86_64-cpython-310/tutorials/trades/mot_online
[6.626s] copying tutorials/trades/mot_online/matching.py -> /home/jf/tello_tracking_ws/build/yolox/build/lib.linux-x86_64-cpython-310/tutorials/trades/mot_online
[6.626s] copying tutorials/trades/mot_online/basetrack.py -> /home/jf/tello_tracking_ws/build/yolox/build/lib.linux-x86_64-cpython-310/tutorials/trades/mot_online
[6.627s] creating /home/jf/tello_tracking_ws/build/yolox/build/lib.linux-x86_64-cpython-310/yolox/data
[6.627s] copying yolox/data/__init__.py -> /home/jf/tello_tracking_ws/build/yolox/build/lib.linux-x86_64-cpython-310/yolox/data
[6.627s] copying yolox/data/samplers.py -> /home/jf/tello_tracking_ws/build/yolox/build/lib.linux-x86_64-cpython-310/yolox/data
[6.627s] copying yolox/data/data_augment.py -> /home/jf/tello_tracking_ws/build/yolox/build/lib.linux-x86_64-cpython-310/yolox/data
[6.627s] copying yolox/data/data_prefetcher.py -> /home/jf/tello_tracking_ws/build/yolox/build/lib.linux-x86_64-cpython-310/yolox/data
[6.627s] copying yolox/data/dataloading.py -> /home/jf/tello_tracking_ws/build/yolox/build/lib.linux-x86_64-cpython-310/yolox/data
[6.627s] creating /home/jf/tello_tracking_ws/build/yolox/build/lib.linux-x86_64-cpython-310/yolox/core
[6.627s] copying yolox/core/__init__.py -> /home/jf/tello_tracking_ws/build/yolox/build/lib.linux-x86_64-cpython-310/yolox/core
[6.628s] copying yolox/core/trainer.py -> /home/jf/tello_tracking_ws/build/yolox/build/lib.linux-x86_64-cpython-310/yolox/core
[6.628s] copying yolox/core/launch.py -> /home/jf/tello_tracking_ws/build/yolox/build/lib.linux-x86_64-cpython-310/yolox/core
[6.628s] creating /home/jf/tello_tracking_ws/build/yolox/build/lib.linux-x86_64-cpython-310/yolox/evaluators
[6.628s] copying yolox/evaluators/__init__.py -> /home/jf/tello_tracking_ws/build/yolox/build/lib.linux-x86_64-cpython-310/yolox/evaluators
[6.628s] copying yolox/evaluators/mot_evaluator.py -> /home/jf/tello_tracking_ws/build/yolox/build/lib.linux-x86_64-cpython-310/yolox/evaluators
[6.628s] copying yolox/evaluators/evaluation.py -> /home/jf/tello_tracking_ws/build/yolox/build/lib.linux-x86_64-cpython-310/yolox/evaluators
[6.628s] copying yolox/evaluators/coco_evaluator.py -> /home/jf/tello_tracking_ws/build/yolox/build/lib.linux-x86_64-cpython-310/yolox/evaluators
[6.629s] creating /home/jf/tello_tracking_ws/build/yolox/build/lib.linux-x86_64-cpython-310/yolox/tracker
[6.629s] copying yolox/tracker/kalman_filter.py -> /home/jf/tello_tracking_ws/build/yolox/build/lib.linux-x86_64-cpython-310/yolox/tracker
[6.629s] copying yolox/tracker/matching.py -> /home/jf/tello_tracking_ws/build/yolox/build/lib.linux-x86_64-cpython-310/yolox/tracker
[6.629s] copying yolox/tracker/byte_tracker.py -> /home/jf/tello_tracking_ws/build/yolox/build/lib.linux-x86_64-cpython-310/yolox/tracker
[6.629s] copying yolox/tracker/basetrack.py -> /home/jf/tello_tracking_ws/build/yolox/build/lib.linux-x86_64-cpython-310/yolox/tracker
[6.629s] creating /home/jf/tello_tracking_ws/build/yolox/build/lib.linux-x86_64-cpython-310/yolox/models
[6.629s] copying yolox/models/yolo_pafpn.py -> /home/jf/tello_tracking_ws/build/yolox/build/lib.linux-x86_64-cpython-310/yolox/models
[6.630s] copying yolox/models/__init__.py -> /home/jf/tello_tracking_ws/build/yolox/build/lib.linux-x86_64-cpython-310/yolox/models
[6.630s] copying yolox/models/yolo_head.py -> /home/jf/tello_tracking_ws/build/yolox/build/lib.linux-x86_64-cpython-310/yolox/models
[6.630s] copying yolox/models/losses.py -> /home/jf/tello_tracking_ws/build/yolox/build/lib.linux-x86_64-cpython-310/yolox/models
[6.630s] copying yolox/models/darknet.py -> /home/jf/tello_tracking_ws/build/yolox/build/lib.linux-x86_64-cpython-310/yolox/models
[6.630s] copying yolox/models/network_blocks.py -> /home/jf/tello_tracking_ws/build/yolox/build/lib.linux-x86_64-cpython-310/yolox/models
[6.630s] copying yolox/models/yolo_fpn.py -> /home/jf/tello_tracking_ws/build/yolox/build/lib.linux-x86_64-cpython-310/yolox/models
[6.630s] copying yolox/models/yolox.py -> /home/jf/tello_tracking_ws/build/yolox/build/lib.linux-x86_64-cpython-310/yolox/models
[6.630s] creating /home/jf/tello_tracking_ws/build/yolox/build/lib.linux-x86_64-cpython-310/yolox/motdt_tracker
[6.631s] copying yolox/motdt_tracker/motdt_tracker.py -> /home/jf/tello_tracking_ws/build/yolox/build/lib.linux-x86_64-cpython-310/yolox/motdt_tracker
[6.631s] copying yolox/motdt_tracker/reid_model.py -> /home/jf/tello_tracking_ws/build/yolox/build/lib.linux-x86_64-cpython-310/yolox/motdt_tracker
[6.631s] copying yolox/motdt_tracker/kalman_filter.py -> /home/jf/tello_tracking_ws/build/yolox/build/lib.linux-x86_64-cpython-310/yolox/motdt_tracker
[6.631s] copying yolox/motdt_tracker/matching.py -> /home/jf/tello_tracking_ws/build/yolox/build/lib.linux-x86_64-cpython-310/yolox/motdt_tracker
[6.631s] copying yolox/motdt_tracker/basetrack.py -> /home/jf/tello_tracking_ws/build/yolox/build/lib.linux-x86_64-cpython-310/yolox/motdt_tracker
[6.631s] creating /home/jf/tello_tracking_ws/build/yolox/build/lib.linux-x86_64-cpython-310/yolox/utils
[6.631s] copying yolox/utils/lr_scheduler.py -> /home/jf/tello_tracking_ws/build/yolox/build/lib.linux-x86_64-cpython-310/yolox/utils
[6.632s] copying yolox/utils/__init__.py -> /home/jf/tello_tracking_ws/build/yolox/build/lib.linux-x86_64-cpython-310/yolox/utils
[6.632s] copying yolox/utils/checkpoint.py -> /home/jf/tello_tracking_ws/build/yolox/build/lib.linux-x86_64-cpython-310/yolox/utils
[6.632s] copying yolox/utils/ema.py -> /home/jf/tello_tracking_ws/build/yolox/build/lib.linux-x86_64-cpython-310/yolox/utils
[6.632s] copying yolox/utils/logger.py -> /home/jf/tello_tracking_ws/build/yolox/build/lib.linux-x86_64-cpython-310/yolox/utils
[6.632s] copying yolox/utils/boxes.py -> /home/jf/tello_tracking_ws/build/yolox/build/lib.linux-x86_64-cpython-310/yolox/utils
[6.632s] copying yolox/utils/visualize.py -> /home/jf/tello_tracking_ws/build/yolox/build/lib.linux-x86_64-cpython-310/yolox/utils
[6.632s] copying yolox/utils/setup_env.py -> /home/jf/tello_tracking_ws/build/yolox/build/lib.linux-x86_64-cpython-310/yolox/utils
[6.632s] copying yolox/utils/demo_utils.py -> /home/jf/tello_tracking_ws/build/yolox/build/lib.linux-x86_64-cpython-310/yolox/utils
[6.633s] copying yolox/utils/allreduce_norm.py -> /home/jf/tello_tracking_ws/build/yolox/build/lib.linux-x86_64-cpython-310/yolox/utils
[6.633s] copying yolox/utils/metric.py -> /home/jf/tello_tracking_ws/build/yolox/build/lib.linux-x86_64-cpython-310/yolox/utils
[6.633s] copying yolox/utils/model_utils.py -> /home/jf/tello_tracking_ws/build/yolox/build/lib.linux-x86_64-cpython-310/yolox/utils
[6.633s] copying yolox/utils/dist.py -> /home/jf/tello_tracking_ws/build/yolox/build/lib.linux-x86_64-cpython-310/yolox/utils
[6.633s] creating /home/jf/tello_tracking_ws/build/yolox/build/lib.linux-x86_64-cpython-310/yolox/deepsort_tracker
[6.633s] copying yolox/deepsort_tracker/reid_model.py -> /home/jf/tello_tracking_ws/build/yolox/build/lib.linux-x86_64-cpython-310/yolox/deepsort_tracker
[6.633s] copying yolox/deepsort_tracker/kalman_filter.py -> /home/jf/tello_tracking_ws/build/yolox/build/lib.linux-x86_64-cpython-310/yolox/deepsort_tracker
[6.633s] copying yolox/deepsort_tracker/detection.py -> /home/jf/tello_tracking_ws/build/yolox/build/lib.linux-x86_64-cpython-310/yolox/deepsort_tracker
[6.634s] copying yolox/deepsort_tracker/iou_matching.py -> /home/jf/tello_tracking_ws/build/yolox/build/lib.linux-x86_64-cpython-310/yolox/deepsort_tracker
[6.634s] copying yolox/deepsort_tracker/linear_assignment.py -> /home/jf/tello_tracking_ws/build/yolox/build/lib.linux-x86_64-cpython-310/yolox/deepsort_tracker
[6.634s] copying yolox/deepsort_tracker/track.py -> /home/jf/tello_tracking_ws/build/yolox/build/lib.linux-x86_64-cpython-310/yolox/deepsort_tracker
[6.634s] copying yolox/deepsort_tracker/deepsort.py -> /home/jf/tello_tracking_ws/build/yolox/build/lib.linux-x86_64-cpython-310/yolox/deepsort_tracker
[6.634s] creating /home/jf/tello_tracking_ws/build/yolox/build/lib.linux-x86_64-cpython-310/yolox/tracking_utils
[6.634s] copying yolox/tracking_utils/timer.py -> /home/jf/tello_tracking_ws/build/yolox/build/lib.linux-x86_64-cpython-310/yolox/tracking_utils
[6.634s] copying yolox/tracking_utils/io.py -> /home/jf/tello_tracking_ws/build/yolox/build/lib.linux-x86_64-cpython-310/yolox/tracking_utils
[6.634s] copying yolox/tracking_utils/evaluation.py -> /home/jf/tello_tracking_ws/build/yolox/build/lib.linux-x86_64-cpython-310/yolox/tracking_utils
[6.634s] creating /home/jf/tello_tracking_ws/build/yolox/build/lib.linux-x86_64-cpython-310/yolox/sort_tracker
[6.634s] copying yolox/sort_tracker/sort.py -> /home/jf/tello_tracking_ws/build/yolox/build/lib.linux-x86_64-cpython-310/yolox/sort_tracker
[6.635s] creating /home/jf/tello_tracking_ws/build/yolox/build/lib.linux-x86_64-cpython-310/yolox/layers
[6.635s] copying yolox/layers/__init__.py -> /home/jf/tello_tracking_ws/build/yolox/build/lib.linux-x86_64-cpython-310/yolox/layers
[6.635s] copying yolox/layers/fast_coco_eval_api.py -> /home/jf/tello_tracking_ws/build/yolox/build/lib.linux-x86_64-cpython-310/yolox/layers
[6.635s] creating /home/jf/tello_tracking_ws/build/yolox/build/lib.linux-x86_64-cpython-310/yolox/exp
[6.635s] copying yolox/exp/__init__.py -> /home/jf/tello_tracking_ws/build/yolox/build/lib.linux-x86_64-cpython-310/yolox/exp
[6.635s] copying yolox/exp/yolox_base.py -> /home/jf/tello_tracking_ws/build/yolox/build/lib.linux-x86_64-cpython-310/yolox/exp
[6.635s] copying yolox/exp/build.py -> /home/jf/tello_tracking_ws/build/yolox/build/lib.linux-x86_64-cpython-310/yolox/exp
[6.635s] copying yolox/exp/base_exp.py -> /home/jf/tello_tracking_ws/build/yolox/build/lib.linux-x86_64-cpython-310/yolox/exp
[6.635s] creating /home/jf/tello_tracking_ws/build/yolox/build/lib.linux-x86_64-cpython-310/yolox/data/datasets
[6.636s] copying yolox/data/datasets/__init__.py -> /home/jf/tello_tracking_ws/build/yolox/build/lib.linux-x86_64-cpython-310/yolox/data/datasets
[6.636s] copying yolox/data/datasets/mosaicdetection.py -> /home/jf/tello_tracking_ws/build/yolox/build/lib.linux-x86_64-cpython-310/yolox/data/datasets
[6.636s] copying yolox/data/datasets/datasets_wrapper.py -> /home/jf/tello_tracking_ws/build/yolox/build/lib.linux-x86_64-cpython-310/yolox/data/datasets
[6.636s] copying yolox/data/datasets/mot.py -> /home/jf/tello_tracking_ws/build/yolox/build/lib.linux-x86_64-cpython-310/yolox/data/datasets
[6.636s] creating /home/jf/tello_tracking_ws/build/yolox/build/lib.linux-x86_64-cpython-310/exps
[6.636s] creating /home/jf/tello_tracking_ws/build/yolox/build/lib.linux-x86_64-cpython-310/exps/default
[6.636s] copying exps/default/yolox_m.py -> /home/jf/tello_tracking_ws/build/yolox/build/lib.linux-x86_64-cpython-310/exps/default
[6.636s] copying exps/default/nano.py -> /home/jf/tello_tracking_ws/build/yolox/build/lib.linux-x86_64-cpython-310/exps/default
[6.636s] copying exps/default/yolox_l.py -> /home/jf/tello_tracking_ws/build/yolox/build/lib.linux-x86_64-cpython-310/exps/default
[6.637s] copying exps/default/yolox_tiny.py -> /home/jf/tello_tracking_ws/build/yolox/build/lib.linux-x86_64-cpython-310/exps/default
[6.637s] copying exps/default/yolov3.py -> /home/jf/tello_tracking_ws/build/yolox/build/lib.linux-x86_64-cpython-310/exps/default
[6.637s] copying exps/default/yolox_x.py -> /home/jf/tello_tracking_ws/build/yolox/build/lib.linux-x86_64-cpython-310/exps/default
[6.637s] copying exps/default/yolox_s.py -> /home/jf/tello_tracking_ws/build/yolox/build/lib.linux-x86_64-cpython-310/exps/default
[6.637s] creating /home/jf/tello_tracking_ws/build/yolox/build/lib.linux-x86_64-cpython-310/exps/example
[6.637s] creating /home/jf/tello_tracking_ws/build/yolox/build/lib.linux-x86_64-cpython-310/exps/example/mot
[6.637s] copying exps/example/mot/yolox_x_ablation.py -> /home/jf/tello_tracking_ws/build/yolox/build/lib.linux-x86_64-cpython-310/exps/example/mot
[6.637s] copying exps/example/mot/yolox_x_mix_det.py -> /home/jf/tello_tracking_ws/build/yolox/build/lib.linux-x86_64-cpython-310/exps/example/mot
[6.637s] copying exps/example/mot/yolox_nano_mix_det.py -> /home/jf/tello_tracking_ws/build/yolox/build/lib.linux-x86_64-cpython-310/exps/example/mot
[6.638s] copying exps/example/mot/yolox_m_mix_det.py -> /home/jf/tello_tracking_ws/build/yolox/build/lib.linux-x86_64-cpython-310/exps/example/mot
[6.638s] copying exps/example/mot/yolox_s_mix_det.py -> /home/jf/tello_tracking_ws/build/yolox/build/lib.linux-x86_64-cpython-310/exps/example/mot
[6.638s] copying exps/example/mot/yolox_l_mix_det.py -> /home/jf/tello_tracking_ws/build/yolox/build/lib.linux-x86_64-cpython-310/exps/example/mot
[6.638s] copying exps/example/mot/yolox_tiny_mix_det.py -> /home/jf/tello_tracking_ws/build/yolox/build/lib.linux-x86_64-cpython-310/exps/example/mot
[6.638s] copying exps/example/mot/yolox_x_mix_mot20_ch.py -> /home/jf/tello_tracking_ws/build/yolox/build/lib.linux-x86_64-cpython-310/exps/example/mot
[6.638s] copying exps/example/mot/yolox_x_ch.py -> /home/jf/tello_tracking_ws/build/yolox/build/lib.linux-x86_64-cpython-310/exps/example/mot
[6.638s] copying exps/example/mot/yolox_x_mot17_half.py -> /home/jf/tello_tracking_ws/build/yolox/build/lib.linux-x86_64-cpython-310/exps/example/mot
[6.638s] creating /home/jf/tello_tracking_ws/build/yolox/build/lib.linux-x86_64-cpython-310/deploy
[6.638s] creating /home/jf/tello_tracking_ws/build/yolox/build/lib.linux-x86_64-cpython-310/deploy/ONNXRuntime
[6.639s] copying deploy/ONNXRuntime/onnx_inference.py -> /home/jf/tello_tracking_ws/build/yolox/build/lib.linux-x86_64-cpython-310/deploy/ONNXRuntime
[6.639s] running build_ext
[6.641s] building 'yolox._C' extension
[6.641s] creating /home/jf/tello_tracking_ws/build/yolox/build/temp.linux-x86_64-cpython-310
[6.642s] creating /home/jf/tello_tracking_ws/build/yolox/build/temp.linux-x86_64-cpython-310/home
[6.642s] creating /home/jf/tello_tracking_ws/build/yolox/build/temp.linux-x86_64-cpython-310/home/jf
[6.642s] creating /home/jf/tello_tracking_ws/build/yolox/build/temp.linux-x86_64-cpython-310/home/jf/tello_tracking_ws
[6.642s] creating /home/jf/tello_tracking_ws/build/yolox/build/temp.linux-x86_64-cpython-310/home/jf/tello_tracking_ws/src
[6.642s] creating /home/jf/tello_tracking_ws/build/yolox/build/temp.linux-x86_64-cpython-310/home/jf/tello_tracking_ws/src/ByteTrack
[6.642s] creating /home/jf/tello_tracking_ws/build/yolox/build/temp.linux-x86_64-cpython-310/home/jf/tello_tracking_ws/src/ByteTrack/yolox
[6.642s] creating /home/jf/tello_tracking_ws/build/yolox/build/temp.linux-x86_64-cpython-310/home/jf/tello_tracking_ws/src/ByteTrack/yolox/layers
[6.643s] creating /home/jf/tello_tracking_ws/build/yolox/build/temp.linux-x86_64-cpython-310/home/jf/tello_tracking_ws/src/ByteTrack/yolox/layers/csrc
[6.643s] creating /home/jf/tello_tracking_ws/build/yolox/build/temp.linux-x86_64-cpython-310/home/jf/tello_tracking_ws/src/ByteTrack/yolox/layers/csrc/cocoeval
[6.647s] Emitting ninja build file /home/jf/tello_tracking_ws/build/yolox/build/temp.linux-x86_64-cpython-310/build.ninja...
[6.647s] Compiling objects...
[6.647s] Allowing ninja to set a default number of workers... (overridable by setting the environment variable MAX_JOBS=N)
[12.667s] [1/2] c++ -MMD -MF /home/jf/tello_tracking_ws/build/yolox/build/temp.linux-x86_64-cpython-310/home/jf/tello_tracking_ws/src/ByteTrack/yolox/layers/csrc/cocoeval/cocoeval.o.d -Wno-unused-result -Wsign-compare -DNDEBUG -g -fwrapv -O2 -Wall -g -fstack-protector-strong -Wformat -Werror=format-security -g -fwrapv -O2 -fPIC -I/home/jf/tello_tracking_ws/src/ByteTrack/yolox/layers/csrc -I/home/jf/.local/lib/python3.10/site-packages/torch/include -I/home/jf/.local/lib/python3.10/site-packages/torch/include/torch/csrc/api/include -I/home/jf/tello_tracking_ws/install/yolox/include -I/usr/include/python3.10 -c -c /home/jf/tello_tracking_ws/src/ByteTrack/yolox/layers/csrc/cocoeval/cocoeval.cpp -o /home/jf/tello_tracking_ws/build/yolox/build/temp.linux-x86_64-cpython-310/home/jf/tello_tracking_ws/src/ByteTrack/yolox/layers/csrc/cocoeval/cocoeval.o -O3 -DTORCH_API_INCLUDE_EXTENSION_H '-DPYBIND11_COMPILER_TYPE="_gcc"' '-DPYBIND11_STDLIB="_libstdcpp"' '-DPYBIND11_BUILD_ABI="_cxxabi1016"' -DTORCH_EXTENSION_NAME=_C -D_GLIBCXX_USE_CXX11_ABI=1 -std=c++17
[13.720s] [2/2] c++ -MMD -MF /home/jf/tello_tracking_ws/build/yolox/build/temp.linux-x86_64-cpython-310/home/jf/tello_tracking_ws/src/ByteTrack/yolox/layers/csrc/vision.o.d -Wno-unused-result -Wsign-compare -DNDEBUG -g -fwrapv -O2 -Wall -g -fstack-protector-strong -Wformat -Werror=format-security -g -fwrapv -O2 -fPIC -I/home/jf/tello_tracking_ws/src/ByteTrack/yolox/layers/csrc -I/home/jf/.local/lib/python3.10/site-packages/torch/include -I/home/jf/.local/lib/python3.10/site-packages/torch/include/torch/csrc/api/include -I/home/jf/tello_tracking_ws/install/yolox/include -I/usr/include/python3.10 -c -c /home/jf/tello_tracking_ws/src/ByteTrack/yolox/layers/csrc/vision.cpp -o /home/jf/tello_tracking_ws/build/yolox/build/temp.linux-x86_64-cpython-310/home/jf/tello_tracking_ws/src/ByteTrack/yolox/layers/csrc/vision.o -O3 -DTORCH_API_INCLUDE_EXTENSION_H '-DPYBIND11_COMPILER_TYPE="_gcc"' '-DPYBIND11_STDLIB="_libstdcpp"' '-DPYBIND11_BUILD_ABI="_cxxabi1016"' -DTORCH_EXTENSION_NAME=_C -D_GLIBCXX_USE_CXX11_ABI=1 -std=c++17
[13.721s] x86_64-linux-gnu-g++ -shared -Wl,-O1 -Wl,-Bsymbolic-functions -Wl,-Bsymbolic-functions -g -fwrapv -O2 /home/jf/tello_tracking_ws/build/yolox/build/temp.linux-x86_64-cpython-310/home/jf/tello_tracking_ws/src/ByteTrack/yolox/layers/csrc/cocoeval/cocoeval.o /home/jf/tello_tracking_ws/build/yolox/build/temp.linux-x86_64-cpython-310/home/jf/tello_tracking_ws/src/ByteTrack/yolox/layers/csrc/vision.o -L/home/jf/.local/lib/python3.10/site-packages/torch/lib -L/usr/lib/x86_64-linux-gnu -lc10 -ltorch -ltorch_cpu -ltorch_python -o /home/jf/tello_tracking_ws/build/yolox/build/lib.linux-x86_64-cpython-310/yolox/_C.cpython-310-x86_64-linux-gnu.so
[14.064s] running install
[14.069s] running install_lib
[14.082s] creating /home/jf/tello_tracking_ws/install/yolox/lib/python3.10/site-packages/tools
[14.082s] copying /home/jf/tello_tracking_ws/build/yolox/build/lib.linux-x86_64-cpython-310/tools/track_deepsort.py -> /home/jf/tello_tracking_ws/install/yolox/lib/python3.10/site-packages/tools
[14.082s] copying /home/jf/tello_tracking_ws/build/yolox/build/lib.linux-x86_64-cpython-310/tools/convert_mot17_to_coco.py -> /home/jf/tello_tracking_ws/install/yolox/lib/python3.10/site-packages/tools
[14.082s] copying /home/jf/tello_tracking_ws/build/yolox/build/lib.linux-x86_64-cpython-310/tools/mix_data_test_mot17.py -> /home/jf/tello_tracking_ws/install/yolox/lib/python3.10/site-packages/tools
[14.083s] copying /home/jf/tello_tracking_ws/build/yolox/build/lib.linux-x86_64-cpython-310/tools/convert_video.py -> /home/jf/tello_tracking_ws/install/yolox/lib/python3.10/site-packages/tools
[14.083s] copying /home/jf/tello_tracking_ws/build/yolox/build/lib.linux-x86_64-cpython-310/tools/convert_ethz_to_coco.py -> /home/jf/tello_tracking_ws/install/yolox/lib/python3.10/site-packages/tools
[14.083s] copying /home/jf/tello_tracking_ws/build/yolox/build/lib.linux-x86_64-cpython-310/tools/mix_data_ablation.py -> /home/jf/tello_tracking_ws/install/yolox/lib/python3.10/site-packages/tools
[14.083s] copying /home/jf/tello_tracking_ws/build/yolox/build/lib.linux-x86_64-cpython-310/tools/train.py -> /home/jf/tello_tracking_ws/install/yolox/lib/python3.10/site-packages/tools
[14.083s] copying /home/jf/tello_tracking_ws/build/yolox/build/lib.linux-x86_64-cpython-310/tools/convert_mot20_to_coco.py -> /home/jf/tello_tracking_ws/install/yolox/lib/python3.10/site-packages/tools
[14.084s] copying /home/jf/tello_tracking_ws/build/yolox/build/lib.linux-x86_64-cpython-310/tools/track_sort.py -> /home/jf/tello_tracking_ws/install/yolox/lib/python3.10/site-packages/tools
[14.084s] copying /home/jf/tello_tracking_ws/build/yolox/build/lib.linux-x86_64-cpython-310/tools/convert_cityperson_to_coco.py -> /home/jf/tello_tracking_ws/install/yolox/lib/python3.10/site-packages/tools
[14.084s] copying /home/jf/tello_tracking_ws/build/yolox/build/lib.linux-x86_64-cpython-310/tools/mota.py -> /home/jf/tello_tracking_ws/install/yolox/lib/python3.10/site-packages/tools
[14.084s] copying /home/jf/tello_tracking_ws/build/yolox/build/lib.linux-x86_64-cpython-310/tools/track.py -> /home/jf/tello_tracking_ws/install/yolox/lib/python3.10/site-packages/tools
[14.084s] copying /home/jf/tello_tracking_ws/build/yolox/build/lib.linux-x86_64-cpython-310/tools/mix_data_test_mot20.py -> /home/jf/tello_tracking_ws/install/yolox/lib/python3.10/site-packages/tools
[14.085s] copying /home/jf/tello_tracking_ws/build/yolox/build/lib.linux-x86_64-cpython-310/tools/export_onnx.py -> /home/jf/tello_tracking_ws/install/yolox/lib/python3.10/site-packages/tools
[14.085s] copying /home/jf/tello_tracking_ws/build/yolox/build/lib.linux-x86_64-cpython-310/tools/convert_crowdhuman_to_coco.py -> /home/jf/tello_tracking_ws/install/yolox/lib/python3.10/site-packages/tools
[14.085s] copying /home/jf/tello_tracking_ws/build/yolox/build/lib.linux-x86_64-cpython-310/tools/interpolation.py -> /home/jf/tello_tracking_ws/install/yolox/lib/python3.10/site-packages/tools
[14.085s] copying /home/jf/tello_tracking_ws/build/yolox/build/lib.linux-x86_64-cpython-310/tools/track_motdt.py -> /home/jf/tello_tracking_ws/install/yolox/lib/python3.10/site-packages/tools
[14.085s] copying /home/jf/tello_tracking_ws/build/yolox/build/lib.linux-x86_64-cpython-310/tools/trt.py -> /home/jf/tello_tracking_ws/install/yolox/lib/python3.10/site-packages/tools
[14.085s] copying /home/jf/tello_tracking_ws/build/yolox/build/lib.linux-x86_64-cpython-310/tools/demo_track.py -> /home/jf/tello_tracking_ws/install/yolox/lib/python3.10/site-packages/tools
[14.086s] copying /home/jf/tello_tracking_ws/build/yolox/build/lib.linux-x86_64-cpython-310/tools/txt2video.py -> /home/jf/tello_tracking_ws/install/yolox/lib/python3.10/site-packages/tools
[14.086s] creating /home/jf/tello_tracking_ws/install/yolox/lib/python3.10/site-packages/tutorials
[14.086s] creating /home/jf/tello_tracking_ws/install/yolox/lib/python3.10/site-packages/tutorials/qdtrack
[14.086s] copying /home/jf/tello_tracking_ws/build/yolox/build/lib.linux-x86_64-cpython-310/tutorials/qdtrack/tracker_reid_motion.py -> /home/jf/tello_tracking_ws/install/yolox/lib/python3.10/site-packages/tutorials/qdtrack
[14.086s] creating /home/jf/tello_tracking_ws/install/yolox/lib/python3.10/site-packages/tutorials/qdtrack/mot_online
[14.087s] copying /home/jf/tello_tracking_ws/build/yolox/build/lib.linux-x86_64-cpython-310/tutorials/qdtrack/mot_online/kalman_filter.py -> /home/jf/tello_tracking_ws/install/yolox/lib/python3.10/site-packages/tutorials/qdtrack/mot_online
[14.087s] copying /home/jf/tello_tracking_ws/build/yolox/build/lib.linux-x86_64-cpython-310/tutorials/qdtrack/mot_online/matching.py -> /home/jf/tello_tracking_ws/install/yolox/lib/python3.10/site-packages/tutorials/qdtrack/mot_online
[14.087s] copying /home/jf/tello_tracking_ws/build/yolox/build/lib.linux-x86_64-cpython-310/tutorials/qdtrack/mot_online/basetrack.py -> /home/jf/tello_tracking_ws/install/yolox/lib/python3.10/site-packages/tutorials/qdtrack/mot_online
[14.087s] copying /home/jf/tello_tracking_ws/build/yolox/build/lib.linux-x86_64-cpython-310/tutorials/qdtrack/byte_tracker.py -> /home/jf/tello_tracking_ws/install/yolox/lib/python3.10/site-packages/tutorials/qdtrack
[14.087s] copying /home/jf/tello_tracking_ws/build/yolox/build/lib.linux-x86_64-cpython-310/tutorials/qdtrack/qdtrack.py -> /home/jf/tello_tracking_ws/install/yolox/lib/python3.10/site-packages/tutorials/qdtrack
[14.088s] creating /home/jf/tello_tracking_ws/install/yolox/lib/python3.10/site-packages/tutorials/transtrack
[14.088s] copying /home/jf/tello_tracking_ws/build/yolox/build/lib.linux-x86_64-cpython-310/tutorials/transtrack/tracker.py -> /home/jf/tello_tracking_ws/install/yolox/lib/python3.10/site-packages/tutorials/transtrack
[14.088s] copying /home/jf/tello_tracking_ws/build/yolox/build/lib.linux-x86_64-cpython-310/tutorials/transtrack/engine_track.py -> /home/jf/tello_tracking_ws/install/yolox/lib/python3.10/site-packages/tutorials/transtrack
[14.088s] creating /home/jf/tello_tracking_ws/install/yolox/lib/python3.10/site-packages/tutorials/transtrack/mot_online
[14.088s] copying /home/jf/tello_tracking_ws/build/yolox/build/lib.linux-x86_64-cpython-310/tutorials/transtrack/mot_online/kalman_filter.py -> /home/jf/tello_tracking_ws/install/yolox/lib/python3.10/site-packages/tutorials/transtrack/mot_online
[14.089s] copying /home/jf/tello_tracking_ws/build/yolox/build/lib.linux-x86_64-cpython-310/tutorials/transtrack/mot_online/matching.py -> /home/jf/tello_tracking_ws/install/yolox/lib/python3.10/site-packages/tutorials/transtrack/mot_online
[14.089s] copying /home/jf/tello_tracking_ws/build/yolox/build/lib.linux-x86_64-cpython-310/tutorials/transtrack/mot_online/byte_tracker.py -> /home/jf/tello_tracking_ws/install/yolox/lib/python3.10/site-packages/tutorials/transtrack/mot_online
[14.089s] copying /home/jf/tello_tracking_ws/build/yolox/build/lib.linux-x86_64-cpython-310/tutorials/transtrack/mot_online/basetrack.py -> /home/jf/tello_tracking_ws/install/yolox/lib/python3.10/site-packages/tutorials/transtrack/mot_online
[14.089s] copying /home/jf/tello_tracking_ws/build/yolox/build/lib.linux-x86_64-cpython-310/tutorials/transtrack/save_track.py -> /home/jf/tello_tracking_ws/install/yolox/lib/python3.10/site-packages/tutorials/transtrack
[14.089s] copying /home/jf/tello_tracking_ws/build/yolox/build/lib.linux-x86_64-cpython-310/tutorials/transtrack/main_track.py -> /home/jf/tello_tracking_ws/install/yolox/lib/python3.10/site-packages/tutorials/transtrack
[14.089s] creating /home/jf/tello_tracking_ws/install/yolox/lib/python3.10/site-packages/tutorials/centertrack
[14.090s] copying /home/jf/tello_tracking_ws/build/yolox/build/lib.linux-x86_64-cpython-310/tutorials/centertrack/tracker.py -> /home/jf/tello_tracking_ws/install/yolox/lib/python3.10/site-packages/tutorials/centertrack
[14.090s] copying /home/jf/tello_tracking_ws/build/yolox/build/lib.linux-x86_64-cpython-310/tutorials/centertrack/opts.py -> /home/jf/tello_tracking_ws/install/yolox/lib/python3.10/site-packages/tutorials/centertrack
[14.090s] creating /home/jf/tello_tracking_ws/install/yolox/lib/python3.10/site-packages/tutorials/centertrack/mot_online
[14.090s] copying /home/jf/tello_tracking_ws/build/yolox/build/lib.linux-x86_64-cpython-310/tutorials/centertrack/mot_online/kalman_filter.py -> /home/jf/tello_tracking_ws/install/yolox/lib/python3.10/site-packages/tutorials/centertrack/mot_online
[14.090s] copying /home/jf/tello_tracking_ws/build/yolox/build/lib.linux-x86_64-cpython-310/tutorials/centertrack/mot_online/matching.py -> /home/jf/tello_tracking_ws/install/yolox/lib/python3.10/site-packages/tutorials/centertrack/mot_online
[14.091s] copying /home/jf/tello_tracking_ws/build/yolox/build/lib.linux-x86_64-cpython-310/tutorials/centertrack/mot_online/basetrack.py -> /home/jf/tello_tracking_ws/install/yolox/lib/python3.10/site-packages/tutorials/centertrack/mot_online
[14.091s] copying /home/jf/tello_tracking_ws/build/yolox/build/lib.linux-x86_64-cpython-310/tutorials/centertrack/byte_tracker.py -> /home/jf/tello_tracking_ws/install/yolox/lib/python3.10/site-packages/tutorials/centertrack
[14.091s] creating /home/jf/tello_tracking_ws/install/yolox/lib/python3.10/site-packages/tutorials/ctracker
[14.091s] creating /home/jf/tello_tracking_ws/install/yolox/lib/python3.10/site-packages/tutorials/ctracker/mot_online
[14.091s] copying /home/jf/tello_tracking_ws/build/yolox/build/lib.linux-x86_64-cpython-310/tutorials/ctracker/mot_online/kalman_filter.py -> /home/jf/tello_tracking_ws/install/yolox/lib/python3.10/site-packages/tutorials/ctracker/mot_online
[14.092s] copying /home/jf/tello_tracking_ws/build/yolox/build/lib.linux-x86_64-cpython-310/tutorials/ctracker/mot_online/matching.py -> /home/jf/tello_tracking_ws/install/yolox/lib/python3.10/site-packages/tutorials/ctracker/mot_online
[14.092s] copying /home/jf/tello_tracking_ws/build/yolox/build/lib.linux-x86_64-cpython-310/tutorials/ctracker/mot_online/basetrack.py -> /home/jf/tello_tracking_ws/install/yolox/lib/python3.10/site-packages/tutorials/ctracker/mot_online
[14.092s] copying /home/jf/tello_tracking_ws/build/yolox/build/lib.linux-x86_64-cpython-310/tutorials/ctracker/test_byte.py -> /home/jf/tello_tracking_ws/install/yolox/lib/python3.10/site-packages/tutorials/ctracker
[14.092s] copying /home/jf/tello_tracking_ws/build/yolox/build/lib.linux-x86_64-cpython-310/tutorials/ctracker/eval_motchallenge.py -> /home/jf/tello_tracking_ws/install/yolox/lib/python3.10/site-packages/tutorials/ctracker
[14.092s] copying /home/jf/tello_tracking_ws/build/yolox/build/lib.linux-x86_64-cpython-310/tutorials/ctracker/byte_tracker.py -> /home/jf/tello_tracking_ws/install/yolox/lib/python3.10/site-packages/tutorials/ctracker
[14.093s] copying /home/jf/tello_tracking_ws/build/yolox/build/lib.linux-x86_64-cpython-310/tutorials/ctracker/test.py -> /home/jf/tello_tracking_ws/install/yolox/lib/python3.10/site-packages/tutorials/ctracker
[14.093s] copying /home/jf/tello_tracking_ws/build/yolox/build/lib.linux-x86_64-cpython-310/tutorials/ctracker/generate_half_csv.py -> /home/jf/tello_tracking_ws/install/yolox/lib/python3.10/site-packages/tutorials/ctracker
[14.093s] creating /home/jf/tello_tracking_ws/install/yolox/lib/python3.10/site-packages/tutorials/motr
[14.093s] copying /home/jf/tello_tracking_ws/build/yolox/build/lib.linux-x86_64-cpython-310/tutorials/motr/eval.py -> /home/jf/tello_tracking_ws/install/yolox/lib/python3.10/site-packages/tutorials/motr
[14.093s] copying /home/jf/tello_tracking_ws/build/yolox/build/lib.linux-x86_64-cpython-310/tutorials/motr/joint.py -> /home/jf/tello_tracking_ws/install/yolox/lib/python3.10/site-packages/tutorials/motr
[14.093s] creating /home/jf/tello_tracking_ws/install/yolox/lib/python3.10/site-packages/tutorials/motr/mot_online
[14.094s] copying /home/jf/tello_tracking_ws/build/yolox/build/lib.linux-x86_64-cpython-310/tutorials/motr/mot_online/kalman_filter.py -> /home/jf/tello_tracking_ws/install/yolox/lib/python3.10/site-packages/tutorials/motr/mot_online
[14.094s] copying /home/jf/tello_tracking_ws/build/yolox/build/lib.linux-x86_64-cpython-310/tutorials/motr/mot_online/matching.py -> /home/jf/tello_tracking_ws/install/yolox/lib/python3.10/site-packages/tutorials/motr/mot_online
[14.094s] copying /home/jf/tello_tracking_ws/build/yolox/build/lib.linux-x86_64-cpython-310/tutorials/motr/mot_online/basetrack.py -> /home/jf/tello_tracking_ws/install/yolox/lib/python3.10/site-packages/tutorials/motr/mot_online
[14.094s] copying /home/jf/tello_tracking_ws/build/yolox/build/lib.linux-x86_64-cpython-310/tutorials/motr/evaluation.py -> /home/jf/tello_tracking_ws/install/yolox/lib/python3.10/site-packages/tutorials/motr
[14.094s] copying /home/jf/tello_tracking_ws/build/yolox/build/lib.linux-x86_64-cpython-310/tutorials/motr/byte_tracker.py -> /home/jf/tello_tracking_ws/install/yolox/lib/python3.10/site-packages/tutorials/motr
[14.094s] copying /home/jf/tello_tracking_ws/build/yolox/build/lib.linux-x86_64-cpython-310/tutorials/motr/motr_det.py -> /home/jf/tello_tracking_ws/install/yolox/lib/python3.10/site-packages/tutorials/motr
[14.095s] copying /home/jf/tello_tracking_ws/build/yolox/build/lib.linux-x86_64-cpython-310/tutorials/motr/transforms.py -> /home/jf/tello_tracking_ws/install/yolox/lib/python3.10/site-packages/tutorials/motr
[14.095s] copying /home/jf/tello_tracking_ws/build/yolox/build/lib.linux-x86_64-cpython-310/tutorials/motr/motr.py -> /home/jf/tello_tracking_ws/install/yolox/lib/python3.10/site-packages/tutorials/motr
[14.095s] creating /home/jf/tello_tracking_ws/install/yolox/lib/python3.10/site-packages/tutorials/jde
[14.095s] copying /home/jf/tello_tracking_ws/build/yolox/build/lib.linux-x86_64-cpython-310/tutorials/jde/tracker.py -> /home/jf/tello_tracking_ws/install/yolox/lib/python3.10/site-packages/tutorials/jde
[14.095s] copying /home/jf/tello_tracking_ws/build/yolox/build/lib.linux-x86_64-cpython-310/tutorials/jde/track_half.py -> /home/jf/tello_tracking_ws/install/yolox/lib/python3.10/site-packages/tutorials/jde
[14.095s] copying /home/jf/tello_tracking_ws/build/yolox/build/lib.linux-x86_64-cpython-310/tutorials/jde/evaluation.py -> /home/jf/tello_tracking_ws/install/yolox/lib/python3.10/site-packages/tutorials/jde
[14.095s] copying /home/jf/tello_tracking_ws/build/yolox/build/lib.linux-x86_64-cpython-310/tutorials/jde/byte_tracker.py -> /home/jf/tello_tracking_ws/install/yolox/lib/python3.10/site-packages/tutorials/jde
[14.096s] creating /home/jf/tello_tracking_ws/install/yolox/lib/python3.10/site-packages/tutorials/trades
[14.096s] copying /home/jf/tello_tracking_ws/build/yolox/build/lib.linux-x86_64-cpython-310/tutorials/trades/tracker.py -> /home/jf/tello_tracking_ws/install/yolox/lib/python3.10/site-packages/tutorials/trades
[14.096s] copying /home/jf/tello_tracking_ws/build/yolox/build/lib.linux-x86_64-cpython-310/tutorials/trades/opts.py -> /home/jf/tello_tracking_ws/install/yolox/lib/python3.10/site-packages/tutorials/trades
[14.096s] creating /home/jf/tello_tracking_ws/install/yolox/lib/python3.10/site-packages/tutorials/trades/mot_online
[14.096s] copying /home/jf/tello_tracking_ws/build/yolox/build/lib.linux-x86_64-cpython-310/tutorials/trades/mot_online/kalman_filter.py -> /home/jf/tello_tracking_ws/install/yolox/lib/python3.10/site-packages/tutorials/trades/mot_online
[14.096s] copying /home/jf/tello_tracking_ws/build/yolox/build/lib.linux-x86_64-cpython-310/tutorials/trades/mot_online/matching.py -> /home/jf/tello_tracking_ws/install/yolox/lib/python3.10/site-packages/tutorials/trades/mot_online
[14.096s] copying /home/jf/tello_tracking_ws/build/yolox/build/lib.linux-x86_64-cpython-310/tutorials/trades/mot_online/basetrack.py -> /home/jf/tello_tracking_ws/install/yolox/lib/python3.10/site-packages/tutorials/trades/mot_online
[14.097s] copying /home/jf/tello_tracking_ws/build/yolox/build/lib.linux-x86_64-cpython-310/tutorials/trades/byte_tracker.py -> /home/jf/tello_tracking_ws/install/yolox/lib/python3.10/site-packages/tutorials/trades
[14.097s] creating /home/jf/tello_tracking_ws/install/yolox/lib/python3.10/site-packages/tutorials/cstrack
[14.097s] copying /home/jf/tello_tracking_ws/build/yolox/build/lib.linux-x86_64-cpython-310/tutorials/cstrack/tracker.py -> /home/jf/tello_tracking_ws/install/yolox/lib/python3.10/site-packages/tutorials/cstrack
[14.097s] copying /home/jf/tello_tracking_ws/build/yolox/build/lib.linux-x86_64-cpython-310/tutorials/cstrack/byte_tracker.py -> /home/jf/tello_tracking_ws/install/yolox/lib/python3.10/site-packages/tutorials/cstrack
[14.097s] creating /home/jf/tello_tracking_ws/install/yolox/lib/python3.10/site-packages/tutorials/fairmot
[14.097s] copying /home/jf/tello_tracking_ws/build/yolox/build/lib.linux-x86_64-cpython-310/tutorials/fairmot/tracker.py -> /home/jf/tello_tracking_ws/install/yolox/lib/python3.10/site-packages/tutorials/fairmot
[14.097s] copying /home/jf/tello_tracking_ws/build/yolox/build/lib.linux-x86_64-cpython-310/tutorials/fairmot/byte_tracker.py -> /home/jf/tello_tracking_ws/install/yolox/lib/python3.10/site-packages/tutorials/fairmot
[14.097s] creating /home/jf/tello_tracking_ws/install/yolox/lib/python3.10/site-packages/yolox
[14.098s] copying /home/jf/tello_tracking_ws/build/yolox/build/lib.linux-x86_64-cpython-310/yolox/__init__.py -> /home/jf/tello_tracking_ws/install/yolox/lib/python3.10/site-packages/yolox
[14.098s] creating /home/jf/tello_tracking_ws/install/yolox/lib/python3.10/site-packages/yolox/data
[14.098s] copying /home/jf/tello_tracking_ws/build/yolox/build/lib.linux-x86_64-cpython-310/yolox/data/__init__.py -> /home/jf/tello_tracking_ws/install/yolox/lib/python3.10/site-packages/yolox/data
[14.098s] copying /home/jf/tello_tracking_ws/build/yolox/build/lib.linux-x86_64-cpython-310/yolox/data/samplers.py -> /home/jf/tello_tracking_ws/install/yolox/lib/python3.10/site-packages/yolox/data
[14.098s] copying /home/jf/tello_tracking_ws/build/yolox/build/lib.linux-x86_64-cpython-310/yolox/data/data_augment.py -> /home/jf/tello_tracking_ws/install/yolox/lib/python3.10/site-packages/yolox/data
[14.098s] creating /home/jf/tello_tracking_ws/install/yolox/lib/python3.10/site-packages/yolox/data/datasets
[14.098s] copying /home/jf/tello_tracking_ws/build/yolox/build/lib.linux-x86_64-cpython-310/yolox/data/datasets/__init__.py -> /home/jf/tello_tracking_ws/install/yolox/lib/python3.10/site-packages/yolox/data/datasets
[14.099s] copying /home/jf/tello_tracking_ws/build/yolox/build/lib.linux-x86_64-cpython-310/yolox/data/datasets/mosaicdetection.py -> /home/jf/tello_tracking_ws/install/yolox/lib/python3.10/site-packages/yolox/data/datasets
[14.099s] copying /home/jf/tello_tracking_ws/build/yolox/build/lib.linux-x86_64-cpython-310/yolox/data/datasets/datasets_wrapper.py -> /home/jf/tello_tracking_ws/install/yolox/lib/python3.10/site-packages/yolox/data/datasets
[14.099s] copying /home/jf/tello_tracking_ws/build/yolox/build/lib.linux-x86_64-cpython-310/yolox/data/datasets/mot.py -> /home/jf/tello_tracking_ws/install/yolox/lib/python3.10/site-packages/yolox/data/datasets
[14.099s] copying /home/jf/tello_tracking_ws/build/yolox/build/lib.linux-x86_64-cpython-310/yolox/data/data_prefetcher.py -> /home/jf/tello_tracking_ws/install/yolox/lib/python3.10/site-packages/yolox/data
[14.099s] copying /home/jf/tello_tracking_ws/build/yolox/build/lib.linux-x86_64-cpython-310/yolox/data/dataloading.py -> /home/jf/tello_tracking_ws/install/yolox/lib/python3.10/site-packages/yolox/data
[14.099s] creating /home/jf/tello_tracking_ws/install/yolox/lib/python3.10/site-packages/yolox/core
[14.099s] copying /home/jf/tello_tracking_ws/build/yolox/build/lib.linux-x86_64-cpython-310/yolox/core/__init__.py -> /home/jf/tello_tracking_ws/install/yolox/lib/python3.10/site-packages/yolox/core
[14.100s] copying /home/jf/tello_tracking_ws/build/yolox/build/lib.linux-x86_64-cpython-310/yolox/core/trainer.py -> /home/jf/tello_tracking_ws/install/yolox/lib/python3.10/site-packages/yolox/core
[14.100s] copying /home/jf/tello_tracking_ws/build/yolox/build/lib.linux-x86_64-cpython-310/yolox/core/launch.py -> /home/jf/tello_tracking_ws/install/yolox/lib/python3.10/site-packages/yolox/core
[14.100s] creating /home/jf/tello_tracking_ws/install/yolox/lib/python3.10/site-packages/yolox/evaluators
[14.100s] copying /home/jf/tello_tracking_ws/build/yolox/build/lib.linux-x86_64-cpython-310/yolox/evaluators/__init__.py -> /home/jf/tello_tracking_ws/install/yolox/lib/python3.10/site-packages/yolox/evaluators
[14.100s] copying /home/jf/tello_tracking_ws/build/yolox/build/lib.linux-x86_64-cpython-310/yolox/evaluators/mot_evaluator.py -> /home/jf/tello_tracking_ws/install/yolox/lib/python3.10/site-packages/yolox/evaluators
[14.101s] copying /home/jf/tello_tracking_ws/build/yolox/build/lib.linux-x86_64-cpython-310/yolox/evaluators/evaluation.py -> /home/jf/tello_tracking_ws/install/yolox/lib/python3.10/site-packages/yolox/evaluators
[14.101s] copying /home/jf/tello_tracking_ws/build/yolox/build/lib.linux-x86_64-cpython-310/yolox/evaluators/coco_evaluator.py -> /home/jf/tello_tracking_ws/install/yolox/lib/python3.10/site-packages/yolox/evaluators
[14.101s] creating /home/jf/tello_tracking_ws/install/yolox/lib/python3.10/site-packages/yolox/tracker
[14.101s] copying /home/jf/tello_tracking_ws/build/yolox/build/lib.linux-x86_64-cpython-310/yolox/tracker/kalman_filter.py -> /home/jf/tello_tracking_ws/install/yolox/lib/python3.10/site-packages/yolox/tracker
[14.101s] copying /home/jf/tello_tracking_ws/build/yolox/build/lib.linux-x86_64-cpython-310/yolox/tracker/matching.py -> /home/jf/tello_tracking_ws/install/yolox/lib/python3.10/site-packages/yolox/tracker
[14.102s] copying /home/jf/tello_tracking_ws/build/yolox/build/lib.linux-x86_64-cpython-310/yolox/tracker/byte_tracker.py -> /home/jf/tello_tracking_ws/install/yolox/lib/python3.10/site-packages/yolox/tracker
[14.102s] copying /home/jf/tello_tracking_ws/build/yolox/build/lib.linux-x86_64-cpython-310/yolox/tracker/basetrack.py -> /home/jf/tello_tracking_ws/install/yolox/lib/python3.10/site-packages/yolox/tracker
[14.102s] creating /home/jf/tello_tracking_ws/install/yolox/lib/python3.10/site-packages/yolox/models
[14.102s] copying /home/jf/tello_tracking_ws/build/yolox/build/lib.linux-x86_64-cpython-310/yolox/models/yolo_pafpn.py -> /home/jf/tello_tracking_ws/install/yolox/lib/python3.10/site-packages/yolox/models
[14.102s] copying /home/jf/tello_tracking_ws/build/yolox/build/lib.linux-x86_64-cpython-310/yolox/models/__init__.py -> /home/jf/tello_tracking_ws/install/yolox/lib/python3.10/site-packages/yolox/models
[14.102s] copying /home/jf/tello_tracking_ws/build/yolox/build/lib.linux-x86_64-cpython-310/yolox/models/yolo_head.py -> /home/jf/tello_tracking_ws/install/yolox/lib/python3.10/site-packages/yolox/models
[14.103s] copying /home/jf/tello_tracking_ws/build/yolox/build/lib.linux-x86_64-cpython-310/yolox/models/losses.py -> /home/jf/tello_tracking_ws/install/yolox/lib/python3.10/site-packages/yolox/models
[14.103s] copying /home/jf/tello_tracking_ws/build/yolox/build/lib.linux-x86_64-cpython-310/yolox/models/darknet.py -> /home/jf/tello_tracking_ws/install/yolox/lib/python3.10/site-packages/yolox/models
[14.103s] copying /home/jf/tello_tracking_ws/build/yolox/build/lib.linux-x86_64-cpython-310/yolox/models/network_blocks.py -> /home/jf/tello_tracking_ws/install/yolox/lib/python3.10/site-packages/yolox/models
[14.103s] copying /home/jf/tello_tracking_ws/build/yolox/build/lib.linux-x86_64-cpython-310/yolox/models/yolo_fpn.py -> /home/jf/tello_tracking_ws/install/yolox/lib/python3.10/site-packages/yolox/models
[14.103s] copying /home/jf/tello_tracking_ws/build/yolox/build/lib.linux-x86_64-cpython-310/yolox/models/yolox.py -> /home/jf/tello_tracking_ws/install/yolox/lib/python3.10/site-packages/yolox/models
[14.103s] creating /home/jf/tello_tracking_ws/install/yolox/lib/python3.10/site-packages/yolox/motdt_tracker
[14.104s] copying /home/jf/tello_tracking_ws/build/yolox/build/lib.linux-x86_64-cpython-310/yolox/motdt_tracker/motdt_tracker.py -> /home/jf/tello_tracking_ws/install/yolox/lib/python3.10/site-packages/yolox/motdt_tracker
[14.104s] copying /home/jf/tello_tracking_ws/build/yolox/build/lib.linux-x86_64-cpython-310/yolox/motdt_tracker/reid_model.py -> /home/jf/tello_tracking_ws/install/yolox/lib/python3.10/site-packages/yolox/motdt_tracker
[14.104s] copying /home/jf/tello_tracking_ws/build/yolox/build/lib.linux-x86_64-cpython-310/yolox/motdt_tracker/kalman_filter.py -> /home/jf/tello_tracking_ws/install/yolox/lib/python3.10/site-packages/yolox/motdt_tracker
[14.104s] copying /home/jf/tello_tracking_ws/build/yolox/build/lib.linux-x86_64-cpython-310/yolox/motdt_tracker/matching.py -> /home/jf/tello_tracking_ws/install/yolox/lib/python3.10/site-packages/yolox/motdt_tracker
[14.104s] copying /home/jf/tello_tracking_ws/build/yolox/build/lib.linux-x86_64-cpython-310/yolox/motdt_tracker/basetrack.py -> /home/jf/tello_tracking_ws/install/yolox/lib/python3.10/site-packages/yolox/motdt_tracker
[14.104s] creating /home/jf/tello_tracking_ws/install/yolox/lib/python3.10/site-packages/yolox/utils
[14.104s] copying /home/jf/tello_tracking_ws/build/yolox/build/lib.linux-x86_64-cpython-310/yolox/utils/lr_scheduler.py -> /home/jf/tello_tracking_ws/install/yolox/lib/python3.10/site-packages/yolox/utils
[14.105s] copying /home/jf/tello_tracking_ws/build/yolox/build/lib.linux-x86_64-cpython-310/yolox/utils/__init__.py -> /home/jf/tello_tracking_ws/install/yolox/lib/python3.10/site-packages/yolox/utils
[14.105s] copying /home/jf/tello_tracking_ws/build/yolox/build/lib.linux-x86_64-cpython-310/yolox/utils/checkpoint.py -> /home/jf/tello_tracking_ws/install/yolox/lib/python3.10/site-packages/yolox/utils
[14.105s] copying /home/jf/tello_tracking_ws/build/yolox/build/lib.linux-x86_64-cpython-310/yolox/utils/ema.py -> /home/jf/tello_tracking_ws/install/yolox/lib/python3.10/site-packages/yolox/utils
[14.105s] copying /home/jf/tello_tracking_ws/build/yolox/build/lib.linux-x86_64-cpython-310/yolox/utils/logger.py -> /home/jf/tello_tracking_ws/install/yolox/lib/python3.10/site-packages/yolox/utils
[14.105s] copying /home/jf/tello_tracking_ws/build/yolox/build/lib.linux-x86_64-cpython-310/yolox/utils/boxes.py -> /home/jf/tello_tracking_ws/install/yolox/lib/python3.10/site-packages/yolox/utils
[14.105s] copying /home/jf/tello_tracking_ws/build/yolox/build/lib.linux-x86_64-cpython-310/yolox/utils/visualize.py -> /home/jf/tello_tracking_ws/install/yolox/lib/python3.10/site-packages/yolox/utils
[14.106s] copying /home/jf/tello_tracking_ws/build/yolox/build/lib.linux-x86_64-cpython-310/yolox/utils/setup_env.py -> /home/jf/tello_tracking_ws/install/yolox/lib/python3.10/site-packages/yolox/utils
[14.106s] copying /home/jf/tello_tracking_ws/build/yolox/build/lib.linux-x86_64-cpython-310/yolox/utils/demo_utils.py -> /home/jf/tello_tracking_ws/install/yolox/lib/python3.10/site-packages/yolox/utils
[14.106s] copying /home/jf/tello_tracking_ws/build/yolox/build/lib.linux-x86_64-cpython-310/yolox/utils/allreduce_norm.py -> /home/jf/tello_tracking_ws/install/yolox/lib/python3.10/site-packages/yolox/utils
[14.106s] copying /home/jf/tello_tracking_ws/build/yolox/build/lib.linux-x86_64-cpython-310/yolox/utils/metric.py -> /home/jf/tello_tracking_ws/install/yolox/lib/python3.10/site-packages/yolox/utils
[14.106s] copying /home/jf/tello_tracking_ws/build/yolox/build/lib.linux-x86_64-cpython-310/yolox/utils/model_utils.py -> /home/jf/tello_tracking_ws/install/yolox/lib/python3.10/site-packages/yolox/utils
[14.106s] copying /home/jf/tello_tracking_ws/build/yolox/build/lib.linux-x86_64-cpython-310/yolox/utils/dist.py -> /home/jf/tello_tracking_ws/install/yolox/lib/python3.10/site-packages/yolox/utils
[14.106s] copying /home/jf/tello_tracking_ws/build/yolox/build/lib.linux-x86_64-cpython-310/yolox/_C.cpython-310-x86_64-linux-gnu.so -> /home/jf/tello_tracking_ws/install/yolox/lib/python3.10/site-packages/yolox
[14.107s] creating /home/jf/tello_tracking_ws/install/yolox/lib/python3.10/site-packages/yolox/deepsort_tracker
[14.107s] copying /home/jf/tello_tracking_ws/build/yolox/build/lib.linux-x86_64-cpython-310/yolox/deepsort_tracker/reid_model.py -> /home/jf/tello_tracking_ws/install/yolox/lib/python3.10/site-packages/yolox/deepsort_tracker
[14.107s] copying /home/jf/tello_tracking_ws/build/yolox/build/lib.linux-x86_64-cpython-310/yolox/deepsort_tracker/kalman_filter.py -> /home/jf/tello_tracking_ws/install/yolox/lib/python3.10/site-packages/yolox/deepsort_tracker
[14.107s] copying /home/jf/tello_tracking_ws/build/yolox/build/lib.linux-x86_64-cpython-310/yolox/deepsort_tracker/detection.py -> /home/jf/tello_tracking_ws/install/yolox/lib/python3.10/site-packages/yolox/deepsort_tracker
[14.107s] copying /home/jf/tello_tracking_ws/build/yolox/build/lib.linux-x86_64-cpython-310/yolox/deepsort_tracker/iou_matching.py -> /home/jf/tello_tracking_ws/install/yolox/lib/python3.10/site-packages/yolox/deepsort_tracker
[14.107s] copying /home/jf/tello_tracking_ws/build/yolox/build/lib.linux-x86_64-cpython-310/yolox/deepsort_tracker/linear_assignment.py -> /home/jf/tello_tracking_ws/install/yolox/lib/python3.10/site-packages/yolox/deepsort_tracker
[14.108s] copying /home/jf/tello_tracking_ws/build/yolox/build/lib.linux-x86_64-cpython-310/yolox/deepsort_tracker/track.py -> /home/jf/tello_tracking_ws/install/yolox/lib/python3.10/site-packages/yolox/deepsort_tracker
[14.108s] copying /home/jf/tello_tracking_ws/build/yolox/build/lib.linux-x86_64-cpython-310/yolox/deepsort_tracker/deepsort.py -> /home/jf/tello_tracking_ws/install/yolox/lib/python3.10/site-packages/yolox/deepsort_tracker
[14.108s] creating /home/jf/tello_tracking_ws/install/yolox/lib/python3.10/site-packages/yolox/tracking_utils
[14.108s] copying /home/jf/tello_tracking_ws/build/yolox/build/lib.linux-x86_64-cpython-310/yolox/tracking_utils/timer.py -> /home/jf/tello_tracking_ws/install/yolox/lib/python3.10/site-packages/yolox/tracking_utils
[14.108s] copying /home/jf/tello_tracking_ws/build/yolox/build/lib.linux-x86_64-cpython-310/yolox/tracking_utils/io.py -> /home/jf/tello_tracking_ws/install/yolox/lib/python3.10/site-packages/yolox/tracking_utils
[14.108s] copying /home/jf/tello_tracking_ws/build/yolox/build/lib.linux-x86_64-cpython-310/yolox/tracking_utils/evaluation.py -> /home/jf/tello_tracking_ws/install/yolox/lib/python3.10/site-packages/yolox/tracking_utils
[14.108s] creating /home/jf/tello_tracking_ws/install/yolox/lib/python3.10/site-packages/yolox/sort_tracker
[14.109s] copying /home/jf/tello_tracking_ws/build/yolox/build/lib.linux-x86_64-cpython-310/yolox/sort_tracker/sort.py -> /home/jf/tello_tracking_ws/install/yolox/lib/python3.10/site-packages/yolox/sort_tracker
[14.109s] creating /home/jf/tello_tracking_ws/install/yolox/lib/python3.10/site-packages/yolox/layers
[14.109s] copying /home/jf/tello_tracking_ws/build/yolox/build/lib.linux-x86_64-cpython-310/yolox/layers/__init__.py -> /home/jf/tello_tracking_ws/install/yolox/lib/python3.10/site-packages/yolox/layers
[14.109s] copying /home/jf/tello_tracking_ws/build/yolox/build/lib.linux-x86_64-cpython-310/yolox/layers/fast_coco_eval_api.py -> /home/jf/tello_tracking_ws/install/yolox/lib/python3.10/site-packages/yolox/layers
[14.109s] creating /home/jf/tello_tracking_ws/install/yolox/lib/python3.10/site-packages/yolox/exp
[14.109s] copying /home/jf/tello_tracking_ws/build/yolox/build/lib.linux-x86_64-cpython-310/yolox/exp/__init__.py -> /home/jf/tello_tracking_ws/install/yolox/lib/python3.10/site-packages/yolox/exp
[14.110s] copying /home/jf/tello_tracking_ws/build/yolox/build/lib.linux-x86_64-cpython-310/yolox/exp/yolox_base.py -> /home/jf/tello_tracking_ws/install/yolox/lib/python3.10/site-packages/yolox/exp
[14.110s] copying /home/jf/tello_tracking_ws/build/yolox/build/lib.linux-x86_64-cpython-310/yolox/exp/build.py -> /home/jf/tello_tracking_ws/install/yolox/lib/python3.10/site-packages/yolox/exp
[14.110s] copying /home/jf/tello_tracking_ws/build/yolox/build/lib.linux-x86_64-cpython-310/yolox/exp/base_exp.py -> /home/jf/tello_tracking_ws/install/yolox/lib/python3.10/site-packages/yolox/exp
[14.110s] creating /home/jf/tello_tracking_ws/install/yolox/lib/python3.10/site-packages/exps
[14.110s] creating /home/jf/tello_tracking_ws/install/yolox/lib/python3.10/site-packages/exps/example
[14.111s] creating /home/jf/tello_tracking_ws/install/yolox/lib/python3.10/site-packages/exps/example/mot
[14.111s] copying /home/jf/tello_tracking_ws/build/yolox/build/lib.linux-x86_64-cpython-310/exps/example/mot/yolox_x_ablation.py -> /home/jf/tello_tracking_ws/install/yolox/lib/python3.10/site-packages/exps/example/mot
[14.111s] copying /home/jf/tello_tracking_ws/build/yolox/build/lib.linux-x86_64-cpython-310/exps/example/mot/yolox_x_mix_det.py -> /home/jf/tello_tracking_ws/install/yolox/lib/python3.10/site-packages/exps/example/mot
[14.111s] copying /home/jf/tello_tracking_ws/build/yolox/build/lib.linux-x86_64-cpython-310/exps/example/mot/yolox_nano_mix_det.py -> /home/jf/tello_tracking_ws/install/yolox/lib/python3.10/site-packages/exps/example/mot
[14.111s] copying /home/jf/tello_tracking_ws/build/yolox/build/lib.linux-x86_64-cpython-310/exps/example/mot/yolox_m_mix_det.py -> /home/jf/tello_tracking_ws/install/yolox/lib/python3.10/site-packages/exps/example/mot
[14.111s] copying /home/jf/tello_tracking_ws/build/yolox/build/lib.linux-x86_64-cpython-310/exps/example/mot/yolox_s_mix_det.py -> /home/jf/tello_tracking_ws/install/yolox/lib/python3.10/site-packages/exps/example/mot
[14.112s] copying /home/jf/tello_tracking_ws/build/yolox/build/lib.linux-x86_64-cpython-310/exps/example/mot/yolox_l_mix_det.py -> /home/jf/tello_tracking_ws/install/yolox/lib/python3.10/site-packages/exps/example/mot
[14.112s] copying /home/jf/tello_tracking_ws/build/yolox/build/lib.linux-x86_64-cpython-310/exps/example/mot/yolox_tiny_mix_det.py -> /home/jf/tello_tracking_ws/install/yolox/lib/python3.10/site-packages/exps/example/mot
[14.112s] copying /home/jf/tello_tracking_ws/build/yolox/build/lib.linux-x86_64-cpython-310/exps/example/mot/yolox_x_mix_mot20_ch.py -> /home/jf/tello_tracking_ws/install/yolox/lib/python3.10/site-packages/exps/example/mot
[14.112s] copying /home/jf/tello_tracking_ws/build/yolox/build/lib.linux-x86_64-cpython-310/exps/example/mot/yolox_x_ch.py -> /home/jf/tello_tracking_ws/install/yolox/lib/python3.10/site-packages/exps/example/mot
[14.112s] copying /home/jf/tello_tracking_ws/build/yolox/build/lib.linux-x86_64-cpython-310/exps/example/mot/yolox_x_mot17_half.py -> /home/jf/tello_tracking_ws/install/yolox/lib/python3.10/site-packages/exps/example/mot
[14.112s] creating /home/jf/tello_tracking_ws/install/yolox/lib/python3.10/site-packages/exps/default
[14.113s] copying /home/jf/tello_tracking_ws/build/yolox/build/lib.linux-x86_64-cpython-310/exps/default/yolox_m.py -> /home/jf/tello_tracking_ws/install/yolox/lib/python3.10/site-packages/exps/default
[14.113s] copying /home/jf/tello_tracking_ws/build/yolox/build/lib.linux-x86_64-cpython-310/exps/default/nano.py -> /home/jf/tello_tracking_ws/install/yolox/lib/python3.10/site-packages/exps/default
[14.113s] copying /home/jf/tello_tracking_ws/build/yolox/build/lib.linux-x86_64-cpython-310/exps/default/yolox_l.py -> /home/jf/tello_tracking_ws/install/yolox/lib/python3.10/site-packages/exps/default
[14.113s] copying /home/jf/tello_tracking_ws/build/yolox/build/lib.linux-x86_64-cpython-310/exps/default/yolox_tiny.py -> /home/jf/tello_tracking_ws/install/yolox/lib/python3.10/site-packages/exps/default
[14.113s] copying /home/jf/tello_tracking_ws/build/yolox/build/lib.linux-x86_64-cpython-310/exps/default/yolov3.py -> /home/jf/tello_tracking_ws/install/yolox/lib/python3.10/site-packages/exps/default
[14.113s] copying /home/jf/tello_tracking_ws/build/yolox/build/lib.linux-x86_64-cpython-310/exps/default/yolox_x.py -> /home/jf/tello_tracking_ws/install/yolox/lib/python3.10/site-packages/exps/default
[14.113s] copying /home/jf/tello_tracking_ws/build/yolox/build/lib.linux-x86_64-cpython-310/exps/default/yolox_s.py -> /home/jf/tello_tracking_ws/install/yolox/lib/python3.10/site-packages/exps/default
[14.114s] creating /home/jf/tello_tracking_ws/install/yolox/lib/python3.10/site-packages/deploy
[14.114s] creating /home/jf/tello_tracking_ws/install/yolox/lib/python3.10/site-packages/deploy/ONNXRuntime
[14.114s] copying /home/jf/tello_tracking_ws/build/yolox/build/lib.linux-x86_64-cpython-310/deploy/ONNXRuntime/onnx_inference.py -> /home/jf/tello_tracking_ws/install/yolox/lib/python3.10/site-packages/deploy/ONNXRuntime
[14.114s] byte-compiling /home/jf/tello_tracking_ws/install/yolox/lib/python3.10/site-packages/tools/track_deepsort.py to track_deepsort.cpython-310.pyc
[14.114s] byte-compiling /home/jf/tello_tracking_ws/install/yolox/lib/python3.10/site-packages/tools/convert_mot17_to_coco.py to convert_mot17_to_coco.cpython-310.pyc
[14.114s] byte-compiling /home/jf/tello_tracking_ws/install/yolox/lib/python3.10/site-packages/tools/mix_data_test_mot17.py to mix_data_test_mot17.cpython-310.pyc
[14.114s] byte-compiling /home/jf/tello_tracking_ws/install/yolox/lib/python3.10/site-packages/tools/convert_video.py to convert_video.cpython-310.pyc
[14.115s] byte-compiling /home/jf/tello_tracking_ws/install/yolox/lib/python3.10/site-packages/tools/convert_ethz_to_coco.py to convert_ethz_to_coco.cpython-310.pyc
[14.115s] byte-compiling /home/jf/tello_tracking_ws/install/yolox/lib/python3.10/site-packages/tools/mix_data_ablation.py to mix_data_ablation.cpython-310.pyc
[14.115s] byte-compiling /home/jf/tello_tracking_ws/install/yolox/lib/python3.10/site-packages/tools/train.py to train.cpython-310.pyc
[14.115s] byte-compiling /home/jf/tello_tracking_ws/install/yolox/lib/python3.10/site-packages/tools/convert_mot20_to_coco.py to convert_mot20_to_coco.cpython-310.pyc
[14.115s] byte-compiling /home/jf/tello_tracking_ws/install/yolox/lib/python3.10/site-packages/tools/track_sort.py to track_sort.cpython-310.pyc
[14.115s] byte-compiling /home/jf/tello_tracking_ws/install/yolox/lib/python3.10/site-packages/tools/convert_cityperson_to_coco.py to convert_cityperson_to_coco.cpython-310.pyc
[14.116s] byte-compiling /home/jf/tello_tracking_ws/install/yolox/lib/python3.10/site-packages/tools/mota.py to mota.cpython-310.pyc
[14.116s] byte-compiling /home/jf/tello_tracking_ws/install/yolox/lib/python3.10/site-packages/tools/track.py to track.cpython-310.pyc
[14.116s] byte-compiling /home/jf/tello_tracking_ws/install/yolox/lib/python3.10/site-packages/tools/mix_data_test_mot20.py to mix_data_test_mot20.cpython-310.pyc
[14.116s] byte-compiling /home/jf/tello_tracking_ws/install/yolox/lib/python3.10/site-packages/tools/export_onnx.py to export_onnx.cpython-310.pyc
[14.116s] byte-compiling /home/jf/tello_tracking_ws/install/yolox/lib/python3.10/site-packages/tools/convert_crowdhuman_to_coco.py to convert_crowdhuman_to_coco.cpython-310.pyc
[14.116s] byte-compiling /home/jf/tello_tracking_ws/install/yolox/lib/python3.10/site-packages/tools/interpolation.py to interpolation.cpython-310.pyc
[14.116s] byte-compiling /home/jf/tello_tracking_ws/install/yolox/lib/python3.10/site-packages/tools/track_motdt.py to track_motdt.cpython-310.pyc
[14.117s] byte-compiling /home/jf/tello_tracking_ws/install/yolox/lib/python3.10/site-packages/tools/trt.py to trt.cpython-310.pyc
[14.117s] byte-compiling /home/jf/tello_tracking_ws/install/yolox/lib/python3.10/site-packages/tools/demo_track.py to demo_track.cpython-310.pyc
[14.117s] byte-compiling /home/jf/tello_tracking_ws/install/yolox/lib/python3.10/site-packages/tools/txt2video.py to txt2video.cpython-310.pyc
[14.118s] byte-compiling /home/jf/tello_tracking_ws/install/yolox/lib/python3.10/site-packages/tutorials/qdtrack/tracker_reid_motion.py to tracker_reid_motion.cpython-310.pyc
[14.120s] byte-compiling /home/jf/tello_tracking_ws/install/yolox/lib/python3.10/site-packages/tutorials/qdtrack/mot_online/kalman_filter.py to kalman_filter.cpython-310.pyc
[14.121s] byte-compiling /home/jf/tello_tracking_ws/install/yolox/lib/python3.10/site-packages/tutorials/qdtrack/mot_online/matching.py to matching.cpython-310.pyc
[14.122s] byte-compiling /home/jf/tello_tracking_ws/install/yolox/lib/python3.10/site-packages/tutorials/qdtrack/mot_online/basetrack.py to basetrack.cpython-310.pyc
[14.122s] byte-compiling /home/jf/tello_tracking_ws/install/yolox/lib/python3.10/site-packages/tutorials/qdtrack/byte_tracker.py to byte_tracker.cpython-310.pyc
[14.124s] byte-compiling /home/jf/tello_tracking_ws/install/yolox/lib/python3.10/site-packages/tutorials/qdtrack/qdtrack.py to qdtrack.cpython-310.pyc
[14.125s] byte-compiling /home/jf/tello_tracking_ws/install/yolox/lib/python3.10/site-packages/tutorials/transtrack/tracker.py to tracker.cpython-310.pyc
[14.126s] byte-compiling /home/jf/tello_tracking_ws/install/yolox/lib/python3.10/site-packages/tutorials/transtrack/engine_track.py to engine_track.cpython-310.pyc
[14.127s] byte-compiling /home/jf/tello_tracking_ws/install/yolox/lib/python3.10/site-packages/tutorials/transtrack/mot_online/kalman_filter.py to kalman_filter.cpython-310.pyc
[14.128s] byte-compiling /home/jf/tello_tracking_ws/install/yolox/lib/python3.10/site-packages/tutorials/transtrack/mot_online/matching.py to matching.cpython-310.pyc
[14.129s] byte-compiling /home/jf/tello_tracking_ws/install/yolox/lib/python3.10/site-packages/tutorials/transtrack/mot_online/byte_tracker.py to byte_tracker.cpython-310.pyc
[14.131s] byte-compiling /home/jf/tello_tracking_ws/install/yolox/lib/python3.10/site-packages/tutorials/transtrack/mot_online/basetrack.py to basetrack.cpython-310.pyc
[14.131s] byte-compiling /home/jf/tello_tracking_ws/install/yolox/lib/python3.10/site-packages/tutorials/transtrack/save_track.py to save_track.cpython-310.pyc
[14.131s] byte-compiling /home/jf/tello_tracking_ws/install/yolox/lib/python3.10/site-packages/tutorials/transtrack/main_track.py to main_track.cpython-310.pyc
[14.133s] byte-compiling /home/jf/tello_tracking_ws/install/yolox/lib/python3.10/site-packages/tutorials/centertrack/tracker.py to tracker.cpython-310.pyc
[14.134s] byte-compiling /home/jf/tello_tracking_ws/install/yolox/lib/python3.10/site-packages/tutorials/centertrack/opts.py to opts.cpython-310.pyc
[14.136s] byte-compiling /home/jf/tello_tracking_ws/install/yolox/lib/python3.10/site-packages/tutorials/centertrack/mot_online/kalman_filter.py to kalman_filter.cpython-310.pyc
[14.137s] byte-compiling /home/jf/tello_tracking_ws/install/yolox/lib/python3.10/site-packages/tutorials/centertrack/mot_online/matching.py to matching.cpython-310.pyc
[14.138s] byte-compiling /home/jf/tello_tracking_ws/install/yolox/lib/python3.10/site-packages/tutorials/centertrack/mot_online/basetrack.py to basetrack.cpython-310.pyc
[14.138s] byte-compiling /home/jf/tello_tracking_ws/install/yolox/lib/python3.10/site-packages/tutorials/centertrack/byte_tracker.py to byte_tracker.cpython-310.pyc
[14.140s] byte-compiling /home/jf/tello_tracking_ws/install/yolox/lib/python3.10/site-packages/tutorials/ctracker/mot_online/kalman_filter.py to kalman_filter.cpython-310.pyc
[14.141s] byte-compiling /home/jf/tello_tracking_ws/install/yolox/lib/python3.10/site-packages/tutorials/ctracker/mot_online/matching.py to matching.cpython-310.pyc
[14.142s] byte-compiling /home/jf/tello_tracking_ws/install/yolox/lib/python3.10/site-packages/tutorials/ctracker/mot_online/basetrack.py to basetrack.cpython-310.pyc
[14.142s] byte-compiling /home/jf/tello_tracking_ws/install/yolox/lib/python3.10/site-packages/tutorials/ctracker/test_byte.py to test_byte.cpython-310.pyc
[14.143s] byte-compiling /home/jf/tello_tracking_ws/install/yolox/lib/python3.10/site-packages/tutorials/ctracker/eval_motchallenge.py to eval_motchallenge.cpython-310.pyc
[14.144s] byte-compiling /home/jf/tello_tracking_ws/install/yolox/lib/python3.10/site-packages/tutorials/ctracker/byte_tracker.py to byte_tracker.cpython-310.pyc
[14.145s] byte-compiling /home/jf/tello_tracking_ws/install/yolox/lib/python3.10/site-packages/tutorials/ctracker/test.py to test.cpython-310.pyc
[14.147s] byte-compiling /home/jf/tello_tracking_ws/install/yolox/lib/python3.10/site-packages/tutorials/ctracker/generate_half_csv.py to generate_half_csv.cpython-310.pyc
[14.147s] byte-compiling /home/jf/tello_tracking_ws/install/yolox/lib/python3.10/site-packages/tutorials/motr/eval.py to eval.cpython-310.pyc
[14.150s] byte-compiling /home/jf/tello_tracking_ws/install/yolox/lib/python3.10/site-packages/tutorials/motr/joint.py to joint.cpython-310.pyc
[14.151s] byte-compiling /home/jf/tello_tracking_ws/install/yolox/lib/python3.10/site-packages/tutorials/motr/mot_online/kalman_filter.py to kalman_filter.cpython-310.pyc
[14.152s] byte-compiling /home/jf/tello_tracking_ws/install/yolox/lib/python3.10/site-packages/tutorials/motr/mot_online/matching.py to matching.cpython-310.pyc
[14.153s] byte-compiling /home/jf/tello_tracking_ws/install/yolox/lib/python3.10/site-packages/tutorials/motr/mot_online/basetrack.py to basetrack.cpython-310.pyc
[14.154s] byte-compiling /home/jf/tello_tracking_ws/install/yolox/lib/python3.10/site-packages/tutorials/motr/evaluation.py to evaluation.cpython-310.pyc
[14.155s] byte-compiling /home/jf/tello_tracking_ws/install/yolox/lib/python3.10/site-packages/tutorials/motr/byte_tracker.py to byte_tracker.cpython-310.pyc
[14.156s] byte-compiling /home/jf/tello_tracking_ws/install/yolox/lib/python3.10/site-packages/tutorials/motr/motr_det.py to motr_det.cpython-310.pyc
[14.159s] byte-compiling /home/jf/tello_tracking_ws/install/yolox/lib/python3.10/site-packages/tutorials/motr/transforms.py to transforms.cpython-310.pyc
[14.163s] byte-compiling /home/jf/tello_tracking_ws/install/yolox/lib/python3.10/site-packages/tutorials/motr/motr.py to motr.cpython-310.pyc
[14.165s] byte-compiling /home/jf/tello_tracking_ws/install/yolox/lib/python3.10/site-packages/tutorials/jde/tracker.py to tracker.cpython-310.pyc
[14.167s] byte-compiling /home/jf/tello_tracking_ws/install/yolox/lib/python3.10/site-packages/tutorials/jde/track_half.py to track_half.cpython-310.pyc
[14.168s] byte-compiling /home/jf/tello_tracking_ws/install/yolox/lib/python3.10/site-packages/tutorials/jde/evaluation.py to evaluation.cpython-310.pyc
[14.169s] byte-compiling /home/jf/tello_tracking_ws/install/yolox/lib/python3.10/site-packages/tutorials/jde/byte_tracker.py to byte_tracker.cpython-310.pyc
[14.171s] byte-compiling /home/jf/tello_tracking_ws/install/yolox/lib/python3.10/site-packages/tutorials/trades/tracker.py to tracker.cpython-310.pyc
[14.172s] byte-compiling /home/jf/tello_tracking_ws/install/yolox/lib/python3.10/site-packages/tutorials/trades/opts.py to opts.cpython-310.pyc
[14.175s] byte-compiling /home/jf/tello_tracking_ws/install/yolox/lib/python3.10/site-packages/tutorials/trades/mot_online/kalman_filter.py to kalman_filter.cpython-310.pyc
[14.175s] byte-compiling /home/jf/tello_tracking_ws/install/yolox/lib/python3.10/site-packages/tutorials/trades/mot_online/matching.py to matching.cpython-310.pyc
[14.176s] byte-compiling /home/jf/tello_tracking_ws/install/yolox/lib/python3.10/site-packages/tutorials/trades/mot_online/basetrack.py to basetrack.cpython-310.pyc
[14.177s] byte-compiling /home/jf/tello_tracking_ws/install/yolox/lib/python3.10/site-packages/tutorials/trades/byte_tracker.py to byte_tracker.cpython-310.pyc
[14.178s] byte-compiling /home/jf/tello_tracking_ws/install/yolox/lib/python3.10/site-packages/tutorials/cstrack/tracker.py to tracker.cpython-310.pyc
[14.181s] byte-compiling /home/jf/tello_tracking_ws/install/yolox/lib/python3.10/site-packages/tutorials/cstrack/byte_tracker.py to byte_tracker.cpython-310.pyc
[14.184s] byte-compiling /home/jf/tello_tracking_ws/install/yolox/lib/python3.10/site-packages/tutorials/fairmot/tracker.py to tracker.cpython-310.pyc
[14.186s] byte-compiling /home/jf/tello_tracking_ws/install/yolox/lib/python3.10/site-packages/tutorials/fairmot/byte_tracker.py to byte_tracker.cpython-310.pyc
[14.188s] byte-compiling /home/jf/tello_tracking_ws/install/yolox/lib/python3.10/site-packages/yolox/__init__.py to __init__.cpython-310.pyc
[14.188s] byte-compiling /home/jf/tello_tracking_ws/install/yolox/lib/python3.10/site-packages/yolox/data/__init__.py to __init__.cpython-310.pyc
[14.188s] byte-compiling /home/jf/tello_tracking_ws/install/yolox/lib/python3.10/site-packages/yolox/data/samplers.py to samplers.cpython-310.pyc
[14.189s] byte-compiling /home/jf/tello_tracking_ws/install/yolox/lib/python3.10/site-packages/yolox/data/data_augment.py to data_augment.cpython-310.pyc
[14.190s] byte-compiling /home/jf/tello_tracking_ws/install/yolox/lib/python3.10/site-packages/yolox/data/datasets/__init__.py to __init__.cpython-310.pyc
[14.190s] byte-compiling /home/jf/tello_tracking_ws/install/yolox/lib/python3.10/site-packages/yolox/data/datasets/mosaicdetection.py to mosaicdetection.cpython-310.pyc
[14.191s] byte-compiling /home/jf/tello_tracking_ws/install/yolox/lib/python3.10/site-packages/yolox/data/datasets/datasets_wrapper.py to datasets_wrapper.cpython-310.pyc
[14.192s] byte-compiling /home/jf/tello_tracking_ws/install/yolox/lib/python3.10/site-packages/yolox/data/datasets/mot.py to mot.cpython-310.pyc
[14.193s] byte-compiling /home/jf/tello_tracking_ws/install/yolox/lib/python3.10/site-packages/yolox/data/data_prefetcher.py to data_prefetcher.cpython-310.pyc
[14.193s] byte-compiling /home/jf/tello_tracking_ws/install/yolox/lib/python3.10/site-packages/yolox/data/dataloading.py to dataloading.cpython-310.pyc
[14.194s] byte-compiling /home/jf/tello_tracking_ws/install/yolox/lib/python3.10/site-packages/yolox/core/__init__.py to __init__.cpython-310.pyc
[14.194s] byte-compiling /home/jf/tello_tracking_ws/install/yolox/lib/python3.10/site-packages/yolox/core/trainer.py to trainer.cpython-310.pyc
[14.195s] byte-compiling /home/jf/tello_tracking_ws/install/yolox/lib/python3.10/site-packages/yolox/core/launch.py to launch.cpython-310.pyc
[14.196s] byte-compiling /home/jf/tello_tracking_ws/install/yolox/lib/python3.10/site-packages/yolox/evaluators/__init__.py to __init__.cpython-310.pyc
[14.196s] byte-compiling /home/jf/tello_tracking_ws/install/yolox/lib/python3.10/site-packages/yolox/evaluators/mot_evaluator.py to mot_evaluator.cpython-310.pyc
[14.198s] byte-compiling /home/jf/tello_tracking_ws/install/yolox/lib/python3.10/site-packages/yolox/evaluators/evaluation.py to evaluation.cpython-310.pyc
[14.199s] byte-compiling /home/jf/tello_tracking_ws/install/yolox/lib/python3.10/site-packages/yolox/evaluators/coco_evaluator.py to coco_evaluator.cpython-310.pyc
[14.200s] byte-compiling /home/jf/tello_tracking_ws/install/yolox/lib/python3.10/site-packages/yolox/tracker/kalman_filter.py to kalman_filter.cpython-310.pyc
[14.201s] byte-compiling /home/jf/tello_tracking_ws/install/yolox/lib/python3.10/site-packages/yolox/tracker/matching.py to matching.cpython-310.pyc
[14.202s] byte-compiling /home/jf/tello_tracking_ws/install/yolox/lib/python3.10/site-packages/yolox/tracker/byte_tracker.py to byte_tracker.cpython-310.pyc
[14.203s] byte-compiling /home/jf/tello_tracking_ws/install/yolox/lib/python3.10/site-packages/yolox/tracker/basetrack.py to basetrack.cpython-310.pyc
[14.203s] byte-compiling /home/jf/tello_tracking_ws/install/yolox/lib/python3.10/site-packages/yolox/models/yolo_pafpn.py to yolo_pafpn.cpython-310.pyc
[14.204s] byte-compiling /home/jf/tello_tracking_ws/install/yolox/lib/python3.10/site-packages/yolox/models/__init__.py to __init__.cpython-310.pyc
[14.204s] byte-compiling /home/jf/tello_tracking_ws/install/yolox/lib/python3.10/site-packages/yolox/models/yolo_head.py to yolo_head.cpython-310.pyc
[14.206s] byte-compiling /home/jf/tello_tracking_ws/install/yolox/lib/python3.10/site-packages/yolox/models/losses.py to losses.cpython-310.pyc
[14.207s] byte-compiling /home/jf/tello_tracking_ws/install/yolox/lib/python3.10/site-packages/yolox/models/darknet.py to darknet.cpython-310.pyc
[14.208s] byte-compiling /home/jf/tello_tracking_ws/install/yolox/lib/python3.10/site-packages/yolox/models/network_blocks.py to network_blocks.cpython-310.pyc
[14.209s] byte-compiling /home/jf/tello_tracking_ws/install/yolox/lib/python3.10/site-packages/yolox/models/yolo_fpn.py to yolo_fpn.cpython-310.pyc
[14.209s] byte-compiling /home/jf/tello_tracking_ws/install/yolox/lib/python3.10/site-packages/yolox/models/yolox.py to yolox.cpython-310.pyc
[14.209s] byte-compiling /home/jf/tello_tracking_ws/install/yolox/lib/python3.10/site-packages/yolox/motdt_tracker/motdt_tracker.py to motdt_tracker.cpython-310.pyc
[14.211s] byte-compiling /home/jf/tello_tracking_ws/install/yolox/lib/python3.10/site-packages/yolox/motdt_tracker/reid_model.py to reid_model.cpython-310.pyc
[14.212s] byte-compiling /home/jf/tello_tracking_ws/install/yolox/lib/python3.10/site-packages/yolox/motdt_tracker/kalman_filter.py to kalman_filter.cpython-310.pyc
[14.213s] byte-compiling /home/jf/tello_tracking_ws/install/yolox/lib/python3.10/site-packages/yolox/motdt_tracker/matching.py to matching.cpython-310.pyc
[14.213s] byte-compiling /home/jf/tello_tracking_ws/install/yolox/lib/python3.10/site-packages/yolox/motdt_tracker/basetrack.py to basetrack.cpython-310.pyc
[14.214s] byte-compiling /home/jf/tello_tracking_ws/install/yolox/lib/python3.10/site-packages/yolox/utils/lr_scheduler.py to lr_scheduler.cpython-310.pyc
[14.214s] byte-compiling /home/jf/tello_tracking_ws/install/yolox/lib/python3.10/site-packages/yolox/utils/__init__.py to __init__.cpython-310.pyc
[14.215s] byte-compiling /home/jf/tello_tracking_ws/install/yolox/lib/python3.10/site-packages/yolox/utils/checkpoint.py to checkpoint.cpython-310.pyc
[14.215s] byte-compiling /home/jf/tello_tracking_ws/install/yolox/lib/python3.10/site-packages/yolox/utils/ema.py to ema.cpython-310.pyc
[14.215s] byte-compiling /home/jf/tello_tracking_ws/install/yolox/lib/python3.10/site-packages/yolox/utils/logger.py to logger.cpython-310.pyc
[14.216s] byte-compiling /home/jf/tello_tracking_ws/install/yolox/lib/python3.10/site-packages/yolox/utils/boxes.py to boxes.cpython-310.pyc
[14.216s] byte-compiling /home/jf/tello_tracking_ws/install/yolox/lib/python3.10/site-packages/yolox/utils/visualize.py to visualize.cpython-310.pyc
[14.217s] byte-compiling /home/jf/tello_tracking_ws/install/yolox/lib/python3.10/site-packages/yolox/utils/setup_env.py to setup_env.cpython-310.pyc
[14.217s] byte-compiling /home/jf/tello_tracking_ws/install/yolox/lib/python3.10/site-packages/yolox/utils/demo_utils.py to demo_utils.cpython-310.pyc
[14.218s] byte-compiling /home/jf/tello_tracking_ws/install/yolox/lib/python3.10/site-packages/yolox/utils/allreduce_norm.py to allreduce_norm.cpython-310.pyc
[14.219s] byte-compiling /home/jf/tello_tracking_ws/install/yolox/lib/python3.10/site-packages/yolox/utils/metric.py to metric.cpython-310.pyc
[14.219s] byte-compiling /home/jf/tello_tracking_ws/install/yolox/lib/python3.10/site-packages/yolox/utils/model_utils.py to model_utils.cpython-310.pyc
[14.220s] byte-compiling /home/jf/tello_tracking_ws/install/yolox/lib/python3.10/site-packages/yolox/utils/dist.py to dist.cpython-310.pyc
[14.220s] byte-compiling /home/jf/tello_tracking_ws/install/yolox/lib/python3.10/site-packages/yolox/deepsort_tracker/reid_model.py to reid_model.cpython-310.pyc
[14.221s] byte-compiling /home/jf/tello_tracking_ws/install/yolox/lib/python3.10/site-packages/yolox/deepsort_tracker/kalman_filter.py to kalman_filter.cpython-310.pyc
[14.222s] byte-compiling /home/jf/tello_tracking_ws/install/yolox/lib/python3.10/site-packages/yolox/deepsort_tracker/detection.py to detection.cpython-310.pyc
[14.222s] byte-compiling /home/jf/tello_tracking_ws/install/yolox/lib/python3.10/site-packages/yolox/deepsort_tracker/iou_matching.py to iou_matching.cpython-310.pyc
[14.222s] byte-compiling /home/jf/tello_tracking_ws/install/yolox/lib/python3.10/site-packages/yolox/deepsort_tracker/linear_assignment.py to linear_assignment.cpython-310.pyc
[14.223s] byte-compiling /home/jf/tello_tracking_ws/install/yolox/lib/python3.10/site-packages/yolox/deepsort_tracker/track.py to track.cpython-310.pyc
[14.223s] byte-compiling /home/jf/tello_tracking_ws/install/yolox/lib/python3.10/site-packages/yolox/deepsort_tracker/deepsort.py to deepsort.cpython-310.pyc
[14.225s] byte-compiling /home/jf/tello_tracking_ws/install/yolox/lib/python3.10/site-packages/yolox/tracking_utils/timer.py to timer.cpython-310.pyc
[14.225s] byte-compiling /home/jf/tello_tracking_ws/install/yolox/lib/python3.10/site-packages/yolox/tracking_utils/io.py to io.cpython-310.pyc
[14.226s] byte-compiling /home/jf/tello_tracking_ws/install/yolox/lib/python3.10/site-packages/yolox/tracking_utils/evaluation.py to evaluation.cpython-310.pyc
[14.226s] byte-compiling /home/jf/tello_tracking_ws/install/yolox/lib/python3.10/site-packages/yolox/sort_tracker/sort.py to sort.cpython-310.pyc
[14.228s] byte-compiling /home/jf/tello_tracking_ws/install/yolox/lib/python3.10/site-packages/yolox/layers/__init__.py to __init__.cpython-310.pyc
[14.228s] byte-compiling /home/jf/tello_tracking_ws/install/yolox/lib/python3.10/site-packages/yolox/layers/fast_coco_eval_api.py to fast_coco_eval_api.cpython-310.pyc
[14.228s] byte-compiling /home/jf/tello_tracking_ws/install/yolox/lib/python3.10/site-packages/yolox/exp/__init__.py to __init__.cpython-310.pyc
[14.229s] byte-compiling /home/jf/tello_tracking_ws/install/yolox/lib/python3.10/site-packages/yolox/exp/yolox_base.py to yolox_base.cpython-310.pyc
[14.230s] byte-compiling /home/jf/tello_tracking_ws/install/yolox/lib/python3.10/site-packages/yolox/exp/build.py to build.cpython-310.pyc
[14.230s] byte-compiling /home/jf/tello_tracking_ws/install/yolox/lib/python3.10/site-packages/yolox/exp/base_exp.py to base_exp.cpython-310.pyc
[14.230s] byte-compiling /home/jf/tello_tracking_ws/install/yolox/lib/python3.10/site-packages/exps/example/mot/yolox_x_ablation.py to yolox_x_ablation.cpython-310.pyc
[14.231s] byte-compiling /home/jf/tello_tracking_ws/install/yolox/lib/python3.10/site-packages/exps/example/mot/yolox_x_mix_det.py to yolox_x_mix_det.cpython-310.pyc
[14.231s] byte-compiling /home/jf/tello_tracking_ws/install/yolox/lib/python3.10/site-packages/exps/example/mot/yolox_nano_mix_det.py to yolox_nano_mix_det.cpython-310.pyc
[14.232s] byte-compiling /home/jf/tello_tracking_ws/install/yolox/lib/python3.10/site-packages/exps/example/mot/yolox_m_mix_det.py to yolox_m_mix_det.cpython-310.pyc
[14.233s] byte-compiling /home/jf/tello_tracking_ws/install/yolox/lib/python3.10/site-packages/exps/example/mot/yolox_s_mix_det.py to yolox_s_mix_det.cpython-310.pyc
[14.233s] byte-compiling /home/jf/tello_tracking_ws/install/yolox/lib/python3.10/site-packages/exps/example/mot/yolox_l_mix_det.py to yolox_l_mix_det.cpython-310.pyc
[14.234s] byte-compiling /home/jf/tello_tracking_ws/install/yolox/lib/python3.10/site-packages/exps/example/mot/yolox_tiny_mix_det.py to yolox_tiny_mix_det.cpython-310.pyc
[14.234s] byte-compiling /home/jf/tello_tracking_ws/install/yolox/lib/python3.10/site-packages/exps/example/mot/yolox_x_mix_mot20_ch.py to yolox_x_mix_mot20_ch.cpython-310.pyc
[14.235s] byte-compiling /home/jf/tello_tracking_ws/install/yolox/lib/python3.10/site-packages/exps/example/mot/yolox_x_ch.py to yolox_x_ch.cpython-310.pyc
[14.235s] byte-compiling /home/jf/tello_tracking_ws/install/yolox/lib/python3.10/site-packages/exps/example/mot/yolox_x_mot17_half.py to yolox_x_mot17_half.cpython-310.pyc
[14.236s] byte-compiling /home/jf/tello_tracking_ws/install/yolox/lib/python3.10/site-packages/exps/default/yolox_m.py to yolox_m.cpython-310.pyc
[14.236s] byte-compiling /home/jf/tello_tracking_ws/install/yolox/lib/python3.10/site-packages/exps/default/nano.py to nano.cpython-310.pyc
[14.236s] byte-compiling /home/jf/tello_tracking_ws/install/yolox/lib/python3.10/site-packages/exps/default/yolox_l.py to yolox_l.cpython-310.pyc
[14.237s] byte-compiling /home/jf/tello_tracking_ws/install/yolox/lib/python3.10/site-packages/exps/default/yolox_tiny.py to yolox_tiny.cpython-310.pyc
[14.237s] byte-compiling /home/jf/tello_tracking_ws/install/yolox/lib/python3.10/site-packages/exps/default/yolov3.py to yolov3.cpython-310.pyc
[14.237s] byte-compiling /home/jf/tello_tracking_ws/install/yolox/lib/python3.10/site-packages/exps/default/yolox_x.py to yolox_x.cpython-310.pyc
[14.237s] byte-compiling /home/jf/tello_tracking_ws/install/yolox/lib/python3.10/site-packages/exps/default/yolox_s.py to yolox_s.cpython-310.pyc
[14.238s] byte-compiling /home/jf/tello_tracking_ws/install/yolox/lib/python3.10/site-packages/deploy/ONNXRuntime/onnx_inference.py to onnx_inference.cpython-310.pyc
[14.238s] running install_egg_info
[14.251s] Copying ../../build/yolox/yolox.egg-info to /home/jf/tello_tracking_ws/install/yolox/lib/python3.10/site-packages/yolox-0.1.0-py3.10.egg-info
[14.251s] running install_scripts
[14.296s] writing list of installed files to '/home/jf/tello_tracking_ws/build/yolox/install.log'
[14.738s] Invoked command in '/home/jf/tello_tracking_ws/src/ByteTrack' returned '0': PYTHONPATH=/home/jf/tello_tracking_ws/build/yolox/prefix_override:/usr/lib/python3/dist-packages/colcon_core/task/python/colcon_distutils_commands:/home/jf/tello_tracking_ws/install/yolox/lib/python3.10/site-packages:${PYTHONPATH} /usr/bin/python3 -W ignore:setup.py install is deprecated -W ignore:easy_install command is deprecated setup.py egg_info --egg-base ../../build/yolox build --build-base /home/jf/tello_tracking_ws/build/yolox/build install --record /home/jf/tello_tracking_ws/build/yolox/install.log --single-version-externally-managed
