[0.166s] [34mcolcon[0m [1;30mDEBUG[0m [32mCommand line arguments: ['/usr/bin/colcon', 'build', '--packages-select', 'yolov5_bytetrack_ros'][0m
[0.166s] [34mcolcon[0m [1;30mDEBUG[0m [32mParsed command line arguments: Namespace(log_base=None, log_level=None, verb_name='build', build_base='build', install_base='install', merge_install=False, symlink_install=False, test_result_base=None, continue_on_error=False, executor='parallel', parallel_workers=16, event_handlers=None, ignore_user_meta=False, metas=['./colcon.meta'], base_paths=['.'], packages_ignore=None, packages_ignore_regex=None, paths=None, packages_up_to=None, packages_up_to_regex=None, packages_above=None, packages_above_and_dependencies=None, packages_above_depth=None, packages_select_by_dep=None, packages_skip_by_dep=None, packages_skip_up_to=None, packages_select_build_failed=False, packages_skip_build_finished=False, packages_select_test_failures=False, packages_skip_test_passed=False, packages_select=['yolov5_bytetrack_ros'], packages_skip=None, packages_select_regex=None, packages_skip_regex=None, packages_start=None, packages_end=None, allow_overriding=[], cmake_args=None, cmake_target=None, cmake_target_skip_unavailable=False, cmake_clean_cache=False, cmake_clean_first=False, cmake_force_configure=False, ament_cmake_args=None, catkin_cmake_args=None, catkin_skip_building_tests=False, mixin_files=None, mixin=None, verb_parser=<colcon_mixin.mixin.mixin_argument.MixinArgumentDecorator object at 0x70b804925ae0>, verb_extension=<colcon_core.verb.build.BuildVerb object at 0x70b804925630>, main=<bound method BuildVerb.main of <colcon_core.verb.build.BuildVerb object at 0x70b804925630>>, mixin_verb=('build',))[0m
[0.523s] [34mcolcon.colcon_core.package_discovery[0m [1;30mLevel 1[0m discover_packages(colcon_meta) check parameters
[0.523s] [34mcolcon.colcon_core.package_discovery[0m [1;30mLevel 1[0m discover_packages(recursive) check parameters
[0.523s] [34mcolcon.colcon_core.package_discovery[0m [1;30mLevel 1[0m discover_packages(ignore) check parameters
[0.523s] [34mcolcon.colcon_core.package_discovery[0m [1;30mLevel 1[0m discover_packages(path) check parameters
[0.523s] [34mcolcon.colcon_core.package_discovery[0m [1;30mLevel 1[0m discover_packages(colcon_meta) discover
[0.524s] [34mcolcon.colcon_core.package_discovery[0m [1;30mLevel 1[0m discover_packages(recursive) discover
[0.524s] [34mcolcon.colcon_core.package_discovery[0m [1;30mINFO[0m Crawling recursively for packages in '/home/jf/tello_tracking_ws'
[0.524s] [34mcolcon.colcon_core.package_identification[0m [1;30mLevel 1[0m _identify(.) by extensions ['ignore', 'ignore_ament_install']
[0.524s] [34mcolcon.colcon_core.package_identification[0m [1;30mLevel 1[0m _identify(.) by extension 'ignore'
[0.524s] [34mcolcon.colcon_core.package_identification[0m [1;30mLevel 1[0m _identify(.) by extension 'ignore_ament_install'
[0.524s] [34mcolcon.colcon_core.package_identification[0m [1;30mLevel 1[0m _identify(.) by extensions ['colcon_pkg']
[0.524s] [34mcolcon.colcon_core.package_identification[0m [1;30mLevel 1[0m _identify(.) by extension 'colcon_pkg'
[0.524s] [34mcolcon.colcon_core.package_identification[0m [1;30mLevel 1[0m _identify(.) by extensions ['colcon_meta']
[0.524s] [34mcolcon.colcon_core.package_identification[0m [1;30mLevel 1[0m _identify(.) by extension 'colcon_meta'
[0.524s] [34mcolcon.colcon_core.package_identification[0m [1;30mLevel 1[0m _identify(.) by extensions ['ros']
[0.524s] [34mcolcon.colcon_core.package_identification[0m [1;30mLevel 1[0m _identify(.) by extension 'ros'
[0.556s] [34mcolcon.colcon_core.package_identification[0m [1;30mLevel 1[0m _identify(.) by extensions ['cmake', 'python']
[0.556s] [34mcolcon.colcon_core.package_identification[0m [1;30mLevel 1[0m _identify(.) by extension 'cmake'
[0.556s] [34mcolcon.colcon_core.package_identification[0m [1;30mLevel 1[0m _identify(.) by extension 'python'
[0.556s] [34mcolcon.colcon_core.package_identification[0m [1;30mLevel 1[0m _identify(.) by extensions ['python_setup_py']
[0.556s] [34mcolcon.colcon_core.package_identification[0m [1;30mLevel 1[0m _identify(.) by extension 'python_setup_py'
[0.556s] [34mcolcon.colcon_core.package_identification[0m [1;30mLevel 1[0m _identify(build) by extensions ['ignore', 'ignore_ament_install']
[0.557s] [34mcolcon.colcon_core.package_identification[0m [1;30mLevel 1[0m _identify(build) by extension 'ignore'
[0.557s] [34mcolcon.colcon_core.package_identification[0m [1;30mLevel 1[0m _identify(build) ignored
[0.557s] [34mcolcon.colcon_core.package_identification[0m [1;30mLevel 1[0m _identify(install) by extensions ['ignore', 'ignore_ament_install']
[0.557s] [34mcolcon.colcon_core.package_identification[0m [1;30mLevel 1[0m _identify(install) by extension 'ignore'
[0.557s] [34mcolcon.colcon_core.package_identification[0m [1;30mLevel 1[0m _identify(install) ignored
[0.557s] [34mcolcon.colcon_core.package_identification[0m [1;30mLevel 1[0m _identify(log) by extensions ['ignore', 'ignore_ament_install']
[0.557s] [34mcolcon.colcon_core.package_identification[0m [1;30mLevel 1[0m _identify(log) by extension 'ignore'
[0.558s] [34mcolcon.colcon_core.package_identification[0m [1;30mLevel 1[0m _identify(log) ignored
[0.565s] [34mcolcon.colcon_core.package_identification[0m [1;30mLevel 1[0m _identify(src) by extensions ['ignore', 'ignore_ament_install']
[0.565s] [34mcolcon.colcon_core.package_identification[0m [1;30mLevel 1[0m _identify(src) by extension 'ignore'
[0.565s] [34mcolcon.colcon_core.package_identification[0m [1;30mLevel 1[0m _identify(src) by extension 'ignore_ament_install'
[0.565s] [34mcolcon.colcon_core.package_identification[0m [1;30mLevel 1[0m _identify(src) by extensions ['colcon_pkg']
[0.565s] [34mcolcon.colcon_core.package_identification[0m [1;30mLevel 1[0m _identify(src) by extension 'colcon_pkg'
[0.565s] [34mcolcon.colcon_core.package_identification[0m [1;30mLevel 1[0m _identify(src) by extensions ['colcon_meta']
[0.565s] [34mcolcon.colcon_core.package_identification[0m [1;30mLevel 1[0m _identify(src) by extension 'colcon_meta'
[0.566s] [34mcolcon.colcon_core.package_identification[0m [1;30mLevel 1[0m _identify(src) by extensions ['ros']
[0.566s] [34mcolcon.colcon_core.package_identification[0m [1;30mLevel 1[0m _identify(src) by extension 'ros'
[0.566s] [34mcolcon.colcon_core.package_identification[0m [1;30mLevel 1[0m _identify(src) by extensions ['cmake', 'python']
[0.566s] [34mcolcon.colcon_core.package_identification[0m [1;30mLevel 1[0m _identify(src) by extension 'cmake'
[0.566s] [34mcolcon.colcon_core.package_identification[0m [1;30mLevel 1[0m _identify(src) by extension 'python'
[0.566s] [34mcolcon.colcon_core.package_identification[0m [1;30mLevel 1[0m _identify(src) by extensions ['python_setup_py']
[0.566s] [34mcolcon.colcon_core.package_identification[0m [1;30mLevel 1[0m _identify(src) by extension 'python_setup_py'
[0.567s] [34mcolcon.colcon_core.package_identification[0m [1;30mLevel 1[0m _identify(src/ByteTrack) by extensions ['ignore', 'ignore_ament_install']
[0.567s] [34mcolcon.colcon_core.package_identification[0m [1;30mLevel 1[0m _identify(src/ByteTrack) by extension 'ignore'
[0.567s] [34mcolcon.colcon_core.package_identification[0m [1;30mLevel 1[0m _identify(src/ByteTrack) by extension 'ignore_ament_install'
[0.567s] [34mcolcon.colcon_core.package_identification[0m [1;30mLevel 1[0m _identify(src/ByteTrack) by extensions ['colcon_pkg']
[0.567s] [34mcolcon.colcon_core.package_identification[0m [1;30mLevel 1[0m _identify(src/ByteTrack) by extension 'colcon_pkg'
[0.567s] [34mcolcon.colcon_core.package_identification[0m [1;30mLevel 1[0m _identify(src/ByteTrack) by extensions ['colcon_meta']
[0.567s] [34mcolcon.colcon_core.package_identification[0m [1;30mLevel 1[0m _identify(src/ByteTrack) by extension 'colcon_meta'
[0.567s] [34mcolcon.colcon_core.package_identification[0m [1;30mLevel 1[0m _identify(src/ByteTrack) by extensions ['ros']
[0.568s] [34mcolcon.colcon_core.package_identification[0m [1;30mLevel 1[0m _identify(src/ByteTrack) by extension 'ros'
[0.568s] [34mcolcon.colcon_core.package_identification[0m [1;30mLevel 1[0m _identify(src/ByteTrack) by extensions ['cmake', 'python']
[0.568s] [34mcolcon.colcon_core.package_identification[0m [1;30mLevel 1[0m _identify(src/ByteTrack) by extension 'cmake'
[0.568s] [34mcolcon.colcon_core.package_identification[0m [1;30mLevel 1[0m _identify(src/ByteTrack) by extension 'python'
[0.568s] [34mcolcon.colcon_core.package_identification[0m [1;30mDEBUG[0m [32mPython package in 'src/ByteTrack' passes arguments to the setup() function which requires a different identification extension than 'python'[0m
[0.568s] [34mcolcon.colcon_core.package_identification[0m [1;30mLevel 1[0m _identify(src/ByteTrack) by extensions ['python_setup_py']
[0.568s] [34mcolcon.colcon_core.package_identification[0m [1;30mLevel 1[0m _identify(src/ByteTrack) by extension 'python_setup_py'
[4.767s] [34mcolcon.colcon_core.package_identification[0m [1;30mDEBUG[0m [32mPackage 'src/ByteTrack' with type 'python' and name 'yolox'[0m
[4.769s] [34mcolcon.colcon_core.package_identification[0m [1;30mLevel 1[0m _identify(src/yolov5) by extensions ['ignore', 'ignore_ament_install']
[4.769s] [34mcolcon.colcon_core.package_identification[0m [1;30mLevel 1[0m _identify(src/yolov5) by extension 'ignore'
[4.769s] [34mcolcon.colcon_core.package_identification[0m [1;30mLevel 1[0m _identify(src/yolov5) by extension 'ignore_ament_install'
[4.769s] [34mcolcon.colcon_core.package_identification[0m [1;30mLevel 1[0m _identify(src/yolov5) by extensions ['colcon_pkg']
[4.769s] [34mcolcon.colcon_core.package_identification[0m [1;30mLevel 1[0m _identify(src/yolov5) by extension 'colcon_pkg'
[4.769s] [34mcolcon.colcon_core.package_identification[0m [1;30mLevel 1[0m _identify(src/yolov5) by extensions ['colcon_meta']
[4.769s] [34mcolcon.colcon_core.package_identification[0m [1;30mLevel 1[0m _identify(src/yolov5) by extension 'colcon_meta'
[4.769s] [34mcolcon.colcon_core.package_identification[0m [1;30mLevel 1[0m _identify(src/yolov5) by extensions ['ros']
[4.769s] [34mcolcon.colcon_core.package_identification[0m [1;30mLevel 1[0m _identify(src/yolov5) by extension 'ros'
[4.769s] [34mcolcon.colcon_core.package_identification[0m [1;30mLevel 1[0m _identify(src/yolov5) by extensions ['cmake', 'python']
[4.769s] [34mcolcon.colcon_core.package_identification[0m [1;30mLevel 1[0m _identify(src/yolov5) by extension 'cmake'
[4.769s] [34mcolcon.colcon_core.package_identification[0m [1;30mLevel 1[0m _identify(src/yolov5) by extension 'python'
[4.769s] [34mcolcon.colcon_core.package_identification[0m [1;30mLevel 1[0m _identify(src/yolov5) by extensions ['python_setup_py']
[4.769s] [34mcolcon.colcon_core.package_identification[0m [1;30mLevel 1[0m _identify(src/yolov5) by extension 'python_setup_py'
[4.770s] [34mcolcon.colcon_core.package_identification[0m [1;30mLevel 1[0m _identify(src/yolov5/__pycache__) by extensions ['ignore', 'ignore_ament_install']
[4.770s] [34mcolcon.colcon_core.package_identification[0m [1;30mLevel 1[0m _identify(src/yolov5/__pycache__) by extension 'ignore'
[4.770s] [34mcolcon.colcon_core.package_identification[0m [1;30mLevel 1[0m _identify(src/yolov5/__pycache__) by extension 'ignore_ament_install'
[4.770s] [34mcolcon.colcon_core.package_identification[0m [1;30mLevel 1[0m _identify(src/yolov5/__pycache__) by extensions ['colcon_pkg']
[4.770s] [34mcolcon.colcon_core.package_identification[0m [1;30mLevel 1[0m _identify(src/yolov5/__pycache__) by extension 'colcon_pkg'
[4.770s] [34mcolcon.colcon_core.package_identification[0m [1;30mLevel 1[0m _identify(src/yolov5/__pycache__) by extensions ['colcon_meta']
[4.770s] [34mcolcon.colcon_core.package_identification[0m [1;30mLevel 1[0m _identify(src/yolov5/__pycache__) by extension 'colcon_meta'
[4.770s] [34mcolcon.colcon_core.package_identification[0m [1;30mLevel 1[0m _identify(src/yolov5/__pycache__) by extensions ['ros']
[4.770s] [34mcolcon.colcon_core.package_identification[0m [1;30mLevel 1[0m _identify(src/yolov5/__pycache__) by extension 'ros'
[4.770s] [34mcolcon.colcon_core.package_identification[0m [1;30mLevel 1[0m _identify(src/yolov5/__pycache__) by extensions ['cmake', 'python']
[4.770s] [34mcolcon.colcon_core.package_identification[0m [1;30mLevel 1[0m _identify(src/yolov5/__pycache__) by extension 'cmake'
[4.770s] [34mcolcon.colcon_core.package_identification[0m [1;30mLevel 1[0m _identify(src/yolov5/__pycache__) by extension 'python'
[4.771s] [34mcolcon.colcon_core.package_identification[0m [1;30mLevel 1[0m _identify(src/yolov5/__pycache__) by extensions ['python_setup_py']
[4.771s] [34mcolcon.colcon_core.package_identification[0m [1;30mLevel 1[0m _identify(src/yolov5/__pycache__) by extension 'python_setup_py'
[4.771s] [34mcolcon.colcon_core.package_identification[0m [1;30mLevel 1[0m _identify(src/yolov5/classify) by extensions ['ignore', 'ignore_ament_install']
[4.771s] [34mcolcon.colcon_core.package_identification[0m [1;30mLevel 1[0m _identify(src/yolov5/classify) by extension 'ignore'
[4.771s] [34mcolcon.colcon_core.package_identification[0m [1;30mLevel 1[0m _identify(src/yolov5/classify) by extension 'ignore_ament_install'
[4.771s] [34mcolcon.colcon_core.package_identification[0m [1;30mLevel 1[0m _identify(src/yolov5/classify) by extensions ['colcon_pkg']
[4.771s] [34mcolcon.colcon_core.package_identification[0m [1;30mLevel 1[0m _identify(src/yolov5/classify) by extension 'colcon_pkg'
[4.771s] [34mcolcon.colcon_core.package_identification[0m [1;30mLevel 1[0m _identify(src/yolov5/classify) by extensions ['colcon_meta']
[4.771s] [34mcolcon.colcon_core.package_identification[0m [1;30mLevel 1[0m _identify(src/yolov5/classify) by extension 'colcon_meta'
[4.771s] [34mcolcon.colcon_core.package_identification[0m [1;30mLevel 1[0m _identify(src/yolov5/classify) by extensions ['ros']
[4.771s] [34mcolcon.colcon_core.package_identification[0m [1;30mLevel 1[0m _identify(src/yolov5/classify) by extension 'ros'
[4.771s] [34mcolcon.colcon_core.package_identification[0m [1;30mLevel 1[0m _identify(src/yolov5/classify) by extensions ['cmake', 'python']
[4.771s] [34mcolcon.colcon_core.package_identification[0m [1;30mLevel 1[0m _identify(src/yolov5/classify) by extension 'cmake'
[4.772s] [34mcolcon.colcon_core.package_identification[0m [1;30mLevel 1[0m _identify(src/yolov5/classify) by extension 'python'
[4.772s] [34mcolcon.colcon_core.package_identification[0m [1;30mLevel 1[0m _identify(src/yolov5/classify) by extensions ['python_setup_py']
[4.772s] [34mcolcon.colcon_core.package_identification[0m [1;30mLevel 1[0m _identify(src/yolov5/classify) by extension 'python_setup_py'
[4.772s] [34mcolcon.colcon_core.package_identification[0m [1;30mLevel 1[0m _identify(src/yolov5/data) by extensions ['ignore', 'ignore_ament_install']
[4.772s] [34mcolcon.colcon_core.package_identification[0m [1;30mLevel 1[0m _identify(src/yolov5/data) by extension 'ignore'
[4.772s] [34mcolcon.colcon_core.package_identification[0m [1;30mLevel 1[0m _identify(src/yolov5/data) by extension 'ignore_ament_install'
[4.772s] [34mcolcon.colcon_core.package_identification[0m [1;30mLevel 1[0m _identify(src/yolov5/data) by extensions ['colcon_pkg']
[4.772s] [34mcolcon.colcon_core.package_identification[0m [1;30mLevel 1[0m _identify(src/yolov5/data) by extension 'colcon_pkg'
[4.772s] [34mcolcon.colcon_core.package_identification[0m [1;30mLevel 1[0m _identify(src/yolov5/data) by extensions ['colcon_meta']
[4.772s] [34mcolcon.colcon_core.package_identification[0m [1;30mLevel 1[0m _identify(src/yolov5/data) by extension 'colcon_meta'
[4.772s] [34mcolcon.colcon_core.package_identification[0m [1;30mLevel 1[0m _identify(src/yolov5/data) by extensions ['ros']
[4.772s] [34mcolcon.colcon_core.package_identification[0m [1;30mLevel 1[0m _identify(src/yolov5/data) by extension 'ros'
[4.773s] [34mcolcon.colcon_core.package_identification[0m [1;30mLevel 1[0m _identify(src/yolov5/data) by extensions ['cmake', 'python']
[4.773s] [34mcolcon.colcon_core.package_identification[0m [1;30mLevel 1[0m _identify(src/yolov5/data) by extension 'cmake'
[4.773s] [34mcolcon.colcon_core.package_identification[0m [1;30mLevel 1[0m _identify(src/yolov5/data) by extension 'python'
[4.773s] [34mcolcon.colcon_core.package_identification[0m [1;30mLevel 1[0m _identify(src/yolov5/data) by extensions ['python_setup_py']
[4.773s] [34mcolcon.colcon_core.package_identification[0m [1;30mLevel 1[0m _identify(src/yolov5/data) by extension 'python_setup_py'
[4.773s] [34mcolcon.colcon_core.package_identification[0m [1;30mLevel 1[0m _identify(src/yolov5/data/hyps) by extensions ['ignore', 'ignore_ament_install']
[4.773s] [34mcolcon.colcon_core.package_identification[0m [1;30mLevel 1[0m _identify(src/yolov5/data/hyps) by extension 'ignore'
[4.773s] [34mcolcon.colcon_core.package_identification[0m [1;30mLevel 1[0m _identify(src/yolov5/data/hyps) by extension 'ignore_ament_install'
[4.773s] [34mcolcon.colcon_core.package_identification[0m [1;30mLevel 1[0m _identify(src/yolov5/data/hyps) by extensions ['colcon_pkg']
[4.773s] [34mcolcon.colcon_core.package_identification[0m [1;30mLevel 1[0m _identify(src/yolov5/data/hyps) by extension 'colcon_pkg'
[4.773s] [34mcolcon.colcon_core.package_identification[0m [1;30mLevel 1[0m _identify(src/yolov5/data/hyps) by extensions ['colcon_meta']
[4.773s] [34mcolcon.colcon_core.package_identification[0m [1;30mLevel 1[0m _identify(src/yolov5/data/hyps) by extension 'colcon_meta'
[4.773s] [34mcolcon.colcon_core.package_identification[0m [1;30mLevel 1[0m _identify(src/yolov5/data/hyps) by extensions ['ros']
[4.774s] [34mcolcon.colcon_core.package_identification[0m [1;30mLevel 1[0m _identify(src/yolov5/data/hyps) by extension 'ros'
[4.774s] [34mcolcon.colcon_core.package_identification[0m [1;30mLevel 1[0m _identify(src/yolov5/data/hyps) by extensions ['cmake', 'python']
[4.774s] [34mcolcon.colcon_core.package_identification[0m [1;30mLevel 1[0m _identify(src/yolov5/data/hyps) by extension 'cmake'
[4.774s] [34mcolcon.colcon_core.package_identification[0m [1;30mLevel 1[0m _identify(src/yolov5/data/hyps) by extension 'python'
[4.774s] [34mcolcon.colcon_core.package_identification[0m [1;30mLevel 1[0m _identify(src/yolov5/data/hyps) by extensions ['python_setup_py']
[4.774s] [34mcolcon.colcon_core.package_identification[0m [1;30mLevel 1[0m _identify(src/yolov5/data/hyps) by extension 'python_setup_py'
[4.774s] [34mcolcon.colcon_core.package_identification[0m [1;30mLevel 1[0m _identify(src/yolov5/data/images) by extensions ['ignore', 'ignore_ament_install']
[4.774s] [34mcolcon.colcon_core.package_identification[0m [1;30mLevel 1[0m _identify(src/yolov5/data/images) by extension 'ignore'
[4.774s] [34mcolcon.colcon_core.package_identification[0m [1;30mLevel 1[0m _identify(src/yolov5/data/images) by extension 'ignore_ament_install'
[4.774s] [34mcolcon.colcon_core.package_identification[0m [1;30mLevel 1[0m _identify(src/yolov5/data/images) by extensions ['colcon_pkg']
[4.774s] [34mcolcon.colcon_core.package_identification[0m [1;30mLevel 1[0m _identify(src/yolov5/data/images) by extension 'colcon_pkg'
[4.774s] [34mcolcon.colcon_core.package_identification[0m [1;30mLevel 1[0m _identify(src/yolov5/data/images) by extensions ['colcon_meta']
[4.774s] [34mcolcon.colcon_core.package_identification[0m [1;30mLevel 1[0m _identify(src/yolov5/data/images) by extension 'colcon_meta'
[4.775s] [34mcolcon.colcon_core.package_identification[0m [1;30mLevel 1[0m _identify(src/yolov5/data/images) by extensions ['ros']
[4.775s] [34mcolcon.colcon_core.package_identification[0m [1;30mLevel 1[0m _identify(src/yolov5/data/images) by extension 'ros'
[4.775s] [34mcolcon.colcon_core.package_identification[0m [1;30mLevel 1[0m _identify(src/yolov5/data/images) by extensions ['cmake', 'python']
[4.775s] [34mcolcon.colcon_core.package_identification[0m [1;30mLevel 1[0m _identify(src/yolov5/data/images) by extension 'cmake'
[4.775s] [34mcolcon.colcon_core.package_identification[0m [1;30mLevel 1[0m _identify(src/yolov5/data/images) by extension 'python'
[4.775s] [34mcolcon.colcon_core.package_identification[0m [1;30mLevel 1[0m _identify(src/yolov5/data/images) by extensions ['python_setup_py']
[4.775s] [34mcolcon.colcon_core.package_identification[0m [1;30mLevel 1[0m _identify(src/yolov5/data/images) by extension 'python_setup_py'
[4.775s] [34mcolcon.colcon_core.package_identification[0m [1;30mLevel 1[0m _identify(src/yolov5/data/scripts) by extensions ['ignore', 'ignore_ament_install']
[4.775s] [34mcolcon.colcon_core.package_identification[0m [1;30mLevel 1[0m _identify(src/yolov5/data/scripts) by extension 'ignore'
[4.775s] [34mcolcon.colcon_core.package_identification[0m [1;30mLevel 1[0m _identify(src/yolov5/data/scripts) by extension 'ignore_ament_install'
[4.775s] [34mcolcon.colcon_core.package_identification[0m [1;30mLevel 1[0m _identify(src/yolov5/data/scripts) by extensions ['colcon_pkg']
[4.775s] [34mcolcon.colcon_core.package_identification[0m [1;30mLevel 1[0m _identify(src/yolov5/data/scripts) by extension 'colcon_pkg'
[4.776s] [34mcolcon.colcon_core.package_identification[0m [1;30mLevel 1[0m _identify(src/yolov5/data/scripts) by extensions ['colcon_meta']
[4.776s] [34mcolcon.colcon_core.package_identification[0m [1;30mLevel 1[0m _identify(src/yolov5/data/scripts) by extension 'colcon_meta'
[4.776s] [34mcolcon.colcon_core.package_identification[0m [1;30mLevel 1[0m _identify(src/yolov5/data/scripts) by extensions ['ros']
[4.776s] [34mcolcon.colcon_core.package_identification[0m [1;30mLevel 1[0m _identify(src/yolov5/data/scripts) by extension 'ros'
[4.776s] [34mcolcon.colcon_core.package_identification[0m [1;30mLevel 1[0m _identify(src/yolov5/data/scripts) by extensions ['cmake', 'python']
[4.776s] [34mcolcon.colcon_core.package_identification[0m [1;30mLevel 1[0m _identify(src/yolov5/data/scripts) by extension 'cmake'
[4.776s] [34mcolcon.colcon_core.package_identification[0m [1;30mLevel 1[0m _identify(src/yolov5/data/scripts) by extension 'python'
[4.776s] [34mcolcon.colcon_core.package_identification[0m [1;30mLevel 1[0m _identify(src/yolov5/data/scripts) by extensions ['python_setup_py']
[4.776s] [34mcolcon.colcon_core.package_identification[0m [1;30mLevel 1[0m _identify(src/yolov5/data/scripts) by extension 'python_setup_py'
[4.776s] [34mcolcon.colcon_core.package_identification[0m [1;30mLevel 1[0m _identify(src/yolov5/models) by extensions ['ignore', 'ignore_ament_install']
[4.776s] [34mcolcon.colcon_core.package_identification[0m [1;30mLevel 1[0m _identify(src/yolov5/models) by extension 'ignore'
[4.776s] [34mcolcon.colcon_core.package_identification[0m [1;30mLevel 1[0m _identify(src/yolov5/models) by extension 'ignore_ament_install'
[4.776s] [34mcolcon.colcon_core.package_identification[0m [1;30mLevel 1[0m _identify(src/yolov5/models) by extensions ['colcon_pkg']
[4.777s] [34mcolcon.colcon_core.package_identification[0m [1;30mLevel 1[0m _identify(src/yolov5/models) by extension 'colcon_pkg'
[4.777s] [34mcolcon.colcon_core.package_identification[0m [1;30mLevel 1[0m _identify(src/yolov5/models) by extensions ['colcon_meta']
[4.777s] [34mcolcon.colcon_core.package_identification[0m [1;30mLevel 1[0m _identify(src/yolov5/models) by extension 'colcon_meta'
[4.777s] [34mcolcon.colcon_core.package_identification[0m [1;30mLevel 1[0m _identify(src/yolov5/models) by extensions ['ros']
[4.777s] [34mcolcon.colcon_core.package_identification[0m [1;30mLevel 1[0m _identify(src/yolov5/models) by extension 'ros'
[4.777s] [34mcolcon.colcon_core.package_identification[0m [1;30mLevel 1[0m _identify(src/yolov5/models) by extensions ['cmake', 'python']
[4.777s] [34mcolcon.colcon_core.package_identification[0m [1;30mLevel 1[0m _identify(src/yolov5/models) by extension 'cmake'
[4.777s] [34mcolcon.colcon_core.package_identification[0m [1;30mLevel 1[0m _identify(src/yolov5/models) by extension 'python'
[4.777s] [34mcolcon.colcon_core.package_identification[0m [1;30mLevel 1[0m _identify(src/yolov5/models) by extensions ['python_setup_py']
[4.777s] [34mcolcon.colcon_core.package_identification[0m [1;30mLevel 1[0m _identify(src/yolov5/models) by extension 'python_setup_py'
[4.777s] [34mcolcon.colcon_core.package_identification[0m [1;30mLevel 1[0m _identify(src/yolov5/models/__pycache__) by extensions ['ignore', 'ignore_ament_install']
[4.777s] [34mcolcon.colcon_core.package_identification[0m [1;30mLevel 1[0m _identify(src/yolov5/models/__pycache__) by extension 'ignore'
[4.778s] [34mcolcon.colcon_core.package_identification[0m [1;30mLevel 1[0m _identify(src/yolov5/models/__pycache__) by extension 'ignore_ament_install'
[4.778s] [34mcolcon.colcon_core.package_identification[0m [1;30mLevel 1[0m _identify(src/yolov5/models/__pycache__) by extensions ['colcon_pkg']
[4.778s] [34mcolcon.colcon_core.package_identification[0m [1;30mLevel 1[0m _identify(src/yolov5/models/__pycache__) by extension 'colcon_pkg'
[4.778s] [34mcolcon.colcon_core.package_identification[0m [1;30mLevel 1[0m _identify(src/yolov5/models/__pycache__) by extensions ['colcon_meta']
[4.778s] [34mcolcon.colcon_core.package_identification[0m [1;30mLevel 1[0m _identify(src/yolov5/models/__pycache__) by extension 'colcon_meta'
[4.778s] [34mcolcon.colcon_core.package_identification[0m [1;30mLevel 1[0m _identify(src/yolov5/models/__pycache__) by extensions ['ros']
[4.778s] [34mcolcon.colcon_core.package_identification[0m [1;30mLevel 1[0m _identify(src/yolov5/models/__pycache__) by extension 'ros'
[4.778s] [34mcolcon.colcon_core.package_identification[0m [1;30mLevel 1[0m _identify(src/yolov5/models/__pycache__) by extensions ['cmake', 'python']
[4.778s] [34mcolcon.colcon_core.package_identification[0m [1;30mLevel 1[0m _identify(src/yolov5/models/__pycache__) by extension 'cmake'
[4.778s] [34mcolcon.colcon_core.package_identification[0m [1;30mLevel 1[0m _identify(src/yolov5/models/__pycache__) by extension 'python'
[4.778s] [34mcolcon.colcon_core.package_identification[0m [1;30mLevel 1[0m _identify(src/yolov5/models/__pycache__) by extensions ['python_setup_py']
[4.778s] [34mcolcon.colcon_core.package_identification[0m [1;30mLevel 1[0m _identify(src/yolov5/models/__pycache__) by extension 'python_setup_py'
[4.778s] [34mcolcon.colcon_core.package_identification[0m [1;30mLevel 1[0m _identify(src/yolov5/models/hub) by extensions ['ignore', 'ignore_ament_install']
[4.779s] [34mcolcon.colcon_core.package_identification[0m [1;30mLevel 1[0m _identify(src/yolov5/models/hub) by extension 'ignore'
[4.779s] [34mcolcon.colcon_core.package_identification[0m [1;30mLevel 1[0m _identify(src/yolov5/models/hub) by extension 'ignore_ament_install'
[4.779s] [34mcolcon.colcon_core.package_identification[0m [1;30mLevel 1[0m _identify(src/yolov5/models/hub) by extensions ['colcon_pkg']
[4.779s] [34mcolcon.colcon_core.package_identification[0m [1;30mLevel 1[0m _identify(src/yolov5/models/hub) by extension 'colcon_pkg'
[4.779s] [34mcolcon.colcon_core.package_identification[0m [1;30mLevel 1[0m _identify(src/yolov5/models/hub) by extensions ['colcon_meta']
[4.779s] [34mcolcon.colcon_core.package_identification[0m [1;30mLevel 1[0m _identify(src/yolov5/models/hub) by extension 'colcon_meta'
[4.779s] [34mcolcon.colcon_core.package_identification[0m [1;30mLevel 1[0m _identify(src/yolov5/models/hub) by extensions ['ros']
[4.779s] [34mcolcon.colcon_core.package_identification[0m [1;30mLevel 1[0m _identify(src/yolov5/models/hub) by extension 'ros'
[4.779s] [34mcolcon.colcon_core.package_identification[0m [1;30mLevel 1[0m _identify(src/yolov5/models/hub) by extensions ['cmake', 'python']
[4.779s] [34mcolcon.colcon_core.package_identification[0m [1;30mLevel 1[0m _identify(src/yolov5/models/hub) by extension 'cmake'
[4.779s] [34mcolcon.colcon_core.package_identification[0m [1;30mLevel 1[0m _identify(src/yolov5/models/hub) by extension 'python'
[4.779s] [34mcolcon.colcon_core.package_identification[0m [1;30mLevel 1[0m _identify(src/yolov5/models/hub) by extensions ['python_setup_py']
[4.779s] [34mcolcon.colcon_core.package_identification[0m [1;30mLevel 1[0m _identify(src/yolov5/models/hub) by extension 'python_setup_py'
[4.780s] [34mcolcon.colcon_core.package_identification[0m [1;30mLevel 1[0m _identify(src/yolov5/models/segment) by extensions ['ignore', 'ignore_ament_install']
[4.780s] [34mcolcon.colcon_core.package_identification[0m [1;30mLevel 1[0m _identify(src/yolov5/models/segment) by extension 'ignore'
[4.780s] [34mcolcon.colcon_core.package_identification[0m [1;30mLevel 1[0m _identify(src/yolov5/models/segment) by extension 'ignore_ament_install'
[4.780s] [34mcolcon.colcon_core.package_identification[0m [1;30mLevel 1[0m _identify(src/yolov5/models/segment) by extensions ['colcon_pkg']
[4.780s] [34mcolcon.colcon_core.package_identification[0m [1;30mLevel 1[0m _identify(src/yolov5/models/segment) by extension 'colcon_pkg'
[4.780s] [34mcolcon.colcon_core.package_identification[0m [1;30mLevel 1[0m _identify(src/yolov5/models/segment) by extensions ['colcon_meta']
[4.780s] [34mcolcon.colcon_core.package_identification[0m [1;30mLevel 1[0m _identify(src/yolov5/models/segment) by extension 'colcon_meta'
[4.780s] [34mcolcon.colcon_core.package_identification[0m [1;30mLevel 1[0m _identify(src/yolov5/models/segment) by extensions ['ros']
[4.780s] [34mcolcon.colcon_core.package_identification[0m [1;30mLevel 1[0m _identify(src/yolov5/models/segment) by extension 'ros'
[4.780s] [34mcolcon.colcon_core.package_identification[0m [1;30mLevel 1[0m _identify(src/yolov5/models/segment) by extensions ['cmake', 'python']
[4.780s] [34mcolcon.colcon_core.package_identification[0m [1;30mLevel 1[0m _identify(src/yolov5/models/segment) by extension 'cmake'
[4.780s] [34mcolcon.colcon_core.package_identification[0m [1;30mLevel 1[0m _identify(src/yolov5/models/segment) by extension 'python'
[4.780s] [34mcolcon.colcon_core.package_identification[0m [1;30mLevel 1[0m _identify(src/yolov5/models/segment) by extensions ['python_setup_py']
[4.780s] [34mcolcon.colcon_core.package_identification[0m [1;30mLevel 1[0m _identify(src/yolov5/models/segment) by extension 'python_setup_py'
[4.781s] [34mcolcon.colcon_core.package_identification[0m [1;30mLevel 1[0m _identify(src/yolov5/segment) by extensions ['ignore', 'ignore_ament_install']
[4.781s] [34mcolcon.colcon_core.package_identification[0m [1;30mLevel 1[0m _identify(src/yolov5/segment) by extension 'ignore'
[4.781s] [34mcolcon.colcon_core.package_identification[0m [1;30mLevel 1[0m _identify(src/yolov5/segment) by extension 'ignore_ament_install'
[4.781s] [34mcolcon.colcon_core.package_identification[0m [1;30mLevel 1[0m _identify(src/yolov5/segment) by extensions ['colcon_pkg']
[4.781s] [34mcolcon.colcon_core.package_identification[0m [1;30mLevel 1[0m _identify(src/yolov5/segment) by extension 'colcon_pkg'
[4.781s] [34mcolcon.colcon_core.package_identification[0m [1;30mLevel 1[0m _identify(src/yolov5/segment) by extensions ['colcon_meta']
[4.781s] [34mcolcon.colcon_core.package_identification[0m [1;30mLevel 1[0m _identify(src/yolov5/segment) by extension 'colcon_meta'
[4.781s] [34mcolcon.colcon_core.package_identification[0m [1;30mLevel 1[0m _identify(src/yolov5/segment) by extensions ['ros']
[4.781s] [34mcolcon.colcon_core.package_identification[0m [1;30mLevel 1[0m _identify(src/yolov5/segment) by extension 'ros'
[4.781s] [34mcolcon.colcon_core.package_identification[0m [1;30mLevel 1[0m _identify(src/yolov5/segment) by extensions ['cmake', 'python']
[4.781s] [34mcolcon.colcon_core.package_identification[0m [1;30mLevel 1[0m _identify(src/yolov5/segment) by extension 'cmake'
[4.781s] [34mcolcon.colcon_core.package_identification[0m [1;30mLevel 1[0m _identify(src/yolov5/segment) by extension 'python'
[4.781s] [34mcolcon.colcon_core.package_identification[0m [1;30mLevel 1[0m _identify(src/yolov5/segment) by extensions ['python_setup_py']
[4.781s] [34mcolcon.colcon_core.package_identification[0m [1;30mLevel 1[0m _identify(src/yolov5/segment) by extension 'python_setup_py'
[4.782s] [34mcolcon.colcon_core.package_identification[0m [1;30mLevel 1[0m _identify(src/yolov5/utils) by extensions ['ignore', 'ignore_ament_install']
[4.782s] [34mcolcon.colcon_core.package_identification[0m [1;30mLevel 1[0m _identify(src/yolov5/utils) by extension 'ignore'
[4.782s] [34mcolcon.colcon_core.package_identification[0m [1;30mLevel 1[0m _identify(src/yolov5/utils) by extension 'ignore_ament_install'
[4.782s] [34mcolcon.colcon_core.package_identification[0m [1;30mLevel 1[0m _identify(src/yolov5/utils) by extensions ['colcon_pkg']
[4.782s] [34mcolcon.colcon_core.package_identification[0m [1;30mLevel 1[0m _identify(src/yolov5/utils) by extension 'colcon_pkg'
[4.782s] [34mcolcon.colcon_core.package_identification[0m [1;30mLevel 1[0m _identify(src/yolov5/utils) by extensions ['colcon_meta']
[4.782s] [34mcolcon.colcon_core.package_identification[0m [1;30mLevel 1[0m _identify(src/yolov5/utils) by extension 'colcon_meta'
[4.782s] [34mcolcon.colcon_core.package_identification[0m [1;30mLevel 1[0m _identify(src/yolov5/utils) by extensions ['ros']
[4.782s] [34mcolcon.colcon_core.package_identification[0m [1;30mLevel 1[0m _identify(src/yolov5/utils) by extension 'ros'
[4.782s] [34mcolcon.colcon_core.package_identification[0m [1;30mLevel 1[0m _identify(src/yolov5/utils) by extensions ['cmake', 'python']
[4.782s] [34mcolcon.colcon_core.package_identification[0m [1;30mLevel 1[0m _identify(src/yolov5/utils) by extension 'cmake'
[4.782s] [34mcolcon.colcon_core.package_identification[0m [1;30mLevel 1[0m _identify(src/yolov5/utils) by extension 'python'
[4.782s] [34mcolcon.colcon_core.package_identification[0m [1;30mLevel 1[0m _identify(src/yolov5/utils) by extensions ['python_setup_py']
[4.782s] [34mcolcon.colcon_core.package_identification[0m [1;30mLevel 1[0m _identify(src/yolov5/utils) by extension 'python_setup_py'
[4.783s] [34mcolcon.colcon_core.package_identification[0m [1;30mLevel 1[0m _identify(src/yolov5/utils/__pycache__) by extensions ['ignore', 'ignore_ament_install']
[4.783s] [34mcolcon.colcon_core.package_identification[0m [1;30mLevel 1[0m _identify(src/yolov5/utils/__pycache__) by extension 'ignore'
[4.783s] [34mcolcon.colcon_core.package_identification[0m [1;30mLevel 1[0m _identify(src/yolov5/utils/__pycache__) by extension 'ignore_ament_install'
[4.783s] [34mcolcon.colcon_core.package_identification[0m [1;30mLevel 1[0m _identify(src/yolov5/utils/__pycache__) by extensions ['colcon_pkg']
[4.783s] [34mcolcon.colcon_core.package_identification[0m [1;30mLevel 1[0m _identify(src/yolov5/utils/__pycache__) by extension 'colcon_pkg'
[4.783s] [34mcolcon.colcon_core.package_identification[0m [1;30mLevel 1[0m _identify(src/yolov5/utils/__pycache__) by extensions ['colcon_meta']
[4.783s] [34mcolcon.colcon_core.package_identification[0m [1;30mLevel 1[0m _identify(src/yolov5/utils/__pycache__) by extension 'colcon_meta'
[4.783s] [34mcolcon.colcon_core.package_identification[0m [1;30mLevel 1[0m _identify(src/yolov5/utils/__pycache__) by extensions ['ros']
[4.783s] [34mcolcon.colcon_core.package_identification[0m [1;30mLevel 1[0m _identify(src/yolov5/utils/__pycache__) by extension 'ros'
[4.783s] [34mcolcon.colcon_core.package_identification[0m [1;30mLevel 1[0m _identify(src/yolov5/utils/__pycache__) by extensions ['cmake', 'python']
[4.783s] [34mcolcon.colcon_core.package_identification[0m [1;30mLevel 1[0m _identify(src/yolov5/utils/__pycache__) by extension 'cmake'
[4.783s] [34mcolcon.colcon_core.package_identification[0m [1;30mLevel 1[0m _identify(src/yolov5/utils/__pycache__) by extension 'python'
[4.783s] [34mcolcon.colcon_core.package_identification[0m [1;30mLevel 1[0m _identify(src/yolov5/utils/__pycache__) by extensions ['python_setup_py']
[4.783s] [34mcolcon.colcon_core.package_identification[0m [1;30mLevel 1[0m _identify(src/yolov5/utils/__pycache__) by extension 'python_setup_py'
[4.784s] [34mcolcon.colcon_core.package_identification[0m [1;30mLevel 1[0m _identify(src/yolov5/utils/aws) by extensions ['ignore', 'ignore_ament_install']
[4.784s] [34mcolcon.colcon_core.package_identification[0m [1;30mLevel 1[0m _identify(src/yolov5/utils/aws) by extension 'ignore'
[4.784s] [34mcolcon.colcon_core.package_identification[0m [1;30mLevel 1[0m _identify(src/yolov5/utils/aws) by extension 'ignore_ament_install'
[4.784s] [34mcolcon.colcon_core.package_identification[0m [1;30mLevel 1[0m _identify(src/yolov5/utils/aws) by extensions ['colcon_pkg']
[4.784s] [34mcolcon.colcon_core.package_identification[0m [1;30mLevel 1[0m _identify(src/yolov5/utils/aws) by extension 'colcon_pkg'
[4.784s] [34mcolcon.colcon_core.package_identification[0m [1;30mLevel 1[0m _identify(src/yolov5/utils/aws) by extensions ['colcon_meta']
[4.784s] [34mcolcon.colcon_core.package_identification[0m [1;30mLevel 1[0m _identify(src/yolov5/utils/aws) by extension 'colcon_meta'
[4.784s] [34mcolcon.colcon_core.package_identification[0m [1;30mLevel 1[0m _identify(src/yolov5/utils/aws) by extensions ['ros']
[4.784s] [34mcolcon.colcon_core.package_identification[0m [1;30mLevel 1[0m _identify(src/yolov5/utils/aws) by extension 'ros'
[4.784s] [34mcolcon.colcon_core.package_identification[0m [1;30mLevel 1[0m _identify(src/yolov5/utils/aws) by extensions ['cmake', 'python']
[4.784s] [34mcolcon.colcon_core.package_identification[0m [1;30mLevel 1[0m _identify(src/yolov5/utils/aws) by extension 'cmake'
[4.784s] [34mcolcon.colcon_core.package_identification[0m [1;30mLevel 1[0m _identify(src/yolov5/utils/aws) by extension 'python'
[4.784s] [34mcolcon.colcon_core.package_identification[0m [1;30mLevel 1[0m _identify(src/yolov5/utils/aws) by extensions ['python_setup_py']
[4.784s] [34mcolcon.colcon_core.package_identification[0m [1;30mLevel 1[0m _identify(src/yolov5/utils/aws) by extension 'python_setup_py'
[4.785s] [34mcolcon.colcon_core.package_identification[0m [1;30mLevel 1[0m _identify(src/yolov5/utils/docker) by extensions ['ignore', 'ignore_ament_install']
[4.785s] [34mcolcon.colcon_core.package_identification[0m [1;30mLevel 1[0m _identify(src/yolov5/utils/docker) by extension 'ignore'
[4.785s] [34mcolcon.colcon_core.package_identification[0m [1;30mLevel 1[0m _identify(src/yolov5/utils/docker) by extension 'ignore_ament_install'
[4.785s] [34mcolcon.colcon_core.package_identification[0m [1;30mLevel 1[0m _identify(src/yolov5/utils/docker) by extensions ['colcon_pkg']
[4.785s] [34mcolcon.colcon_core.package_identification[0m [1;30mLevel 1[0m _identify(src/yolov5/utils/docker) by extension 'colcon_pkg'
[4.785s] [34mcolcon.colcon_core.package_identification[0m [1;30mLevel 1[0m _identify(src/yolov5/utils/docker) by extensions ['colcon_meta']
[4.785s] [34mcolcon.colcon_core.package_identification[0m [1;30mLevel 1[0m _identify(src/yolov5/utils/docker) by extension 'colcon_meta'
[4.785s] [34mcolcon.colcon_core.package_identification[0m [1;30mLevel 1[0m _identify(src/yolov5/utils/docker) by extensions ['ros']
[4.785s] [34mcolcon.colcon_core.package_identification[0m [1;30mLevel 1[0m _identify(src/yolov5/utils/docker) by extension 'ros'
[4.785s] [34mcolcon.colcon_core.package_identification[0m [1;30mLevel 1[0m _identify(src/yolov5/utils/docker) by extensions ['cmake', 'python']
[4.785s] [34mcolcon.colcon_core.package_identification[0m [1;30mLevel 1[0m _identify(src/yolov5/utils/docker) by extension 'cmake'
[4.785s] [34mcolcon.colcon_core.package_identification[0m [1;30mLevel 1[0m _identify(src/yolov5/utils/docker) by extension 'python'
[4.785s] [34mcolcon.colcon_core.package_identification[0m [1;30mLevel 1[0m _identify(src/yolov5/utils/docker) by extensions ['python_setup_py']
[4.785s] [34mcolcon.colcon_core.package_identification[0m [1;30mLevel 1[0m _identify(src/yolov5/utils/docker) by extension 'python_setup_py'
[4.786s] [34mcolcon.colcon_core.package_identification[0m [1;30mLevel 1[0m _identify(src/yolov5/utils/flask_rest_api) by extensions ['ignore', 'ignore_ament_install']
[4.786s] [34mcolcon.colcon_core.package_identification[0m [1;30mLevel 1[0m _identify(src/yolov5/utils/flask_rest_api) by extension 'ignore'
[4.786s] [34mcolcon.colcon_core.package_identification[0m [1;30mLevel 1[0m _identify(src/yolov5/utils/flask_rest_api) by extension 'ignore_ament_install'
[4.786s] [34mcolcon.colcon_core.package_identification[0m [1;30mLevel 1[0m _identify(src/yolov5/utils/flask_rest_api) by extensions ['colcon_pkg']
[4.786s] [34mcolcon.colcon_core.package_identification[0m [1;30mLevel 1[0m _identify(src/yolov5/utils/flask_rest_api) by extension 'colcon_pkg'
[4.786s] [34mcolcon.colcon_core.package_identification[0m [1;30mLevel 1[0m _identify(src/yolov5/utils/flask_rest_api) by extensions ['colcon_meta']
[4.786s] [34mcolcon.colcon_core.package_identification[0m [1;30mLevel 1[0m _identify(src/yolov5/utils/flask_rest_api) by extension 'colcon_meta'
[4.786s] [34mcolcon.colcon_core.package_identification[0m [1;30mLevel 1[0m _identify(src/yolov5/utils/flask_rest_api) by extensions ['ros']
[4.786s] [34mcolcon.colcon_core.package_identification[0m [1;30mLevel 1[0m _identify(src/yolov5/utils/flask_rest_api) by extension 'ros'
[4.786s] [34mcolcon.colcon_core.package_identification[0m [1;30mLevel 1[0m _identify(src/yolov5/utils/flask_rest_api) by extensions ['cmake', 'python']
[4.786s] [34mcolcon.colcon_core.package_identification[0m [1;30mLevel 1[0m _identify(src/yolov5/utils/flask_rest_api) by extension 'cmake'
[4.786s] [34mcolcon.colcon_core.package_identification[0m [1;30mLevel 1[0m _identify(src/yolov5/utils/flask_rest_api) by extension 'python'
[4.786s] [34mcolcon.colcon_core.package_identification[0m [1;30mLevel 1[0m _identify(src/yolov5/utils/flask_rest_api) by extensions ['python_setup_py']
[4.787s] [34mcolcon.colcon_core.package_identification[0m [1;30mLevel 1[0m _identify(src/yolov5/utils/flask_rest_api) by extension 'python_setup_py'
[4.787s] [34mcolcon.colcon_core.package_identification[0m [1;30mLevel 1[0m _identify(src/yolov5/utils/google_app_engine) by extensions ['ignore', 'ignore_ament_install']
[4.787s] [34mcolcon.colcon_core.package_identification[0m [1;30mLevel 1[0m _identify(src/yolov5/utils/google_app_engine) by extension 'ignore'
[4.787s] [34mcolcon.colcon_core.package_identification[0m [1;30mLevel 1[0m _identify(src/yolov5/utils/google_app_engine) by extension 'ignore_ament_install'
[4.787s] [34mcolcon.colcon_core.package_identification[0m [1;30mLevel 1[0m _identify(src/yolov5/utils/google_app_engine) by extensions ['colcon_pkg']
[4.787s] [34mcolcon.colcon_core.package_identification[0m [1;30mLevel 1[0m _identify(src/yolov5/utils/google_app_engine) by extension 'colcon_pkg'
[4.787s] [34mcolcon.colcon_core.package_identification[0m [1;30mLevel 1[0m _identify(src/yolov5/utils/google_app_engine) by extensions ['colcon_meta']
[4.787s] [34mcolcon.colcon_core.package_identification[0m [1;30mLevel 1[0m _identify(src/yolov5/utils/google_app_engine) by extension 'colcon_meta'
[4.787s] [34mcolcon.colcon_core.package_identification[0m [1;30mLevel 1[0m _identify(src/yolov5/utils/google_app_engine) by extensions ['ros']
[4.787s] [34mcolcon.colcon_core.package_identification[0m [1;30mLevel 1[0m _identify(src/yolov5/utils/google_app_engine) by extension 'ros'
[4.787s] [34mcolcon.colcon_core.package_identification[0m [1;30mLevel 1[0m _identify(src/yolov5/utils/google_app_engine) by extensions ['cmake', 'python']
[4.787s] [34mcolcon.colcon_core.package_identification[0m [1;30mLevel 1[0m _identify(src/yolov5/utils/google_app_engine) by extension 'cmake'
[4.787s] [34mcolcon.colcon_core.package_identification[0m [1;30mLevel 1[0m _identify(src/yolov5/utils/google_app_engine) by extension 'python'
[4.787s] [34mcolcon.colcon_core.package_identification[0m [1;30mLevel 1[0m _identify(src/yolov5/utils/google_app_engine) by extensions ['python_setup_py']
[4.787s] [34mcolcon.colcon_core.package_identification[0m [1;30mLevel 1[0m _identify(src/yolov5/utils/google_app_engine) by extension 'python_setup_py'
[4.788s] [34mcolcon.colcon_core.package_identification[0m [1;30mLevel 1[0m _identify(src/yolov5/utils/loggers) by extensions ['ignore', 'ignore_ament_install']
[4.788s] [34mcolcon.colcon_core.package_identification[0m [1;30mLevel 1[0m _identify(src/yolov5/utils/loggers) by extension 'ignore'
[4.788s] [34mcolcon.colcon_core.package_identification[0m [1;30mLevel 1[0m _identify(src/yolov5/utils/loggers) by extension 'ignore_ament_install'
[4.788s] [34mcolcon.colcon_core.package_identification[0m [1;30mLevel 1[0m _identify(src/yolov5/utils/loggers) by extensions ['colcon_pkg']
[4.788s] [34mcolcon.colcon_core.package_identification[0m [1;30mLevel 1[0m _identify(src/yolov5/utils/loggers) by extension 'colcon_pkg'
[4.788s] [34mcolcon.colcon_core.package_identification[0m [1;30mLevel 1[0m _identify(src/yolov5/utils/loggers) by extensions ['colcon_meta']
[4.788s] [34mcolcon.colcon_core.package_identification[0m [1;30mLevel 1[0m _identify(src/yolov5/utils/loggers) by extension 'colcon_meta'
[4.788s] [34mcolcon.colcon_core.package_identification[0m [1;30mLevel 1[0m _identify(src/yolov5/utils/loggers) by extensions ['ros']
[4.788s] [34mcolcon.colcon_core.package_identification[0m [1;30mLevel 1[0m _identify(src/yolov5/utils/loggers) by extension 'ros'
[4.788s] [34mcolcon.colcon_core.package_identification[0m [1;30mLevel 1[0m _identify(src/yolov5/utils/loggers) by extensions ['cmake', 'python']
[4.788s] [34mcolcon.colcon_core.package_identification[0m [1;30mLevel 1[0m _identify(src/yolov5/utils/loggers) by extension 'cmake'
[4.788s] [34mcolcon.colcon_core.package_identification[0m [1;30mLevel 1[0m _identify(src/yolov5/utils/loggers) by extension 'python'
[4.788s] [34mcolcon.colcon_core.package_identification[0m [1;30mLevel 1[0m _identify(src/yolov5/utils/loggers) by extensions ['python_setup_py']
[4.788s] [34mcolcon.colcon_core.package_identification[0m [1;30mLevel 1[0m _identify(src/yolov5/utils/loggers) by extension 'python_setup_py'
[4.789s] [34mcolcon.colcon_core.package_identification[0m [1;30mLevel 1[0m _identify(src/yolov5/utils/loggers/clearml) by extensions ['ignore', 'ignore_ament_install']
[4.789s] [34mcolcon.colcon_core.package_identification[0m [1;30mLevel 1[0m _identify(src/yolov5/utils/loggers/clearml) by extension 'ignore'
[4.789s] [34mcolcon.colcon_core.package_identification[0m [1;30mLevel 1[0m _identify(src/yolov5/utils/loggers/clearml) by extension 'ignore_ament_install'
[4.789s] [34mcolcon.colcon_core.package_identification[0m [1;30mLevel 1[0m _identify(src/yolov5/utils/loggers/clearml) by extensions ['colcon_pkg']
[4.789s] [34mcolcon.colcon_core.package_identification[0m [1;30mLevel 1[0m _identify(src/yolov5/utils/loggers/clearml) by extension 'colcon_pkg'
[4.789s] [34mcolcon.colcon_core.package_identification[0m [1;30mLevel 1[0m _identify(src/yolov5/utils/loggers/clearml) by extensions ['colcon_meta']
[4.789s] [34mcolcon.colcon_core.package_identification[0m [1;30mLevel 1[0m _identify(src/yolov5/utils/loggers/clearml) by extension 'colcon_meta'
[4.789s] [34mcolcon.colcon_core.package_identification[0m [1;30mLevel 1[0m _identify(src/yolov5/utils/loggers/clearml) by extensions ['ros']
[4.789s] [34mcolcon.colcon_core.package_identification[0m [1;30mLevel 1[0m _identify(src/yolov5/utils/loggers/clearml) by extension 'ros'
[4.789s] [34mcolcon.colcon_core.package_identification[0m [1;30mLevel 1[0m _identify(src/yolov5/utils/loggers/clearml) by extensions ['cmake', 'python']
[4.789s] [34mcolcon.colcon_core.package_identification[0m [1;30mLevel 1[0m _identify(src/yolov5/utils/loggers/clearml) by extension 'cmake'
[4.789s] [34mcolcon.colcon_core.package_identification[0m [1;30mLevel 1[0m _identify(src/yolov5/utils/loggers/clearml) by extension 'python'
[4.789s] [34mcolcon.colcon_core.package_identification[0m [1;30mLevel 1[0m _identify(src/yolov5/utils/loggers/clearml) by extensions ['python_setup_py']
[4.789s] [34mcolcon.colcon_core.package_identification[0m [1;30mLevel 1[0m _identify(src/yolov5/utils/loggers/clearml) by extension 'python_setup_py'
[4.790s] [34mcolcon.colcon_core.package_identification[0m [1;30mLevel 1[0m _identify(src/yolov5/utils/loggers/comet) by extensions ['ignore', 'ignore_ament_install']
[4.790s] [34mcolcon.colcon_core.package_identification[0m [1;30mLevel 1[0m _identify(src/yolov5/utils/loggers/comet) by extension 'ignore'
[4.790s] [34mcolcon.colcon_core.package_identification[0m [1;30mLevel 1[0m _identify(src/yolov5/utils/loggers/comet) by extension 'ignore_ament_install'
[4.790s] [34mcolcon.colcon_core.package_identification[0m [1;30mLevel 1[0m _identify(src/yolov5/utils/loggers/comet) by extensions ['colcon_pkg']
[4.790s] [34mcolcon.colcon_core.package_identification[0m [1;30mLevel 1[0m _identify(src/yolov5/utils/loggers/comet) by extension 'colcon_pkg'
[4.790s] [34mcolcon.colcon_core.package_identification[0m [1;30mLevel 1[0m _identify(src/yolov5/utils/loggers/comet) by extensions ['colcon_meta']
[4.790s] [34mcolcon.colcon_core.package_identification[0m [1;30mLevel 1[0m _identify(src/yolov5/utils/loggers/comet) by extension 'colcon_meta'
[4.790s] [34mcolcon.colcon_core.package_identification[0m [1;30mLevel 1[0m _identify(src/yolov5/utils/loggers/comet) by extensions ['ros']
[4.790s] [34mcolcon.colcon_core.package_identification[0m [1;30mLevel 1[0m _identify(src/yolov5/utils/loggers/comet) by extension 'ros'
[4.790s] [34mcolcon.colcon_core.package_identification[0m [1;30mLevel 1[0m _identify(src/yolov5/utils/loggers/comet) by extensions ['cmake', 'python']
[4.790s] [34mcolcon.colcon_core.package_identification[0m [1;30mLevel 1[0m _identify(src/yolov5/utils/loggers/comet) by extension 'cmake'
[4.790s] [34mcolcon.colcon_core.package_identification[0m [1;30mLevel 1[0m _identify(src/yolov5/utils/loggers/comet) by extension 'python'
[4.790s] [34mcolcon.colcon_core.package_identification[0m [1;30mLevel 1[0m _identify(src/yolov5/utils/loggers/comet) by extensions ['python_setup_py']
[4.791s] [34mcolcon.colcon_core.package_identification[0m [1;30mLevel 1[0m _identify(src/yolov5/utils/loggers/comet) by extension 'python_setup_py'
[4.791s] [34mcolcon.colcon_core.package_identification[0m [1;30mLevel 1[0m _identify(src/yolov5/utils/loggers/wandb) by extensions ['ignore', 'ignore_ament_install']
[4.791s] [34mcolcon.colcon_core.package_identification[0m [1;30mLevel 1[0m _identify(src/yolov5/utils/loggers/wandb) by extension 'ignore'
[4.791s] [34mcolcon.colcon_core.package_identification[0m [1;30mLevel 1[0m _identify(src/yolov5/utils/loggers/wandb) by extension 'ignore_ament_install'
[4.791s] [34mcolcon.colcon_core.package_identification[0m [1;30mLevel 1[0m _identify(src/yolov5/utils/loggers/wandb) by extensions ['colcon_pkg']
[4.791s] [34mcolcon.colcon_core.package_identification[0m [1;30mLevel 1[0m _identify(src/yolov5/utils/loggers/wandb) by extension 'colcon_pkg'
[4.791s] [34mcolcon.colcon_core.package_identification[0m [1;30mLevel 1[0m _identify(src/yolov5/utils/loggers/wandb) by extensions ['colcon_meta']
[4.791s] [34mcolcon.colcon_core.package_identification[0m [1;30mLevel 1[0m _identify(src/yolov5/utils/loggers/wandb) by extension 'colcon_meta'
[4.791s] [34mcolcon.colcon_core.package_identification[0m [1;30mLevel 1[0m _identify(src/yolov5/utils/loggers/wandb) by extensions ['ros']
[4.791s] [34mcolcon.colcon_core.package_identification[0m [1;30mLevel 1[0m _identify(src/yolov5/utils/loggers/wandb) by extension 'ros'
[4.791s] [34mcolcon.colcon_core.package_identification[0m [1;30mLevel 1[0m _identify(src/yolov5/utils/loggers/wandb) by extensions ['cmake', 'python']
[4.791s] [34mcolcon.colcon_core.package_identification[0m [1;30mLevel 1[0m _identify(src/yolov5/utils/loggers/wandb) by extension 'cmake'
[4.791s] [34mcolcon.colcon_core.package_identification[0m [1;30mLevel 1[0m _identify(src/yolov5/utils/loggers/wandb) by extension 'python'
[4.791s] [34mcolcon.colcon_core.package_identification[0m [1;30mLevel 1[0m _identify(src/yolov5/utils/loggers/wandb) by extensions ['python_setup_py']
[4.792s] [34mcolcon.colcon_core.package_identification[0m [1;30mLevel 1[0m _identify(src/yolov5/utils/loggers/wandb) by extension 'python_setup_py'
[4.792s] [34mcolcon.colcon_core.package_identification[0m [1;30mLevel 1[0m _identify(src/yolov5/utils/segment) by extensions ['ignore', 'ignore_ament_install']
[4.792s] [34mcolcon.colcon_core.package_identification[0m [1;30mLevel 1[0m _identify(src/yolov5/utils/segment) by extension 'ignore'
[4.792s] [34mcolcon.colcon_core.package_identification[0m [1;30mLevel 1[0m _identify(src/yolov5/utils/segment) by extension 'ignore_ament_install'
[4.792s] [34mcolcon.colcon_core.package_identification[0m [1;30mLevel 1[0m _identify(src/yolov5/utils/segment) by extensions ['colcon_pkg']
[4.792s] [34mcolcon.colcon_core.package_identification[0m [1;30mLevel 1[0m _identify(src/yolov5/utils/segment) by extension 'colcon_pkg'
[4.792s] [34mcolcon.colcon_core.package_identification[0m [1;30mLevel 1[0m _identify(src/yolov5/utils/segment) by extensions ['colcon_meta']
[4.792s] [34mcolcon.colcon_core.package_identification[0m [1;30mLevel 1[0m _identify(src/yolov5/utils/segment) by extension 'colcon_meta'
[4.792s] [34mcolcon.colcon_core.package_identification[0m [1;30mLevel 1[0m _identify(src/yolov5/utils/segment) by extensions ['ros']
[4.792s] [34mcolcon.colcon_core.package_identification[0m [1;30mLevel 1[0m _identify(src/yolov5/utils/segment) by extension 'ros'
[4.792s] [34mcolcon.colcon_core.package_identification[0m [1;30mLevel 1[0m _identify(src/yolov5/utils/segment) by extensions ['cmake', 'python']
[4.792s] [34mcolcon.colcon_core.package_identification[0m [1;30mLevel 1[0m _identify(src/yolov5/utils/segment) by extension 'cmake'
[4.792s] [34mcolcon.colcon_core.package_identification[0m [1;30mLevel 1[0m _identify(src/yolov5/utils/segment) by extension 'python'
[4.793s] [34mcolcon.colcon_core.package_identification[0m [1;30mLevel 1[0m _identify(src/yolov5/utils/segment) by extensions ['python_setup_py']
[4.793s] [34mcolcon.colcon_core.package_identification[0m [1;30mLevel 1[0m _identify(src/yolov5/utils/segment) by extension 'python_setup_py'
[4.793s] [34mcolcon.colcon_core.package_identification[0m [1;30mLevel 1[0m _identify(src/yolov5_bytetrack_ros) by extensions ['ignore', 'ignore_ament_install']
[4.793s] [34mcolcon.colcon_core.package_identification[0m [1;30mLevel 1[0m _identify(src/yolov5_bytetrack_ros) by extension 'ignore'
[4.793s] [34mcolcon.colcon_core.package_identification[0m [1;30mLevel 1[0m _identify(src/yolov5_bytetrack_ros) by extension 'ignore_ament_install'
[4.793s] [34mcolcon.colcon_core.package_identification[0m [1;30mLevel 1[0m _identify(src/yolov5_bytetrack_ros) by extensions ['colcon_pkg']
[4.793s] [34mcolcon.colcon_core.package_identification[0m [1;30mLevel 1[0m _identify(src/yolov5_bytetrack_ros) by extension 'colcon_pkg'
[4.793s] [34mcolcon.colcon_core.package_identification[0m [1;30mLevel 1[0m _identify(src/yolov5_bytetrack_ros) by extensions ['colcon_meta']
[4.793s] [34mcolcon.colcon_core.package_identification[0m [1;30mLevel 1[0m _identify(src/yolov5_bytetrack_ros) by extension 'colcon_meta'
[4.793s] [34mcolcon.colcon_core.package_identification[0m [1;30mLevel 1[0m _identify(src/yolov5_bytetrack_ros) by extensions ['ros']
[4.793s] [34mcolcon.colcon_core.package_identification[0m [1;30mLevel 1[0m _identify(src/yolov5_bytetrack_ros) by extension 'ros'
[4.797s] [34mcolcon.colcon_core.package_identification[0m [1;30mDEBUG[0m [32mPackage 'src/yolov5_bytetrack_ros' with type 'ros.ament_python' and name 'yolov5_bytetrack_ros'[0m
[4.797s] [34mcolcon.colcon_core.package_discovery[0m [1;30mLevel 1[0m discover_packages(recursive) using defaults
[4.797s] [34mcolcon.colcon_core.package_discovery[0m [1;30mLevel 1[0m discover_packages(ignore) discover
[4.797s] [34mcolcon.colcon_core.package_discovery[0m [1;30mLevel 1[0m discover_packages(ignore) using defaults
[4.797s] [34mcolcon.colcon_core.package_discovery[0m [1;30mLevel 1[0m discover_packages(path) discover
[4.797s] [34mcolcon.colcon_core.package_discovery[0m [1;30mLevel 1[0m discover_packages(path) using defaults
[4.821s] [34mcolcon.colcon_core.package_selection[0m [1;30mINFO[0m Skipping not selected package 'yolox' in 'src/ByteTrack'
[4.822s] [34mcolcon.colcon_core.package_discovery[0m [1;30mLevel 1[0m discover_packages(prefix_path) check parameters
[4.822s] [34mcolcon.colcon_core.package_discovery[0m [1;30mLevel 1[0m discover_packages(prefix_path) discover
[4.826s] [34mcolcon.colcon_installed_package_information.package_discovery[0m [1;30mDEBUG[0m [32mFound 272 installed packages in /opt/ros/humble[0m
[4.828s] [34mcolcon.colcon_core.package_discovery[0m [1;30mLevel 1[0m discover_packages(prefix_path) using defaults
[4.874s] [34mcolcon.colcon_core.verb[0m [1;30mLevel 5[0m set package 'yolov5_bytetrack_ros' build argument 'cmake_args' from command line to 'None'
[4.874s] [34mcolcon.colcon_core.verb[0m [1;30mLevel 5[0m set package 'yolov5_bytetrack_ros' build argument 'cmake_target' from command line to 'None'
[4.874s] [34mcolcon.colcon_core.verb[0m [1;30mLevel 5[0m set package 'yolov5_bytetrack_ros' build argument 'cmake_target_skip_unavailable' from command line to 'False'
[4.874s] [34mcolcon.colcon_core.verb[0m [1;30mLevel 5[0m set package 'yolov5_bytetrack_ros' build argument 'cmake_clean_cache' from command line to 'False'
[4.874s] [34mcolcon.colcon_core.verb[0m [1;30mLevel 5[0m set package 'yolov5_bytetrack_ros' build argument 'cmake_clean_first' from command line to 'False'
[4.874s] [34mcolcon.colcon_core.verb[0m [1;30mLevel 5[0m set package 'yolov5_bytetrack_ros' build argument 'cmake_force_configure' from command line to 'False'
[4.875s] [34mcolcon.colcon_core.verb[0m [1;30mLevel 5[0m set package 'yolov5_bytetrack_ros' build argument 'ament_cmake_args' from command line to 'None'
[4.875s] [34mcolcon.colcon_core.verb[0m [1;30mLevel 5[0m set package 'yolov5_bytetrack_ros' build argument 'catkin_cmake_args' from command line to 'None'
[4.875s] [34mcolcon.colcon_core.verb[0m [1;30mLevel 5[0m set package 'yolov5_bytetrack_ros' build argument 'catkin_skip_building_tests' from command line to 'False'
[4.875s] [34mcolcon.colcon_core.verb[0m [1;30mDEBUG[0m [32mBuilding package 'yolov5_bytetrack_ros' with the following arguments: {'ament_cmake_args': None, 'build_base': '/home/jf/tello_tracking_ws/build/yolov5_bytetrack_ros', 'catkin_cmake_args': None, 'catkin_skip_building_tests': False, 'cmake_args': None, 'cmake_clean_cache': False, 'cmake_clean_first': False, 'cmake_force_configure': False, 'cmake_target': None, 'cmake_target_skip_unavailable': False, 'install_base': '/home/jf/tello_tracking_ws/install/yolov5_bytetrack_ros', 'merge_install': False, 'path': '/home/jf/tello_tracking_ws/src/yolov5_bytetrack_ros', 'symlink_install': False, 'test_result_base': None}[0m
[4.875s] [34mcolcon.colcon_core.executor[0m [1;30mINFO[0m Executing jobs using 'parallel' executor
[4.876s] [34mcolcon.colcon_parallel_executor.executor.parallel[0m [1;30mDEBUG[0m [32mrun_until_complete[0m
[4.876s] [34mcolcon.colcon_ros.task.ament_python.build[0m [1;30mINFO[0m Building ROS package in '/home/jf/tello_tracking_ws/src/yolov5_bytetrack_ros' with build type 'ament_python'
[4.877s] [34mcolcon.colcon_core.shell[0m [1;30mLevel 1[0m create_environment_hook('yolov5_bytetrack_ros', 'ament_prefix_path')
[4.881s] [34mcolcon.colcon_core.plugin_system[0m [1;30mINFO[0m Skipping extension 'colcon_core.shell.bat': Not used on non-Windows systems
[4.881s] [34mcolcon.colcon_core.shell[0m [1;30mINFO[0m Creating environment hook '/home/jf/tello_tracking_ws/install/yolov5_bytetrack_ros/share/yolov5_bytetrack_ros/hook/ament_prefix_path.ps1'
[4.883s] [34mcolcon.colcon_core.shell[0m [1;30mINFO[0m Creating environment descriptor '/home/jf/tello_tracking_ws/install/yolov5_bytetrack_ros/share/yolov5_bytetrack_ros/hook/ament_prefix_path.dsv'
[4.884s] [34mcolcon.colcon_core.shell[0m [1;30mINFO[0m Creating environment hook '/home/jf/tello_tracking_ws/install/yolov5_bytetrack_ros/share/yolov5_bytetrack_ros/hook/ament_prefix_path.sh'
[4.885s] [34mcolcon.colcon_core.shell[0m [1;30mINFO[0m Skip shell extension 'powershell' for command environment: Not usable outside of PowerShell
[4.885s] [34mcolcon.colcon_core.shell[0m [1;30mDEBUG[0m [32mSkip shell extension 'dsv' for command environment[0m
[5.389s] [34mcolcon.colcon_core.task.python.build[0m [1;30mINFO[0m Building Python package in '/home/jf/tello_tracking_ws/src/yolov5_bytetrack_ros'
[5.390s] [34mcolcon.colcon_core.shell[0m [1;30mINFO[0m Skip shell extension 'powershell' for command environment: Not usable outside of PowerShell
[5.390s] [34mcolcon.colcon_core.shell[0m [1;30mDEBUG[0m [32mSkip shell extension 'dsv' for command environment[0m
[6.324s] [34mcolcon.colcon_core.event_handler.log_command[0m [1;30mDEBUG[0m [32mInvoking command in '/home/jf/tello_tracking_ws/src/yolov5_bytetrack_ros': PYTHONPATH=/home/jf/tello_tracking_ws/build/yolov5_bytetrack_ros/prefix_override:/usr/lib/python3/dist-packages/colcon_core/task/python/colcon_distutils_commands:/home/jf/tello_tracking_ws/install/yolov5_bytetrack_ros/lib/python3.10/site-packages:${PYTHONPATH} /usr/bin/python3 -W ignore:setup.py install is deprecated -W ignore:easy_install command is deprecated setup.py egg_info --egg-base ../../build/yolov5_bytetrack_ros build --build-base /home/jf/tello_tracking_ws/build/yolov5_bytetrack_ros/build install --record /home/jf/tello_tracking_ws/build/yolov5_bytetrack_ros/install.log --single-version-externally-managed install_data[0m
[7.185s] [34mcolcon.colcon_core.event_handler.log_command[0m [1;30mDEBUG[0m [32mInvoked command in '/home/jf/tello_tracking_ws/src/yolov5_bytetrack_ros' returned '0': PYTHONPATH=/home/jf/tello_tracking_ws/build/yolov5_bytetrack_ros/prefix_override:/usr/lib/python3/dist-packages/colcon_core/task/python/colcon_distutils_commands:/home/jf/tello_tracking_ws/install/yolov5_bytetrack_ros/lib/python3.10/site-packages:${PYTHONPATH} /usr/bin/python3 -W ignore:setup.py install is deprecated -W ignore:easy_install command is deprecated setup.py egg_info --egg-base ../../build/yolov5_bytetrack_ros build --build-base /home/jf/tello_tracking_ws/build/yolov5_bytetrack_ros/build install --record /home/jf/tello_tracking_ws/build/yolov5_bytetrack_ros/install.log --single-version-externally-managed install_data[0m
[7.191s] [34mcolcon.colcon_core.environment[0m [1;30mLevel 1[0m checking '/home/jf/tello_tracking_ws/install/yolov5_bytetrack_ros' for CMake module files
[7.192s] [34mcolcon.colcon_core.environment[0m [1;30mLevel 1[0m checking '/home/jf/tello_tracking_ws/install/yolov5_bytetrack_ros' for CMake config files
[7.193s] [34mcolcon.colcon_core.environment[0m [1;30mLevel 1[0m checking '/home/jf/tello_tracking_ws/install/yolov5_bytetrack_ros/lib'
[7.193s] [34mcolcon.colcon_core.environment[0m [1;30mLevel 1[0m checking '/home/jf/tello_tracking_ws/install/yolov5_bytetrack_ros/bin'
[7.193s] [34mcolcon.colcon_core.environment[0m [1;30mLevel 1[0m checking '/home/jf/tello_tracking_ws/install/yolov5_bytetrack_ros/lib/pkgconfig/yolov5_bytetrack_ros.pc'
[7.193s] [34mcolcon.colcon_core.environment[0m [1;30mLevel 1[0m checking '/home/jf/tello_tracking_ws/install/yolov5_bytetrack_ros/lib/python3.10/site-packages'
[7.193s] [34mcolcon.colcon_core.shell[0m [1;30mLevel 1[0m create_environment_hook('yolov5_bytetrack_ros', 'pythonpath')
[7.194s] [34mcolcon.colcon_core.shell[0m [1;30mINFO[0m Creating environment hook '/home/jf/tello_tracking_ws/install/yolov5_bytetrack_ros/share/yolov5_bytetrack_ros/hook/pythonpath.ps1'
[7.194s] [34mcolcon.colcon_core.shell[0m [1;30mINFO[0m Creating environment descriptor '/home/jf/tello_tracking_ws/install/yolov5_bytetrack_ros/share/yolov5_bytetrack_ros/hook/pythonpath.dsv'
[7.195s] [34mcolcon.colcon_core.shell[0m [1;30mINFO[0m Creating environment hook '/home/jf/tello_tracking_ws/install/yolov5_bytetrack_ros/share/yolov5_bytetrack_ros/hook/pythonpath.sh'
[7.195s] [34mcolcon.colcon_core.environment[0m [1;30mLevel 1[0m checking '/home/jf/tello_tracking_ws/install/yolov5_bytetrack_ros/bin'
[7.195s] [34mcolcon.colcon_core.environment[0m [1;30mLevel 1[0m create_environment_scripts_only(yolov5_bytetrack_ros)
[7.196s] [34mcolcon.colcon_core.shell[0m [1;30mINFO[0m Creating package script '/home/jf/tello_tracking_ws/install/yolov5_bytetrack_ros/share/yolov5_bytetrack_ros/package.ps1'
[7.197s] [34mcolcon.colcon_core.shell[0m [1;30mINFO[0m Creating package descriptor '/home/jf/tello_tracking_ws/install/yolov5_bytetrack_ros/share/yolov5_bytetrack_ros/package.dsv'
[7.198s] [34mcolcon.colcon_core.shell[0m [1;30mINFO[0m Creating package script '/home/jf/tello_tracking_ws/install/yolov5_bytetrack_ros/share/yolov5_bytetrack_ros/package.sh'
[7.199s] [34mcolcon.colcon_core.shell[0m [1;30mINFO[0m Creating package script '/home/jf/tello_tracking_ws/install/yolov5_bytetrack_ros/share/yolov5_bytetrack_ros/package.bash'
[7.200s] [34mcolcon.colcon_core.shell[0m [1;30mINFO[0m Creating package script '/home/jf/tello_tracking_ws/install/yolov5_bytetrack_ros/share/yolov5_bytetrack_ros/package.zsh'
[7.201s] [34mcolcon.colcon_core.environment[0m [1;30mLevel 1[0m create_file_with_runtime_dependencies(/home/jf/tello_tracking_ws/install/yolov5_bytetrack_ros/share/colcon-core/packages/yolov5_bytetrack_ros)
[7.201s] [34mcolcon.colcon_parallel_executor.executor.parallel[0m [1;30mDEBUG[0m [32mclosing loop[0m
[7.202s] [34mcolcon.colcon_parallel_executor.executor.parallel[0m [1;30mDEBUG[0m [32mloop closed[0m
[7.202s] [34mcolcon.colcon_parallel_executor.executor.parallel[0m [1;30mDEBUG[0m [32mrun_until_complete finished with '0'[0m
[7.202s] [34mcolcon.colcon_core.event_reactor[0m [1;30mDEBUG[0m [32mjoining thread[0m
[7.214s] [34mcolcon.colcon_core.plugin_system[0m [1;30mINFO[0m Skipping extension 'colcon_notification.desktop_notification.terminal_notifier': Not used on non-Darwin systems
[7.214s] [34mcolcon.colcon_core.plugin_system[0m [1;30mINFO[0m Skipping extension 'colcon_notification.desktop_notification.win32': Not used on non-Windows systems
[7.214s] [34mcolcon.colcon_notification.desktop_notification[0m [1;30mINFO[0m Sending desktop notification using 'notify2'
[7.244s] [34mcolcon.colcon_core.event_reactor[0m [1;30mDEBUG[0m [32mjoined thread[0m
[7.245s] [34mcolcon.colcon_core.shell[0m [1;30mINFO[0m Creating prefix script '/home/jf/tello_tracking_ws/install/local_setup.ps1'
[7.247s] [34mcolcon.colcon_core.shell[0m [1;30mINFO[0m Creating prefix util module '/home/jf/tello_tracking_ws/install/_local_setup_util_ps1.py'
[7.250s] [34mcolcon.colcon_core.shell[0m [1;30mINFO[0m Creating prefix chain script '/home/jf/tello_tracking_ws/install/setup.ps1'
[7.253s] [34mcolcon.colcon_core.shell[0m [1;30mINFO[0m Creating prefix script '/home/jf/tello_tracking_ws/install/local_setup.sh'
[7.254s] [34mcolcon.colcon_core.shell[0m [1;30mINFO[0m Creating prefix util module '/home/jf/tello_tracking_ws/install/_local_setup_util_sh.py'
[7.255s] [34mcolcon.colcon_core.shell[0m [1;30mINFO[0m Creating prefix chain script '/home/jf/tello_tracking_ws/install/setup.sh'
[7.258s] [34mcolcon.colcon_core.shell[0m [1;30mINFO[0m Creating prefix script '/home/jf/tello_tracking_ws/install/local_setup.bash'
[7.259s] [34mcolcon.colcon_core.shell[0m [1;30mINFO[0m Creating prefix chain script '/home/jf/tello_tracking_ws/install/setup.bash'
[7.261s] [34mcolcon.colcon_core.shell[0m [1;30mINFO[0m Creating prefix script '/home/jf/tello_tracking_ws/install/local_setup.zsh'
[7.262s] [34mcolcon.colcon_core.shell[0m [1;30mINFO[0m Creating prefix chain script '/home/jf/tello_tracking_ws/install/setup.zsh'
