[0.145s] [34mcolcon[0m [1;30mDEBUG[0m [32mCommand line arguments: ['/usr/bin/colcon', 'build', '--packages-select', 'yolov5_bytetrack_ros'][0m
[0.145s] [34mcolcon[0m [1;30mDEBUG[0m [32mParsed command line arguments: Namespace(log_base=None, log_level=None, verb_name='build', build_base='build', install_base='install', merge_install=False, symlink_install=False, test_result_base=None, continue_on_error=False, executor='parallel', parallel_workers=16, event_handlers=None, ignore_user_meta=False, metas=['./colcon.meta'], base_paths=['.'], packages_ignore=None, packages_ignore_regex=None, paths=None, packages_up_to=None, packages_up_to_regex=None, packages_above=None, packages_above_and_dependencies=None, packages_above_depth=None, packages_select_by_dep=None, packages_skip_by_dep=None, packages_skip_up_to=None, packages_select_build_failed=False, packages_skip_build_finished=False, packages_select_test_failures=False, packages_skip_test_passed=False, packages_select=['yolov5_bytetrack_ros'], packages_skip=None, packages_select_regex=None, packages_skip_regex=None, packages_start=None, packages_end=None, allow_overriding=[], cmake_args=None, cmake_target=None, cmake_target_skip_unavailable=False, cmake_clean_cache=False, cmake_clean_first=False, cmake_force_configure=False, ament_cmake_args=None, catkin_cmake_args=None, catkin_skip_building_tests=False, mixin_files=None, mixin=None, verb_parser=<colcon_mixin.mixin.mixin_argument.MixinArgumentDecorator object at 0x7ab49b541a80>, verb_extension=<colcon_core.verb.build.BuildVerb object at 0x7ab49b5415d0>, main=<bound method BuildVerb.main of <colcon_core.verb.build.BuildVerb object at 0x7ab49b5415d0>>, mixin_verb=('build',))[0m
[0.420s] [34mcolcon.colcon_core.package_discovery[0m [1;30mLevel 1[0m discover_packages(colcon_meta) check parameters
[0.420s] [34mcolcon.colcon_core.package_discovery[0m [1;30mLevel 1[0m discover_packages(recursive) check parameters
[0.420s] [34mcolcon.colcon_core.package_discovery[0m [1;30mLevel 1[0m discover_packages(ignore) check parameters
[0.420s] [34mcolcon.colcon_core.package_discovery[0m [1;30mLevel 1[0m discover_packages(path) check parameters
[0.420s] [34mcolcon.colcon_core.package_discovery[0m [1;30mLevel 1[0m discover_packages(colcon_meta) discover
[0.420s] [34mcolcon.colcon_core.package_discovery[0m [1;30mLevel 1[0m discover_packages(recursive) discover
[0.420s] [34mcolcon.colcon_core.package_discovery[0m [1;30mINFO[0m Crawling recursively for packages in '/home/jf/tello_tracking_ws'
[0.420s] [34mcolcon.colcon_core.package_identification[0m [1;30mLevel 1[0m _identify(.) by extensions ['ignore', 'ignore_ament_install']
[0.420s] [34mcolcon.colcon_core.package_identification[0m [1;30mLevel 1[0m _identify(.) by extension 'ignore'
[0.420s] [34mcolcon.colcon_core.package_identification[0m [1;30mLevel 1[0m _identify(.) by extension 'ignore_ament_install'
[0.420s] [34mcolcon.colcon_core.package_identification[0m [1;30mLevel 1[0m _identify(.) by extensions ['colcon_pkg']
[0.421s] [34mcolcon.colcon_core.package_identification[0m [1;30mLevel 1[0m _identify(.) by extension 'colcon_pkg'
[0.421s] [34mcolcon.colcon_core.package_identification[0m [1;30mLevel 1[0m _identify(.) by extensions ['colcon_meta']
[0.421s] [34mcolcon.colcon_core.package_identification[0m [1;30mLevel 1[0m _identify(.) by extension 'colcon_meta'
[0.421s] [34mcolcon.colcon_core.package_identification[0m [1;30mLevel 1[0m _identify(.) by extensions ['ros']
[0.421s] [34mcolcon.colcon_core.package_identification[0m [1;30mLevel 1[0m _identify(.) by extension 'ros'
[0.445s] [34mcolcon.colcon_core.package_identification[0m [1;30mLevel 1[0m _identify(.) by extensions ['cmake', 'python']
[0.445s] [34mcolcon.colcon_core.package_identification[0m [1;30mLevel 1[0m _identify(.) by extension 'cmake'
[0.445s] [34mcolcon.colcon_core.package_identification[0m [1;30mLevel 1[0m _identify(.) by extension 'python'
[0.445s] [34mcolcon.colcon_core.package_identification[0m [1;30mLevel 1[0m _identify(.) by extensions ['python_setup_py']
[0.445s] [34mcolcon.colcon_core.package_identification[0m [1;30mLevel 1[0m _identify(.) by extension 'python_setup_py'
[0.445s] [34mcolcon.colcon_core.package_identification[0m [1;30mLevel 1[0m _identify(build) by extensions ['ignore', 'ignore_ament_install']
[0.445s] [34mcolcon.colcon_core.package_identification[0m [1;30mLevel 1[0m _identify(build) by extension 'ignore'
[0.445s] [34mcolcon.colcon_core.package_identification[0m [1;30mLevel 1[0m _identify(build) ignored
[0.446s] [34mcolcon.colcon_core.package_identification[0m [1;30mLevel 1[0m _identify(install) by extensions ['ignore', 'ignore_ament_install']
[0.446s] [34mcolcon.colcon_core.package_identification[0m [1;30mLevel 1[0m _identify(install) by extension 'ignore'
[0.446s] [34mcolcon.colcon_core.package_identification[0m [1;30mLevel 1[0m _identify(install) ignored
[0.446s] [34mcolcon.colcon_core.package_identification[0m [1;30mLevel 1[0m _identify(log) by extensions ['ignore', 'ignore_ament_install']
[0.446s] [34mcolcon.colcon_core.package_identification[0m [1;30mLevel 1[0m _identify(log) by extension 'ignore'
[0.446s] [34mcolcon.colcon_core.package_identification[0m [1;30mLevel 1[0m _identify(log) ignored
[0.446s] [34mcolcon.colcon_core.package_identification[0m [1;30mLevel 1[0m _identify(src) by extensions ['ignore', 'ignore_ament_install']
[0.446s] [34mcolcon.colcon_core.package_identification[0m [1;30mLevel 1[0m _identify(src) by extension 'ignore'
[0.446s] [34mcolcon.colcon_core.package_identification[0m [1;30mLevel 1[0m _identify(src) by extension 'ignore_ament_install'
[0.446s] [34mcolcon.colcon_core.package_identification[0m [1;30mLevel 1[0m _identify(src) by extensions ['colcon_pkg']
[0.447s] [34mcolcon.colcon_core.package_identification[0m [1;30mLevel 1[0m _identify(src) by extension 'colcon_pkg'
[0.447s] [34mcolcon.colcon_core.package_identification[0m [1;30mLevel 1[0m _identify(src) by extensions ['colcon_meta']
[0.447s] [34mcolcon.colcon_core.package_identification[0m [1;30mLevel 1[0m _identify(src) by extension 'colcon_meta'
[0.447s] [34mcolcon.colcon_core.package_identification[0m [1;30mLevel 1[0m _identify(src) by extensions ['ros']
[0.447s] [34mcolcon.colcon_core.package_identification[0m [1;30mLevel 1[0m _identify(src) by extension 'ros'
[0.447s] [34mcolcon.colcon_core.package_identification[0m [1;30mLevel 1[0m _identify(src) by extensions ['cmake', 'python']
[0.447s] [34mcolcon.colcon_core.package_identification[0m [1;30mLevel 1[0m _identify(src) by extension 'cmake'
[0.447s] [34mcolcon.colcon_core.package_identification[0m [1;30mLevel 1[0m _identify(src) by extension 'python'
[0.447s] [34mcolcon.colcon_core.package_identification[0m [1;30mLevel 1[0m _identify(src) by extensions ['python_setup_py']
[0.447s] [34mcolcon.colcon_core.package_identification[0m [1;30mLevel 1[0m _identify(src) by extension 'python_setup_py'
[0.447s] [34mcolcon.colcon_core.package_identification[0m [1;30mLevel 1[0m _identify(src/ByteTrack) by extensions ['ignore', 'ignore_ament_install']
[0.447s] [34mcolcon.colcon_core.package_identification[0m [1;30mLevel 1[0m _identify(src/ByteTrack) by extension 'ignore'
[0.447s] [34mcolcon.colcon_core.package_identification[0m [1;30mLevel 1[0m _identify(src/ByteTrack) by extension 'ignore_ament_install'
[0.447s] [34mcolcon.colcon_core.package_identification[0m [1;30mLevel 1[0m _identify(src/ByteTrack) by extensions ['colcon_pkg']
[0.447s] [34mcolcon.colcon_core.package_identification[0m [1;30mLevel 1[0m _identify(src/ByteTrack) by extension 'colcon_pkg'
[0.447s] [34mcolcon.colcon_core.package_identification[0m [1;30mLevel 1[0m _identify(src/ByteTrack) by extensions ['colcon_meta']
[0.447s] [34mcolcon.colcon_core.package_identification[0m [1;30mLevel 1[0m _identify(src/ByteTrack) by extension 'colcon_meta'
[0.447s] [34mcolcon.colcon_core.package_identification[0m [1;30mLevel 1[0m _identify(src/ByteTrack) by extensions ['ros']
[0.447s] [34mcolcon.colcon_core.package_identification[0m [1;30mLevel 1[0m _identify(src/ByteTrack) by extension 'ros'
[0.447s] [34mcolcon.colcon_core.package_identification[0m [1;30mLevel 1[0m _identify(src/ByteTrack) by extensions ['cmake', 'python']
[0.447s] [34mcolcon.colcon_core.package_identification[0m [1;30mLevel 1[0m _identify(src/ByteTrack) by extension 'cmake'
[0.447s] [34mcolcon.colcon_core.package_identification[0m [1;30mLevel 1[0m _identify(src/ByteTrack) by extension 'python'
[0.448s] [34mcolcon.colcon_core.package_identification[0m [1;30mDEBUG[0m [32mPython package in 'src/ByteTrack' passes arguments to the setup() function which requires a different identification extension than 'python'[0m
[0.448s] [34mcolcon.colcon_core.package_identification[0m [1;30mLevel 1[0m _identify(src/ByteTrack) by extensions ['python_setup_py']
[0.448s] [34mcolcon.colcon_core.package_identification[0m [1;30mLevel 1[0m _identify(src/ByteTrack) by extension 'python_setup_py'
[4.012s] [34mcolcon.colcon_core.package_identification[0m [1;30mDEBUG[0m [32mPackage 'src/ByteTrack' with type 'python' and name 'yolox'[0m
[4.012s] [34mcolcon.colcon_core.package_identification[0m [1;30mLevel 1[0m _identify(src/yolov5) by extensions ['ignore', 'ignore_ament_install']
[4.012s] [34mcolcon.colcon_core.package_identification[0m [1;30mLevel 1[0m _identify(src/yolov5) by extension 'ignore'
[4.012s] [34mcolcon.colcon_core.package_identification[0m [1;30mLevel 1[0m _identify(src/yolov5) by extension 'ignore_ament_install'
[4.012s] [34mcolcon.colcon_core.package_identification[0m [1;30mLevel 1[0m _identify(src/yolov5) by extensions ['colcon_pkg']
[4.012s] [34mcolcon.colcon_core.package_identification[0m [1;30mLevel 1[0m _identify(src/yolov5) by extension 'colcon_pkg'
[4.012s] [34mcolcon.colcon_core.package_identification[0m [1;30mLevel 1[0m _identify(src/yolov5) by extensions ['colcon_meta']
[4.012s] [34mcolcon.colcon_core.package_identification[0m [1;30mLevel 1[0m _identify(src/yolov5) by extension 'colcon_meta'
[4.012s] [34mcolcon.colcon_core.package_identification[0m [1;30mLevel 1[0m _identify(src/yolov5) by extensions ['ros']
[4.012s] [34mcolcon.colcon_core.package_identification[0m [1;30mLevel 1[0m _identify(src/yolov5) by extension 'ros'
[4.013s] [34mcolcon.colcon_core.package_identification[0m [1;30mLevel 1[0m _identify(src/yolov5) by extensions ['cmake', 'python']
[4.013s] [34mcolcon.colcon_core.package_identification[0m [1;30mLevel 1[0m _identify(src/yolov5) by extension 'cmake'
[4.013s] [34mcolcon.colcon_core.package_identification[0m [1;30mLevel 1[0m _identify(src/yolov5) by extension 'python'
[4.013s] [34mcolcon.colcon_core.package_identification[0m [1;30mLevel 1[0m _identify(src/yolov5) by extensions ['python_setup_py']
[4.013s] [34mcolcon.colcon_core.package_identification[0m [1;30mLevel 1[0m _identify(src/yolov5) by extension 'python_setup_py'
[4.013s] [34mcolcon.colcon_core.package_identification[0m [1;30mLevel 1[0m _identify(src/yolov5/__pycache__) by extensions ['ignore', 'ignore_ament_install']
[4.013s] [34mcolcon.colcon_core.package_identification[0m [1;30mLevel 1[0m _identify(src/yolov5/__pycache__) by extension 'ignore'
[4.013s] [34mcolcon.colcon_core.package_identification[0m [1;30mLevel 1[0m _identify(src/yolov5/__pycache__) by extension 'ignore_ament_install'
[4.013s] [34mcolcon.colcon_core.package_identification[0m [1;30mLevel 1[0m _identify(src/yolov5/__pycache__) by extensions ['colcon_pkg']
[4.013s] [34mcolcon.colcon_core.package_identification[0m [1;30mLevel 1[0m _identify(src/yolov5/__pycache__) by extension 'colcon_pkg'
[4.013s] [34mcolcon.colcon_core.package_identification[0m [1;30mLevel 1[0m _identify(src/yolov5/__pycache__) by extensions ['colcon_meta']
[4.013s] [34mcolcon.colcon_core.package_identification[0m [1;30mLevel 1[0m _identify(src/yolov5/__pycache__) by extension 'colcon_meta'
[4.013s] [34mcolcon.colcon_core.package_identification[0m [1;30mLevel 1[0m _identify(src/yolov5/__pycache__) by extensions ['ros']
[4.013s] [34mcolcon.colcon_core.package_identification[0m [1;30mLevel 1[0m _identify(src/yolov5/__pycache__) by extension 'ros'
[4.013s] [34mcolcon.colcon_core.package_identification[0m [1;30mLevel 1[0m _identify(src/yolov5/__pycache__) by extensions ['cmake', 'python']
[4.013s] [34mcolcon.colcon_core.package_identification[0m [1;30mLevel 1[0m _identify(src/yolov5/__pycache__) by extension 'cmake'
[4.013s] [34mcolcon.colcon_core.package_identification[0m [1;30mLevel 1[0m _identify(src/yolov5/__pycache__) by extension 'python'
[4.013s] [34mcolcon.colcon_core.package_identification[0m [1;30mLevel 1[0m _identify(src/yolov5/__pycache__) by extensions ['python_setup_py']
[4.013s] [34mcolcon.colcon_core.package_identification[0m [1;30mLevel 1[0m _identify(src/yolov5/__pycache__) by extension 'python_setup_py'
[4.013s] [34mcolcon.colcon_core.package_identification[0m [1;30mLevel 1[0m _identify(src/yolov5/classify) by extensions ['ignore', 'ignore_ament_install']
[4.014s] [34mcolcon.colcon_core.package_identification[0m [1;30mLevel 1[0m _identify(src/yolov5/classify) by extension 'ignore'
[4.014s] [34mcolcon.colcon_core.package_identification[0m [1;30mLevel 1[0m _identify(src/yolov5/classify) by extension 'ignore_ament_install'
[4.014s] [34mcolcon.colcon_core.package_identification[0m [1;30mLevel 1[0m _identify(src/yolov5/classify) by extensions ['colcon_pkg']
[4.014s] [34mcolcon.colcon_core.package_identification[0m [1;30mLevel 1[0m _identify(src/yolov5/classify) by extension 'colcon_pkg'
[4.014s] [34mcolcon.colcon_core.package_identification[0m [1;30mLevel 1[0m _identify(src/yolov5/classify) by extensions ['colcon_meta']
[4.014s] [34mcolcon.colcon_core.package_identification[0m [1;30mLevel 1[0m _identify(src/yolov5/classify) by extension 'colcon_meta'
[4.014s] [34mcolcon.colcon_core.package_identification[0m [1;30mLevel 1[0m _identify(src/yolov5/classify) by extensions ['ros']
[4.014s] [34mcolcon.colcon_core.package_identification[0m [1;30mLevel 1[0m _identify(src/yolov5/classify) by extension 'ros'
[4.014s] [34mcolcon.colcon_core.package_identification[0m [1;30mLevel 1[0m _identify(src/yolov5/classify) by extensions ['cmake', 'python']
[4.014s] [34mcolcon.colcon_core.package_identification[0m [1;30mLevel 1[0m _identify(src/yolov5/classify) by extension 'cmake'
[4.014s] [34mcolcon.colcon_core.package_identification[0m [1;30mLevel 1[0m _identify(src/yolov5/classify) by extension 'python'
[4.014s] [34mcolcon.colcon_core.package_identification[0m [1;30mLevel 1[0m _identify(src/yolov5/classify) by extensions ['python_setup_py']
[4.014s] [34mcolcon.colcon_core.package_identification[0m [1;30mLevel 1[0m _identify(src/yolov5/classify) by extension 'python_setup_py'
[4.014s] [34mcolcon.colcon_core.package_identification[0m [1;30mLevel 1[0m _identify(src/yolov5/data) by extensions ['ignore', 'ignore_ament_install']
[4.014s] [34mcolcon.colcon_core.package_identification[0m [1;30mLevel 1[0m _identify(src/yolov5/data) by extension 'ignore'
[4.015s] [34mcolcon.colcon_core.package_identification[0m [1;30mLevel 1[0m _identify(src/yolov5/data) by extension 'ignore_ament_install'
[4.015s] [34mcolcon.colcon_core.package_identification[0m [1;30mLevel 1[0m _identify(src/yolov5/data) by extensions ['colcon_pkg']
[4.015s] [34mcolcon.colcon_core.package_identification[0m [1;30mLevel 1[0m _identify(src/yolov5/data) by extension 'colcon_pkg'
[4.015s] [34mcolcon.colcon_core.package_identification[0m [1;30mLevel 1[0m _identify(src/yolov5/data) by extensions ['colcon_meta']
[4.015s] [34mcolcon.colcon_core.package_identification[0m [1;30mLevel 1[0m _identify(src/yolov5/data) by extension 'colcon_meta'
[4.015s] [34mcolcon.colcon_core.package_identification[0m [1;30mLevel 1[0m _identify(src/yolov5/data) by extensions ['ros']
[4.015s] [34mcolcon.colcon_core.package_identification[0m [1;30mLevel 1[0m _identify(src/yolov5/data) by extension 'ros'
[4.015s] [34mcolcon.colcon_core.package_identification[0m [1;30mLevel 1[0m _identify(src/yolov5/data) by extensions ['cmake', 'python']
[4.015s] [34mcolcon.colcon_core.package_identification[0m [1;30mLevel 1[0m _identify(src/yolov5/data) by extension 'cmake'
[4.015s] [34mcolcon.colcon_core.package_identification[0m [1;30mLevel 1[0m _identify(src/yolov5/data) by extension 'python'
[4.015s] [34mcolcon.colcon_core.package_identification[0m [1;30mLevel 1[0m _identify(src/yolov5/data) by extensions ['python_setup_py']
[4.015s] [34mcolcon.colcon_core.package_identification[0m [1;30mLevel 1[0m _identify(src/yolov5/data) by extension 'python_setup_py'
[4.015s] [34mcolcon.colcon_core.package_identification[0m [1;30mLevel 1[0m _identify(src/yolov5/data/hyps) by extensions ['ignore', 'ignore_ament_install']
[4.015s] [34mcolcon.colcon_core.package_identification[0m [1;30mLevel 1[0m _identify(src/yolov5/data/hyps) by extension 'ignore'
[4.015s] [34mcolcon.colcon_core.package_identification[0m [1;30mLevel 1[0m _identify(src/yolov5/data/hyps) by extension 'ignore_ament_install'
[4.015s] [34mcolcon.colcon_core.package_identification[0m [1;30mLevel 1[0m _identify(src/yolov5/data/hyps) by extensions ['colcon_pkg']
[4.015s] [34mcolcon.colcon_core.package_identification[0m [1;30mLevel 1[0m _identify(src/yolov5/data/hyps) by extension 'colcon_pkg'
[4.015s] [34mcolcon.colcon_core.package_identification[0m [1;30mLevel 1[0m _identify(src/yolov5/data/hyps) by extensions ['colcon_meta']
[4.015s] [34mcolcon.colcon_core.package_identification[0m [1;30mLevel 1[0m _identify(src/yolov5/data/hyps) by extension 'colcon_meta'
[4.015s] [34mcolcon.colcon_core.package_identification[0m [1;30mLevel 1[0m _identify(src/yolov5/data/hyps) by extensions ['ros']
[4.016s] [34mcolcon.colcon_core.package_identification[0m [1;30mLevel 1[0m _identify(src/yolov5/data/hyps) by extension 'ros'
[4.016s] [34mcolcon.colcon_core.package_identification[0m [1;30mLevel 1[0m _identify(src/yolov5/data/hyps) by extensions ['cmake', 'python']
[4.016s] [34mcolcon.colcon_core.package_identification[0m [1;30mLevel 1[0m _identify(src/yolov5/data/hyps) by extension 'cmake'
[4.016s] [34mcolcon.colcon_core.package_identification[0m [1;30mLevel 1[0m _identify(src/yolov5/data/hyps) by extension 'python'
[4.016s] [34mcolcon.colcon_core.package_identification[0m [1;30mLevel 1[0m _identify(src/yolov5/data/hyps) by extensions ['python_setup_py']
[4.016s] [34mcolcon.colcon_core.package_identification[0m [1;30mLevel 1[0m _identify(src/yolov5/data/hyps) by extension 'python_setup_py'
[4.016s] [34mcolcon.colcon_core.package_identification[0m [1;30mLevel 1[0m _identify(src/yolov5/data/images) by extensions ['ignore', 'ignore_ament_install']
[4.016s] [34mcolcon.colcon_core.package_identification[0m [1;30mLevel 1[0m _identify(src/yolov5/data/images) by extension 'ignore'
[4.016s] [34mcolcon.colcon_core.package_identification[0m [1;30mLevel 1[0m _identify(src/yolov5/data/images) by extension 'ignore_ament_install'
[4.016s] [34mcolcon.colcon_core.package_identification[0m [1;30mLevel 1[0m _identify(src/yolov5/data/images) by extensions ['colcon_pkg']
[4.016s] [34mcolcon.colcon_core.package_identification[0m [1;30mLevel 1[0m _identify(src/yolov5/data/images) by extension 'colcon_pkg'
[4.016s] [34mcolcon.colcon_core.package_identification[0m [1;30mLevel 1[0m _identify(src/yolov5/data/images) by extensions ['colcon_meta']
[4.016s] [34mcolcon.colcon_core.package_identification[0m [1;30mLevel 1[0m _identify(src/yolov5/data/images) by extension 'colcon_meta'
[4.016s] [34mcolcon.colcon_core.package_identification[0m [1;30mLevel 1[0m _identify(src/yolov5/data/images) by extensions ['ros']
[4.016s] [34mcolcon.colcon_core.package_identification[0m [1;30mLevel 1[0m _identify(src/yolov5/data/images) by extension 'ros'
[4.017s] [34mcolcon.colcon_core.package_identification[0m [1;30mLevel 1[0m _identify(src/yolov5/data/images) by extensions ['cmake', 'python']
[4.017s] [34mcolcon.colcon_core.package_identification[0m [1;30mLevel 1[0m _identify(src/yolov5/data/images) by extension 'cmake'
[4.017s] [34mcolcon.colcon_core.package_identification[0m [1;30mLevel 1[0m _identify(src/yolov5/data/images) by extension 'python'
[4.017s] [34mcolcon.colcon_core.package_identification[0m [1;30mLevel 1[0m _identify(src/yolov5/data/images) by extensions ['python_setup_py']
[4.017s] [34mcolcon.colcon_core.package_identification[0m [1;30mLevel 1[0m _identify(src/yolov5/data/images) by extension 'python_setup_py'
[4.017s] [34mcolcon.colcon_core.package_identification[0m [1;30mLevel 1[0m _identify(src/yolov5/data/scripts) by extensions ['ignore', 'ignore_ament_install']
[4.017s] [34mcolcon.colcon_core.package_identification[0m [1;30mLevel 1[0m _identify(src/yolov5/data/scripts) by extension 'ignore'
[4.017s] [34mcolcon.colcon_core.package_identification[0m [1;30mLevel 1[0m _identify(src/yolov5/data/scripts) by extension 'ignore_ament_install'
[4.017s] [34mcolcon.colcon_core.package_identification[0m [1;30mLevel 1[0m _identify(src/yolov5/data/scripts) by extensions ['colcon_pkg']
[4.017s] [34mcolcon.colcon_core.package_identification[0m [1;30mLevel 1[0m _identify(src/yolov5/data/scripts) by extension 'colcon_pkg'
[4.017s] [34mcolcon.colcon_core.package_identification[0m [1;30mLevel 1[0m _identify(src/yolov5/data/scripts) by extensions ['colcon_meta']
[4.017s] [34mcolcon.colcon_core.package_identification[0m [1;30mLevel 1[0m _identify(src/yolov5/data/scripts) by extension 'colcon_meta'
[4.017s] [34mcolcon.colcon_core.package_identification[0m [1;30mLevel 1[0m _identify(src/yolov5/data/scripts) by extensions ['ros']
[4.017s] [34mcolcon.colcon_core.package_identification[0m [1;30mLevel 1[0m _identify(src/yolov5/data/scripts) by extension 'ros'
[4.017s] [34mcolcon.colcon_core.package_identification[0m [1;30mLevel 1[0m _identify(src/yolov5/data/scripts) by extensions ['cmake', 'python']
[4.017s] [34mcolcon.colcon_core.package_identification[0m [1;30mLevel 1[0m _identify(src/yolov5/data/scripts) by extension 'cmake'
[4.018s] [34mcolcon.colcon_core.package_identification[0m [1;30mLevel 1[0m _identify(src/yolov5/data/scripts) by extension 'python'
[4.018s] [34mcolcon.colcon_core.package_identification[0m [1;30mLevel 1[0m _identify(src/yolov5/data/scripts) by extensions ['python_setup_py']
[4.018s] [34mcolcon.colcon_core.package_identification[0m [1;30mLevel 1[0m _identify(src/yolov5/data/scripts) by extension 'python_setup_py'
[4.018s] [34mcolcon.colcon_core.package_identification[0m [1;30mLevel 1[0m _identify(src/yolov5/models) by extensions ['ignore', 'ignore_ament_install']
[4.018s] [34mcolcon.colcon_core.package_identification[0m [1;30mLevel 1[0m _identify(src/yolov5/models) by extension 'ignore'
[4.018s] [34mcolcon.colcon_core.package_identification[0m [1;30mLevel 1[0m _identify(src/yolov5/models) by extension 'ignore_ament_install'
[4.018s] [34mcolcon.colcon_core.package_identification[0m [1;30mLevel 1[0m _identify(src/yolov5/models) by extensions ['colcon_pkg']
[4.018s] [34mcolcon.colcon_core.package_identification[0m [1;30mLevel 1[0m _identify(src/yolov5/models) by extension 'colcon_pkg'
[4.018s] [34mcolcon.colcon_core.package_identification[0m [1;30mLevel 1[0m _identify(src/yolov5/models) by extensions ['colcon_meta']
[4.018s] [34mcolcon.colcon_core.package_identification[0m [1;30mLevel 1[0m _identify(src/yolov5/models) by extension 'colcon_meta'
[4.018s] [34mcolcon.colcon_core.package_identification[0m [1;30mLevel 1[0m _identify(src/yolov5/models) by extensions ['ros']
[4.018s] [34mcolcon.colcon_core.package_identification[0m [1;30mLevel 1[0m _identify(src/yolov5/models) by extension 'ros'
[4.018s] [34mcolcon.colcon_core.package_identification[0m [1;30mLevel 1[0m _identify(src/yolov5/models) by extensions ['cmake', 'python']
[4.018s] [34mcolcon.colcon_core.package_identification[0m [1;30mLevel 1[0m _identify(src/yolov5/models) by extension 'cmake'
[4.019s] [34mcolcon.colcon_core.package_identification[0m [1;30mLevel 1[0m _identify(src/yolov5/models) by extension 'python'
[4.019s] [34mcolcon.colcon_core.package_identification[0m [1;30mLevel 1[0m _identify(src/yolov5/models) by extensions ['python_setup_py']
[4.019s] [34mcolcon.colcon_core.package_identification[0m [1;30mLevel 1[0m _identify(src/yolov5/models) by extension 'python_setup_py'
[4.019s] [34mcolcon.colcon_core.package_identification[0m [1;30mLevel 1[0m _identify(src/yolov5/models/__pycache__) by extensions ['ignore', 'ignore_ament_install']
[4.019s] [34mcolcon.colcon_core.package_identification[0m [1;30mLevel 1[0m _identify(src/yolov5/models/__pycache__) by extension 'ignore'
[4.019s] [34mcolcon.colcon_core.package_identification[0m [1;30mLevel 1[0m _identify(src/yolov5/models/__pycache__) by extension 'ignore_ament_install'
[4.019s] [34mcolcon.colcon_core.package_identification[0m [1;30mLevel 1[0m _identify(src/yolov5/models/__pycache__) by extensions ['colcon_pkg']
[4.019s] [34mcolcon.colcon_core.package_identification[0m [1;30mLevel 1[0m _identify(src/yolov5/models/__pycache__) by extension 'colcon_pkg'
[4.019s] [34mcolcon.colcon_core.package_identification[0m [1;30mLevel 1[0m _identify(src/yolov5/models/__pycache__) by extensions ['colcon_meta']
[4.019s] [34mcolcon.colcon_core.package_identification[0m [1;30mLevel 1[0m _identify(src/yolov5/models/__pycache__) by extension 'colcon_meta'
[4.019s] [34mcolcon.colcon_core.package_identification[0m [1;30mLevel 1[0m _identify(src/yolov5/models/__pycache__) by extensions ['ros']
[4.019s] [34mcolcon.colcon_core.package_identification[0m [1;30mLevel 1[0m _identify(src/yolov5/models/__pycache__) by extension 'ros'
[4.019s] [34mcolcon.colcon_core.package_identification[0m [1;30mLevel 1[0m _identify(src/yolov5/models/__pycache__) by extensions ['cmake', 'python']
[4.019s] [34mcolcon.colcon_core.package_identification[0m [1;30mLevel 1[0m _identify(src/yolov5/models/__pycache__) by extension 'cmake'
[4.019s] [34mcolcon.colcon_core.package_identification[0m [1;30mLevel 1[0m _identify(src/yolov5/models/__pycache__) by extension 'python'
[4.020s] [34mcolcon.colcon_core.package_identification[0m [1;30mLevel 1[0m _identify(src/yolov5/models/__pycache__) by extensions ['python_setup_py']
[4.020s] [34mcolcon.colcon_core.package_identification[0m [1;30mLevel 1[0m _identify(src/yolov5/models/__pycache__) by extension 'python_setup_py'
[4.020s] [34mcolcon.colcon_core.package_identification[0m [1;30mLevel 1[0m _identify(src/yolov5/models/hub) by extensions ['ignore', 'ignore_ament_install']
[4.020s] [34mcolcon.colcon_core.package_identification[0m [1;30mLevel 1[0m _identify(src/yolov5/models/hub) by extension 'ignore'
[4.020s] [34mcolcon.colcon_core.package_identification[0m [1;30mLevel 1[0m _identify(src/yolov5/models/hub) by extension 'ignore_ament_install'
[4.020s] [34mcolcon.colcon_core.package_identification[0m [1;30mLevel 1[0m _identify(src/yolov5/models/hub) by extensions ['colcon_pkg']
[4.020s] [34mcolcon.colcon_core.package_identification[0m [1;30mLevel 1[0m _identify(src/yolov5/models/hub) by extension 'colcon_pkg'
[4.020s] [34mcolcon.colcon_core.package_identification[0m [1;30mLevel 1[0m _identify(src/yolov5/models/hub) by extensions ['colcon_meta']
[4.020s] [34mcolcon.colcon_core.package_identification[0m [1;30mLevel 1[0m _identify(src/yolov5/models/hub) by extension 'colcon_meta'
[4.020s] [34mcolcon.colcon_core.package_identification[0m [1;30mLevel 1[0m _identify(src/yolov5/models/hub) by extensions ['ros']
[4.020s] [34mcolcon.colcon_core.package_identification[0m [1;30mLevel 1[0m _identify(src/yolov5/models/hub) by extension 'ros'
[4.020s] [34mcolcon.colcon_core.package_identification[0m [1;30mLevel 1[0m _identify(src/yolov5/models/hub) by extensions ['cmake', 'python']
[4.020s] [34mcolcon.colcon_core.package_identification[0m [1;30mLevel 1[0m _identify(src/yolov5/models/hub) by extension 'cmake'
[4.020s] [34mcolcon.colcon_core.package_identification[0m [1;30mLevel 1[0m _identify(src/yolov5/models/hub) by extension 'python'
[4.020s] [34mcolcon.colcon_core.package_identification[0m [1;30mLevel 1[0m _identify(src/yolov5/models/hub) by extensions ['python_setup_py']
[4.020s] [34mcolcon.colcon_core.package_identification[0m [1;30mLevel 1[0m _identify(src/yolov5/models/hub) by extension 'python_setup_py'
[4.021s] [34mcolcon.colcon_core.package_identification[0m [1;30mLevel 1[0m _identify(src/yolov5/models/segment) by extensions ['ignore', 'ignore_ament_install']
[4.021s] [34mcolcon.colcon_core.package_identification[0m [1;30mLevel 1[0m _identify(src/yolov5/models/segment) by extension 'ignore'
[4.021s] [34mcolcon.colcon_core.package_identification[0m [1;30mLevel 1[0m _identify(src/yolov5/models/segment) by extension 'ignore_ament_install'
[4.021s] [34mcolcon.colcon_core.package_identification[0m [1;30mLevel 1[0m _identify(src/yolov5/models/segment) by extensions ['colcon_pkg']
[4.021s] [34mcolcon.colcon_core.package_identification[0m [1;30mLevel 1[0m _identify(src/yolov5/models/segment) by extension 'colcon_pkg'
[4.021s] [34mcolcon.colcon_core.package_identification[0m [1;30mLevel 1[0m _identify(src/yolov5/models/segment) by extensions ['colcon_meta']
[4.021s] [34mcolcon.colcon_core.package_identification[0m [1;30mLevel 1[0m _identify(src/yolov5/models/segment) by extension 'colcon_meta'
[4.021s] [34mcolcon.colcon_core.package_identification[0m [1;30mLevel 1[0m _identify(src/yolov5/models/segment) by extensions ['ros']
[4.021s] [34mcolcon.colcon_core.package_identification[0m [1;30mLevel 1[0m _identify(src/yolov5/models/segment) by extension 'ros'
[4.021s] [34mcolcon.colcon_core.package_identification[0m [1;30mLevel 1[0m _identify(src/yolov5/models/segment) by extensions ['cmake', 'python']
[4.021s] [34mcolcon.colcon_core.package_identification[0m [1;30mLevel 1[0m _identify(src/yolov5/models/segment) by extension 'cmake'
[4.021s] [34mcolcon.colcon_core.package_identification[0m [1;30mLevel 1[0m _identify(src/yolov5/models/segment) by extension 'python'
[4.021s] [34mcolcon.colcon_core.package_identification[0m [1;30mLevel 1[0m _identify(src/yolov5/models/segment) by extensions ['python_setup_py']
[4.021s] [34mcolcon.colcon_core.package_identification[0m [1;30mLevel 1[0m _identify(src/yolov5/models/segment) by extension 'python_setup_py'
[4.021s] [34mcolcon.colcon_core.package_identification[0m [1;30mLevel 1[0m _identify(src/yolov5/segment) by extensions ['ignore', 'ignore_ament_install']
[4.021s] [34mcolcon.colcon_core.package_identification[0m [1;30mLevel 1[0m _identify(src/yolov5/segment) by extension 'ignore'
[4.021s] [34mcolcon.colcon_core.package_identification[0m [1;30mLevel 1[0m _identify(src/yolov5/segment) by extension 'ignore_ament_install'
[4.021s] [34mcolcon.colcon_core.package_identification[0m [1;30mLevel 1[0m _identify(src/yolov5/segment) by extensions ['colcon_pkg']
[4.022s] [34mcolcon.colcon_core.package_identification[0m [1;30mLevel 1[0m _identify(src/yolov5/segment) by extension 'colcon_pkg'
[4.022s] [34mcolcon.colcon_core.package_identification[0m [1;30mLevel 1[0m _identify(src/yolov5/segment) by extensions ['colcon_meta']
[4.022s] [34mcolcon.colcon_core.package_identification[0m [1;30mLevel 1[0m _identify(src/yolov5/segment) by extension 'colcon_meta'
[4.022s] [34mcolcon.colcon_core.package_identification[0m [1;30mLevel 1[0m _identify(src/yolov5/segment) by extensions ['ros']
[4.022s] [34mcolcon.colcon_core.package_identification[0m [1;30mLevel 1[0m _identify(src/yolov5/segment) by extension 'ros'
[4.022s] [34mcolcon.colcon_core.package_identification[0m [1;30mLevel 1[0m _identify(src/yolov5/segment) by extensions ['cmake', 'python']
[4.022s] [34mcolcon.colcon_core.package_identification[0m [1;30mLevel 1[0m _identify(src/yolov5/segment) by extension 'cmake'
[4.022s] [34mcolcon.colcon_core.package_identification[0m [1;30mLevel 1[0m _identify(src/yolov5/segment) by extension 'python'
[4.022s] [34mcolcon.colcon_core.package_identification[0m [1;30mLevel 1[0m _identify(src/yolov5/segment) by extensions ['python_setup_py']
[4.022s] [34mcolcon.colcon_core.package_identification[0m [1;30mLevel 1[0m _identify(src/yolov5/segment) by extension 'python_setup_py'
[4.022s] [34mcolcon.colcon_core.package_identification[0m [1;30mLevel 1[0m _identify(src/yolov5/utils) by extensions ['ignore', 'ignore_ament_install']
[4.022s] [34mcolcon.colcon_core.package_identification[0m [1;30mLevel 1[0m _identify(src/yolov5/utils) by extension 'ignore'
[4.022s] [34mcolcon.colcon_core.package_identification[0m [1;30mLevel 1[0m _identify(src/yolov5/utils) by extension 'ignore_ament_install'
[4.022s] [34mcolcon.colcon_core.package_identification[0m [1;30mLevel 1[0m _identify(src/yolov5/utils) by extensions ['colcon_pkg']
[4.022s] [34mcolcon.colcon_core.package_identification[0m [1;30mLevel 1[0m _identify(src/yolov5/utils) by extension 'colcon_pkg'
[4.022s] [34mcolcon.colcon_core.package_identification[0m [1;30mLevel 1[0m _identify(src/yolov5/utils) by extensions ['colcon_meta']
[4.022s] [34mcolcon.colcon_core.package_identification[0m [1;30mLevel 1[0m _identify(src/yolov5/utils) by extension 'colcon_meta'
[4.022s] [34mcolcon.colcon_core.package_identification[0m [1;30mLevel 1[0m _identify(src/yolov5/utils) by extensions ['ros']
[4.022s] [34mcolcon.colcon_core.package_identification[0m [1;30mLevel 1[0m _identify(src/yolov5/utils) by extension 'ros'
[4.023s] [34mcolcon.colcon_core.package_identification[0m [1;30mLevel 1[0m _identify(src/yolov5/utils) by extensions ['cmake', 'python']
[4.023s] [34mcolcon.colcon_core.package_identification[0m [1;30mLevel 1[0m _identify(src/yolov5/utils) by extension 'cmake'
[4.023s] [34mcolcon.colcon_core.package_identification[0m [1;30mLevel 1[0m _identify(src/yolov5/utils) by extension 'python'
[4.023s] [34mcolcon.colcon_core.package_identification[0m [1;30mLevel 1[0m _identify(src/yolov5/utils) by extensions ['python_setup_py']
[4.023s] [34mcolcon.colcon_core.package_identification[0m [1;30mLevel 1[0m _identify(src/yolov5/utils) by extension 'python_setup_py'
[4.023s] [34mcolcon.colcon_core.package_identification[0m [1;30mLevel 1[0m _identify(src/yolov5/utils/__pycache__) by extensions ['ignore', 'ignore_ament_install']
[4.023s] [34mcolcon.colcon_core.package_identification[0m [1;30mLevel 1[0m _identify(src/yolov5/utils/__pycache__) by extension 'ignore'
[4.023s] [34mcolcon.colcon_core.package_identification[0m [1;30mLevel 1[0m _identify(src/yolov5/utils/__pycache__) by extension 'ignore_ament_install'
[4.023s] [34mcolcon.colcon_core.package_identification[0m [1;30mLevel 1[0m _identify(src/yolov5/utils/__pycache__) by extensions ['colcon_pkg']
[4.023s] [34mcolcon.colcon_core.package_identification[0m [1;30mLevel 1[0m _identify(src/yolov5/utils/__pycache__) by extension 'colcon_pkg'
[4.023s] [34mcolcon.colcon_core.package_identification[0m [1;30mLevel 1[0m _identify(src/yolov5/utils/__pycache__) by extensions ['colcon_meta']
[4.023s] [34mcolcon.colcon_core.package_identification[0m [1;30mLevel 1[0m _identify(src/yolov5/utils/__pycache__) by extension 'colcon_meta'
[4.023s] [34mcolcon.colcon_core.package_identification[0m [1;30mLevel 1[0m _identify(src/yolov5/utils/__pycache__) by extensions ['ros']
[4.023s] [34mcolcon.colcon_core.package_identification[0m [1;30mLevel 1[0m _identify(src/yolov5/utils/__pycache__) by extension 'ros'
[4.023s] [34mcolcon.colcon_core.package_identification[0m [1;30mLevel 1[0m _identify(src/yolov5/utils/__pycache__) by extensions ['cmake', 'python']
[4.023s] [34mcolcon.colcon_core.package_identification[0m [1;30mLevel 1[0m _identify(src/yolov5/utils/__pycache__) by extension 'cmake'
[4.023s] [34mcolcon.colcon_core.package_identification[0m [1;30mLevel 1[0m _identify(src/yolov5/utils/__pycache__) by extension 'python'
[4.023s] [34mcolcon.colcon_core.package_identification[0m [1;30mLevel 1[0m _identify(src/yolov5/utils/__pycache__) by extensions ['python_setup_py']
[4.023s] [34mcolcon.colcon_core.package_identification[0m [1;30mLevel 1[0m _identify(src/yolov5/utils/__pycache__) by extension 'python_setup_py'
[4.024s] [34mcolcon.colcon_core.package_identification[0m [1;30mLevel 1[0m _identify(src/yolov5/utils/aws) by extensions ['ignore', 'ignore_ament_install']
[4.024s] [34mcolcon.colcon_core.package_identification[0m [1;30mLevel 1[0m _identify(src/yolov5/utils/aws) by extension 'ignore'
[4.024s] [34mcolcon.colcon_core.package_identification[0m [1;30mLevel 1[0m _identify(src/yolov5/utils/aws) by extension 'ignore_ament_install'
[4.024s] [34mcolcon.colcon_core.package_identification[0m [1;30mLevel 1[0m _identify(src/yolov5/utils/aws) by extensions ['colcon_pkg']
[4.024s] [34mcolcon.colcon_core.package_identification[0m [1;30mLevel 1[0m _identify(src/yolov5/utils/aws) by extension 'colcon_pkg'
[4.024s] [34mcolcon.colcon_core.package_identification[0m [1;30mLevel 1[0m _identify(src/yolov5/utils/aws) by extensions ['colcon_meta']
[4.024s] [34mcolcon.colcon_core.package_identification[0m [1;30mLevel 1[0m _identify(src/yolov5/utils/aws) by extension 'colcon_meta'
[4.024s] [34mcolcon.colcon_core.package_identification[0m [1;30mLevel 1[0m _identify(src/yolov5/utils/aws) by extensions ['ros']
[4.024s] [34mcolcon.colcon_core.package_identification[0m [1;30mLevel 1[0m _identify(src/yolov5/utils/aws) by extension 'ros'
[4.024s] [34mcolcon.colcon_core.package_identification[0m [1;30mLevel 1[0m _identify(src/yolov5/utils/aws) by extensions ['cmake', 'python']
[4.024s] [34mcolcon.colcon_core.package_identification[0m [1;30mLevel 1[0m _identify(src/yolov5/utils/aws) by extension 'cmake'
[4.024s] [34mcolcon.colcon_core.package_identification[0m [1;30mLevel 1[0m _identify(src/yolov5/utils/aws) by extension 'python'
[4.024s] [34mcolcon.colcon_core.package_identification[0m [1;30mLevel 1[0m _identify(src/yolov5/utils/aws) by extensions ['python_setup_py']
[4.024s] [34mcolcon.colcon_core.package_identification[0m [1;30mLevel 1[0m _identify(src/yolov5/utils/aws) by extension 'python_setup_py'
[4.025s] [34mcolcon.colcon_core.package_identification[0m [1;30mLevel 1[0m _identify(src/yolov5/utils/docker) by extensions ['ignore', 'ignore_ament_install']
[4.025s] [34mcolcon.colcon_core.package_identification[0m [1;30mLevel 1[0m _identify(src/yolov5/utils/docker) by extension 'ignore'
[4.025s] [34mcolcon.colcon_core.package_identification[0m [1;30mLevel 1[0m _identify(src/yolov5/utils/docker) by extension 'ignore_ament_install'
[4.025s] [34mcolcon.colcon_core.package_identification[0m [1;30mLevel 1[0m _identify(src/yolov5/utils/docker) by extensions ['colcon_pkg']
[4.025s] [34mcolcon.colcon_core.package_identification[0m [1;30mLevel 1[0m _identify(src/yolov5/utils/docker) by extension 'colcon_pkg'
[4.025s] [34mcolcon.colcon_core.package_identification[0m [1;30mLevel 1[0m _identify(src/yolov5/utils/docker) by extensions ['colcon_meta']
[4.025s] [34mcolcon.colcon_core.package_identification[0m [1;30mLevel 1[0m _identify(src/yolov5/utils/docker) by extension 'colcon_meta'
[4.025s] [34mcolcon.colcon_core.package_identification[0m [1;30mLevel 1[0m _identify(src/yolov5/utils/docker) by extensions ['ros']
[4.025s] [34mcolcon.colcon_core.package_identification[0m [1;30mLevel 1[0m _identify(src/yolov5/utils/docker) by extension 'ros'
[4.026s] [34mcolcon.colcon_core.package_identification[0m [1;30mLevel 1[0m _identify(src/yolov5/utils/docker) by extensions ['cmake', 'python']
[4.026s] [34mcolcon.colcon_core.package_identification[0m [1;30mLevel 1[0m _identify(src/yolov5/utils/docker) by extension 'cmake'
[4.026s] [34mcolcon.colcon_core.package_identification[0m [1;30mLevel 1[0m _identify(src/yolov5/utils/docker) by extension 'python'
[4.026s] [34mcolcon.colcon_core.package_identification[0m [1;30mLevel 1[0m _identify(src/yolov5/utils/docker) by extensions ['python_setup_py']
[4.026s] [34mcolcon.colcon_core.package_identification[0m [1;30mLevel 1[0m _identify(src/yolov5/utils/docker) by extension 'python_setup_py'
[4.026s] [34mcolcon.colcon_core.package_identification[0m [1;30mLevel 1[0m _identify(src/yolov5/utils/flask_rest_api) by extensions ['ignore', 'ignore_ament_install']
[4.026s] [34mcolcon.colcon_core.package_identification[0m [1;30mLevel 1[0m _identify(src/yolov5/utils/flask_rest_api) by extension 'ignore'
[4.026s] [34mcolcon.colcon_core.package_identification[0m [1;30mLevel 1[0m _identify(src/yolov5/utils/flask_rest_api) by extension 'ignore_ament_install'
[4.026s] [34mcolcon.colcon_core.package_identification[0m [1;30mLevel 1[0m _identify(src/yolov5/utils/flask_rest_api) by extensions ['colcon_pkg']
[4.026s] [34mcolcon.colcon_core.package_identification[0m [1;30mLevel 1[0m _identify(src/yolov5/utils/flask_rest_api) by extension 'colcon_pkg'
[4.026s] [34mcolcon.colcon_core.package_identification[0m [1;30mLevel 1[0m _identify(src/yolov5/utils/flask_rest_api) by extensions ['colcon_meta']
[4.027s] [34mcolcon.colcon_core.package_identification[0m [1;30mLevel 1[0m _identify(src/yolov5/utils/flask_rest_api) by extension 'colcon_meta'
[4.027s] [34mcolcon.colcon_core.package_identification[0m [1;30mLevel 1[0m _identify(src/yolov5/utils/flask_rest_api) by extensions ['ros']
[4.027s] [34mcolcon.colcon_core.package_identification[0m [1;30mLevel 1[0m _identify(src/yolov5/utils/flask_rest_api) by extension 'ros'
[4.027s] [34mcolcon.colcon_core.package_identification[0m [1;30mLevel 1[0m _identify(src/yolov5/utils/flask_rest_api) by extensions ['cmake', 'python']
[4.027s] [34mcolcon.colcon_core.package_identification[0m [1;30mLevel 1[0m _identify(src/yolov5/utils/flask_rest_api) by extension 'cmake'
[4.027s] [34mcolcon.colcon_core.package_identification[0m [1;30mLevel 1[0m _identify(src/yolov5/utils/flask_rest_api) by extension 'python'
[4.027s] [34mcolcon.colcon_core.package_identification[0m [1;30mLevel 1[0m _identify(src/yolov5/utils/flask_rest_api) by extensions ['python_setup_py']
[4.027s] [34mcolcon.colcon_core.package_identification[0m [1;30mLevel 1[0m _identify(src/yolov5/utils/flask_rest_api) by extension 'python_setup_py'
[4.027s] [34mcolcon.colcon_core.package_identification[0m [1;30mLevel 1[0m _identify(src/yolov5/utils/google_app_engine) by extensions ['ignore', 'ignore_ament_install']
[4.027s] [34mcolcon.colcon_core.package_identification[0m [1;30mLevel 1[0m _identify(src/yolov5/utils/google_app_engine) by extension 'ignore'
[4.027s] [34mcolcon.colcon_core.package_identification[0m [1;30mLevel 1[0m _identify(src/yolov5/utils/google_app_engine) by extension 'ignore_ament_install'
[4.027s] [34mcolcon.colcon_core.package_identification[0m [1;30mLevel 1[0m _identify(src/yolov5/utils/google_app_engine) by extensions ['colcon_pkg']
[4.027s] [34mcolcon.colcon_core.package_identification[0m [1;30mLevel 1[0m _identify(src/yolov5/utils/google_app_engine) by extension 'colcon_pkg'
[4.027s] [34mcolcon.colcon_core.package_identification[0m [1;30mLevel 1[0m _identify(src/yolov5/utils/google_app_engine) by extensions ['colcon_meta']
[4.027s] [34mcolcon.colcon_core.package_identification[0m [1;30mLevel 1[0m _identify(src/yolov5/utils/google_app_engine) by extension 'colcon_meta'
[4.027s] [34mcolcon.colcon_core.package_identification[0m [1;30mLevel 1[0m _identify(src/yolov5/utils/google_app_engine) by extensions ['ros']
[4.027s] [34mcolcon.colcon_core.package_identification[0m [1;30mLevel 1[0m _identify(src/yolov5/utils/google_app_engine) by extension 'ros'
[4.027s] [34mcolcon.colcon_core.package_identification[0m [1;30mLevel 1[0m _identify(src/yolov5/utils/google_app_engine) by extensions ['cmake', 'python']
[4.027s] [34mcolcon.colcon_core.package_identification[0m [1;30mLevel 1[0m _identify(src/yolov5/utils/google_app_engine) by extension 'cmake'
[4.028s] [34mcolcon.colcon_core.package_identification[0m [1;30mLevel 1[0m _identify(src/yolov5/utils/google_app_engine) by extension 'python'
[4.028s] [34mcolcon.colcon_core.package_identification[0m [1;30mLevel 1[0m _identify(src/yolov5/utils/google_app_engine) by extensions ['python_setup_py']
[4.028s] [34mcolcon.colcon_core.package_identification[0m [1;30mLevel 1[0m _identify(src/yolov5/utils/google_app_engine) by extension 'python_setup_py'
[4.028s] [34mcolcon.colcon_core.package_identification[0m [1;30mLevel 1[0m _identify(src/yolov5/utils/loggers) by extensions ['ignore', 'ignore_ament_install']
[4.028s] [34mcolcon.colcon_core.package_identification[0m [1;30mLevel 1[0m _identify(src/yolov5/utils/loggers) by extension 'ignore'
[4.028s] [34mcolcon.colcon_core.package_identification[0m [1;30mLevel 1[0m _identify(src/yolov5/utils/loggers) by extension 'ignore_ament_install'
[4.028s] [34mcolcon.colcon_core.package_identification[0m [1;30mLevel 1[0m _identify(src/yolov5/utils/loggers) by extensions ['colcon_pkg']
[4.028s] [34mcolcon.colcon_core.package_identification[0m [1;30mLevel 1[0m _identify(src/yolov5/utils/loggers) by extension 'colcon_pkg'
[4.028s] [34mcolcon.colcon_core.package_identification[0m [1;30mLevel 1[0m _identify(src/yolov5/utils/loggers) by extensions ['colcon_meta']
[4.028s] [34mcolcon.colcon_core.package_identification[0m [1;30mLevel 1[0m _identify(src/yolov5/utils/loggers) by extension 'colcon_meta'
[4.028s] [34mcolcon.colcon_core.package_identification[0m [1;30mLevel 1[0m _identify(src/yolov5/utils/loggers) by extensions ['ros']
[4.028s] [34mcolcon.colcon_core.package_identification[0m [1;30mLevel 1[0m _identify(src/yolov5/utils/loggers) by extension 'ros'
[4.028s] [34mcolcon.colcon_core.package_identification[0m [1;30mLevel 1[0m _identify(src/yolov5/utils/loggers) by extensions ['cmake', 'python']
[4.028s] [34mcolcon.colcon_core.package_identification[0m [1;30mLevel 1[0m _identify(src/yolov5/utils/loggers) by extension 'cmake'
[4.028s] [34mcolcon.colcon_core.package_identification[0m [1;30mLevel 1[0m _identify(src/yolov5/utils/loggers) by extension 'python'
[4.028s] [34mcolcon.colcon_core.package_identification[0m [1;30mLevel 1[0m _identify(src/yolov5/utils/loggers) by extensions ['python_setup_py']
[4.028s] [34mcolcon.colcon_core.package_identification[0m [1;30mLevel 1[0m _identify(src/yolov5/utils/loggers) by extension 'python_setup_py'
[4.029s] [34mcolcon.colcon_core.package_identification[0m [1;30mLevel 1[0m _identify(src/yolov5/utils/loggers/clearml) by extensions ['ignore', 'ignore_ament_install']
[4.029s] [34mcolcon.colcon_core.package_identification[0m [1;30mLevel 1[0m _identify(src/yolov5/utils/loggers/clearml) by extension 'ignore'
[4.029s] [34mcolcon.colcon_core.package_identification[0m [1;30mLevel 1[0m _identify(src/yolov5/utils/loggers/clearml) by extension 'ignore_ament_install'
[4.029s] [34mcolcon.colcon_core.package_identification[0m [1;30mLevel 1[0m _identify(src/yolov5/utils/loggers/clearml) by extensions ['colcon_pkg']
[4.029s] [34mcolcon.colcon_core.package_identification[0m [1;30mLevel 1[0m _identify(src/yolov5/utils/loggers/clearml) by extension 'colcon_pkg'
[4.029s] [34mcolcon.colcon_core.package_identification[0m [1;30mLevel 1[0m _identify(src/yolov5/utils/loggers/clearml) by extensions ['colcon_meta']
[4.029s] [34mcolcon.colcon_core.package_identification[0m [1;30mLevel 1[0m _identify(src/yolov5/utils/loggers/clearml) by extension 'colcon_meta'
[4.029s] [34mcolcon.colcon_core.package_identification[0m [1;30mLevel 1[0m _identify(src/yolov5/utils/loggers/clearml) by extensions ['ros']
[4.029s] [34mcolcon.colcon_core.package_identification[0m [1;30mLevel 1[0m _identify(src/yolov5/utils/loggers/clearml) by extension 'ros'
[4.029s] [34mcolcon.colcon_core.package_identification[0m [1;30mLevel 1[0m _identify(src/yolov5/utils/loggers/clearml) by extensions ['cmake', 'python']
[4.029s] [34mcolcon.colcon_core.package_identification[0m [1;30mLevel 1[0m _identify(src/yolov5/utils/loggers/clearml) by extension 'cmake'
[4.029s] [34mcolcon.colcon_core.package_identification[0m [1;30mLevel 1[0m _identify(src/yolov5/utils/loggers/clearml) by extension 'python'
[4.029s] [34mcolcon.colcon_core.package_identification[0m [1;30mLevel 1[0m _identify(src/yolov5/utils/loggers/clearml) by extensions ['python_setup_py']
[4.029s] [34mcolcon.colcon_core.package_identification[0m [1;30mLevel 1[0m _identify(src/yolov5/utils/loggers/clearml) by extension 'python_setup_py'
[4.029s] [34mcolcon.colcon_core.package_identification[0m [1;30mLevel 1[0m _identify(src/yolov5/utils/loggers/comet) by extensions ['ignore', 'ignore_ament_install']
[4.029s] [34mcolcon.colcon_core.package_identification[0m [1;30mLevel 1[0m _identify(src/yolov5/utils/loggers/comet) by extension 'ignore'
[4.030s] [34mcolcon.colcon_core.package_identification[0m [1;30mLevel 1[0m _identify(src/yolov5/utils/loggers/comet) by extension 'ignore_ament_install'
[4.030s] [34mcolcon.colcon_core.package_identification[0m [1;30mLevel 1[0m _identify(src/yolov5/utils/loggers/comet) by extensions ['colcon_pkg']
[4.030s] [34mcolcon.colcon_core.package_identification[0m [1;30mLevel 1[0m _identify(src/yolov5/utils/loggers/comet) by extension 'colcon_pkg'
[4.030s] [34mcolcon.colcon_core.package_identification[0m [1;30mLevel 1[0m _identify(src/yolov5/utils/loggers/comet) by extensions ['colcon_meta']
[4.030s] [34mcolcon.colcon_core.package_identification[0m [1;30mLevel 1[0m _identify(src/yolov5/utils/loggers/comet) by extension 'colcon_meta'
[4.030s] [34mcolcon.colcon_core.package_identification[0m [1;30mLevel 1[0m _identify(src/yolov5/utils/loggers/comet) by extensions ['ros']
[4.030s] [34mcolcon.colcon_core.package_identification[0m [1;30mLevel 1[0m _identify(src/yolov5/utils/loggers/comet) by extension 'ros'
[4.030s] [34mcolcon.colcon_core.package_identification[0m [1;30mLevel 1[0m _identify(src/yolov5/utils/loggers/comet) by extensions ['cmake', 'python']
[4.030s] [34mcolcon.colcon_core.package_identification[0m [1;30mLevel 1[0m _identify(src/yolov5/utils/loggers/comet) by extension 'cmake'
[4.030s] [34mcolcon.colcon_core.package_identification[0m [1;30mLevel 1[0m _identify(src/yolov5/utils/loggers/comet) by extension 'python'
[4.030s] [34mcolcon.colcon_core.package_identification[0m [1;30mLevel 1[0m _identify(src/yolov5/utils/loggers/comet) by extensions ['python_setup_py']
[4.030s] [34mcolcon.colcon_core.package_identification[0m [1;30mLevel 1[0m _identify(src/yolov5/utils/loggers/comet) by extension 'python_setup_py'
[4.030s] [34mcolcon.colcon_core.package_identification[0m [1;30mLevel 1[0m _identify(src/yolov5/utils/loggers/wandb) by extensions ['ignore', 'ignore_ament_install']
[4.030s] [34mcolcon.colcon_core.package_identification[0m [1;30mLevel 1[0m _identify(src/yolov5/utils/loggers/wandb) by extension 'ignore'
[4.030s] [34mcolcon.colcon_core.package_identification[0m [1;30mLevel 1[0m _identify(src/yolov5/utils/loggers/wandb) by extension 'ignore_ament_install'
[4.030s] [34mcolcon.colcon_core.package_identification[0m [1;30mLevel 1[0m _identify(src/yolov5/utils/loggers/wandb) by extensions ['colcon_pkg']
[4.030s] [34mcolcon.colcon_core.package_identification[0m [1;30mLevel 1[0m _identify(src/yolov5/utils/loggers/wandb) by extension 'colcon_pkg'
[4.031s] [34mcolcon.colcon_core.package_identification[0m [1;30mLevel 1[0m _identify(src/yolov5/utils/loggers/wandb) by extensions ['colcon_meta']
[4.031s] [34mcolcon.colcon_core.package_identification[0m [1;30mLevel 1[0m _identify(src/yolov5/utils/loggers/wandb) by extension 'colcon_meta'
[4.031s] [34mcolcon.colcon_core.package_identification[0m [1;30mLevel 1[0m _identify(src/yolov5/utils/loggers/wandb) by extensions ['ros']
[4.031s] [34mcolcon.colcon_core.package_identification[0m [1;30mLevel 1[0m _identify(src/yolov5/utils/loggers/wandb) by extension 'ros'
[4.031s] [34mcolcon.colcon_core.package_identification[0m [1;30mLevel 1[0m _identify(src/yolov5/utils/loggers/wandb) by extensions ['cmake', 'python']
[4.031s] [34mcolcon.colcon_core.package_identification[0m [1;30mLevel 1[0m _identify(src/yolov5/utils/loggers/wandb) by extension 'cmake'
[4.031s] [34mcolcon.colcon_core.package_identification[0m [1;30mLevel 1[0m _identify(src/yolov5/utils/loggers/wandb) by extension 'python'
[4.031s] [34mcolcon.colcon_core.package_identification[0m [1;30mLevel 1[0m _identify(src/yolov5/utils/loggers/wandb) by extensions ['python_setup_py']
[4.031s] [34mcolcon.colcon_core.package_identification[0m [1;30mLevel 1[0m _identify(src/yolov5/utils/loggers/wandb) by extension 'python_setup_py'
[4.031s] [34mcolcon.colcon_core.package_identification[0m [1;30mLevel 1[0m _identify(src/yolov5/utils/segment) by extensions ['ignore', 'ignore_ament_install']
[4.031s] [34mcolcon.colcon_core.package_identification[0m [1;30mLevel 1[0m _identify(src/yolov5/utils/segment) by extension 'ignore'
[4.031s] [34mcolcon.colcon_core.package_identification[0m [1;30mLevel 1[0m _identify(src/yolov5/utils/segment) by extension 'ignore_ament_install'
[4.031s] [34mcolcon.colcon_core.package_identification[0m [1;30mLevel 1[0m _identify(src/yolov5/utils/segment) by extensions ['colcon_pkg']
[4.031s] [34mcolcon.colcon_core.package_identification[0m [1;30mLevel 1[0m _identify(src/yolov5/utils/segment) by extension 'colcon_pkg'
[4.031s] [34mcolcon.colcon_core.package_identification[0m [1;30mLevel 1[0m _identify(src/yolov5/utils/segment) by extensions ['colcon_meta']
[4.031s] [34mcolcon.colcon_core.package_identification[0m [1;30mLevel 1[0m _identify(src/yolov5/utils/segment) by extension 'colcon_meta'
[4.031s] [34mcolcon.colcon_core.package_identification[0m [1;30mLevel 1[0m _identify(src/yolov5/utils/segment) by extensions ['ros']
[4.031s] [34mcolcon.colcon_core.package_identification[0m [1;30mLevel 1[0m _identify(src/yolov5/utils/segment) by extension 'ros'
[4.031s] [34mcolcon.colcon_core.package_identification[0m [1;30mLevel 1[0m _identify(src/yolov5/utils/segment) by extensions ['cmake', 'python']
[4.031s] [34mcolcon.colcon_core.package_identification[0m [1;30mLevel 1[0m _identify(src/yolov5/utils/segment) by extension 'cmake'
[4.031s] [34mcolcon.colcon_core.package_identification[0m [1;30mLevel 1[0m _identify(src/yolov5/utils/segment) by extension 'python'
[4.032s] [34mcolcon.colcon_core.package_identification[0m [1;30mLevel 1[0m _identify(src/yolov5/utils/segment) by extensions ['python_setup_py']
[4.032s] [34mcolcon.colcon_core.package_identification[0m [1;30mLevel 1[0m _identify(src/yolov5/utils/segment) by extension 'python_setup_py'
[4.032s] [34mcolcon.colcon_core.package_identification[0m [1;30mLevel 1[0m _identify(src/yolov5_bytetrack_ros) by extensions ['ignore', 'ignore_ament_install']
[4.032s] [34mcolcon.colcon_core.package_identification[0m [1;30mLevel 1[0m _identify(src/yolov5_bytetrack_ros) by extension 'ignore'
[4.032s] [34mcolcon.colcon_core.package_identification[0m [1;30mLevel 1[0m _identify(src/yolov5_bytetrack_ros) by extension 'ignore_ament_install'
[4.032s] [34mcolcon.colcon_core.package_identification[0m [1;30mLevel 1[0m _identify(src/yolov5_bytetrack_ros) by extensions ['colcon_pkg']
[4.032s] [34mcolcon.colcon_core.package_identification[0m [1;30mLevel 1[0m _identify(src/yolov5_bytetrack_ros) by extension 'colcon_pkg'
[4.032s] [34mcolcon.colcon_core.package_identification[0m [1;30mLevel 1[0m _identify(src/yolov5_bytetrack_ros) by extensions ['colcon_meta']
[4.032s] [34mcolcon.colcon_core.package_identification[0m [1;30mLevel 1[0m _identify(src/yolov5_bytetrack_ros) by extension 'colcon_meta'
[4.032s] [34mcolcon.colcon_core.package_identification[0m [1;30mLevel 1[0m _identify(src/yolov5_bytetrack_ros) by extensions ['ros']
[4.032s] [34mcolcon.colcon_core.package_identification[0m [1;30mLevel 1[0m _identify(src/yolov5_bytetrack_ros) by extension 'ros'
[4.036s] [34mcolcon.colcon_core.package_identification[0m [1;30mDEBUG[0m [32mPackage 'src/yolov5_bytetrack_ros' with type 'ros.ament_python' and name 'yolov5_bytetrack_ros'[0m
[4.036s] [34mcolcon.colcon_core.package_discovery[0m [1;30mLevel 1[0m discover_packages(recursive) using defaults
[4.036s] [34mcolcon.colcon_core.package_discovery[0m [1;30mLevel 1[0m discover_packages(ignore) discover
[4.036s] [34mcolcon.colcon_core.package_discovery[0m [1;30mLevel 1[0m discover_packages(ignore) using defaults
[4.036s] [34mcolcon.colcon_core.package_discovery[0m [1;30mLevel 1[0m discover_packages(path) discover
[4.036s] [34mcolcon.colcon_core.package_discovery[0m [1;30mLevel 1[0m discover_packages(path) using defaults
[4.059s] [34mcolcon.colcon_core.package_selection[0m [1;30mINFO[0m Skipping not selected package 'yolox' in 'src/ByteTrack'
[4.060s] [34mcolcon.colcon_core.package_discovery[0m [1;30mLevel 1[0m discover_packages(prefix_path) check parameters
[4.060s] [34mcolcon.colcon_core.package_discovery[0m [1;30mLevel 1[0m discover_packages(prefix_path) discover
[4.063s] [34mcolcon.colcon_installed_package_information.package_discovery[0m [1;30mDEBUG[0m [32mFound 272 installed packages in /opt/ros/humble[0m
[4.064s] [34mcolcon.colcon_core.package_discovery[0m [1;30mLevel 1[0m discover_packages(prefix_path) using defaults
[4.107s] [34mcolcon.colcon_core.verb[0m [1;30mLevel 5[0m set package 'yolov5_bytetrack_ros' build argument 'cmake_args' from command line to 'None'
[4.107s] [34mcolcon.colcon_core.verb[0m [1;30mLevel 5[0m set package 'yolov5_bytetrack_ros' build argument 'cmake_target' from command line to 'None'
[4.107s] [34mcolcon.colcon_core.verb[0m [1;30mLevel 5[0m set package 'yolov5_bytetrack_ros' build argument 'cmake_target_skip_unavailable' from command line to 'False'
[4.107s] [34mcolcon.colcon_core.verb[0m [1;30mLevel 5[0m set package 'yolov5_bytetrack_ros' build argument 'cmake_clean_cache' from command line to 'False'
[4.107s] [34mcolcon.colcon_core.verb[0m [1;30mLevel 5[0m set package 'yolov5_bytetrack_ros' build argument 'cmake_clean_first' from command line to 'False'
[4.107s] [34mcolcon.colcon_core.verb[0m [1;30mLevel 5[0m set package 'yolov5_bytetrack_ros' build argument 'cmake_force_configure' from command line to 'False'
[4.107s] [34mcolcon.colcon_core.verb[0m [1;30mLevel 5[0m set package 'yolov5_bytetrack_ros' build argument 'ament_cmake_args' from command line to 'None'
[4.107s] [34mcolcon.colcon_core.verb[0m [1;30mLevel 5[0m set package 'yolov5_bytetrack_ros' build argument 'catkin_cmake_args' from command line to 'None'
[4.107s] [34mcolcon.colcon_core.verb[0m [1;30mLevel 5[0m set package 'yolov5_bytetrack_ros' build argument 'catkin_skip_building_tests' from command line to 'False'
[4.108s] [34mcolcon.colcon_core.verb[0m [1;30mDEBUG[0m [32mBuilding package 'yolov5_bytetrack_ros' with the following arguments: {'ament_cmake_args': None, 'build_base': '/home/jf/tello_tracking_ws/build/yolov5_bytetrack_ros', 'catkin_cmake_args': None, 'catkin_skip_building_tests': False, 'cmake_args': None, 'cmake_clean_cache': False, 'cmake_clean_first': False, 'cmake_force_configure': False, 'cmake_target': None, 'cmake_target_skip_unavailable': False, 'install_base': '/home/jf/tello_tracking_ws/install/yolov5_bytetrack_ros', 'merge_install': False, 'path': '/home/jf/tello_tracking_ws/src/yolov5_bytetrack_ros', 'symlink_install': False, 'test_result_base': None}[0m
[4.108s] [34mcolcon.colcon_core.executor[0m [1;30mINFO[0m Executing jobs using 'parallel' executor
[4.109s] [34mcolcon.colcon_parallel_executor.executor.parallel[0m [1;30mDEBUG[0m [32mrun_until_complete[0m
[4.110s] [34mcolcon.colcon_ros.task.ament_python.build[0m [1;30mINFO[0m Building ROS package in '/home/jf/tello_tracking_ws/src/yolov5_bytetrack_ros' with build type 'ament_python'
[4.110s] [34mcolcon.colcon_core.shell[0m [1;30mLevel 1[0m create_environment_hook('yolov5_bytetrack_ros', 'ament_prefix_path')
[4.112s] [34mcolcon.colcon_core.plugin_system[0m [1;30mINFO[0m Skipping extension 'colcon_core.shell.bat': Not used on non-Windows systems
[4.113s] [34mcolcon.colcon_core.shell[0m [1;30mINFO[0m Creating environment hook '/home/jf/tello_tracking_ws/install/yolov5_bytetrack_ros/share/yolov5_bytetrack_ros/hook/ament_prefix_path.ps1'
[4.114s] [34mcolcon.colcon_core.shell[0m [1;30mINFO[0m Creating environment descriptor '/home/jf/tello_tracking_ws/install/yolov5_bytetrack_ros/share/yolov5_bytetrack_ros/hook/ament_prefix_path.dsv'
[4.115s] [34mcolcon.colcon_core.shell[0m [1;30mINFO[0m Creating environment hook '/home/jf/tello_tracking_ws/install/yolov5_bytetrack_ros/share/yolov5_bytetrack_ros/hook/ament_prefix_path.sh'
[4.116s] [34mcolcon.colcon_core.shell[0m [1;30mINFO[0m Skip shell extension 'powershell' for command environment: Not usable outside of PowerShell
[4.116s] [34mcolcon.colcon_core.shell[0m [1;30mDEBUG[0m [32mSkip shell extension 'dsv' for command environment[0m
[4.676s] [34mcolcon.colcon_core.task.python.build[0m [1;30mINFO[0m Building Python package in '/home/jf/tello_tracking_ws/src/yolov5_bytetrack_ros'
[4.677s] [34mcolcon.colcon_core.shell[0m [1;30mINFO[0m Skip shell extension 'powershell' for command environment: Not usable outside of PowerShell
[4.677s] [34mcolcon.colcon_core.shell[0m [1;30mDEBUG[0m [32mSkip shell extension 'dsv' for command environment[0m
[5.626s] [34mcolcon.colcon_core.event_handler.log_command[0m [1;30mDEBUG[0m [32mInvoking command in '/home/jf/tello_tracking_ws/src/yolov5_bytetrack_ros': PYTHONPATH=/home/jf/tello_tracking_ws/build/yolov5_bytetrack_ros/prefix_override:/usr/lib/python3/dist-packages/colcon_core/task/python/colcon_distutils_commands:/home/jf/tello_tracking_ws/install/yolov5_bytetrack_ros/lib/python3.10/site-packages:${PYTHONPATH} /usr/bin/python3 -W ignore:setup.py install is deprecated -W ignore:easy_install command is deprecated setup.py egg_info --egg-base ../../build/yolov5_bytetrack_ros build --build-base /home/jf/tello_tracking_ws/build/yolov5_bytetrack_ros/build install --record /home/jf/tello_tracking_ws/build/yolov5_bytetrack_ros/install.log --single-version-externally-managed install_data[0m
[6.413s] [34mcolcon.colcon_core.event_handler.log_command[0m [1;30mDEBUG[0m [32mInvoked command in '/home/jf/tello_tracking_ws/src/yolov5_bytetrack_ros' returned '0': PYTHONPATH=/home/jf/tello_tracking_ws/build/yolov5_bytetrack_ros/prefix_override:/usr/lib/python3/dist-packages/colcon_core/task/python/colcon_distutils_commands:/home/jf/tello_tracking_ws/install/yolov5_bytetrack_ros/lib/python3.10/site-packages:${PYTHONPATH} /usr/bin/python3 -W ignore:setup.py install is deprecated -W ignore:easy_install command is deprecated setup.py egg_info --egg-base ../../build/yolov5_bytetrack_ros build --build-base /home/jf/tello_tracking_ws/build/yolov5_bytetrack_ros/build install --record /home/jf/tello_tracking_ws/build/yolov5_bytetrack_ros/install.log --single-version-externally-managed install_data[0m
[6.415s] [34mcolcon.colcon_core.environment[0m [1;30mLevel 1[0m checking '/home/jf/tello_tracking_ws/install/yolov5_bytetrack_ros' for CMake module files
[6.416s] [34mcolcon.colcon_core.environment[0m [1;30mLevel 1[0m checking '/home/jf/tello_tracking_ws/install/yolov5_bytetrack_ros' for CMake config files
[6.417s] [34mcolcon.colcon_core.environment[0m [1;30mLevel 1[0m checking '/home/jf/tello_tracking_ws/install/yolov5_bytetrack_ros/lib'
[6.418s] [34mcolcon.colcon_core.environment[0m [1;30mLevel 1[0m checking '/home/jf/tello_tracking_ws/install/yolov5_bytetrack_ros/bin'
[6.418s] [34mcolcon.colcon_core.environment[0m [1;30mLevel 1[0m checking '/home/jf/tello_tracking_ws/install/yolov5_bytetrack_ros/lib/pkgconfig/yolov5_bytetrack_ros.pc'
[6.418s] [34mcolcon.colcon_core.environment[0m [1;30mLevel 1[0m checking '/home/jf/tello_tracking_ws/install/yolov5_bytetrack_ros/lib/python3.10/site-packages'
[6.418s] [34mcolcon.colcon_core.shell[0m [1;30mLevel 1[0m create_environment_hook('yolov5_bytetrack_ros', 'pythonpath')
[6.418s] [34mcolcon.colcon_core.shell[0m [1;30mINFO[0m Creating environment hook '/home/jf/tello_tracking_ws/install/yolov5_bytetrack_ros/share/yolov5_bytetrack_ros/hook/pythonpath.ps1'
[6.419s] [34mcolcon.colcon_core.shell[0m [1;30mINFO[0m Creating environment descriptor '/home/jf/tello_tracking_ws/install/yolov5_bytetrack_ros/share/yolov5_bytetrack_ros/hook/pythonpath.dsv'
[6.420s] [34mcolcon.colcon_core.shell[0m [1;30mINFO[0m Creating environment hook '/home/jf/tello_tracking_ws/install/yolov5_bytetrack_ros/share/yolov5_bytetrack_ros/hook/pythonpath.sh'
[6.421s] [34mcolcon.colcon_core.environment[0m [1;30mLevel 1[0m checking '/home/jf/tello_tracking_ws/install/yolov5_bytetrack_ros/bin'
[6.421s] [34mcolcon.colcon_core.environment[0m [1;30mLevel 1[0m create_environment_scripts_only(yolov5_bytetrack_ros)
[6.422s] [34mcolcon.colcon_core.shell[0m [1;30mINFO[0m Creating package script '/home/jf/tello_tracking_ws/install/yolov5_bytetrack_ros/share/yolov5_bytetrack_ros/package.ps1'
[6.423s] [34mcolcon.colcon_core.shell[0m [1;30mINFO[0m Creating package descriptor '/home/jf/tello_tracking_ws/install/yolov5_bytetrack_ros/share/yolov5_bytetrack_ros/package.dsv'
[6.424s] [34mcolcon.colcon_core.shell[0m [1;30mINFO[0m Creating package script '/home/jf/tello_tracking_ws/install/yolov5_bytetrack_ros/share/yolov5_bytetrack_ros/package.sh'
[6.425s] [34mcolcon.colcon_core.shell[0m [1;30mINFO[0m Creating package script '/home/jf/tello_tracking_ws/install/yolov5_bytetrack_ros/share/yolov5_bytetrack_ros/package.bash'
[6.426s] [34mcolcon.colcon_core.shell[0m [1;30mINFO[0m Creating package script '/home/jf/tello_tracking_ws/install/yolov5_bytetrack_ros/share/yolov5_bytetrack_ros/package.zsh'
[6.427s] [34mcolcon.colcon_core.environment[0m [1;30mLevel 1[0m create_file_with_runtime_dependencies(/home/jf/tello_tracking_ws/install/yolov5_bytetrack_ros/share/colcon-core/packages/yolov5_bytetrack_ros)
[6.427s] [34mcolcon.colcon_parallel_executor.executor.parallel[0m [1;30mDEBUG[0m [32mclosing loop[0m
[6.428s] [34mcolcon.colcon_parallel_executor.executor.parallel[0m [1;30mDEBUG[0m [32mloop closed[0m
[6.428s] [34mcolcon.colcon_parallel_executor.executor.parallel[0m [1;30mDEBUG[0m [32mrun_until_complete finished with '0'[0m
[6.428s] [34mcolcon.colcon_core.event_reactor[0m [1;30mDEBUG[0m [32mjoining thread[0m
[6.433s] [34mcolcon.colcon_core.plugin_system[0m [1;30mINFO[0m Skipping extension 'colcon_notification.desktop_notification.terminal_notifier': Not used on non-Darwin systems
[6.433s] [34mcolcon.colcon_core.plugin_system[0m [1;30mINFO[0m Skipping extension 'colcon_notification.desktop_notification.win32': Not used on non-Windows systems
[6.433s] [34mcolcon.colcon_notification.desktop_notification[0m [1;30mINFO[0m Sending desktop notification using 'notify2'
[6.481s] [34mcolcon.colcon_core.event_reactor[0m [1;30mDEBUG[0m [32mjoined thread[0m
[6.482s] [34mcolcon.colcon_core.shell[0m [1;30mINFO[0m Creating prefix script '/home/jf/tello_tracking_ws/install/local_setup.ps1'
[6.482s] [34mcolcon.colcon_core.shell[0m [1;30mINFO[0m Creating prefix util module '/home/jf/tello_tracking_ws/install/_local_setup_util_ps1.py'
[6.484s] [34mcolcon.colcon_core.shell[0m [1;30mINFO[0m Creating prefix chain script '/home/jf/tello_tracking_ws/install/setup.ps1'
[6.485s] [34mcolcon.colcon_core.shell[0m [1;30mINFO[0m Creating prefix script '/home/jf/tello_tracking_ws/install/local_setup.sh'
[6.485s] [34mcolcon.colcon_core.shell[0m [1;30mINFO[0m Creating prefix util module '/home/jf/tello_tracking_ws/install/_local_setup_util_sh.py'
[6.486s] [34mcolcon.colcon_core.shell[0m [1;30mINFO[0m Creating prefix chain script '/home/jf/tello_tracking_ws/install/setup.sh'
[6.487s] [34mcolcon.colcon_core.shell[0m [1;30mINFO[0m Creating prefix script '/home/jf/tello_tracking_ws/install/local_setup.bash'
[6.488s] [34mcolcon.colcon_core.shell[0m [1;30mINFO[0m Creating prefix chain script '/home/jf/tello_tracking_ws/install/setup.bash'
[6.488s] [34mcolcon.colcon_core.shell[0m [1;30mINFO[0m Creating prefix script '/home/jf/tello_tracking_ws/install/local_setup.zsh'
[6.489s] [34mcolcon.colcon_core.shell[0m [1;30mINFO[0m Creating prefix chain script '/home/jf/tello_tracking_ws/install/setup.zsh'
